[0.343s] Invoking command in '/home/joshhlee/me326_ws/src/collaborative_robotics_course/build/me326_project': CMAKE_PREFIX_PATH=${CMAKE_PREFIX_PATH}:/home/joshhlee/interbotix_ws/install/interbotix_xs_modules:/home/joshhlee/interbotix_ws/install/interbotix_perception_modules:/home/joshhlee/interbotix_ws/install/interbotix_common_modules:/opt/ros/galactic /usr/bin/cmake --build /home/joshhlee/me326_ws/src/collaborative_robotics_course/build/me326_project -- -j4 -l4
[0.414s] [  3%] Built target me326_project__cpp
[0.463s] [  3%] Built target ament_cmake_python_copy_me326_project
[0.488s] [ 12%] Built target me326_project__rosidl_typesupport_fastrtps_cpp
[0.517s] [ 21%] Built target me326_project__rosidl_typesupport_cpp
[0.549s] [ 30%] Built target me326_project__rosidl_typesupport_introspection_cpp
[0.704s] running egg_info
[0.704s] writing me326_project.egg-info/PKG-INFO
[0.704s] writing dependency_links to me326_project.egg-info/dependency_links.txt
[0.705s] writing top-level names to me326_project.egg-info/top_level.txt
[0.727s] reading manifest file 'me326_project.egg-info/SOURCES.txt'
[0.728s] writing manifest file 'me326_project.egg-info/SOURCES.txt'
[0.744s] [ 30%] Built target ament_cmake_python_build_me326_project_egg
[0.761s] [35m[1mScanning dependencies of target visual_block_perception_srv[0m
[0.829s] [ 33%] [32mBuilding CXX object CMakeFiles/visual_block_perception_srv.dir/src/visual_block_perception_srv.cpp.o[0m
[16.839s] [ 36%] [32m[1mLinking CXX executable visual_block_perception_srv[0m
[17.732s] [ 36%] Built target visual_block_perception_srv
[17.783s] [ 45%] Built target me326_project__rosidl_generator_c
[17.837s] [ 54%] Built target me326_project__rosidl_typesupport_introspection_c
[17.875s] [ 63%] Built target me326_project__rosidl_typesupport_c
[17.952s] [ 72%] Built target me326_project__rosidl_typesupport_fastrtps_c
[17.999s] [ 72%] Built target me326_project
[18.052s] [ 75%] Built target me326_project__py
[18.076s] [ 81%] Built target me326_project__python
[18.099s] [ 87%] Built target me326_project__rosidl_typesupport_introspection_c__pyext
[18.142s] [ 93%] Built target me326_project__rosidl_typesupport_fastrtps_c__pyext
[18.186s] [100%] Built target me326_project__rosidl_typesupport_c__pyext
[18.217s] Invoked command in '/home/joshhlee/me326_ws/src/collaborative_robotics_course/build/me326_project' returned '0': CMAKE_PREFIX_PATH=${CMAKE_PREFIX_PATH}:/home/joshhlee/interbotix_ws/install/interbotix_xs_modules:/home/joshhlee/interbotix_ws/install/interbotix_perception_modules:/home/joshhlee/interbotix_ws/install/interbotix_common_modules:/opt/ros/galactic /usr/bin/cmake --build /home/joshhlee/me326_ws/src/collaborative_robotics_course/build/me326_project -- -j4 -l4
[18.393s] Invoking command in '/home/joshhlee/me326_ws/src/collaborative_robotics_course/build/me326_project': CMAKE_PREFIX_PATH=${CMAKE_PREFIX_PATH}:/home/joshhlee/interbotix_ws/install/interbotix_xs_modules:/home/joshhlee/interbotix_ws/install/interbotix_perception_modules:/home/joshhlee/interbotix_ws/install/interbotix_common_modules:/opt/ros/galactic /usr/bin/cmake --install /home/joshhlee/me326_ws/src/collaborative_robotics_course/build/me326_project
[18.403s] -- Install configuration: ""
[18.404s] -- Installing: /home/joshhlee/me326_ws/src/collaborative_robotics_course/install/me326_project/lib/me326_project/visual_block_perception_srv
[18.416s] -- Set runtime path of "/home/joshhlee/me326_ws/src/collaborative_robotics_course/install/me326_project/lib/me326_project/visual_block_perception_srv" to ""
[18.417s] -- Up-to-date: /home/joshhlee/me326_ws/src/collaborative_robotics_course/install/me326_project/share/me326_project/environment/pythonpath.sh
[18.417s] -- Up-to-date: /home/joshhlee/me326_ws/src/collaborative_robotics_course/install/me326_project/share/me326_project/environment/pythonpath.dsv
[18.417s] -- Up-to-date: /home/joshhlee/me326_ws/src/collaborative_robotics_course/install/me326_project/lib/python3.8/site-packages//me326_project.egg-info
[18.418s] -- Installing: /home/joshhlee/me326_ws/src/collaborative_robotics_course/install/me326_project/lib/python3.8/site-packages//me326_project.egg-info/dependency_links.txt
[18.419s] -- Installing: /home/joshhlee/me326_ws/src/collaborative_robotics_course/install/me326_project/lib/python3.8/site-packages//me326_project.egg-info/PKG-INFO
[18.419s] -- Installing: /home/joshhlee/me326_ws/src/collaborative_robotics_course/install/me326_project/lib/python3.8/site-packages//me326_project.egg-info/top_level.txt
[18.419s] -- Installing: /home/joshhlee/me326_ws/src/collaborative_robotics_course/install/me326_project/lib/python3.8/site-packages//me326_project.egg-info/SOURCES.txt
[18.420s] -- Up-to-date: /home/joshhlee/me326_ws/src/collaborative_robotics_course/install/me326_project/lib/python3.8/site-packages/me326_project
[18.420s] -- Installing: /home/joshhlee/me326_ws/src/collaborative_robotics_course/install/me326_project/lib/python3.8/site-packages/me326_project/__init__.py
[18.420s] -- Up-to-date: /home/joshhlee/me326_ws/src/collaborative_robotics_course/install/me326_project/lib/python3.8/site-packages/me326_project/initial_point.py
[18.420s] -- Up-to-date: /home/joshhlee/me326_ws/src/collaborative_robotics_course/install/me326_project/lib/python3.8/site-packages/me326_project/RRTstar.py
[18.420s] -- Up-to-date: /home/joshhlee/me326_ws/src/collaborative_robotics_course/install/me326_project/lib/python3.8/site-packages/me326_project/circle_motion_tracking.py
[18.420s] -- Up-to-date: /home/joshhlee/me326_ws/src/collaborative_robotics_course/install/me326_project/lib/python3.8/site-packages/me326_project/record_rosbag.py
[18.420s] -- Up-to-date: /home/joshhlee/me326_ws/src/collaborative_robotics_course/install/me326_project/lib/python3.8/site-packages/me326_project/locobot1_example_motion.py
[18.420s] -- Up-to-date: /home/joshhlee/me326_ws/src/collaborative_robotics_course/install/me326_project/lib/python3.8/site-packages/me326_project/move_base_client.py
[18.420s] -- Up-to-date: /home/joshhlee/me326_ws/src/collaborative_robotics_course/install/me326_project/lib/python3.8/site-packages/me326_project/move_locobot_base_action_server.py
[18.420s] -- Up-to-date: /home/joshhlee/me326_ws/src/collaborative_robotics_course/install/me326_project/lib/python3.8/site-packages/me326_project/locobot_moveitpy.py
[18.420s] -- Up-to-date: /home/joshhlee/me326_ws/src/collaborative_robotics_course/install/me326_project/lib/python3.8/site-packages/me326_project/go_to_point.py
[18.420s] -- Installing: /home/joshhlee/me326_ws/src/collaborative_robotics_course/install/me326_project/lib/python3.8/site-packages/me326_project/vision_client.py
[18.421s] -- Up-to-date: /home/joshhlee/me326_ws/src/collaborative_robotics_course/install/me326_project/lib/python3.8/site-packages/me326_project/matching_ptcld.py
[18.421s] -- Up-to-date: /home/joshhlee/me326_ws/src/collaborative_robotics_course/install/me326_project/lib/python3.8/site-packages/me326_project/read_rosbag.py
[18.421s] -- Up-to-date: /home/joshhlee/me326_ws/src/collaborative_robotics_course/install/me326_project/lib/python3.8/site-packages/me326_project/vision_action_server.py
[18.421s] -- Up-to-date: /home/joshhlee/me326_ws/src/collaborative_robotics_course/install/me326_project/lib/python3.8/site-packages/me326_project/search_node.py
[18.421s] -- Up-to-date: /home/joshhlee/me326_ws/src/collaborative_robotics_course/install/me326_project/lib/python3.8/site-packages/me326_project/locobot_example_motion.py
[18.421s] -- Up-to-date: /home/joshhlee/me326_ws/src/collaborative_robotics_course/install/me326_project/lib/python3.8/site-packages/me326_project/locobot_motion_example.py
[18.460s] Listing '/home/joshhlee/me326_ws/src/collaborative_robotics_course/install/me326_project/lib/python3.8/site-packages/me326_project'...
[18.460s] Compiling '/home/joshhlee/me326_ws/src/collaborative_robotics_course/install/me326_project/lib/python3.8/site-packages/me326_project/__init__.py'...
[18.460s] Listing '/home/joshhlee/me326_ws/src/collaborative_robotics_course/install/me326_project/lib/python3.8/site-packages/me326_project/action'...
[18.460s] Compiling '/home/joshhlee/me326_ws/src/collaborative_robotics_course/install/me326_project/lib/python3.8/site-packages/me326_project/vision_client.py'...
[18.465s] -- Up-to-date: /home/joshhlee/me326_ws/src/collaborative_robotics_course/install/me326_project/lib/me326_project/locobot1_example_motion.py
[18.465s] -- Up-to-date: /home/joshhlee/me326_ws/src/collaborative_robotics_course/install/me326_project/lib/me326_project/locobot_example_motion.py
[18.465s] -- Up-to-date: /home/joshhlee/me326_ws/src/collaborative_robotics_course/install/me326_project/lib/me326_project/locobot_motion_example.py
[18.465s] -- Up-to-date: /home/joshhlee/me326_ws/src/collaborative_robotics_course/install/me326_project/lib/me326_project/matching_ptcld.py
[18.465s] -- Up-to-date: /home/joshhlee/me326_ws/src/collaborative_robotics_course/install/me326_project/lib/me326_project/circle_motion_tracking.py
[18.465s] -- Up-to-date: /home/joshhlee/me326_ws/src/collaborative_robotics_course/install/me326_project/lib/me326_project/record_rosbag.py
[18.465s] -- Up-to-date: /home/joshhlee/me326_ws/src/collaborative_robotics_course/install/me326_project/lib/me326_project/locobot_moveitpy.py
[18.465s] -- Up-to-date: /home/joshhlee/me326_ws/src/collaborative_robotics_course/install/me326_project/lib/me326_project/RRTstar.py
[18.465s] -- Up-to-date: /home/joshhlee/me326_ws/src/collaborative_robotics_course/install/me326_project/lib/me326_project/go_to_point.py
[18.466s] -- Up-to-date: /home/joshhlee/me326_ws/src/collaborative_robotics_course/install/me326_project/lib/me326_project/initial_point.py
[18.466s] -- Up-to-date: /home/joshhlee/me326_ws/src/collaborative_robotics_course/install/me326_project/lib/me326_project/move_locobot_base_action_server.py
[18.466s] -- Up-to-date: /home/joshhlee/me326_ws/src/collaborative_robotics_course/install/me326_project/lib/me326_project/move_base_client.py
[18.466s] -- Installing: /home/joshhlee/me326_ws/src/collaborative_robotics_course/install/me326_project/lib/me326_project/vision_client.py
[18.466s] -- Up-to-date: /home/joshhlee/me326_ws/src/collaborative_robotics_course/install/me326_project/share/me326_project//launch
[18.466s] -- Up-to-date: /home/joshhlee/me326_ws/src/collaborative_robotics_course/install/me326_project/share/me326_project//launch/locobot_moveitpy.launch.py
[18.466s] -- Up-to-date: /home/joshhlee/me326_ws/src/collaborative_robotics_course/install/me326_project/share/me326_project//launch/navigation_test.launch.py
[18.466s] -- Up-to-date: /home/joshhlee/me326_ws/src/collaborative_robotics_course/install/me326_project/share/me326_project//launch/locobot_circle_traj.launch.py
[18.466s] -- Up-to-date: /home/joshhlee/me326_ws/src/collaborative_robotics_course/install/me326_project/share/me326_project//launch/spawn_cube.launch.py
[18.466s] -- Up-to-date: /home/joshhlee/me326_ws/src/collaborative_robotics_course/install/me326_project/share/me326_project//launch/example.launch.xml
[18.466s] -- Up-to-date: /home/joshhlee/me326_ws/src/collaborative_robotics_course/install/me326_project/share/ament_index/resource_index/rosidl_interfaces/me326_project
[18.466s] -- Up-to-date: /home/joshhlee/me326_ws/src/collaborative_robotics_course/install/me326_project/include/me326_project
[18.466s] -- Up-to-date: /home/joshhlee/me326_ws/src/collaborative_robotics_course/install/me326_project/include/me326_project/msg
[18.467s] -- Up-to-date: /home/joshhlee/me326_ws/src/collaborative_robotics_course/install/me326_project/include/me326_project/msg/rosidl_generator_c__visibility_control.h
[18.467s] -- Up-to-date: /home/joshhlee/me326_ws/src/collaborative_robotics_course/install/me326_project/include/me326_project/action
[18.467s] -- Up-to-date: /home/joshhlee/me326_ws/src/collaborative_robotics_course/install/me326_project/include/me326_project/action/detail
[18.467s] -- Up-to-date: /home/joshhlee/me326_ws/src/collaborative_robotics_course/install/me326_project/include/me326_project/action/detail/move_base__struct.h
[18.467s] -- Up-to-date: /home/joshhlee/me326_ws/src/collaborative_robotics_course/install/me326_project/include/me326_project/action/detail/move_base__functions.c
[18.467s] -- Up-to-date: /home/joshhlee/me326_ws/src/collaborative_robotics_course/install/me326_project/include/me326_project/action/detail/move_base__type_support.h
[18.467s] -- Up-to-date: /home/joshhlee/me326_ws/src/collaborative_robotics_course/install/me326_project/include/me326_project/action/detail/move_base__functions.h
[18.467s] -- Up-to-date: /home/joshhlee/me326_ws/src/collaborative_robotics_course/install/me326_project/include/me326_project/action/move_base.h
[18.467s] -- Up-to-date: /home/joshhlee/me326_ws/src/collaborative_robotics_course/install/me326_project/share/me326_project/environment/library_path.sh
[18.468s] -- Up-to-date: /home/joshhlee/me326_ws/src/collaborative_robotics_course/install/me326_project/share/me326_project/environment/library_path.dsv
[18.468s] -- Up-to-date: /home/joshhlee/me326_ws/src/collaborative_robotics_course/install/me326_project/lib/libme326_project__rosidl_generator_c.so
[18.468s] -- Up-to-date: /home/joshhlee/me326_ws/src/collaborative_robotics_course/install/me326_project/include/me326_project
[18.468s] -- Up-to-date: /home/joshhlee/me326_ws/src/collaborative_robotics_course/install/me326_project/include/me326_project/msg
[18.468s] -- Up-to-date: /home/joshhlee/me326_ws/src/collaborative_robotics_course/install/me326_project/include/me326_project/msg/rosidl_typesupport_fastrtps_c__visibility_control.h
[18.468s] -- Up-to-date: /home/joshhlee/me326_ws/src/collaborative_robotics_course/install/me326_project/include/me326_project/action
[18.468s] -- Up-to-date: /home/joshhlee/me326_ws/src/collaborative_robotics_course/install/me326_project/include/me326_project/action/detail
[18.468s] -- Up-to-date: /home/joshhlee/me326_ws/src/collaborative_robotics_course/install/me326_project/include/me326_project/action/detail/move_base__rosidl_typesupport_fastrtps_c.h
[18.469s] -- Up-to-date: /home/joshhlee/me326_ws/src/collaborative_robotics_course/install/me326_project/lib/libme326_project__rosidl_typesupport_fastrtps_c.so
[18.469s] -- Up-to-date: /home/joshhlee/me326_ws/src/collaborative_robotics_course/install/me326_project/include/me326_project
[18.469s] -- Up-to-date: /home/joshhlee/me326_ws/src/collaborative_robotics_course/install/me326_project/include/me326_project/msg
[18.469s] -- Up-to-date: /home/joshhlee/me326_ws/src/collaborative_robotics_course/install/me326_project/include/me326_project/msg/rosidl_typesupport_fastrtps_cpp__visibility_control.h
[18.469s] -- Up-to-date: /home/joshhlee/me326_ws/src/collaborative_robotics_course/install/me326_project/include/me326_project/action
[18.469s] -- Up-to-date: /home/joshhlee/me326_ws/src/collaborative_robotics_course/install/me326_project/include/me326_project/action/detail
[18.469s] -- Up-to-date: /home/joshhlee/me326_ws/src/collaborative_robotics_course/install/me326_project/include/me326_project/action/detail/dds_fastrtps
[18.469s] -- Up-to-date: /home/joshhlee/me326_ws/src/collaborative_robotics_course/install/me326_project/include/me326_project/action/detail/move_base__rosidl_typesupport_fastrtps_cpp.hpp
[18.469s] -- Up-to-date: /home/joshhlee/me326_ws/src/collaborative_robotics_course/install/me326_project/lib/libme326_project__rosidl_typesupport_fastrtps_cpp.so
[18.469s] -- Up-to-date: /home/joshhlee/me326_ws/src/collaborative_robotics_course/install/me326_project/include/me326_project
[18.470s] -- Up-to-date: /home/joshhlee/me326_ws/src/collaborative_robotics_course/install/me326_project/include/me326_project/msg
[18.470s] -- Up-to-date: /home/joshhlee/me326_ws/src/collaborative_robotics_course/install/me326_project/include/me326_project/msg/rosidl_typesupport_introspection_c__visibility_control.h
[18.470s] -- Up-to-date: /home/joshhlee/me326_ws/src/collaborative_robotics_course/install/me326_project/include/me326_project/action
[18.470s] -- Up-to-date: /home/joshhlee/me326_ws/src/collaborative_robotics_course/install/me326_project/include/me326_project/action/detail
[18.470s] -- Up-to-date: /home/joshhlee/me326_ws/src/collaborative_robotics_course/install/me326_project/include/me326_project/action/detail/move_base__rosidl_typesupport_introspection_c.h
[18.470s] -- Up-to-date: /home/joshhlee/me326_ws/src/collaborative_robotics_course/install/me326_project/include/me326_project/action/detail/move_base__type_support.c
[18.470s] -- Up-to-date: /home/joshhlee/me326_ws/src/collaborative_robotics_course/install/me326_project/lib/libme326_project__rosidl_typesupport_introspection_c.so
[18.471s] -- Up-to-date: /home/joshhlee/me326_ws/src/collaborative_robotics_course/install/me326_project/lib/libme326_project__rosidl_typesupport_c.so
[18.471s] -- Up-to-date: /home/joshhlee/me326_ws/src/collaborative_robotics_course/install/me326_project/include/me326_project
[18.471s] -- Up-to-date: /home/joshhlee/me326_ws/src/collaborative_robotics_course/install/me326_project/include/me326_project/action
[18.471s] -- Up-to-date: /home/joshhlee/me326_ws/src/collaborative_robotics_course/install/me326_project/include/me326_project/action/detail
[18.471s] -- Up-to-date: /home/joshhlee/me326_ws/src/collaborative_robotics_course/install/me326_project/include/me326_project/action/detail/move_base__struct.hpp
[18.471s] -- Up-to-date: /home/joshhlee/me326_ws/src/collaborative_robotics_course/install/me326_project/include/me326_project/action/detail/move_base__builder.hpp
[18.471s] -- Up-to-date: /home/joshhlee/me326_ws/src/collaborative_robotics_course/install/me326_project/include/me326_project/action/detail/move_base__traits.hpp
[18.471s] -- Up-to-date: /home/joshhlee/me326_ws/src/collaborative_robotics_course/install/me326_project/include/me326_project/action/move_base.hpp
[18.471s] -- Up-to-date: /home/joshhlee/me326_ws/src/collaborative_robotics_course/install/me326_project/include/me326_project
[18.471s] -- Up-to-date: /home/joshhlee/me326_ws/src/collaborative_robotics_course/install/me326_project/include/me326_project/action
[18.471s] -- Up-to-date: /home/joshhlee/me326_ws/src/collaborative_robotics_course/install/me326_project/include/me326_project/action/detail
[18.471s] -- Up-to-date: /home/joshhlee/me326_ws/src/collaborative_robotics_course/install/me326_project/include/me326_project/action/detail/move_base__type_support.cpp
[18.471s] -- Up-to-date: /home/joshhlee/me326_ws/src/collaborative_robotics_course/install/me326_project/include/me326_project/action/detail/move_base__rosidl_typesupport_introspection_cpp.hpp
[18.471s] -- Up-to-date: /home/joshhlee/me326_ws/src/collaborative_robotics_course/install/me326_project/lib/libme326_project__rosidl_typesupport_introspection_cpp.so
[18.471s] -- Up-to-date: /home/joshhlee/me326_ws/src/collaborative_robotics_course/install/me326_project/lib/libme326_project__rosidl_typesupport_cpp.so
[18.471s] -- Installing: /home/joshhlee/me326_ws/src/collaborative_robotics_course/install/me326_project/lib/python3.8/site-packages/me326_project/__init__.py
[18.518s] Compiling '/home/joshhlee/me326_ws/src/collaborative_robotics_course/install/me326_project/lib/python3.8/site-packages/me326_project/__init__.py'...
[18.520s] -- Up-to-date: /home/joshhlee/me326_ws/src/collaborative_robotics_course/install/me326_project/lib/python3.8/site-packages/me326_project/action
[18.520s] -- Up-to-date: /home/joshhlee/me326_ws/src/collaborative_robotics_course/install/me326_project/lib/python3.8/site-packages/me326_project/action/__init__.py
[18.520s] -- Up-to-date: /home/joshhlee/me326_ws/src/collaborative_robotics_course/install/me326_project/lib/python3.8/site-packages/me326_project/action/_move_base_s.c
[18.521s] -- Up-to-date: /home/joshhlee/me326_ws/src/collaborative_robotics_course/install/me326_project/lib/python3.8/site-packages/me326_project/action/_move_base.py
[18.521s] -- Up-to-date: /home/joshhlee/me326_ws/src/collaborative_robotics_course/install/me326_project/lib/python3.8/site-packages/me326_project/me326_project_s__rosidl_typesupport_fastrtps_c.cpython-38-aarch64-linux-gnu.so
[18.521s] -- Up-to-date: /home/joshhlee/me326_ws/src/collaborative_robotics_course/install/me326_project/lib/python3.8/site-packages/me326_project/me326_project_s__rosidl_typesupport_introspection_c.cpython-38-aarch64-linux-gnu.so
[18.522s] -- Up-to-date: /home/joshhlee/me326_ws/src/collaborative_robotics_course/install/me326_project/lib/python3.8/site-packages/me326_project/me326_project_s__rosidl_typesupport_c.cpython-38-aarch64-linux-gnu.so
[18.522s] -- Up-to-date: /home/joshhlee/me326_ws/src/collaborative_robotics_course/install/me326_project/lib/libme326_project__python.so
[18.522s] -- Up-to-date: /home/joshhlee/me326_ws/src/collaborative_robotics_course/install/me326_project/share/me326_project/action/MoveBase.idl
[18.522s] -- Up-to-date: /home/joshhlee/me326_ws/src/collaborative_robotics_course/install/me326_project/share/me326_project/action/MoveBase.action
[18.522s] -- Up-to-date: /home/joshhlee/me326_ws/src/collaborative_robotics_course/install/me326_project/share/me326_project/model
[18.522s] -- Up-to-date: /home/joshhlee/me326_ws/src/collaborative_robotics_course/install/me326_project/share/me326_project/model/yellow_cube.urdf
[18.523s] -- Up-to-date: /home/joshhlee/me326_ws/src/collaborative_robotics_course/install/me326_project/share/me326_project/model/green_cube.urdf
[18.523s] -- Up-to-date: /home/joshhlee/me326_ws/src/collaborative_robotics_course/install/me326_project/share/me326_project/model/red_cube.urdf
[18.523s] -- Up-to-date: /home/joshhlee/me326_ws/src/collaborative_robotics_course/install/me326_project/share/me326_project/model/blue_cube.urdf
[18.523s] -- Up-to-date: /home/joshhlee/me326_ws/src/collaborative_robotics_course/install/me326_project/share/ament_index/resource_index/package_run_dependencies/me326_project
[18.523s] -- Up-to-date: /home/joshhlee/me326_ws/src/collaborative_robotics_course/install/me326_project/share/ament_index/resource_index/parent_prefix_path/me326_project
[18.523s] -- Up-to-date: /home/joshhlee/me326_ws/src/collaborative_robotics_course/install/me326_project/share/me326_project/environment/ament_prefix_path.sh
[18.523s] -- Up-to-date: /home/joshhlee/me326_ws/src/collaborative_robotics_course/install/me326_project/share/me326_project/environment/ament_prefix_path.dsv
[18.523s] -- Up-to-date: /home/joshhlee/me326_ws/src/collaborative_robotics_course/install/me326_project/share/me326_project/environment/path.sh
[18.523s] -- Up-to-date: /home/joshhlee/me326_ws/src/collaborative_robotics_course/install/me326_project/share/me326_project/environment/path.dsv
[18.523s] -- Up-to-date: /home/joshhlee/me326_ws/src/collaborative_robotics_course/install/me326_project/share/me326_project/local_setup.bash
[18.523s] -- Up-to-date: /home/joshhlee/me326_ws/src/collaborative_robotics_course/install/me326_project/share/me326_project/local_setup.sh
[18.523s] -- Up-to-date: /home/joshhlee/me326_ws/src/collaborative_robotics_course/install/me326_project/share/me326_project/local_setup.zsh
[18.523s] -- Up-to-date: /home/joshhlee/me326_ws/src/collaborative_robotics_course/install/me326_project/share/me326_project/local_setup.dsv
[18.523s] -- Installing: /home/joshhlee/me326_ws/src/collaborative_robotics_course/install/me326_project/share/me326_project/package.dsv
[18.523s] -- Up-to-date: /home/joshhlee/me326_ws/src/collaborative_robotics_course/install/me326_project/share/ament_index/resource_index/packages/me326_project
[18.523s] -- Up-to-date: /home/joshhlee/me326_ws/src/collaborative_robotics_course/install/me326_project/share/me326_project/cmake/me326_project__rosidl_generator_cExport.cmake
[18.523s] -- Up-to-date: /home/joshhlee/me326_ws/src/collaborative_robotics_course/install/me326_project/share/me326_project/cmake/me326_project__rosidl_generator_cExport-noconfig.cmake
[18.523s] -- Up-to-date: /home/joshhlee/me326_ws/src/collaborative_robotics_course/install/me326_project/share/me326_project/cmake/me326_project__rosidl_typesupport_introspection_cExport.cmake
[18.524s] -- Up-to-date: /home/joshhlee/me326_ws/src/collaborative_robotics_course/install/me326_project/share/me326_project/cmake/me326_project__rosidl_typesupport_introspection_cExport-noconfig.cmake
[18.524s] -- Up-to-date: /home/joshhlee/me326_ws/src/collaborative_robotics_course/install/me326_project/share/me326_project/cmake/me326_project__rosidl_typesupport_cExport.cmake
[18.524s] -- Up-to-date: /home/joshhlee/me326_ws/src/collaborative_robotics_course/install/me326_project/share/me326_project/cmake/me326_project__rosidl_typesupport_cExport-noconfig.cmake
[18.524s] -- Up-to-date: /home/joshhlee/me326_ws/src/collaborative_robotics_course/install/me326_project/share/me326_project/cmake/me326_project__rosidl_generator_cppExport.cmake
[18.524s] -- Up-to-date: /home/joshhlee/me326_ws/src/collaborative_robotics_course/install/me326_project/share/me326_project/cmake/me326_project__rosidl_typesupport_introspection_cppExport.cmake
[18.524s] -- Up-to-date: /home/joshhlee/me326_ws/src/collaborative_robotics_course/install/me326_project/share/me326_project/cmake/me326_project__rosidl_typesupport_introspection_cppExport-noconfig.cmake
[18.524s] -- Up-to-date: /home/joshhlee/me326_ws/src/collaborative_robotics_course/install/me326_project/share/me326_project/cmake/me326_project__rosidl_typesupport_cppExport.cmake
[18.524s] -- Up-to-date: /home/joshhlee/me326_ws/src/collaborative_robotics_course/install/me326_project/share/me326_project/cmake/me326_project__rosidl_typesupport_cppExport-noconfig.cmake
[18.524s] -- Up-to-date: /home/joshhlee/me326_ws/src/collaborative_robotics_course/install/me326_project/share/me326_project/cmake/rosidl_cmake-extras.cmake
[18.524s] -- Up-to-date: /home/joshhlee/me326_ws/src/collaborative_robotics_course/install/me326_project/share/me326_project/cmake/ament_cmake_export_dependencies-extras.cmake
[18.524s] -- Up-to-date: /home/joshhlee/me326_ws/src/collaborative_robotics_course/install/me326_project/share/me326_project/cmake/ament_cmake_export_libraries-extras.cmake
[18.524s] -- Up-to-date: /home/joshhlee/me326_ws/src/collaborative_robotics_course/install/me326_project/share/me326_project/cmake/ament_cmake_export_targets-extras.cmake
[18.524s] -- Up-to-date: /home/joshhlee/me326_ws/src/collaborative_robotics_course/install/me326_project/share/me326_project/cmake/ament_cmake_export_include_directories-extras.cmake
[18.524s] -- Up-to-date: /home/joshhlee/me326_ws/src/collaborative_robotics_course/install/me326_project/share/me326_project/cmake/rosidl_cmake_export_typesupport_libraries-extras.cmake
[18.524s] -- Up-to-date: /home/joshhlee/me326_ws/src/collaborative_robotics_course/install/me326_project/share/me326_project/cmake/rosidl_cmake_export_typesupport_targets-extras.cmake
[18.524s] -- Up-to-date: /home/joshhlee/me326_ws/src/collaborative_robotics_course/install/me326_project/share/me326_project/cmake/me326_projectConfig.cmake
[18.525s] -- Up-to-date: /home/joshhlee/me326_ws/src/collaborative_robotics_course/install/me326_project/share/me326_project/cmake/me326_projectConfig-version.cmake
[18.525s] -- Up-to-date: /home/joshhlee/me326_ws/src/collaborative_robotics_course/install/me326_project/share/me326_project/package.xml
[18.535s] Invoked command in '/home/joshhlee/me326_ws/src/collaborative_robotics_course/build/me326_project' returned '0': CMAKE_PREFIX_PATH=${CMAKE_PREFIX_PATH}:/home/joshhlee/interbotix_ws/install/interbotix_xs_modules:/home/joshhlee/interbotix_ws/install/interbotix_perception_modules:/home/joshhlee/interbotix_ws/install/interbotix_common_modules:/opt/ros/galactic /usr/bin/cmake --install /home/joshhlee/me326_ws/src/collaborative_robotics_course/build/me326_project
