[  1%] Built target locobot_interfaces__cpp
[ 12%] Built target locobot_interfaces__rosidl_generator_c
[ 23%] Built target locobot_interfaces__rosidl_typesupport_introspection_cpp
[ 34%] Built target locobot_interfaces__rosidl_typesupport_c
[ 45%] Built target locobot_interfaces__rosidl_typesupport_introspection_c
[ 56%] Built target locobot_interfaces__rosidl_typesupport_fastrtps_cpp
[ 67%] Built target locobot_interfaces__rosidl_typesupport_cpp
[ 78%] Built target locobot_interfaces__rosidl_typesupport_fastrtps_c
[ 78%] Built target locobot_interfaces
[ 80%] Built target locobot_interfaces__py
[ 89%] Built target locobot_interfaces__python
[ 92%] Built target locobot_interfaces__rosidl_typesupport_c__pyext
[ 96%] Built target locobot_interfaces__rosidl_typesupport_fastrtps_c__pyext
[100%] Built target locobot_interfaces__rosidl_typesupport_introspection_c__pyext
-- Install configuration: ""
-- Up-to-date: /home/joshhlee/me326_ws/src/collab_robotics/install/locobot_interfaces/share/ament_index/resource_index/rosidl_interfaces/locobot_interfaces
-- Up-to-date: /home/joshhlee/me326_ws/src/collab_robotics/install/locobot_interfaces/include/locobot_interfaces
-- Up-to-date: /home/joshhlee/me326_ws/src/collab_robotics/install/locobot_interfaces/include/locobot_interfaces/msg
-- Up-to-date: /home/joshhlee/me326_ws/src/collab_robotics/install/locobot_interfaces/include/locobot_interfaces/msg/rosidl_generator_c__visibility_control.h
-- Up-to-date: /home/joshhlee/me326_ws/src/collab_robotics/install/locobot_interfaces/include/locobot_interfaces/srv
-- Up-to-date: /home/joshhlee/me326_ws/src/collab_robotics/install/locobot_interfaces/include/locobot_interfaces/srv/detail
-- Up-to-date: /home/joshhlee/me326_ws/src/collab_robotics/install/locobot_interfaces/include/locobot_interfaces/srv/detail/set_pose__functions.h
-- Up-to-date: /home/joshhlee/me326_ws/src/collab_robotics/install/locobot_interfaces/include/locobot_interfaces/srv/detail/set_pose__type_support.h
-- Up-to-date: /home/joshhlee/me326_ws/src/collab_robotics/install/locobot_interfaces/include/locobot_interfaces/srv/detail/set_pose__struct.h
-- Up-to-date: /home/joshhlee/me326_ws/src/collab_robotics/install/locobot_interfaces/include/locobot_interfaces/srv/detail/set_pose__functions.c
-- Up-to-date: /home/joshhlee/me326_ws/src/collab_robotics/install/locobot_interfaces/include/locobot_interfaces/srv/set_pose.h
-- Up-to-date: /home/joshhlee/me326_ws/src/collab_robotics/install/locobot_interfaces/include/locobot_interfaces/action
-- Up-to-date: /home/joshhlee/me326_ws/src/collab_robotics/install/locobot_interfaces/include/locobot_interfaces/action/detail
-- Up-to-date: /home/joshhlee/me326_ws/src/collab_robotics/install/locobot_interfaces/include/locobot_interfaces/action/detail/move_gripper__struct.h
-- Up-to-date: /home/joshhlee/me326_ws/src/collab_robotics/install/locobot_interfaces/include/locobot_interfaces/action/detail/move_arm__type_support.h
-- Up-to-date: /home/joshhlee/me326_ws/src/collab_robotics/install/locobot_interfaces/include/locobot_interfaces/action/detail/move_gripper__functions.c
-- Up-to-date: /home/joshhlee/me326_ws/src/collab_robotics/install/locobot_interfaces/include/locobot_interfaces/action/detail/move_base__struct.h
-- Up-to-date: /home/joshhlee/me326_ws/src/collab_robotics/install/locobot_interfaces/include/locobot_interfaces/action/detail/move_base__functions.c
-- Up-to-date: /home/joshhlee/me326_ws/src/collab_robotics/install/locobot_interfaces/include/locobot_interfaces/action/detail/move_gripper__functions.h
-- Up-to-date: /home/joshhlee/me326_ws/src/collab_robotics/install/locobot_interfaces/include/locobot_interfaces/action/detail/move_base__type_support.h
-- Up-to-date: /home/joshhlee/me326_ws/src/collab_robotics/install/locobot_interfaces/include/locobot_interfaces/action/detail/move_gripper__type_support.h
-- Up-to-date: /home/joshhlee/me326_ws/src/collab_robotics/install/locobot_interfaces/include/locobot_interfaces/action/detail/move_base__functions.h
-- Up-to-date: /home/joshhlee/me326_ws/src/collab_robotics/install/locobot_interfaces/include/locobot_interfaces/action/detail/move_arm__functions.h
-- Up-to-date: /home/joshhlee/me326_ws/src/collab_robotics/install/locobot_interfaces/include/locobot_interfaces/action/detail/move_arm__struct.h
-- Up-to-date: /home/joshhlee/me326_ws/src/collab_robotics/install/locobot_interfaces/include/locobot_interfaces/action/detail/move_arm__functions.c
-- Up-to-date: /home/joshhlee/me326_ws/src/collab_robotics/install/locobot_interfaces/include/locobot_interfaces/action/move_base.h
-- Up-to-date: /home/joshhlee/me326_ws/src/collab_robotics/install/locobot_interfaces/include/locobot_interfaces/action/move_gripper.h
-- Up-to-date: /home/joshhlee/me326_ws/src/collab_robotics/install/locobot_interfaces/include/locobot_interfaces/action/move_arm.h
-- Up-to-date: /home/joshhlee/me326_ws/src/collab_robotics/install/locobot_interfaces/share/locobot_interfaces/environment/library_path.sh
-- Up-to-date: /home/joshhlee/me326_ws/src/collab_robotics/install/locobot_interfaces/share/locobot_interfaces/environment/library_path.dsv
-- Up-to-date: /home/joshhlee/me326_ws/src/collab_robotics/install/locobot_interfaces/lib/liblocobot_interfaces__rosidl_generator_c.so
-- Up-to-date: /home/joshhlee/me326_ws/src/collab_robotics/install/locobot_interfaces/include/locobot_interfaces
-- Up-to-date: /home/joshhlee/me326_ws/src/collab_robotics/install/locobot_interfaces/include/locobot_interfaces/msg
-- Up-to-date: /home/joshhlee/me326_ws/src/collab_robotics/install/locobot_interfaces/include/locobot_interfaces/msg/rosidl_typesupport_fastrtps_c__visibility_control.h
-- Up-to-date: /home/joshhlee/me326_ws/src/collab_robotics/install/locobot_interfaces/include/locobot_interfaces/srv
-- Up-to-date: /home/joshhlee/me326_ws/src/collab_robotics/install/locobot_interfaces/include/locobot_interfaces/srv/detail
-- Up-to-date: /home/joshhlee/me326_ws/src/collab_robotics/install/locobot_interfaces/include/locobot_interfaces/srv/detail/set_pose__rosidl_typesupport_fastrtps_c.h
-- Up-to-date: /home/joshhlee/me326_ws/src/collab_robotics/install/locobot_interfaces/include/locobot_interfaces/action
-- Up-to-date: /home/joshhlee/me326_ws/src/collab_robotics/install/locobot_interfaces/include/locobot_interfaces/action/detail
-- Up-to-date: /home/joshhlee/me326_ws/src/collab_robotics/install/locobot_interfaces/include/locobot_interfaces/action/detail/move_base__rosidl_typesupport_fastrtps_c.h
-- Up-to-date: /home/joshhlee/me326_ws/src/collab_robotics/install/locobot_interfaces/include/locobot_interfaces/action/detail/move_gripper__rosidl_typesupport_fastrtps_c.h
-- Up-to-date: /home/joshhlee/me326_ws/src/collab_robotics/install/locobot_interfaces/include/locobot_interfaces/action/detail/move_arm__rosidl_typesupport_fastrtps_c.h
-- Up-to-date: /home/joshhlee/me326_ws/src/collab_robotics/install/locobot_interfaces/lib/liblocobot_interfaces__rosidl_typesupport_fastrtps_c.so
-- Up-to-date: /home/joshhlee/me326_ws/src/collab_robotics/install/locobot_interfaces/include/locobot_interfaces
-- Up-to-date: /home/joshhlee/me326_ws/src/collab_robotics/install/locobot_interfaces/include/locobot_interfaces/msg
-- Up-to-date: /home/joshhlee/me326_ws/src/collab_robotics/install/locobot_interfaces/include/locobot_interfaces/msg/rosidl_typesupport_fastrtps_cpp__visibility_control.h
-- Up-to-date: /home/joshhlee/me326_ws/src/collab_robotics/install/locobot_interfaces/include/locobot_interfaces/srv
-- Up-to-date: /home/joshhlee/me326_ws/src/collab_robotics/install/locobot_interfaces/include/locobot_interfaces/srv/detail
-- Up-to-date: /home/joshhlee/me326_ws/src/collab_robotics/install/locobot_interfaces/include/locobot_interfaces/srv/detail/set_pose__rosidl_typesupport_fastrtps_cpp.hpp
-- Up-to-date: /home/joshhlee/me326_ws/src/collab_robotics/install/locobot_interfaces/include/locobot_interfaces/srv/detail/dds_fastrtps
-- Up-to-date: /home/joshhlee/me326_ws/src/collab_robotics/install/locobot_interfaces/include/locobot_interfaces/action
-- Up-to-date: /home/joshhlee/me326_ws/src/collab_robotics/install/locobot_interfaces/include/locobot_interfaces/action/detail
-- Up-to-date: /home/joshhlee/me326_ws/src/collab_robotics/install/locobot_interfaces/include/locobot_interfaces/action/detail/move_arm__rosidl_typesupport_fastrtps_cpp.hpp
-- Up-to-date: /home/joshhlee/me326_ws/src/collab_robotics/install/locobot_interfaces/include/locobot_interfaces/action/detail/move_gripper__rosidl_typesupport_fastrtps_cpp.hpp
-- Up-to-date: /home/joshhlee/me326_ws/src/collab_robotics/install/locobot_interfaces/include/locobot_interfaces/action/detail/dds_fastrtps
-- Up-to-date: /home/joshhlee/me326_ws/src/collab_robotics/install/locobot_interfaces/include/locobot_interfaces/action/detail/move_base__rosidl_typesupport_fastrtps_cpp.hpp
-- Up-to-date: /home/joshhlee/me326_ws/src/collab_robotics/install/locobot_interfaces/lib/liblocobot_interfaces__rosidl_typesupport_fastrtps_cpp.so
-- Up-to-date: /home/joshhlee/me326_ws/src/collab_robotics/install/locobot_interfaces/include/locobot_interfaces
-- Up-to-date: /home/joshhlee/me326_ws/src/collab_robotics/install/locobot_interfaces/include/locobot_interfaces/msg
-- Up-to-date: /home/joshhlee/me326_ws/src/collab_robotics/install/locobot_interfaces/include/locobot_interfaces/msg/rosidl_typesupport_introspection_c__visibility_control.h
-- Up-to-date: /home/joshhlee/me326_ws/src/collab_robotics/install/locobot_interfaces/include/locobot_interfaces/srv
-- Up-to-date: /home/joshhlee/me326_ws/src/collab_robotics/install/locobot_interfaces/include/locobot_interfaces/srv/detail
-- Up-to-date: /home/joshhlee/me326_ws/src/collab_robotics/install/locobot_interfaces/include/locobot_interfaces/srv/detail/set_pose__type_support.c
-- Up-to-date: /home/joshhlee/me326_ws/src/collab_robotics/install/locobot_interfaces/include/locobot_interfaces/srv/detail/set_pose__rosidl_typesupport_introspection_c.h
-- Up-to-date: /home/joshhlee/me326_ws/src/collab_robotics/install/locobot_interfaces/include/locobot_interfaces/action
-- Up-to-date: /home/joshhlee/me326_ws/src/collab_robotics/install/locobot_interfaces/include/locobot_interfaces/action/detail
-- Up-to-date: /home/joshhlee/me326_ws/src/collab_robotics/install/locobot_interfaces/include/locobot_interfaces/action/detail/move_base__rosidl_typesupport_introspection_c.h
-- Up-to-date: /home/joshhlee/me326_ws/src/collab_robotics/install/locobot_interfaces/include/locobot_interfaces/action/detail/move_gripper__rosidl_typesupport_introspection_c.h
-- Up-to-date: /home/joshhlee/me326_ws/src/collab_robotics/install/locobot_interfaces/include/locobot_interfaces/action/detail/move_arm__type_support.c
-- Up-to-date: /home/joshhlee/me326_ws/src/collab_robotics/install/locobot_interfaces/include/locobot_interfaces/action/detail/move_arm__rosidl_typesupport_introspection_c.h
-- Up-to-date: /home/joshhlee/me326_ws/src/collab_robotics/install/locobot_interfaces/include/locobot_interfaces/action/detail/move_gripper__type_support.c
-- Up-to-date: /home/joshhlee/me326_ws/src/collab_robotics/install/locobot_interfaces/include/locobot_interfaces/action/detail/move_base__type_support.c
-- Up-to-date: /home/joshhlee/me326_ws/src/collab_robotics/install/locobot_interfaces/lib/liblocobot_interfaces__rosidl_typesupport_introspection_c.so
-- Up-to-date: /home/joshhlee/me326_ws/src/collab_robotics/install/locobot_interfaces/lib/liblocobot_interfaces__rosidl_typesupport_c.so
-- Up-to-date: /home/joshhlee/me326_ws/src/collab_robotics/install/locobot_interfaces/include/locobot_interfaces
-- Up-to-date: /home/joshhlee/me326_ws/src/collab_robotics/install/locobot_interfaces/include/locobot_interfaces/srv
-- Up-to-date: /home/joshhlee/me326_ws/src/collab_robotics/install/locobot_interfaces/include/locobot_interfaces/srv/detail
-- Up-to-date: /home/joshhlee/me326_ws/src/collab_robotics/install/locobot_interfaces/include/locobot_interfaces/srv/detail/set_pose__builder.hpp
-- Up-to-date: /home/joshhlee/me326_ws/src/collab_robotics/install/locobot_interfaces/include/locobot_interfaces/srv/detail/set_pose__struct.hpp
-- Up-to-date: /home/joshhlee/me326_ws/src/collab_robotics/install/locobot_interfaces/include/locobot_interfaces/srv/detail/set_pose__traits.hpp
-- Up-to-date: /home/joshhlee/me326_ws/src/collab_robotics/install/locobot_interfaces/include/locobot_interfaces/srv/set_pose.hpp
-- Up-to-date: /home/joshhlee/me326_ws/src/collab_robotics/install/locobot_interfaces/include/locobot_interfaces/action
-- Up-to-date: /home/joshhlee/me326_ws/src/collab_robotics/install/locobot_interfaces/include/locobot_interfaces/action/move_gripper.hpp
-- Up-to-date: /home/joshhlee/me326_ws/src/collab_robotics/install/locobot_interfaces/include/locobot_interfaces/action/detail
-- Up-to-date: /home/joshhlee/me326_ws/src/collab_robotics/install/locobot_interfaces/include/locobot_interfaces/action/detail/move_gripper__builder.hpp
-- Up-to-date: /home/joshhlee/me326_ws/src/collab_robotics/install/locobot_interfaces/include/locobot_interfaces/action/detail/move_gripper__traits.hpp
-- Up-to-date: /home/joshhlee/me326_ws/src/collab_robotics/install/locobot_interfaces/include/locobot_interfaces/action/detail/move_gripper__struct.hpp
-- Up-to-date: /home/joshhlee/me326_ws/src/collab_robotics/install/locobot_interfaces/include/locobot_interfaces/action/detail/move_arm__builder.hpp
-- Up-to-date: /home/joshhlee/me326_ws/src/collab_robotics/install/locobot_interfaces/include/locobot_interfaces/action/detail/move_base__struct.hpp
-- Up-to-date: /home/joshhlee/me326_ws/src/collab_robotics/install/locobot_interfaces/include/locobot_interfaces/action/detail/move_base__builder.hpp
-- Up-to-date: /home/joshhlee/me326_ws/src/collab_robotics/install/locobot_interfaces/include/locobot_interfaces/action/detail/move_base__traits.hpp
-- Up-to-date: /home/joshhlee/me326_ws/src/collab_robotics/install/locobot_interfaces/include/locobot_interfaces/action/detail/move_arm__traits.hpp
-- Up-to-date: /home/joshhlee/me326_ws/src/collab_robotics/install/locobot_interfaces/include/locobot_interfaces/action/detail/move_arm__struct.hpp
-- Up-to-date: /home/joshhlee/me326_ws/src/collab_robotics/install/locobot_interfaces/include/locobot_interfaces/action/move_base.hpp
-- Up-to-date: /home/joshhlee/me326_ws/src/collab_robotics/install/locobot_interfaces/include/locobot_interfaces/action/move_arm.hpp
-- Up-to-date: /home/joshhlee/me326_ws/src/collab_robotics/install/locobot_interfaces/include/locobot_interfaces
-- Up-to-date: /home/joshhlee/me326_ws/src/collab_robotics/install/locobot_interfaces/include/locobot_interfaces/srv
-- Up-to-date: /home/joshhlee/me326_ws/src/collab_robotics/install/locobot_interfaces/include/locobot_interfaces/srv/detail
-- Up-to-date: /home/joshhlee/me326_ws/src/collab_robotics/install/locobot_interfaces/include/locobot_interfaces/srv/detail/set_pose__type_support.cpp
-- Up-to-date: /home/joshhlee/me326_ws/src/collab_robotics/install/locobot_interfaces/include/locobot_interfaces/srv/detail/set_pose__rosidl_typesupport_introspection_cpp.hpp
-- Up-to-date: /home/joshhlee/me326_ws/src/collab_robotics/install/locobot_interfaces/include/locobot_interfaces/action
-- Up-to-date: /home/joshhlee/me326_ws/src/collab_robotics/install/locobot_interfaces/include/locobot_interfaces/action/detail
-- Up-to-date: /home/joshhlee/me326_ws/src/collab_robotics/install/locobot_interfaces/include/locobot_interfaces/action/detail/move_base__type_support.cpp
-- Up-to-date: /home/joshhlee/me326_ws/src/collab_robotics/install/locobot_interfaces/include/locobot_interfaces/action/detail/move_arm__type_support.cpp
-- Up-to-date: /home/joshhlee/me326_ws/src/collab_robotics/install/locobot_interfaces/include/locobot_interfaces/action/detail/move_gripper__rosidl_typesupport_introspection_cpp.hpp
-- Up-to-date: /home/joshhlee/me326_ws/src/collab_robotics/install/locobot_interfaces/include/locobot_interfaces/action/detail/move_arm__rosidl_typesupport_introspection_cpp.hpp
-- Up-to-date: /home/joshhlee/me326_ws/src/collab_robotics/install/locobot_interfaces/include/locobot_interfaces/action/detail/move_base__rosidl_typesupport_introspection_cpp.hpp
-- Up-to-date: /home/joshhlee/me326_ws/src/collab_robotics/install/locobot_interfaces/include/locobot_interfaces/action/detail/move_gripper__type_support.cpp
-- Up-to-date: /home/joshhlee/me326_ws/src/collab_robotics/install/locobot_interfaces/lib/liblocobot_interfaces__rosidl_typesupport_introspection_cpp.so
-- Up-to-date: /home/joshhlee/me326_ws/src/collab_robotics/install/locobot_interfaces/lib/liblocobot_interfaces__rosidl_typesupport_cpp.so
-- Up-to-date: /home/joshhlee/me326_ws/src/collab_robotics/install/locobot_interfaces/share/locobot_interfaces/environment/pythonpath.sh
-- Up-to-date: /home/joshhlee/me326_ws/src/collab_robotics/install/locobot_interfaces/share/locobot_interfaces/environment/pythonpath.dsv
-- Up-to-date: /home/joshhlee/me326_ws/src/collab_robotics/install/locobot_interfaces/lib/python3.8/site-packages/locobot_interfaces/__init__.py
-- Up-to-date: /home/joshhlee/me326_ws/src/collab_robotics/install/locobot_interfaces/lib/python3.8/site-packages/locobot_interfaces/action
-- Up-to-date: /home/joshhlee/me326_ws/src/collab_robotics/install/locobot_interfaces/lib/python3.8/site-packages/locobot_interfaces/action/__init__.py
-- Up-to-date: /home/joshhlee/me326_ws/src/collab_robotics/install/locobot_interfaces/lib/python3.8/site-packages/locobot_interfaces/action/_move_base_s.c
-- Up-to-date: /home/joshhlee/me326_ws/src/collab_robotics/install/locobot_interfaces/lib/python3.8/site-packages/locobot_interfaces/action/_move_gripper_s.c
-- Up-to-date: /home/joshhlee/me326_ws/src/collab_robotics/install/locobot_interfaces/lib/python3.8/site-packages/locobot_interfaces/action/_move_arm_s.c
-- Up-to-date: /home/joshhlee/me326_ws/src/collab_robotics/install/locobot_interfaces/lib/python3.8/site-packages/locobot_interfaces/action/_move_base.py
-- Up-to-date: /home/joshhlee/me326_ws/src/collab_robotics/install/locobot_interfaces/lib/python3.8/site-packages/locobot_interfaces/action/_move_arm.py
-- Up-to-date: /home/joshhlee/me326_ws/src/collab_robotics/install/locobot_interfaces/lib/python3.8/site-packages/locobot_interfaces/action/_move_gripper.py
-- Up-to-date: /home/joshhlee/me326_ws/src/collab_robotics/install/locobot_interfaces/lib/python3.8/site-packages/locobot_interfaces/srv
-- Up-to-date: /home/joshhlee/me326_ws/src/collab_robotics/install/locobot_interfaces/lib/python3.8/site-packages/locobot_interfaces/srv/__init__.py
-- Up-to-date: /home/joshhlee/me326_ws/src/collab_robotics/install/locobot_interfaces/lib/python3.8/site-packages/locobot_interfaces/srv/_set_pose_s.c
-- Up-to-date: /home/joshhlee/me326_ws/src/collab_robotics/install/locobot_interfaces/lib/python3.8/site-packages/locobot_interfaces/srv/_set_pose.py
-- Up-to-date: /home/joshhlee/me326_ws/src/collab_robotics/install/locobot_interfaces/lib/python3.8/site-packages/locobot_interfaces/locobot_interfaces_s__rosidl_typesupport_fastrtps_c.cpython-38-aarch64-linux-gnu.so
-- Up-to-date: /home/joshhlee/me326_ws/src/collab_robotics/install/locobot_interfaces/lib/python3.8/site-packages/locobot_interfaces/locobot_interfaces_s__rosidl_typesupport_introspection_c.cpython-38-aarch64-linux-gnu.so
-- Up-to-date: /home/joshhlee/me326_ws/src/collab_robotics/install/locobot_interfaces/lib/python3.8/site-packages/locobot_interfaces/locobot_interfaces_s__rosidl_typesupport_c.cpython-38-aarch64-linux-gnu.so
-- Up-to-date: /home/joshhlee/me326_ws/src/collab_robotics/install/locobot_interfaces/lib/liblocobot_interfaces__python.so
-- Up-to-date: /home/joshhlee/me326_ws/src/collab_robotics/install/locobot_interfaces/share/locobot_interfaces/action/MoveArm.idl
-- Up-to-date: /home/joshhlee/me326_ws/src/collab_robotics/install/locobot_interfaces/share/locobot_interfaces/action/MoveGripper.idl
-- Up-to-date: /home/joshhlee/me326_ws/src/collab_robotics/install/locobot_interfaces/share/locobot_interfaces/action/MoveBase.idl
-- Up-to-date: /home/joshhlee/me326_ws/src/collab_robotics/install/locobot_interfaces/share/locobot_interfaces/srv/SetPose.idl
-- Up-to-date: /home/joshhlee/me326_ws/src/collab_robotics/install/locobot_interfaces/share/locobot_interfaces/action/MoveArm.action
-- Up-to-date: /home/joshhlee/me326_ws/src/collab_robotics/install/locobot_interfaces/share/locobot_interfaces/action/MoveGripper.action
-- Up-to-date: /home/joshhlee/me326_ws/src/collab_robotics/install/locobot_interfaces/share/locobot_interfaces/action/MoveBase.action
-- Up-to-date: /home/joshhlee/me326_ws/src/collab_robotics/install/locobot_interfaces/share/locobot_interfaces/srv/SetPose.srv
-- Up-to-date: /home/joshhlee/me326_ws/src/collab_robotics/install/locobot_interfaces/share/locobot_interfaces/srv/SetPose_Request.msg
-- Up-to-date: /home/joshhlee/me326_ws/src/collab_robotics/install/locobot_interfaces/share/locobot_interfaces/srv/SetPose_Response.msg
-- Up-to-date: /home/joshhlee/me326_ws/src/collab_robotics/install/locobot_interfaces/share/ament_index/resource_index/package_run_dependencies/locobot_interfaces
-- Up-to-date: /home/joshhlee/me326_ws/src/collab_robotics/install/locobot_interfaces/share/ament_index/resource_index/parent_prefix_path/locobot_interfaces
-- Up-to-date: /home/joshhlee/me326_ws/src/collab_robotics/install/locobot_interfaces/share/locobot_interfaces/environment/ament_prefix_path.sh
-- Up-to-date: /home/joshhlee/me326_ws/src/collab_robotics/install/locobot_interfaces/share/locobot_interfaces/environment/ament_prefix_path.dsv
-- Up-to-date: /home/joshhlee/me326_ws/src/collab_robotics/install/locobot_interfaces/share/locobot_interfaces/environment/path.sh
-- Up-to-date: /home/joshhlee/me326_ws/src/collab_robotics/install/locobot_interfaces/share/locobot_interfaces/environment/path.dsv
-- Up-to-date: /home/joshhlee/me326_ws/src/collab_robotics/install/locobot_interfaces/share/locobot_interfaces/local_setup.bash
-- Up-to-date: /home/joshhlee/me326_ws/src/collab_robotics/install/locobot_interfaces/share/locobot_interfaces/local_setup.sh
-- Up-to-date: /home/joshhlee/me326_ws/src/collab_robotics/install/locobot_interfaces/share/locobot_interfaces/local_setup.zsh
-- Up-to-date: /home/joshhlee/me326_ws/src/collab_robotics/install/locobot_interfaces/share/locobot_interfaces/local_setup.dsv
-- Installing: /home/joshhlee/me326_ws/src/collab_robotics/install/locobot_interfaces/share/locobot_interfaces/package.dsv
-- Up-to-date: /home/joshhlee/me326_ws/src/collab_robotics/install/locobot_interfaces/share/ament_index/resource_index/packages/locobot_interfaces
-- Up-to-date: /home/joshhlee/me326_ws/src/collab_robotics/install/locobot_interfaces/share/locobot_interfaces/cmake/locobot_interfaces__rosidl_generator_cExport.cmake
-- Up-to-date: /home/joshhlee/me326_ws/src/collab_robotics/install/locobot_interfaces/share/locobot_interfaces/cmake/locobot_interfaces__rosidl_generator_cExport-noconfig.cmake
-- Up-to-date: /home/joshhlee/me326_ws/src/collab_robotics/install/locobot_interfaces/share/locobot_interfaces/cmake/locobot_interfaces__rosidl_typesupport_introspection_cExport.cmake
-- Up-to-date: /home/joshhlee/me326_ws/src/collab_robotics/install/locobot_interfaces/share/locobot_interfaces/cmake/locobot_interfaces__rosidl_typesupport_introspection_cExport-noconfig.cmake
-- Up-to-date: /home/joshhlee/me326_ws/src/collab_robotics/install/locobot_interfaces/share/locobot_interfaces/cmake/locobot_interfaces__rosidl_typesupport_cExport.cmake
-- Up-to-date: /home/joshhlee/me326_ws/src/collab_robotics/install/locobot_interfaces/share/locobot_interfaces/cmake/locobot_interfaces__rosidl_typesupport_cExport-noconfig.cmake
-- Up-to-date: /home/joshhlee/me326_ws/src/collab_robotics/install/locobot_interfaces/share/locobot_interfaces/cmake/locobot_interfaces__rosidl_generator_cppExport.cmake
-- Up-to-date: /home/joshhlee/me326_ws/src/collab_robotics/install/locobot_interfaces/share/locobot_interfaces/cmake/locobot_interfaces__rosidl_typesupport_introspection_cppExport.cmake
-- Up-to-date: /home/joshhlee/me326_ws/src/collab_robotics/install/locobot_interfaces/share/locobot_interfaces/cmake/locobot_interfaces__rosidl_typesupport_introspection_cppExport-noconfig.cmake
-- Up-to-date: /home/joshhlee/me326_ws/src/collab_robotics/install/locobot_interfaces/share/locobot_interfaces/cmake/locobot_interfaces__rosidl_typesupport_cppExport.cmake
-- Up-to-date: /home/joshhlee/me326_ws/src/collab_robotics/install/locobot_interfaces/share/locobot_interfaces/cmake/locobot_interfaces__rosidl_typesupport_cppExport-noconfig.cmake
-- Up-to-date: /home/joshhlee/me326_ws/src/collab_robotics/install/locobot_interfaces/share/locobot_interfaces/cmake/rosidl_cmake-extras.cmake
-- Up-to-date: /home/joshhlee/me326_ws/src/collab_robotics/install/locobot_interfaces/share/locobot_interfaces/cmake/ament_cmake_export_dependencies-extras.cmake
-- Up-to-date: /home/joshhlee/me326_ws/src/collab_robotics/install/locobot_interfaces/share/locobot_interfaces/cmake/ament_cmake_export_libraries-extras.cmake
-- Up-to-date: /home/joshhlee/me326_ws/src/collab_robotics/install/locobot_interfaces/share/locobot_interfaces/cmake/ament_cmake_export_targets-extras.cmake
-- Up-to-date: /home/joshhlee/me326_ws/src/collab_robotics/install/locobot_interfaces/share/locobot_interfaces/cmake/ament_cmake_export_include_directories-extras.cmake
-- Up-to-date: /home/joshhlee/me326_ws/src/collab_robotics/install/locobot_interfaces/share/locobot_interfaces/cmake/rosidl_cmake_export_typesupport_libraries-extras.cmake
-- Up-to-date: /home/joshhlee/me326_ws/src/collab_robotics/install/locobot_interfaces/share/locobot_interfaces/cmake/rosidl_cmake_export_typesupport_targets-extras.cmake
-- Up-to-date: /home/joshhlee/me326_ws/src/collab_robotics/install/locobot_interfaces/share/locobot_interfaces/cmake/locobot_interfacesConfig.cmake
-- Up-to-date: /home/joshhlee/me326_ws/src/collab_robotics/install/locobot_interfaces/share/locobot_interfaces/cmake/locobot_interfacesConfig-version.cmake
-- Up-to-date: /home/joshhlee/me326_ws/src/collab_robotics/install/locobot_interfaces/share/locobot_interfaces/package.xml
