[0.793s] Invoking command in '/home/joshhlee/me326_ws/src/collab_robotics/build/locobot_interfaces': CMAKE_PREFIX_PATH=${CMAKE_PREFIX_PATH}:/home/joshhlee/me326_ws/install/opencv_tests:/home/joshhlee/interbotix_ws/install/interbotix_xs_modules:/home/joshhlee/interbotix_ws/install/interbotix_perception_modules:/home/joshhlee/interbotix_ws/install/interbotix_common_modules:/opt/ros/galactic /usr/bin/cmake --build /home/joshhlee/me326_ws/src/collab_robotics/build/locobot_interfaces -- -j4 -l4
[0.915s] [  1%] Built target locobot_interfaces__cpp
[0.986s] [ 12%] Built target locobot_interfaces__rosidl_generator_c
[1.068s] [ 23%] Built target locobot_interfaces__rosidl_typesupport_introspection_cpp
[1.178s] [ 34%] Built target locobot_interfaces__rosidl_typesupport_c
[1.275s] [ 45%] Built target locobot_interfaces__rosidl_typesupport_introspection_c
[1.312s] [ 56%] Built target locobot_interfaces__rosidl_typesupport_fastrtps_cpp
[1.374s] [ 67%] Built target locobot_interfaces__rosidl_typesupport_cpp
[1.546s] [ 78%] Built target locobot_interfaces__rosidl_typesupport_fastrtps_c
[1.599s] [ 78%] Built target locobot_interfaces
[1.637s] [ 80%] Built target locobot_interfaces__py
[1.722s] [ 89%] Built target locobot_interfaces__python
[1.842s] [ 92%] Built target locobot_interfaces__rosidl_typesupport_c__pyext
[1.940s] [ 96%] Built target locobot_interfaces__rosidl_typesupport_fastrtps_c__pyext
[2.072s] [100%] Built target locobot_interfaces__rosidl_typesupport_introspection_c__pyext
[2.109s] Invoked command in '/home/joshhlee/me326_ws/src/collab_robotics/build/locobot_interfaces' returned '0': CMAKE_PREFIX_PATH=${CMAKE_PREFIX_PATH}:/home/joshhlee/me326_ws/install/opencv_tests:/home/joshhlee/interbotix_ws/install/interbotix_xs_modules:/home/joshhlee/interbotix_ws/install/interbotix_perception_modules:/home/joshhlee/interbotix_ws/install/interbotix_common_modules:/opt/ros/galactic /usr/bin/cmake --build /home/joshhlee/me326_ws/src/collab_robotics/build/locobot_interfaces -- -j4 -l4
[3.340s] Invoking command in '/home/joshhlee/me326_ws/src/collab_robotics/build/locobot_interfaces': CMAKE_PREFIX_PATH=${CMAKE_PREFIX_PATH}:/home/joshhlee/me326_ws/install/opencv_tests:/home/joshhlee/interbotix_ws/install/interbotix_xs_modules:/home/joshhlee/interbotix_ws/install/interbotix_perception_modules:/home/joshhlee/interbotix_ws/install/interbotix_common_modules:/opt/ros/galactic /usr/bin/cmake --install /home/joshhlee/me326_ws/src/collab_robotics/build/locobot_interfaces
[3.357s] -- Install configuration: ""
[3.358s] -- Up-to-date: /home/joshhlee/me326_ws/src/collab_robotics/install/locobot_interfaces/share/ament_index/resource_index/rosidl_interfaces/locobot_interfaces
[3.358s] -- Up-to-date: /home/joshhlee/me326_ws/src/collab_robotics/install/locobot_interfaces/include/locobot_interfaces
[3.359s] -- Up-to-date: /home/joshhlee/me326_ws/src/collab_robotics/install/locobot_interfaces/include/locobot_interfaces/msg
[3.359s] -- Up-to-date: /home/joshhlee/me326_ws/src/collab_robotics/install/locobot_interfaces/include/locobot_interfaces/msg/rosidl_generator_c__visibility_control.h
[3.360s] -- Up-to-date: /home/joshhlee/me326_ws/src/collab_robotics/install/locobot_interfaces/include/locobot_interfaces/srv
[3.360s] -- Up-to-date: /home/joshhlee/me326_ws/src/collab_robotics/install/locobot_interfaces/include/locobot_interfaces/srv/detail
[3.361s] -- Up-to-date: /home/joshhlee/me326_ws/src/collab_robotics/install/locobot_interfaces/include/locobot_interfaces/srv/detail/set_pose__functions.h
[3.361s] -- Up-to-date: /home/joshhlee/me326_ws/src/collab_robotics/install/locobot_interfaces/include/locobot_interfaces/srv/detail/set_pose__type_support.h
[3.362s] -- Up-to-date: /home/joshhlee/me326_ws/src/collab_robotics/install/locobot_interfaces/include/locobot_interfaces/srv/detail/set_pose__struct.h
[3.362s] -- Up-to-date: /home/joshhlee/me326_ws/src/collab_robotics/install/locobot_interfaces/include/locobot_interfaces/srv/detail/set_pose__functions.c
[3.363s] -- Up-to-date: /home/joshhlee/me326_ws/src/collab_robotics/install/locobot_interfaces/include/locobot_interfaces/srv/set_pose.h
[3.363s] -- Up-to-date: /home/joshhlee/me326_ws/src/collab_robotics/install/locobot_interfaces/include/locobot_interfaces/action
[3.364s] -- Up-to-date: /home/joshhlee/me326_ws/src/collab_robotics/install/locobot_interfaces/include/locobot_interfaces/action/detail
[3.365s] -- Up-to-date: /home/joshhlee/me326_ws/src/collab_robotics/install/locobot_interfaces/include/locobot_interfaces/action/detail/move_gripper__struct.h
[3.365s] -- Up-to-date: /home/joshhlee/me326_ws/src/collab_robotics/install/locobot_interfaces/include/locobot_interfaces/action/detail/move_arm__type_support.h
[3.365s] -- Up-to-date: /home/joshhlee/me326_ws/src/collab_robotics/install/locobot_interfaces/include/locobot_interfaces/action/detail/move_gripper__functions.c
[3.366s] -- Up-to-date: /home/joshhlee/me326_ws/src/collab_robotics/install/locobot_interfaces/include/locobot_interfaces/action/detail/move_base__struct.h
[3.366s] -- Up-to-date: /home/joshhlee/me326_ws/src/collab_robotics/install/locobot_interfaces/include/locobot_interfaces/action/detail/move_base__functions.c
[3.367s] -- Up-to-date: /home/joshhlee/me326_ws/src/collab_robotics/install/locobot_interfaces/include/locobot_interfaces/action/detail/move_gripper__functions.h
[3.368s] -- Up-to-date: /home/joshhlee/me326_ws/src/collab_robotics/install/locobot_interfaces/include/locobot_interfaces/action/detail/move_base__type_support.h
[3.369s] -- Up-to-date: /home/joshhlee/me326_ws/src/collab_robotics/install/locobot_interfaces/include/locobot_interfaces/action/detail/move_gripper__type_support.h
[3.369s] -- Up-to-date: /home/joshhlee/me326_ws/src/collab_robotics/install/locobot_interfaces/include/locobot_interfaces/action/detail/move_base__functions.h
[3.370s] -- Up-to-date: /home/joshhlee/me326_ws/src/collab_robotics/install/locobot_interfaces/include/locobot_interfaces/action/detail/move_arm__functions.h
[3.374s] -- Up-to-date: /home/joshhlee/me326_ws/src/collab_robotics/install/locobot_interfaces/include/locobot_interfaces/action/detail/move_arm__struct.h
[3.374s] -- Up-to-date: /home/joshhlee/me326_ws/src/collab_robotics/install/locobot_interfaces/include/locobot_interfaces/action/detail/move_arm__functions.c
[3.375s] -- Up-to-date: /home/joshhlee/me326_ws/src/collab_robotics/install/locobot_interfaces/include/locobot_interfaces/action/move_base.h
[3.375s] -- Up-to-date: /home/joshhlee/me326_ws/src/collab_robotics/install/locobot_interfaces/include/locobot_interfaces/action/move_gripper.h
[3.376s] -- Up-to-date: /home/joshhlee/me326_ws/src/collab_robotics/install/locobot_interfaces/include/locobot_interfaces/action/move_arm.h
[3.376s] -- Up-to-date: /home/joshhlee/me326_ws/src/collab_robotics/install/locobot_interfaces/share/locobot_interfaces/environment/library_path.sh
[3.377s] -- Up-to-date: /home/joshhlee/me326_ws/src/collab_robotics/install/locobot_interfaces/share/locobot_interfaces/environment/library_path.dsv
[3.378s] -- Up-to-date: /home/joshhlee/me326_ws/src/collab_robotics/install/locobot_interfaces/lib/liblocobot_interfaces__rosidl_generator_c.so
[3.378s] -- Up-to-date: /home/joshhlee/me326_ws/src/collab_robotics/install/locobot_interfaces/include/locobot_interfaces
[3.379s] -- Up-to-date: /home/joshhlee/me326_ws/src/collab_robotics/install/locobot_interfaces/include/locobot_interfaces/msg
[3.379s] -- Up-to-date: /home/joshhlee/me326_ws/src/collab_robotics/install/locobot_interfaces/include/locobot_interfaces/msg/rosidl_typesupport_fastrtps_c__visibility_control.h
[3.380s] -- Up-to-date: /home/joshhlee/me326_ws/src/collab_robotics/install/locobot_interfaces/include/locobot_interfaces/srv
[3.380s] -- Up-to-date: /home/joshhlee/me326_ws/src/collab_robotics/install/locobot_interfaces/include/locobot_interfaces/srv/detail
[3.381s] -- Up-to-date: /home/joshhlee/me326_ws/src/collab_robotics/install/locobot_interfaces/include/locobot_interfaces/srv/detail/set_pose__rosidl_typesupport_fastrtps_c.h
[3.381s] -- Up-to-date: /home/joshhlee/me326_ws/src/collab_robotics/install/locobot_interfaces/include/locobot_interfaces/action
[3.381s] -- Up-to-date: /home/joshhlee/me326_ws/src/collab_robotics/install/locobot_interfaces/include/locobot_interfaces/action/detail
[3.381s] -- Up-to-date: /home/joshhlee/me326_ws/src/collab_robotics/install/locobot_interfaces/include/locobot_interfaces/action/detail/move_base__rosidl_typesupport_fastrtps_c.h
[3.382s] -- Up-to-date: /home/joshhlee/me326_ws/src/collab_robotics/install/locobot_interfaces/include/locobot_interfaces/action/detail/move_gripper__rosidl_typesupport_fastrtps_c.h
[3.383s] -- Up-to-date: /home/joshhlee/me326_ws/src/collab_robotics/install/locobot_interfaces/include/locobot_interfaces/action/detail/move_arm__rosidl_typesupport_fastrtps_c.h
[3.383s] -- Up-to-date: /home/joshhlee/me326_ws/src/collab_robotics/install/locobot_interfaces/lib/liblocobot_interfaces__rosidl_typesupport_fastrtps_c.so
[3.384s] -- Up-to-date: /home/joshhlee/me326_ws/src/collab_robotics/install/locobot_interfaces/include/locobot_interfaces
[3.385s] -- Up-to-date: /home/joshhlee/me326_ws/src/collab_robotics/install/locobot_interfaces/include/locobot_interfaces/msg
[3.385s] -- Up-to-date: /home/joshhlee/me326_ws/src/collab_robotics/install/locobot_interfaces/include/locobot_interfaces/msg/rosidl_typesupport_fastrtps_cpp__visibility_control.h
[3.385s] -- Up-to-date: /home/joshhlee/me326_ws/src/collab_robotics/install/locobot_interfaces/include/locobot_interfaces/srv
[3.385s] -- Up-to-date: /home/joshhlee/me326_ws/src/collab_robotics/install/locobot_interfaces/include/locobot_interfaces/srv/detail
[3.386s] -- Up-to-date: /home/joshhlee/me326_ws/src/collab_robotics/install/locobot_interfaces/include/locobot_interfaces/srv/detail/set_pose__rosidl_typesupport_fastrtps_cpp.hpp
[3.386s] -- Up-to-date: /home/joshhlee/me326_ws/src/collab_robotics/install/locobot_interfaces/include/locobot_interfaces/srv/detail/dds_fastrtps
[3.390s] -- Up-to-date: /home/joshhlee/me326_ws/src/collab_robotics/install/locobot_interfaces/include/locobot_interfaces/action
[3.390s] -- Up-to-date: /home/joshhlee/me326_ws/src/collab_robotics/install/locobot_interfaces/include/locobot_interfaces/action/detail
[3.390s] -- Up-to-date: /home/joshhlee/me326_ws/src/collab_robotics/install/locobot_interfaces/include/locobot_interfaces/action/detail/move_arm__rosidl_typesupport_fastrtps_cpp.hpp
[3.390s] -- Up-to-date: /home/joshhlee/me326_ws/src/collab_robotics/install/locobot_interfaces/include/locobot_interfaces/action/detail/move_gripper__rosidl_typesupport_fastrtps_cpp.hpp
[3.391s] -- Up-to-date: /home/joshhlee/me326_ws/src/collab_robotics/install/locobot_interfaces/include/locobot_interfaces/action/detail/dds_fastrtps
[3.391s] -- Up-to-date: /home/joshhlee/me326_ws/src/collab_robotics/install/locobot_interfaces/include/locobot_interfaces/action/detail/move_base__rosidl_typesupport_fastrtps_cpp.hpp
[3.393s] -- Up-to-date: /home/joshhlee/me326_ws/src/collab_robotics/install/locobot_interfaces/lib/liblocobot_interfaces__rosidl_typesupport_fastrtps_cpp.so
[3.394s] -- Up-to-date: /home/joshhlee/me326_ws/src/collab_robotics/install/locobot_interfaces/include/locobot_interfaces
[3.395s] -- Up-to-date: /home/joshhlee/me326_ws/src/collab_robotics/install/locobot_interfaces/include/locobot_interfaces/msg
[3.395s] -- Up-to-date: /home/joshhlee/me326_ws/src/collab_robotics/install/locobot_interfaces/include/locobot_interfaces/msg/rosidl_typesupport_introspection_c__visibility_control.h
[3.395s] -- Up-to-date: /home/joshhlee/me326_ws/src/collab_robotics/install/locobot_interfaces/include/locobot_interfaces/srv
[3.395s] -- Up-to-date: /home/joshhlee/me326_ws/src/collab_robotics/install/locobot_interfaces/include/locobot_interfaces/srv/detail
[3.395s] -- Up-to-date: /home/joshhlee/me326_ws/src/collab_robotics/install/locobot_interfaces/include/locobot_interfaces/srv/detail/set_pose__type_support.c
[3.395s] -- Up-to-date: /home/joshhlee/me326_ws/src/collab_robotics/install/locobot_interfaces/include/locobot_interfaces/srv/detail/set_pose__rosidl_typesupport_introspection_c.h
[3.395s] -- Up-to-date: /home/joshhlee/me326_ws/src/collab_robotics/install/locobot_interfaces/include/locobot_interfaces/action
[3.395s] -- Up-to-date: /home/joshhlee/me326_ws/src/collab_robotics/install/locobot_interfaces/include/locobot_interfaces/action/detail
[3.395s] -- Up-to-date: /home/joshhlee/me326_ws/src/collab_robotics/install/locobot_interfaces/include/locobot_interfaces/action/detail/move_base__rosidl_typesupport_introspection_c.h
[3.396s] -- Up-to-date: /home/joshhlee/me326_ws/src/collab_robotics/install/locobot_interfaces/include/locobot_interfaces/action/detail/move_gripper__rosidl_typesupport_introspection_c.h
[3.396s] -- Up-to-date: /home/joshhlee/me326_ws/src/collab_robotics/install/locobot_interfaces/include/locobot_interfaces/action/detail/move_arm__type_support.c
[3.396s] -- Up-to-date: /home/joshhlee/me326_ws/src/collab_robotics/install/locobot_interfaces/include/locobot_interfaces/action/detail/move_arm__rosidl_typesupport_introspection_c.h
[3.396s] -- Up-to-date: /home/joshhlee/me326_ws/src/collab_robotics/install/locobot_interfaces/include/locobot_interfaces/action/detail/move_gripper__type_support.c
[3.396s] -- Up-to-date: /home/joshhlee/me326_ws/src/collab_robotics/install/locobot_interfaces/include/locobot_interfaces/action/detail/move_base__type_support.c
[3.396s] -- Up-to-date: /home/joshhlee/me326_ws/src/collab_robotics/install/locobot_interfaces/lib/liblocobot_interfaces__rosidl_typesupport_introspection_c.so
[3.397s] -- Up-to-date: /home/joshhlee/me326_ws/src/collab_robotics/install/locobot_interfaces/lib/liblocobot_interfaces__rosidl_typesupport_c.so
[3.398s] -- Up-to-date: /home/joshhlee/me326_ws/src/collab_robotics/install/locobot_interfaces/include/locobot_interfaces
[3.398s] -- Up-to-date: /home/joshhlee/me326_ws/src/collab_robotics/install/locobot_interfaces/include/locobot_interfaces/srv
[3.398s] -- Up-to-date: /home/joshhlee/me326_ws/src/collab_robotics/install/locobot_interfaces/include/locobot_interfaces/srv/detail
[3.398s] -- Up-to-date: /home/joshhlee/me326_ws/src/collab_robotics/install/locobot_interfaces/include/locobot_interfaces/srv/detail/set_pose__builder.hpp
[3.398s] -- Up-to-date: /home/joshhlee/me326_ws/src/collab_robotics/install/locobot_interfaces/include/locobot_interfaces/srv/detail/set_pose__struct.hpp
[3.398s] -- Up-to-date: /home/joshhlee/me326_ws/src/collab_robotics/install/locobot_interfaces/include/locobot_interfaces/srv/detail/set_pose__traits.hpp
[3.398s] -- Up-to-date: /home/joshhlee/me326_ws/src/collab_robotics/install/locobot_interfaces/include/locobot_interfaces/srv/set_pose.hpp
[3.398s] -- Up-to-date: /home/joshhlee/me326_ws/src/collab_robotics/install/locobot_interfaces/include/locobot_interfaces/action
[3.398s] -- Up-to-date: /home/joshhlee/me326_ws/src/collab_robotics/install/locobot_interfaces/include/locobot_interfaces/action/move_gripper.hpp
[3.399s] -- Up-to-date: /home/joshhlee/me326_ws/src/collab_robotics/install/locobot_interfaces/include/locobot_interfaces/action/detail
[3.399s] -- Up-to-date: /home/joshhlee/me326_ws/src/collab_robotics/install/locobot_interfaces/include/locobot_interfaces/action/detail/move_gripper__builder.hpp
[3.399s] -- Up-to-date: /home/joshhlee/me326_ws/src/collab_robotics/install/locobot_interfaces/include/locobot_interfaces/action/detail/move_gripper__traits.hpp
[3.400s] -- Up-to-date: /home/joshhlee/me326_ws/src/collab_robotics/install/locobot_interfaces/include/locobot_interfaces/action/detail/move_gripper__struct.hpp
[3.400s] -- Up-to-date: /home/joshhlee/me326_ws/src/collab_robotics/install/locobot_interfaces/include/locobot_interfaces/action/detail/move_arm__builder.hpp
[3.400s] -- Up-to-date: /home/joshhlee/me326_ws/src/collab_robotics/install/locobot_interfaces/include/locobot_interfaces/action/detail/move_base__struct.hpp
[3.400s] -- Up-to-date: /home/joshhlee/me326_ws/src/collab_robotics/install/locobot_interfaces/include/locobot_interfaces/action/detail/move_base__builder.hpp
[3.400s] -- Up-to-date: /home/joshhlee/me326_ws/src/collab_robotics/install/locobot_interfaces/include/locobot_interfaces/action/detail/move_base__traits.hpp
[3.401s] -- Up-to-date: /home/joshhlee/me326_ws/src/collab_robotics/install/locobot_interfaces/include/locobot_interfaces/action/detail/move_arm__traits.hpp
[3.401s] -- Up-to-date: /home/joshhlee/me326_ws/src/collab_robotics/install/locobot_interfaces/include/locobot_interfaces/action/detail/move_arm__struct.hpp
[3.401s] -- Up-to-date: /home/joshhlee/me326_ws/src/collab_robotics/install/locobot_interfaces/include/locobot_interfaces/action/move_base.hpp
[3.401s] -- Up-to-date: /home/joshhlee/me326_ws/src/collab_robotics/install/locobot_interfaces/include/locobot_interfaces/action/move_arm.hpp
[3.405s] -- Up-to-date: /home/joshhlee/me326_ws/src/collab_robotics/install/locobot_interfaces/include/locobot_interfaces
[3.405s] -- Up-to-date: /home/joshhlee/me326_ws/src/collab_robotics/install/locobot_interfaces/include/locobot_interfaces/srv
[3.405s] -- Up-to-date: /home/joshhlee/me326_ws/src/collab_robotics/install/locobot_interfaces/include/locobot_interfaces/srv/detail
[3.405s] -- Up-to-date: /home/joshhlee/me326_ws/src/collab_robotics/install/locobot_interfaces/include/locobot_interfaces/srv/detail/set_pose__type_support.cpp
[3.405s] -- Up-to-date: /home/joshhlee/me326_ws/src/collab_robotics/install/locobot_interfaces/include/locobot_interfaces/srv/detail/set_pose__rosidl_typesupport_introspection_cpp.hpp
[3.405s] -- Up-to-date: /home/joshhlee/me326_ws/src/collab_robotics/install/locobot_interfaces/include/locobot_interfaces/action
[3.405s] -- Up-to-date: /home/joshhlee/me326_ws/src/collab_robotics/install/locobot_interfaces/include/locobot_interfaces/action/detail
[3.405s] -- Up-to-date: /home/joshhlee/me326_ws/src/collab_robotics/install/locobot_interfaces/include/locobot_interfaces/action/detail/move_base__type_support.cpp
[3.405s] -- Up-to-date: /home/joshhlee/me326_ws/src/collab_robotics/install/locobot_interfaces/include/locobot_interfaces/action/detail/move_arm__type_support.cpp
[3.406s] -- Up-to-date: /home/joshhlee/me326_ws/src/collab_robotics/install/locobot_interfaces/include/locobot_interfaces/action/detail/move_gripper__rosidl_typesupport_introspection_cpp.hpp
[3.406s] -- Up-to-date: /home/joshhlee/me326_ws/src/collab_robotics/install/locobot_interfaces/include/locobot_interfaces/action/detail/move_arm__rosidl_typesupport_introspection_cpp.hpp
[3.406s] -- Up-to-date: /home/joshhlee/me326_ws/src/collab_robotics/install/locobot_interfaces/include/locobot_interfaces/action/detail/move_base__rosidl_typesupport_introspection_cpp.hpp
[3.406s] -- Up-to-date: /home/joshhlee/me326_ws/src/collab_robotics/install/locobot_interfaces/include/locobot_interfaces/action/detail/move_gripper__type_support.cpp
[3.408s] -- Up-to-date: /home/joshhlee/me326_ws/src/collab_robotics/install/locobot_interfaces/lib/liblocobot_interfaces__rosidl_typesupport_introspection_cpp.so
[3.409s] -- Up-to-date: /home/joshhlee/me326_ws/src/collab_robotics/install/locobot_interfaces/lib/liblocobot_interfaces__rosidl_typesupport_cpp.so
[3.409s] -- Up-to-date: /home/joshhlee/me326_ws/src/collab_robotics/install/locobot_interfaces/share/locobot_interfaces/environment/pythonpath.sh
[3.409s] -- Up-to-date: /home/joshhlee/me326_ws/src/collab_robotics/install/locobot_interfaces/share/locobot_interfaces/environment/pythonpath.dsv
[3.409s] -- Up-to-date: /home/joshhlee/me326_ws/src/collab_robotics/install/locobot_interfaces/lib/python3.8/site-packages/locobot_interfaces/__init__.py
[3.480s] -- Up-to-date: /home/joshhlee/me326_ws/src/collab_robotics/install/locobot_interfaces/lib/python3.8/site-packages/locobot_interfaces/action
[3.481s] -- Up-to-date: /home/joshhlee/me326_ws/src/collab_robotics/install/locobot_interfaces/lib/python3.8/site-packages/locobot_interfaces/action/__init__.py
[3.482s] -- Up-to-date: /home/joshhlee/me326_ws/src/collab_robotics/install/locobot_interfaces/lib/python3.8/site-packages/locobot_interfaces/action/_move_base_s.c
[3.482s] -- Up-to-date: /home/joshhlee/me326_ws/src/collab_robotics/install/locobot_interfaces/lib/python3.8/site-packages/locobot_interfaces/action/_move_gripper_s.c
[3.483s] -- Up-to-date: /home/joshhlee/me326_ws/src/collab_robotics/install/locobot_interfaces/lib/python3.8/site-packages/locobot_interfaces/action/_move_arm_s.c
[3.483s] -- Up-to-date: /home/joshhlee/me326_ws/src/collab_robotics/install/locobot_interfaces/lib/python3.8/site-packages/locobot_interfaces/action/_move_base.py
[3.483s] -- Up-to-date: /home/joshhlee/me326_ws/src/collab_robotics/install/locobot_interfaces/lib/python3.8/site-packages/locobot_interfaces/action/_move_arm.py
[3.483s] -- Up-to-date: /home/joshhlee/me326_ws/src/collab_robotics/install/locobot_interfaces/lib/python3.8/site-packages/locobot_interfaces/action/_move_gripper.py
[3.483s] -- Up-to-date: /home/joshhlee/me326_ws/src/collab_robotics/install/locobot_interfaces/lib/python3.8/site-packages/locobot_interfaces/srv
[3.483s] -- Up-to-date: /home/joshhlee/me326_ws/src/collab_robotics/install/locobot_interfaces/lib/python3.8/site-packages/locobot_interfaces/srv/__init__.py
[3.484s] -- Up-to-date: /home/joshhlee/me326_ws/src/collab_robotics/install/locobot_interfaces/lib/python3.8/site-packages/locobot_interfaces/srv/_set_pose_s.c
[3.484s] -- Up-to-date: /home/joshhlee/me326_ws/src/collab_robotics/install/locobot_interfaces/lib/python3.8/site-packages/locobot_interfaces/srv/_set_pose.py
[3.484s] -- Up-to-date: /home/joshhlee/me326_ws/src/collab_robotics/install/locobot_interfaces/lib/python3.8/site-packages/locobot_interfaces/locobot_interfaces_s__rosidl_typesupport_fastrtps_c.cpython-38-aarch64-linux-gnu.so
[3.488s] -- Up-to-date: /home/joshhlee/me326_ws/src/collab_robotics/install/locobot_interfaces/lib/python3.8/site-packages/locobot_interfaces/locobot_interfaces_s__rosidl_typesupport_introspection_c.cpython-38-aarch64-linux-gnu.so
[3.489s] -- Up-to-date: /home/joshhlee/me326_ws/src/collab_robotics/install/locobot_interfaces/lib/python3.8/site-packages/locobot_interfaces/locobot_interfaces_s__rosidl_typesupport_c.cpython-38-aarch64-linux-gnu.so
[3.489s] -- Up-to-date: /home/joshhlee/me326_ws/src/collab_robotics/install/locobot_interfaces/lib/liblocobot_interfaces__python.so
[3.490s] -- Up-to-date: /home/joshhlee/me326_ws/src/collab_robotics/install/locobot_interfaces/share/locobot_interfaces/action/MoveArm.idl
[3.490s] -- Up-to-date: /home/joshhlee/me326_ws/src/collab_robotics/install/locobot_interfaces/share/locobot_interfaces/action/MoveGripper.idl
[3.490s] -- Up-to-date: /home/joshhlee/me326_ws/src/collab_robotics/install/locobot_interfaces/share/locobot_interfaces/action/MoveBase.idl
[3.490s] -- Up-to-date: /home/joshhlee/me326_ws/src/collab_robotics/install/locobot_interfaces/share/locobot_interfaces/srv/SetPose.idl
[3.490s] -- Up-to-date: /home/joshhlee/me326_ws/src/collab_robotics/install/locobot_interfaces/share/locobot_interfaces/action/MoveArm.action
[3.490s] -- Up-to-date: /home/joshhlee/me326_ws/src/collab_robotics/install/locobot_interfaces/share/locobot_interfaces/action/MoveGripper.action
[3.490s] -- Up-to-date: /home/joshhlee/me326_ws/src/collab_robotics/install/locobot_interfaces/share/locobot_interfaces/action/MoveBase.action
[3.490s] -- Up-to-date: /home/joshhlee/me326_ws/src/collab_robotics/install/locobot_interfaces/share/locobot_interfaces/srv/SetPose.srv
[3.491s] -- Up-to-date: /home/joshhlee/me326_ws/src/collab_robotics/install/locobot_interfaces/share/locobot_interfaces/srv/SetPose_Request.msg
[3.491s] -- Up-to-date: /home/joshhlee/me326_ws/src/collab_robotics/install/locobot_interfaces/share/locobot_interfaces/srv/SetPose_Response.msg
[3.491s] -- Up-to-date: /home/joshhlee/me326_ws/src/collab_robotics/install/locobot_interfaces/share/ament_index/resource_index/package_run_dependencies/locobot_interfaces
[3.491s] -- Up-to-date: /home/joshhlee/me326_ws/src/collab_robotics/install/locobot_interfaces/share/ament_index/resource_index/parent_prefix_path/locobot_interfaces
[3.491s] -- Up-to-date: /home/joshhlee/me326_ws/src/collab_robotics/install/locobot_interfaces/share/locobot_interfaces/environment/ament_prefix_path.sh
[3.492s] -- Up-to-date: /home/joshhlee/me326_ws/src/collab_robotics/install/locobot_interfaces/share/locobot_interfaces/environment/ament_prefix_path.dsv
[3.492s] -- Up-to-date: /home/joshhlee/me326_ws/src/collab_robotics/install/locobot_interfaces/share/locobot_interfaces/environment/path.sh
[3.492s] -- Up-to-date: /home/joshhlee/me326_ws/src/collab_robotics/install/locobot_interfaces/share/locobot_interfaces/environment/path.dsv
[3.492s] -- Up-to-date: /home/joshhlee/me326_ws/src/collab_robotics/install/locobot_interfaces/share/locobot_interfaces/local_setup.bash
[3.492s] -- Up-to-date: /home/joshhlee/me326_ws/src/collab_robotics/install/locobot_interfaces/share/locobot_interfaces/local_setup.sh
[3.492s] -- Up-to-date: /home/joshhlee/me326_ws/src/collab_robotics/install/locobot_interfaces/share/locobot_interfaces/local_setup.zsh
[3.493s] -- Up-to-date: /home/joshhlee/me326_ws/src/collab_robotics/install/locobot_interfaces/share/locobot_interfaces/local_setup.dsv
[3.493s] -- Installing: /home/joshhlee/me326_ws/src/collab_robotics/install/locobot_interfaces/share/locobot_interfaces/package.dsv
[3.500s] -- Up-to-date: /home/joshhlee/me326_ws/src/collab_robotics/install/locobot_interfaces/share/ament_index/resource_index/packages/locobot_interfaces
[3.500s] -- Up-to-date: /home/joshhlee/me326_ws/src/collab_robotics/install/locobot_interfaces/share/locobot_interfaces/cmake/locobot_interfaces__rosidl_generator_cExport.cmake
[3.500s] -- Up-to-date: /home/joshhlee/me326_ws/src/collab_robotics/install/locobot_interfaces/share/locobot_interfaces/cmake/locobot_interfaces__rosidl_generator_cExport-noconfig.cmake
[3.501s] -- Up-to-date: /home/joshhlee/me326_ws/src/collab_robotics/install/locobot_interfaces/share/locobot_interfaces/cmake/locobot_interfaces__rosidl_typesupport_introspection_cExport.cmake
[3.501s] -- Up-to-date: /home/joshhlee/me326_ws/src/collab_robotics/install/locobot_interfaces/share/locobot_interfaces/cmake/locobot_interfaces__rosidl_typesupport_introspection_cExport-noconfig.cmake
[3.501s] -- Up-to-date: /home/joshhlee/me326_ws/src/collab_robotics/install/locobot_interfaces/share/locobot_interfaces/cmake/locobot_interfaces__rosidl_typesupport_cExport.cmake
[3.501s] -- Up-to-date: /home/joshhlee/me326_ws/src/collab_robotics/install/locobot_interfaces/share/locobot_interfaces/cmake/locobot_interfaces__rosidl_typesupport_cExport-noconfig.cmake
[3.502s] -- Up-to-date: /home/joshhlee/me326_ws/src/collab_robotics/install/locobot_interfaces/share/locobot_interfaces/cmake/locobot_interfaces__rosidl_generator_cppExport.cmake
[3.502s] -- Up-to-date: /home/joshhlee/me326_ws/src/collab_robotics/install/locobot_interfaces/share/locobot_interfaces/cmake/locobot_interfaces__rosidl_typesupport_introspection_cppExport.cmake
[3.502s] -- Up-to-date: /home/joshhlee/me326_ws/src/collab_robotics/install/locobot_interfaces/share/locobot_interfaces/cmake/locobot_interfaces__rosidl_typesupport_introspection_cppExport-noconfig.cmake
[3.502s] -- Up-to-date: /home/joshhlee/me326_ws/src/collab_robotics/install/locobot_interfaces/share/locobot_interfaces/cmake/locobot_interfaces__rosidl_typesupport_cppExport.cmake
[3.502s] -- Up-to-date: /home/joshhlee/me326_ws/src/collab_robotics/install/locobot_interfaces/share/locobot_interfaces/cmake/locobot_interfaces__rosidl_typesupport_cppExport-noconfig.cmake
[3.503s] -- Up-to-date: /home/joshhlee/me326_ws/src/collab_robotics/install/locobot_interfaces/share/locobot_interfaces/cmake/rosidl_cmake-extras.cmake
[3.503s] -- Up-to-date: /home/joshhlee/me326_ws/src/collab_robotics/install/locobot_interfaces/share/locobot_interfaces/cmake/ament_cmake_export_dependencies-extras.cmake
[3.503s] -- Up-to-date: /home/joshhlee/me326_ws/src/collab_robotics/install/locobot_interfaces/share/locobot_interfaces/cmake/ament_cmake_export_libraries-extras.cmake
[3.503s] -- Up-to-date: /home/joshhlee/me326_ws/src/collab_robotics/install/locobot_interfaces/share/locobot_interfaces/cmake/ament_cmake_export_targets-extras.cmake
[3.503s] -- Up-to-date: /home/joshhlee/me326_ws/src/collab_robotics/install/locobot_interfaces/share/locobot_interfaces/cmake/ament_cmake_export_include_directories-extras.cmake
[3.503s] -- Up-to-date: /home/joshhlee/me326_ws/src/collab_robotics/install/locobot_interfaces/share/locobot_interfaces/cmake/rosidl_cmake_export_typesupport_libraries-extras.cmake
[3.503s] -- Up-to-date: /home/joshhlee/me326_ws/src/collab_robotics/install/locobot_interfaces/share/locobot_interfaces/cmake/rosidl_cmake_export_typesupport_targets-extras.cmake
[3.503s] -- Up-to-date: /home/joshhlee/me326_ws/src/collab_robotics/install/locobot_interfaces/share/locobot_interfaces/cmake/locobot_interfacesConfig.cmake
[3.503s] -- Up-to-date: /home/joshhlee/me326_ws/src/collab_robotics/install/locobot_interfaces/share/locobot_interfaces/cmake/locobot_interfacesConfig-version.cmake
[3.503s] -- Up-to-date: /home/joshhlee/me326_ws/src/collab_robotics/install/locobot_interfaces/share/locobot_interfaces/package.xml
[3.520s] Invoked command in '/home/joshhlee/me326_ws/src/collab_robotics/build/locobot_interfaces' returned '0': CMAKE_PREFIX_PATH=${CMAKE_PREFIX_PATH}:/home/joshhlee/me326_ws/install/opencv_tests:/home/joshhlee/interbotix_ws/install/interbotix_xs_modules:/home/joshhlee/interbotix_ws/install/interbotix_perception_modules:/home/joshhlee/interbotix_ws/install/interbotix_common_modules:/opt/ros/galactic /usr/bin/cmake --install /home/joshhlee/me326_ws/src/collab_robotics/build/locobot_interfaces
