[0.348s] Invoking command in '/home/joshhlee/me326_ws/src/collab_robotics/build/me326_project': CMAKE_PREFIX_PATH=${CMAKE_PREFIX_PATH}:/home/joshhlee/me326_ws/install/opencv_tests:/home/joshhlee/interbotix_ws/install/interbotix_xs_modules:/home/joshhlee/interbotix_ws/install/interbotix_perception_modules:/home/joshhlee/interbotix_ws/install/interbotix_common_modules:/opt/ros/galactic /usr/bin/cmake /home/joshhlee/me326_ws/src/collab_robotics/me326_project -DCMAKE_INSTALL_PREFIX=/home/joshhlee/me326_ws/src/collab_robotics/install/me326_project
[0.454s] -- The C compiler identification is GNU 9.4.0
[0.552s] -- The CXX compiler identification is GNU 9.4.0
[0.562s] -- Check for working C compiler: /usr/bin/cc
[0.623s] -- Check for working C compiler: /usr/bin/cc -- works
[0.624s] -- Detecting C compiler ABI info
[0.695s] -- Detecting C compiler ABI info - done
[0.705s] -- Detecting C compile features
[0.705s] -- Detecting C compile features - done
[0.708s] -- Check for working CXX compiler: /usr/bin/c++
[0.786s] -- Check for working CXX compiler: /usr/bin/c++ -- works
[0.787s] -- Detecting CXX compiler ABI info
[0.888s] -- Detecting CXX compiler ABI info - done
[0.900s] -- Detecting CXX compile features
[0.900s] -- Detecting CXX compile features - done
[0.909s] -- Found ament_cmake: 1.1.6 (/opt/ros/galactic/share/ament_cmake/cmake)
[0.947s] -- Found PythonInterp: /usr/bin/python3 (found suitable version "3.8.10", minimum required is "3") 
[0.947s] -- Using PYTHON_EXECUTABLE: /usr/bin/python3
[1.064s] -- Found rclcpp: 9.2.2 (/opt/ros/galactic/share/rclcpp/cmake)
[1.147s] -- Using all available rosidl_typesupport_c: rosidl_typesupport_fastrtps_c;rosidl_typesupport_introspection_c
[1.158s] -- Found rosidl_adapter: 2.2.3 (/opt/ros/galactic/share/rosidl_adapter/cmake)
[1.258s] -- Found OpenSSL: /usr/lib/aarch64-linux-gnu/libcrypto.so (found version "1.1.1f")  
[1.289s] -- Found FastRTPS: /opt/ros/galactic/include  
[1.371s] -- Using all available rosidl_typesupport_cpp: rosidl_typesupport_fastrtps_cpp;rosidl_typesupport_introspection_cpp
[1.448s] -- Found rmw_implementation_cmake: 3.3.1 (/opt/ros/galactic/share/rmw_implementation_cmake/cmake)
[1.455s] -- Found rmw_cyclonedds_cpp: 0.22.6 (/opt/ros/galactic/share/rmw_cyclonedds_cpp/cmake)
[1.477s] -- Using RMW implementation 'rmw_cyclonedds_cpp' as default
[1.479s] -- Looking for pthread.h
[1.560s] -- Looking for pthread.h - found
[1.560s] -- Performing Test CMAKE_HAVE_LIBC_PTHREAD
[1.642s] -- Performing Test CMAKE_HAVE_LIBC_PTHREAD - Failed
[1.642s] -- Looking for pthread_create in pthreads
[1.702s] -- Looking for pthread_create in pthreads - not found
[1.702s] -- Looking for pthread_create in pthread
[1.780s] -- Looking for pthread_create in pthread - found
[1.781s] -- Found Threads: TRUE  
[1.929s] -- Found rclcpp_action: 9.2.2 (/opt/ros/galactic/share/rclcpp_action/cmake)
[2.009s] -- Found rclcpp_components: 9.2.2 (/opt/ros/galactic/share/rclcpp_components/cmake)
[2.072s] -- Found rclpy: 1.9.3 (/opt/ros/galactic/share/rclpy/cmake)
[2.076s] -- Found moveit_ros_planning_interface: 2.3.4 (/opt/ros/galactic/share/moveit_ros_planning_interface/cmake)
[2.115s] -- Found Boost: /usr/lib/aarch64-linux-gnu/cmake/Boost-1.71.0/BoostConfig.cmake (found version "1.71.0") found components: date_time filesystem program_options system thread 
[3.529s] -- Found Boost: /usr/lib/aarch64-linux-gnu/cmake/Boost-1.71.0/BoostConfig.cmake (found version "1.71.0") found components: chrono date_time filesystem iostreams program_options regex serialization system thread 
[3.555s] -- Found Boost: /usr/lib/aarch64-linux-gnu/cmake/Boost-1.71.0/BoostConfig.cmake (found version "1.71.0") found components: filesystem 
[3.663s] -- library: /usr/lib/aarch64-linux-gnu/libcurl.so
[3.779s] -- Found Eigen3: TRUE (found version "3.3.7") 
[4.503s] -- Found Boost: /usr/lib/aarch64-linux-gnu/cmake/Boost-1.71.0/BoostConfig.cmake (found version "1.71.0") found components: system filesystem date_time program_options thread chrono 
[4.811s] -- Found Boost: /usr/lib/aarch64-linux-gnu/cmake/Boost-1.71.0/BoostConfig.cmake (found version "1.71.0") found components: thread 
[5.554s] -- Found Boost: /usr/lib/aarch64-linux-gnu/cmake/Boost-1.71.0/BoostConfig.cmake (found version "1.71.0") found components: thread system filesystem regex date_time program_options 
[5.941s] -- Found Boost: /usr/lib/aarch64-linux-gnu/cmake/Boost-1.71.0/BoostConfig.cmake (found version "1.71.0") found components: system filesystem date_time program_options thread 
[6.588s] -- Found locobot_interfaces: 0.0.0 (/home/joshhlee/me326_ws/install/locobot_interfaces/share/locobot_interfaces/cmake)
[6.705s] -- Found rosidl_default_generators: 1.1.1 (/opt/ros/galactic/share/rosidl_default_generators/cmake)
[6.722s] -- Found nav_msgs: 2.2.4 (/opt/ros/galactic/share/nav_msgs/cmake)
[6.796s] -- Found pcl_ros: 2.3.2 (/opt/ros/galactic/share/pcl_ros/cmake)
[7.094s] -- Checking for module 'eigen3'
[7.110s] --   Found eigen3, version 3.3.7
[7.144s] -- Found Eigen: /usr/include/eigen3 (Required is at least version "3.1") 
[7.144s] -- Eigen found (include: /usr/include/eigen3, version: 3.3.7)
[7.194s] -- Checking for module 'flann'
[7.208s] --   Found flann, version 1.9.1
[7.261s] -- Found FLANN: /usr/lib/aarch64-linux-gnu/libflann_cpp.so  
[7.319s] -- The imported target "vtkParseOGLExt" references the file
[7.319s]    "/usr/bin/vtkParseOGLExt-7.1"
[7.319s] but this file does not exist.  Possible reasons include:
[7.319s] * The file was deleted, renamed, or moved to another location.
[7.319s] * An install or uninstall procedure did not complete successfully.
[7.319s] * The installation package was faulty and contained
[7.319s]    "/usr/lib/cmake/vtk-7.1/VTKTargets.cmake"
[7.319s] but not all the files it references.
[7.319s] 
[7.320s] -- The imported target "vtkRenderingPythonTkWidgets" references the file
[7.320s]    "/usr/lib/aarch64-linux-gnu/libvtkRenderingPythonTkWidgets.so"
[7.320s] but this file does not exist.  Possible reasons include:
[7.320s] * The file was deleted, renamed, or moved to another location.
[7.320s] * An install or uninstall procedure did not complete successfully.
[7.320s] * The installation package was faulty and contained
[7.320s]    "/usr/lib/cmake/vtk-7.1/VTKTargets.cmake"
[7.320s] but not all the files it references.
[7.320s] 
[7.321s] -- The imported target "vtk" references the file
[7.321s]    "/usr/bin/vtk"
[7.321s] but this file does not exist.  Possible reasons include:
[7.321s] * The file was deleted, renamed, or moved to another location.
[7.321s] * An install or uninstall procedure did not complete successfully.
[7.321s] * The installation package was faulty and contained
[7.321s]    "/usr/lib/cmake/vtk-7.1/VTKTargets.cmake"
[7.321s] but not all the files it references.
[7.321s] 
[7.321s] -- The imported target "pvtk" references the file
[7.321s]    "/usr/bin/pvtk"
[7.321s] but this file does not exist.  Possible reasons include:
[7.321s] * The file was deleted, renamed, or moved to another location.
[7.321s] * An install or uninstall procedure did not complete successfully.
[7.321s] * The installation package was faulty and contained
[7.321s]    "/usr/lib/cmake/vtk-7.1/VTKTargets.cmake"
[7.321s] but not all the files it references.
[7.321s] 
[7.350s] -- Checking for module 'libusb-1.0'
[7.373s] --   Found libusb-1.0, version 1.0.23
[7.413s] -- Found USB_10: /usr/lib/aarch64-linux-gnu/libusb-1.0.so  
[7.464s] -- OpenNI found (include: /usr/include/ni, lib: /usr/lib/libOpenNI.so)
[7.523s] -- OpenNI2 found (include: /usr/include/openni2, lib: /usr/lib/libOpenNI2.so)
[7.537s] -- Found libusb-1.0: /usr/include  
[7.543s] -- OpenNI found (include: /usr/include/ni, lib: /usr/lib/libOpenNI.so)
[7.548s] -- OpenNI2 found (include: /usr/include/openni2, lib: /usr/lib/libOpenNI2.so)
[7.581s] -- Found Qhull: optimized;/usr/lib/aarch64-linux-gnu/libqhull.so;debug;/usr/lib/aarch64-linux-gnu/libqhull.so  
[7.581s] -- QHULL found (include: /usr/include, lib: optimized;/usr/lib/aarch64-linux-gnu/libqhull.so;debug;/usr/lib/aarch64-linux-gnu/libqhull.so)
[7.587s] -- OpenNI found (include: /usr/include/ni, lib: /usr/lib/libOpenNI.so)
[7.600s] -- Found PCL_COMMON: /usr/lib/aarch64-linux-gnu/libpcl_common.so  
[7.601s] -- Found PCL_KDTREE: /usr/lib/aarch64-linux-gnu/libpcl_kdtree.so  
[7.602s] -- Found PCL_OCTREE: /usr/lib/aarch64-linux-gnu/libpcl_octree.so  
[7.603s] -- Found PCL_SEARCH: /usr/lib/aarch64-linux-gnu/libpcl_search.so  
[7.604s] -- Found PCL_SAMPLE_CONSENSUS: /usr/lib/aarch64-linux-gnu/libpcl_sample_consensus.so  
[7.605s] -- Found PCL_FILTERS: /usr/lib/aarch64-linux-gnu/libpcl_filters.so  
[7.606s] -- Found PCL_2D: /usr/include/pcl-1.10  
[7.607s] -- Found PCL_GEOMETRY: /usr/include/pcl-1.10  
[7.608s] -- Found PCL_IO: /usr/lib/aarch64-linux-gnu/libpcl_io.so  
[7.610s] -- Found PCL_FEATURES: /usr/lib/aarch64-linux-gnu/libpcl_features.so  
[7.611s] -- Found PCL_ML: /usr/lib/aarch64-linux-gnu/libpcl_ml.so  
[7.612s] -- Found PCL_SEGMENTATION: /usr/lib/aarch64-linux-gnu/libpcl_segmentation.so  
[7.614s] -- Found PCL_VISUALIZATION: /usr/lib/aarch64-linux-gnu/libpcl_visualization.so  
[7.615s] -- Found PCL_SURFACE: /usr/lib/aarch64-linux-gnu/libpcl_surface.so  
[7.616s] -- Found PCL_REGISTRATION: /usr/lib/aarch64-linux-gnu/libpcl_registration.so  
[7.618s] -- Found PCL_KEYPOINTS: /usr/lib/aarch64-linux-gnu/libpcl_keypoints.so  
[7.619s] -- Found PCL_TRACKING: /usr/lib/aarch64-linux-gnu/libpcl_tracking.so  
[7.620s] -- Found PCL_RECOGNITION: /usr/lib/aarch64-linux-gnu/libpcl_recognition.so  
[7.622s] -- Found PCL_STEREO: /usr/lib/aarch64-linux-gnu/libpcl_stereo.so  
[7.623s] -- Found PCL_APPS: /usr/lib/aarch64-linux-gnu/libpcl_apps.so  
[7.624s] -- Found PCL_IN_HAND_SCANNER: /usr/include/pcl-1.10  
[7.626s] -- Found PCL_POINT_CLOUD_EDITOR: /usr/include/pcl-1.10  
[7.628s] -- Found PCL_OUTOFCORE: /usr/lib/aarch64-linux-gnu/libpcl_outofcore.so  
[7.629s] -- Found PCL_PEOPLE: /usr/lib/aarch64-linux-gnu/libpcl_people.so  
[7.883s] -- Found image_geometry: 3.1.3 (/home/joshhlee/me326_ws/install/image_geometry/share/image_geometry/cmake)
[7.898s] -- Found image_transport: 2.5.1 (/opt/ros/galactic/share/image_transport/cmake)
[7.916s] -- Found cv_bridge: 3.1.3 (/home/joshhlee/me326_ws/install/cv_bridge/share/cv_bridge/cmake)
[7.928s] -- Found la_msgs: 0.0.0 (/home/joshhlee/me326_ws/install/la_msgs/share/la_msgs/cmake)
[8.096s] -- Found ament_lint_auto: 0.10.7 (/opt/ros/galactic/share/ament_lint_auto/cmake)
[8.159s] -- Configuring done
[8.229s] -- Generating done
[8.232s] -- Build files have been written to: /home/joshhlee/me326_ws/src/collab_robotics/build/me326_project
[8.243s] Invoked command in '/home/joshhlee/me326_ws/src/collab_robotics/build/me326_project' returned '0': CMAKE_PREFIX_PATH=${CMAKE_PREFIX_PATH}:/home/joshhlee/me326_ws/install/opencv_tests:/home/joshhlee/interbotix_ws/install/interbotix_xs_modules:/home/joshhlee/interbotix_ws/install/interbotix_perception_modules:/home/joshhlee/interbotix_ws/install/interbotix_common_modules:/opt/ros/galactic /usr/bin/cmake /home/joshhlee/me326_ws/src/collab_robotics/me326_project -DCMAKE_INSTALL_PREFIX=/home/joshhlee/me326_ws/src/collab_robotics/install/me326_project
[8.246s] Invoking command in '/home/joshhlee/me326_ws/src/collab_robotics/build/me326_project': CMAKE_PREFIX_PATH=${CMAKE_PREFIX_PATH}:/home/joshhlee/me326_ws/install/opencv_tests:/home/joshhlee/interbotix_ws/install/interbotix_xs_modules:/home/joshhlee/interbotix_ws/install/interbotix_perception_modules:/home/joshhlee/interbotix_ws/install/interbotix_common_modules:/opt/ros/galactic /usr/bin/cmake --build /home/joshhlee/me326_ws/src/collab_robotics/build/me326_project -- -j4 -l4
[8.283s] [35m[1mScanning dependencies of target visual_block_perception_srv[0m
[8.518s] [ 25%] [32mBuilding CXX object CMakeFiles/visual_block_perception_srv.dir/src/visual_block_perception_srv.cpp.o[0m
[18.281s] [ 50%] [32m[1mLinking CXX executable visual_block_perception_srv[0m
[18.809s] [ 50%] Built target visual_block_perception_srv
[18.818s] [35m[1mScanning dependencies of target move_arm_action_server[0m
[18.936s] [ 75%] [32mBuilding CXX object CMakeFiles/move_arm_action_server.dir/src/move_arm_action_server.cpp.o[0m
[21.905s] [01m[K/home/joshhlee/me326_ws/src/collab_robotics/me326_project/src/move_arm_action_server.cpp:[m[K In member function ‘[01m[Krclcpp_action::GoalResponse MoveArmActionServer::handle_goal(const GoalUUID&, std::shared_ptr<const locobot_interfaces::action::MoveArm_Goal_<std::allocator<void> > >)[m[K’:
[21.905s] [01m[K/home/joshhlee/me326_ws/src/collab_robotics/me326_project/src/move_arm_action_server.cpp:45:50:[m[K [01;35m[Kwarning: [m[Kunused parameter ‘[01m[Kgoal[m[K’ [[01;35m[K-Wunused-parameter[m[K]
[21.905s]    45 |       [01;35m[Kstd::shared_ptr<const ActionMoveArm::Goal> goal[m[K)
[21.905s]       |       [01;35m[K~~~~~~~~~~~~~~~~~~~~~~~~~~~~~~~~~~~~~~~~~~~^~~~[m[K
[23.940s] [100%] [32m[1mLinking CXX executable move_arm_action_server[0m
[24.347s] [100%] Built target move_arm_action_server
[24.359s] Invoked command in '/home/joshhlee/me326_ws/src/collab_robotics/build/me326_project' returned '0': CMAKE_PREFIX_PATH=${CMAKE_PREFIX_PATH}:/home/joshhlee/me326_ws/install/opencv_tests:/home/joshhlee/interbotix_ws/install/interbotix_xs_modules:/home/joshhlee/interbotix_ws/install/interbotix_perception_modules:/home/joshhlee/interbotix_ws/install/interbotix_common_modules:/opt/ros/galactic /usr/bin/cmake --build /home/joshhlee/me326_ws/src/collab_robotics/build/me326_project -- -j4 -l4
[24.386s] Invoking command in '/home/joshhlee/me326_ws/src/collab_robotics/build/me326_project': CMAKE_PREFIX_PATH=${CMAKE_PREFIX_PATH}:/home/joshhlee/me326_ws/install/opencv_tests:/home/joshhlee/interbotix_ws/install/interbotix_xs_modules:/home/joshhlee/interbotix_ws/install/interbotix_perception_modules:/home/joshhlee/interbotix_ws/install/interbotix_common_modules:/opt/ros/galactic /usr/bin/cmake --install /home/joshhlee/me326_ws/src/collab_robotics/build/me326_project
[24.392s] -- Install configuration: ""
[24.392s] -- Installing: /home/joshhlee/me326_ws/src/collab_robotics/install/me326_project/lib/me326_project/locobot1_example_motion.py
[24.393s] -- Installing: /home/joshhlee/me326_ws/src/collab_robotics/install/me326_project/lib/me326_project/locobot_example_motion.py
[24.393s] -- Installing: /home/joshhlee/me326_ws/src/collab_robotics/install/me326_project/lib/me326_project/locobot_motion_example.py
[24.393s] -- Installing: /home/joshhlee/me326_ws/src/collab_robotics/install/me326_project/lib/me326_project/matching_ptcld.py
[24.393s] -- Installing: /home/joshhlee/me326_ws/src/collab_robotics/install/me326_project/lib/me326_project/circle_motion_tracking.py
[24.393s] -- Installing: /home/joshhlee/me326_ws/src/collab_robotics/install/me326_project/lib/me326_project/record_rosbag.py
[24.393s] -- Installing: /home/joshhlee/me326_ws/src/collab_robotics/install/me326_project/lib/me326_project/locobot_moveitpy.py
[24.393s] -- Installing: /home/joshhlee/me326_ws/src/collab_robotics/install/me326_project/lib/me326_project/RRTstar.py
[24.393s] -- Installing: /home/joshhlee/me326_ws/src/collab_robotics/install/me326_project/lib/me326_project/go_to_point.py
[24.394s] -- Installing: /home/joshhlee/me326_ws/src/collab_robotics/install/me326_project/lib/me326_project/initial_point.py
[24.394s] -- Installing: /home/joshhlee/me326_ws/src/collab_robotics/install/me326_project/lib/me326_project/move_locobot_base_action_server.py
[24.394s] -- Installing: /home/joshhlee/me326_ws/src/collab_robotics/install/me326_project/lib/me326_project/move_base_client.py
[24.394s] -- Installing: /home/joshhlee/me326_ws/src/collab_robotics/install/me326_project/lib/me326_project/camera_frame_broadcaster.py
[24.394s] -- Installing: /home/joshhlee/me326_ws/src/collab_robotics/install/me326_project/lib/me326_project/move_gripper_action_server.py
[24.394s] -- Installing: /home/joshhlee/me326_ws/src/collab_robotics/install/me326_project/lib/me326_project/locobot_state_machine.py
[24.394s] -- Installing: /home/joshhlee/me326_ws/src/collab_robotics/install/me326_project/lib/me326_project/vision_client.py
[24.394s] -- Installing: /home/joshhlee/me326_ws/src/collab_robotics/install/me326_project/lib/me326_project/apriltag_global_frame.py
[24.394s] -- Installing: /home/joshhlee/me326_ws/src/collab_robotics/install/me326_project/lib/me326_project/move_arm_action_server
[24.394s] -- Set runtime path of "/home/joshhlee/me326_ws/src/collab_robotics/install/me326_project/lib/me326_project/move_arm_action_server" to ""
[24.395s] -- Installing: /home/joshhlee/me326_ws/src/collab_robotics/install/me326_project/lib/me326_project/visual_block_perception_srv
[24.398s] -- Set runtime path of "/home/joshhlee/me326_ws/src/collab_robotics/install/me326_project/lib/me326_project/visual_block_perception_srv" to ""
[24.398s] -- Installing: /home/joshhlee/me326_ws/src/collab_robotics/install/me326_project/share/me326_project/launch
[24.398s] -- Installing: /home/joshhlee/me326_ws/src/collab_robotics/install/me326_project/share/me326_project/launch/read_tag.launch.py
[24.399s] -- Installing: /home/joshhlee/me326_ws/src/collab_robotics/install/me326_project/share/me326_project/launch/locobot_moveitpy.launch.py
[24.399s] -- Installing: /home/joshhlee/me326_ws/src/collab_robotics/install/me326_project/share/me326_project/launch/locobot_sim_full.launch.py
[24.399s] -- Installing: /home/joshhlee/me326_ws/src/collab_robotics/install/me326_project/share/me326_project/launch/navigation_test.launch.py
[24.399s] -- Installing: /home/joshhlee/me326_ws/src/collab_robotics/install/me326_project/share/me326_project/launch/spawn_april_tag.launch.py
[24.399s] -- Installing: /home/joshhlee/me326_ws/src/collab_robotics/install/me326_project/share/me326_project/launch/locobot_circle_traj.launch.py
[24.399s] -- Installing: /home/joshhlee/me326_ws/src/collab_robotics/install/me326_project/share/me326_project/launch/spawn_cube.launch.py
[24.399s] -- Installing: /home/joshhlee/me326_ws/src/collab_robotics/install/me326_project/share/me326_project/launch/spawn_cube_prof.launch.py
[24.399s] -- Installing: /home/joshhlee/me326_ws/src/collab_robotics/install/me326_project/share/me326_project/launch/example.launch.xml
[24.402s] -- Installing: /home/joshhlee/me326_ws/src/collab_robotics/install/me326_project/share/me326_project/rviz
[24.402s] -- Installing: /home/joshhlee/me326_ws/src/collab_robotics/install/me326_project/share/me326_project/rviz/rviz_example_env.rviz
[24.402s] -- Installing: /home/joshhlee/me326_ws/src/collab_robotics/install/me326_project/share/me326_project/model
[24.403s] -- Installing: /home/joshhlee/me326_ws/src/collab_robotics/install/me326_project/share/me326_project/model/yellow_cube.urdf
[24.403s] -- Installing: /home/joshhlee/me326_ws/src/collab_robotics/install/me326_project/share/me326_project/model/green_cube.urdf
[24.403s] -- Installing: /home/joshhlee/me326_ws/src/collab_robotics/install/me326_project/share/me326_project/model/red_cube.urdf
[24.403s] -- Installing: /home/joshhlee/me326_ws/src/collab_robotics/install/me326_project/share/me326_project/model/blue_cube.urdf
[24.404s] -- Installing: /home/joshhlee/me326_ws/src/collab_robotics/install/me326_project/share/ament_index/resource_index/package_run_dependencies/me326_project
[24.404s] -- Installing: /home/joshhlee/me326_ws/src/collab_robotics/install/me326_project/share/ament_index/resource_index/parent_prefix_path/me326_project
[24.404s] -- Installing: /home/joshhlee/me326_ws/src/collab_robotics/install/me326_project/share/me326_project/environment/ament_prefix_path.sh
[24.404s] -- Installing: /home/joshhlee/me326_ws/src/collab_robotics/install/me326_project/share/me326_project/environment/ament_prefix_path.dsv
[24.404s] -- Installing: /home/joshhlee/me326_ws/src/collab_robotics/install/me326_project/share/me326_project/environment/path.sh
[24.404s] -- Installing: /home/joshhlee/me326_ws/src/collab_robotics/install/me326_project/share/me326_project/environment/path.dsv
[24.405s] -- Installing: /home/joshhlee/me326_ws/src/collab_robotics/install/me326_project/share/me326_project/local_setup.bash
[24.405s] -- Installing: /home/joshhlee/me326_ws/src/collab_robotics/install/me326_project/share/me326_project/local_setup.sh
[24.405s] -- Installing: /home/joshhlee/me326_ws/src/collab_robotics/install/me326_project/share/me326_project/local_setup.zsh
[24.405s] -- Installing: /home/joshhlee/me326_ws/src/collab_robotics/install/me326_project/share/me326_project/local_setup.dsv
[24.405s] -- Installing: /home/joshhlee/me326_ws/src/collab_robotics/install/me326_project/share/me326_project/package.dsv
[24.405s] -- Installing: /home/joshhlee/me326_ws/src/collab_robotics/install/me326_project/share/ament_index/resource_index/packages/me326_project
[24.405s] -- Installing: /home/joshhlee/me326_ws/src/collab_robotics/install/me326_project/share/me326_project/cmake/me326_projectConfig.cmake
[24.405s] -- Installing: /home/joshhlee/me326_ws/src/collab_robotics/install/me326_project/share/me326_project/cmake/me326_projectConfig-version.cmake
[24.405s] -- Installing: /home/joshhlee/me326_ws/src/collab_robotics/install/me326_project/share/me326_project/package.xml
[24.407s] Invoked command in '/home/joshhlee/me326_ws/src/collab_robotics/build/me326_project' returned '0': CMAKE_PREFIX_PATH=${CMAKE_PREFIX_PATH}:/home/joshhlee/me326_ws/install/opencv_tests:/home/joshhlee/interbotix_ws/install/interbotix_xs_modules:/home/joshhlee/interbotix_ws/install/interbotix_perception_modules:/home/joshhlee/interbotix_ws/install/interbotix_common_modules:/opt/ros/galactic /usr/bin/cmake --install /home/joshhlee/me326_ws/src/collab_robotics/build/me326_project
