[0.614s] Invoking command in '/home/joshhlee/me326_ws/src/collaborative_robotics_course/build/la_msgs': CMAKE_PREFIX_PATH=${CMAKE_PREFIX_PATH}:/home/joshhlee/interbotix_ws/install/interbotix_xs_modules:/home/joshhlee/interbotix_ws/install/interbotix_perception_modules:/home/joshhlee/interbotix_ws/install/interbotix_common_modules:/opt/ros/galactic /usr/bin/cmake --build /home/joshhlee/me326_ws/src/collaborative_robotics_course/build/la_msgs -- -j4 -l4
[0.787s] [  2%] Built target la_msgs__cpp
[0.817s] [ 12%] Built target la_msgs__rosidl_generator_c
[0.842s] [ 23%] Built target la_msgs__rosidl_typesupport_cpp
[0.864s] [ 33%] Built target la_msgs__rosidl_typesupport_introspection_cpp
[0.877s] [ 43%] Built target la_msgs__rosidl_typesupport_fastrtps_cpp
[0.951s] [ 53%] Built target la_msgs__rosidl_typesupport_c
[0.977s] [ 64%] Built target la_msgs__rosidl_typesupport_fastrtps_c
[0.984s] [ 74%] Built target la_msgs__rosidl_typesupport_introspection_c
[1.061s] [ 74%] Built target la_msgs
[1.129s] [ 76%] Built target la_msgs__py
[1.210s] [ 84%] Built target la_msgs__python
[1.308s] [ 89%] Built target la_msgs__rosidl_typesupport_c__pyext
[1.308s] [ 94%] Built target la_msgs__rosidl_typesupport_introspection_c__pyext
[1.315s] [100%] Built target la_msgs__rosidl_typesupport_fastrtps_c__pyext
[1.329s] Invoked command in '/home/joshhlee/me326_ws/src/collaborative_robotics_course/build/la_msgs' returned '0': CMAKE_PREFIX_PATH=${CMAKE_PREFIX_PATH}:/home/joshhlee/interbotix_ws/install/interbotix_xs_modules:/home/joshhlee/interbotix_ws/install/interbotix_perception_modules:/home/joshhlee/interbotix_ws/install/interbotix_common_modules:/opt/ros/galactic /usr/bin/cmake --build /home/joshhlee/me326_ws/src/collaborative_robotics_course/build/la_msgs -- -j4 -l4
[1.585s] Invoking command in '/home/joshhlee/me326_ws/src/collaborative_robotics_course/build/la_msgs': CMAKE_PREFIX_PATH=${CMAKE_PREFIX_PATH}:/home/joshhlee/interbotix_ws/install/interbotix_xs_modules:/home/joshhlee/interbotix_ws/install/interbotix_perception_modules:/home/joshhlee/interbotix_ws/install/interbotix_common_modules:/opt/ros/galactic /usr/bin/cmake --install /home/joshhlee/me326_ws/src/collaborative_robotics_course/build/la_msgs
[1.597s] -- Install configuration: ""
[1.598s] -- Up-to-date: /home/joshhlee/me326_ws/src/collaborative_robotics_course/install/la_msgs/share/ament_index/resource_index/rosidl_interfaces/la_msgs
[1.602s] -- Up-to-date: /home/joshhlee/me326_ws/src/collaborative_robotics_course/install/la_msgs/include/la_msgs
[1.602s] -- Up-to-date: /home/joshhlee/me326_ws/src/collaborative_robotics_course/install/la_msgs/include/la_msgs/msg
[1.602s] -- Up-to-date: /home/joshhlee/me326_ws/src/collaborative_robotics_course/install/la_msgs/include/la_msgs/msg/rosidl_generator_c__visibility_control.h
[1.602s] -- Up-to-date: /home/joshhlee/me326_ws/src/collaborative_robotics_course/install/la_msgs/include/la_msgs/srv
[1.602s] -- Up-to-date: /home/joshhlee/me326_ws/src/collaborative_robotics_course/install/la_msgs/include/la_msgs/srv/detail
[1.602s] -- Up-to-date: /home/joshhlee/me326_ws/src/collaborative_robotics_course/install/la_msgs/include/la_msgs/srv/detail/ptps__struct.h
[1.602s] -- Up-to-date: /home/joshhlee/me326_ws/src/collaborative_robotics_course/install/la_msgs/include/la_msgs/srv/detail/ptps__functions.c
[1.602s] -- Up-to-date: /home/joshhlee/me326_ws/src/collaborative_robotics_course/install/la_msgs/include/la_msgs/srv/detail/ptps__type_support.h
[1.602s] -- Up-to-date: /home/joshhlee/me326_ws/src/collaborative_robotics_course/install/la_msgs/include/la_msgs/srv/detail/ptps__functions.h
[1.602s] -- Up-to-date: /home/joshhlee/me326_ws/src/collaborative_robotics_course/install/la_msgs/include/la_msgs/srv/ptps.h
[1.602s] -- Up-to-date: /home/joshhlee/me326_ws/src/collaborative_robotics_course/install/la_msgs/include/la_msgs/action
[1.602s] -- Up-to-date: /home/joshhlee/me326_ws/src/collaborative_robotics_course/install/la_msgs/include/la_msgs/action/detail
[1.602s] -- Up-to-date: /home/joshhlee/me326_ws/src/collaborative_robotics_course/install/la_msgs/include/la_msgs/action/detail/move_base__struct.h
[1.603s] -- Up-to-date: /home/joshhlee/me326_ws/src/collaborative_robotics_course/install/la_msgs/include/la_msgs/action/detail/move_base__functions.c
[1.603s] -- Up-to-date: /home/joshhlee/me326_ws/src/collaborative_robotics_course/install/la_msgs/include/la_msgs/action/detail/move_base__type_support.h
[1.603s] -- Up-to-date: /home/joshhlee/me326_ws/src/collaborative_robotics_course/install/la_msgs/include/la_msgs/action/detail/move_base__functions.h
[1.603s] -- Up-to-date: /home/joshhlee/me326_ws/src/collaborative_robotics_course/install/la_msgs/include/la_msgs/action/move_base.h
[1.603s] -- Up-to-date: /home/joshhlee/me326_ws/src/collaborative_robotics_course/install/la_msgs/share/la_msgs/environment/library_path.sh
[1.603s] -- Up-to-date: /home/joshhlee/me326_ws/src/collaborative_robotics_course/install/la_msgs/share/la_msgs/environment/library_path.dsv
[1.603s] -- Up-to-date: /home/joshhlee/me326_ws/src/collaborative_robotics_course/install/la_msgs/lib/libla_msgs__rosidl_generator_c.so
[1.603s] -- Up-to-date: /home/joshhlee/me326_ws/src/collaborative_robotics_course/install/la_msgs/include/la_msgs
[1.603s] -- Up-to-date: /home/joshhlee/me326_ws/src/collaborative_robotics_course/install/la_msgs/include/la_msgs/msg
[1.603s] -- Up-to-date: /home/joshhlee/me326_ws/src/collaborative_robotics_course/install/la_msgs/include/la_msgs/msg/rosidl_typesupport_fastrtps_c__visibility_control.h
[1.603s] -- Up-to-date: /home/joshhlee/me326_ws/src/collaborative_robotics_course/install/la_msgs/include/la_msgs/srv
[1.603s] -- Up-to-date: /home/joshhlee/me326_ws/src/collaborative_robotics_course/install/la_msgs/include/la_msgs/srv/detail
[1.603s] -- Up-to-date: /home/joshhlee/me326_ws/src/collaborative_robotics_course/install/la_msgs/include/la_msgs/srv/detail/ptps__rosidl_typesupport_fastrtps_c.h
[1.603s] -- Up-to-date: /home/joshhlee/me326_ws/src/collaborative_robotics_course/install/la_msgs/include/la_msgs/action
[1.603s] -- Up-to-date: /home/joshhlee/me326_ws/src/collaborative_robotics_course/install/la_msgs/include/la_msgs/action/detail
[1.603s] -- Up-to-date: /home/joshhlee/me326_ws/src/collaborative_robotics_course/install/la_msgs/include/la_msgs/action/detail/move_base__rosidl_typesupport_fastrtps_c.h
[1.603s] -- Up-to-date: /home/joshhlee/me326_ws/src/collaborative_robotics_course/install/la_msgs/lib/libla_msgs__rosidl_typesupport_fastrtps_c.so
[1.603s] -- Up-to-date: /home/joshhlee/me326_ws/src/collaborative_robotics_course/install/la_msgs/include/la_msgs
[1.603s] -- Up-to-date: /home/joshhlee/me326_ws/src/collaborative_robotics_course/install/la_msgs/include/la_msgs/msg
[1.603s] -- Up-to-date: /home/joshhlee/me326_ws/src/collaborative_robotics_course/install/la_msgs/include/la_msgs/msg/rosidl_typesupport_fastrtps_cpp__visibility_control.h
[1.603s] -- Up-to-date: /home/joshhlee/me326_ws/src/collaborative_robotics_course/install/la_msgs/include/la_msgs/srv
[1.603s] -- Up-to-date: /home/joshhlee/me326_ws/src/collaborative_robotics_course/install/la_msgs/include/la_msgs/srv/detail
[1.603s] -- Up-to-date: /home/joshhlee/me326_ws/src/collaborative_robotics_course/install/la_msgs/include/la_msgs/srv/detail/ptps__rosidl_typesupport_fastrtps_cpp.hpp
[1.603s] -- Up-to-date: /home/joshhlee/me326_ws/src/collaborative_robotics_course/install/la_msgs/include/la_msgs/srv/detail/dds_fastrtps
[1.603s] -- Up-to-date: /home/joshhlee/me326_ws/src/collaborative_robotics_course/install/la_msgs/include/la_msgs/action
[1.603s] -- Up-to-date: /home/joshhlee/me326_ws/src/collaborative_robotics_course/install/la_msgs/include/la_msgs/action/detail
[1.604s] -- Up-to-date: /home/joshhlee/me326_ws/src/collaborative_robotics_course/install/la_msgs/include/la_msgs/action/detail/dds_fastrtps
[1.604s] -- Up-to-date: /home/joshhlee/me326_ws/src/collaborative_robotics_course/install/la_msgs/include/la_msgs/action/detail/move_base__rosidl_typesupport_fastrtps_cpp.hpp
[1.607s] -- Up-to-date: /home/joshhlee/me326_ws/src/collaborative_robotics_course/install/la_msgs/lib/libla_msgs__rosidl_typesupport_fastrtps_cpp.so
[1.608s] -- Up-to-date: /home/joshhlee/me326_ws/src/collaborative_robotics_course/install/la_msgs/include/la_msgs
[1.608s] -- Up-to-date: /home/joshhlee/me326_ws/src/collaborative_robotics_course/install/la_msgs/include/la_msgs/msg
[1.608s] -- Up-to-date: /home/joshhlee/me326_ws/src/collaborative_robotics_course/install/la_msgs/include/la_msgs/msg/rosidl_typesupport_introspection_c__visibility_control.h
[1.608s] -- Up-to-date: /home/joshhlee/me326_ws/src/collaborative_robotics_course/install/la_msgs/include/la_msgs/srv
[1.608s] -- Up-to-date: /home/joshhlee/me326_ws/src/collaborative_robotics_course/install/la_msgs/include/la_msgs/srv/detail
[1.608s] -- Up-to-date: /home/joshhlee/me326_ws/src/collaborative_robotics_course/install/la_msgs/include/la_msgs/srv/detail/ptps__type_support.c
[1.608s] -- Up-to-date: /home/joshhlee/me326_ws/src/collaborative_robotics_course/install/la_msgs/include/la_msgs/srv/detail/ptps__rosidl_typesupport_introspection_c.h
[1.608s] -- Up-to-date: /home/joshhlee/me326_ws/src/collaborative_robotics_course/install/la_msgs/include/la_msgs/action
[1.608s] -- Up-to-date: /home/joshhlee/me326_ws/src/collaborative_robotics_course/install/la_msgs/include/la_msgs/action/detail
[1.608s] -- Up-to-date: /home/joshhlee/me326_ws/src/collaborative_robotics_course/install/la_msgs/include/la_msgs/action/detail/move_base__rosidl_typesupport_introspection_c.h
[1.608s] -- Up-to-date: /home/joshhlee/me326_ws/src/collaborative_robotics_course/install/la_msgs/include/la_msgs/action/detail/move_base__type_support.c
[1.608s] -- Up-to-date: /home/joshhlee/me326_ws/src/collaborative_robotics_course/install/la_msgs/lib/libla_msgs__rosidl_typesupport_introspection_c.so
[1.608s] -- Up-to-date: /home/joshhlee/me326_ws/src/collaborative_robotics_course/install/la_msgs/lib/libla_msgs__rosidl_typesupport_c.so
[1.609s] -- Up-to-date: /home/joshhlee/me326_ws/src/collaborative_robotics_course/install/la_msgs/include/la_msgs
[1.609s] -- Up-to-date: /home/joshhlee/me326_ws/src/collaborative_robotics_course/install/la_msgs/include/la_msgs/srv
[1.609s] -- Up-to-date: /home/joshhlee/me326_ws/src/collaborative_robotics_course/install/la_msgs/include/la_msgs/srv/detail
[1.609s] -- Up-to-date: /home/joshhlee/me326_ws/src/collaborative_robotics_course/install/la_msgs/include/la_msgs/srv/detail/ptps__builder.hpp
[1.609s] -- Up-to-date: /home/joshhlee/me326_ws/src/collaborative_robotics_course/install/la_msgs/include/la_msgs/srv/detail/ptps__struct.hpp
[1.609s] -- Up-to-date: /home/joshhlee/me326_ws/src/collaborative_robotics_course/install/la_msgs/include/la_msgs/srv/detail/ptps__traits.hpp
[1.609s] -- Up-to-date: /home/joshhlee/me326_ws/src/collaborative_robotics_course/install/la_msgs/include/la_msgs/srv/ptps.hpp
[1.609s] -- Up-to-date: /home/joshhlee/me326_ws/src/collaborative_robotics_course/install/la_msgs/include/la_msgs/action
[1.609s] -- Up-to-date: /home/joshhlee/me326_ws/src/collaborative_robotics_course/install/la_msgs/include/la_msgs/action/detail
[1.609s] -- Up-to-date: /home/joshhlee/me326_ws/src/collaborative_robotics_course/install/la_msgs/include/la_msgs/action/detail/move_base__struct.hpp
[1.609s] -- Up-to-date: /home/joshhlee/me326_ws/src/collaborative_robotics_course/install/la_msgs/include/la_msgs/action/detail/move_base__builder.hpp
[1.609s] -- Up-to-date: /home/joshhlee/me326_ws/src/collaborative_robotics_course/install/la_msgs/include/la_msgs/action/detail/move_base__traits.hpp
[1.609s] -- Up-to-date: /home/joshhlee/me326_ws/src/collaborative_robotics_course/install/la_msgs/include/la_msgs/action/move_base.hpp
[1.609s] -- Up-to-date: /home/joshhlee/me326_ws/src/collaborative_robotics_course/install/la_msgs/include/la_msgs
[1.609s] -- Up-to-date: /home/joshhlee/me326_ws/src/collaborative_robotics_course/install/la_msgs/include/la_msgs/srv
[1.612s] -- Up-to-date: /home/joshhlee/me326_ws/src/collaborative_robotics_course/install/la_msgs/include/la_msgs/srv/detail
[1.612s] -- Up-to-date: /home/joshhlee/me326_ws/src/collaborative_robotics_course/install/la_msgs/include/la_msgs/srv/detail/ptps__rosidl_typesupport_introspection_cpp.hpp
[1.612s] -- Up-to-date: /home/joshhlee/me326_ws/src/collaborative_robotics_course/install/la_msgs/include/la_msgs/srv/detail/ptps__type_support.cpp
[1.612s] -- Up-to-date: /home/joshhlee/me326_ws/src/collaborative_robotics_course/install/la_msgs/include/la_msgs/action
[1.612s] -- Up-to-date: /home/joshhlee/me326_ws/src/collaborative_robotics_course/install/la_msgs/include/la_msgs/action/detail
[1.612s] -- Up-to-date: /home/joshhlee/me326_ws/src/collaborative_robotics_course/install/la_msgs/include/la_msgs/action/detail/move_base__type_support.cpp
[1.612s] -- Up-to-date: /home/joshhlee/me326_ws/src/collaborative_robotics_course/install/la_msgs/include/la_msgs/action/detail/move_base__rosidl_typesupport_introspection_cpp.hpp
[1.616s] -- Up-to-date: /home/joshhlee/me326_ws/src/collaborative_robotics_course/install/la_msgs/lib/libla_msgs__rosidl_typesupport_introspection_cpp.so
[1.616s] -- Up-to-date: /home/joshhlee/me326_ws/src/collaborative_robotics_course/install/la_msgs/lib/libla_msgs__rosidl_typesupport_cpp.so
[1.616s] -- Up-to-date: /home/joshhlee/me326_ws/src/collaborative_robotics_course/install/la_msgs/share/la_msgs/environment/pythonpath.sh
[1.616s] -- Up-to-date: /home/joshhlee/me326_ws/src/collaborative_robotics_course/install/la_msgs/share/la_msgs/environment/pythonpath.dsv
[1.616s] -- Up-to-date: /home/joshhlee/me326_ws/src/collaborative_robotics_course/install/la_msgs/lib/python3.8/site-packages/la_msgs/__init__.py
[1.681s] -- Up-to-date: /home/joshhlee/me326_ws/src/collaborative_robotics_course/install/la_msgs/lib/python3.8/site-packages/la_msgs/action
[1.681s] -- Up-to-date: /home/joshhlee/me326_ws/src/collaborative_robotics_course/install/la_msgs/lib/python3.8/site-packages/la_msgs/action/__init__.py
[1.682s] -- Up-to-date: /home/joshhlee/me326_ws/src/collaborative_robotics_course/install/la_msgs/lib/python3.8/site-packages/la_msgs/action/_move_base_s.c
[1.682s] -- Up-to-date: /home/joshhlee/me326_ws/src/collaborative_robotics_course/install/la_msgs/lib/python3.8/site-packages/la_msgs/action/_move_base.py
[1.682s] -- Up-to-date: /home/joshhlee/me326_ws/src/collaborative_robotics_course/install/la_msgs/lib/python3.8/site-packages/la_msgs/srv
[1.682s] -- Up-to-date: /home/joshhlee/me326_ws/src/collaborative_robotics_course/install/la_msgs/lib/python3.8/site-packages/la_msgs/srv/__init__.py
[1.682s] -- Up-to-date: /home/joshhlee/me326_ws/src/collaborative_robotics_course/install/la_msgs/lib/python3.8/site-packages/la_msgs/srv/_ptps_s.c
[1.682s] -- Up-to-date: /home/joshhlee/me326_ws/src/collaborative_robotics_course/install/la_msgs/lib/python3.8/site-packages/la_msgs/srv/_ptps.py
[1.689s] -- Up-to-date: /home/joshhlee/me326_ws/src/collaborative_robotics_course/install/la_msgs/lib/python3.8/site-packages/la_msgs/la_msgs_s__rosidl_typesupport_fastrtps_c.cpython-38-aarch64-linux-gnu.so
[1.691s] -- Up-to-date: /home/joshhlee/me326_ws/src/collaborative_robotics_course/install/la_msgs/lib/python3.8/site-packages/la_msgs/la_msgs_s__rosidl_typesupport_introspection_c.cpython-38-aarch64-linux-gnu.so
[1.691s] -- Up-to-date: /home/joshhlee/me326_ws/src/collaborative_robotics_course/install/la_msgs/lib/python3.8/site-packages/la_msgs/la_msgs_s__rosidl_typesupport_c.cpython-38-aarch64-linux-gnu.so
[1.692s] -- Up-to-date: /home/joshhlee/me326_ws/src/collaborative_robotics_course/install/la_msgs/lib/libla_msgs__python.so
[1.693s] -- Up-to-date: /home/joshhlee/me326_ws/src/collaborative_robotics_course/install/la_msgs/share/la_msgs/action/MoveBase.idl
[1.693s] -- Up-to-date: /home/joshhlee/me326_ws/src/collaborative_robotics_course/install/la_msgs/share/la_msgs/srv/Ptps.idl
[1.693s] -- Up-to-date: /home/joshhlee/me326_ws/src/collaborative_robotics_course/install/la_msgs/share/la_msgs/action/MoveBase.action
[1.694s] -- Up-to-date: /home/joshhlee/me326_ws/src/collaborative_robotics_course/install/la_msgs/share/la_msgs/srv/Ptps.srv
[1.694s] -- Up-to-date: /home/joshhlee/me326_ws/src/collaborative_robotics_course/install/la_msgs/share/la_msgs/srv/Ptps_Request.msg
[1.694s] -- Up-to-date: /home/joshhlee/me326_ws/src/collaborative_robotics_course/install/la_msgs/share/la_msgs/srv/Ptps_Response.msg
[1.694s] -- Up-to-date: /home/joshhlee/me326_ws/src/collaborative_robotics_course/install/la_msgs/share/ament_index/resource_index/package_run_dependencies/la_msgs
[1.694s] -- Up-to-date: /home/joshhlee/me326_ws/src/collaborative_robotics_course/install/la_msgs/share/ament_index/resource_index/parent_prefix_path/la_msgs
[1.695s] -- Up-to-date: /home/joshhlee/me326_ws/src/collaborative_robotics_course/install/la_msgs/share/la_msgs/environment/ament_prefix_path.sh
[1.695s] -- Up-to-date: /home/joshhlee/me326_ws/src/collaborative_robotics_course/install/la_msgs/share/la_msgs/environment/ament_prefix_path.dsv
[1.695s] -- Up-to-date: /home/joshhlee/me326_ws/src/collaborative_robotics_course/install/la_msgs/share/la_msgs/environment/path.sh
[1.695s] -- Up-to-date: /home/joshhlee/me326_ws/src/collaborative_robotics_course/install/la_msgs/share/la_msgs/environment/path.dsv
[1.695s] -- Up-to-date: /home/joshhlee/me326_ws/src/collaborative_robotics_course/install/la_msgs/share/la_msgs/local_setup.bash
[1.695s] -- Up-to-date: /home/joshhlee/me326_ws/src/collaborative_robotics_course/install/la_msgs/share/la_msgs/local_setup.sh
[1.695s] -- Up-to-date: /home/joshhlee/me326_ws/src/collaborative_robotics_course/install/la_msgs/share/la_msgs/local_setup.zsh
[1.695s] -- Up-to-date: /home/joshhlee/me326_ws/src/collaborative_robotics_course/install/la_msgs/share/la_msgs/local_setup.dsv
[1.695s] -- Installing: /home/joshhlee/me326_ws/src/collaborative_robotics_course/install/la_msgs/share/la_msgs/package.dsv
[1.699s] -- Up-to-date: /home/joshhlee/me326_ws/src/collaborative_robotics_course/install/la_msgs/share/ament_index/resource_index/packages/la_msgs
[1.701s] -- Up-to-date: /home/joshhlee/me326_ws/src/collaborative_robotics_course/install/la_msgs/share/la_msgs/cmake/la_msgs__rosidl_generator_cExport.cmake
[1.701s] -- Up-to-date: /home/joshhlee/me326_ws/src/collaborative_robotics_course/install/la_msgs/share/la_msgs/cmake/la_msgs__rosidl_generator_cExport-noconfig.cmake
[1.702s] -- Up-to-date: /home/joshhlee/me326_ws/src/collaborative_robotics_course/install/la_msgs/share/la_msgs/cmake/la_msgs__rosidl_typesupport_introspection_cExport.cmake
[1.702s] -- Up-to-date: /home/joshhlee/me326_ws/src/collaborative_robotics_course/install/la_msgs/share/la_msgs/cmake/la_msgs__rosidl_typesupport_introspection_cExport-noconfig.cmake
[1.703s] -- Up-to-date: /home/joshhlee/me326_ws/src/collaborative_robotics_course/install/la_msgs/share/la_msgs/cmake/la_msgs__rosidl_typesupport_cExport.cmake
[1.703s] -- Up-to-date: /home/joshhlee/me326_ws/src/collaborative_robotics_course/install/la_msgs/share/la_msgs/cmake/la_msgs__rosidl_typesupport_cExport-noconfig.cmake
[1.704s] -- Up-to-date: /home/joshhlee/me326_ws/src/collaborative_robotics_course/install/la_msgs/share/la_msgs/cmake/la_msgs__rosidl_generator_cppExport.cmake
[1.705s] -- Up-to-date: /home/joshhlee/me326_ws/src/collaborative_robotics_course/install/la_msgs/share/la_msgs/cmake/la_msgs__rosidl_typesupport_introspection_cppExport.cmake
[1.705s] -- Up-to-date: /home/joshhlee/me326_ws/src/collaborative_robotics_course/install/la_msgs/share/la_msgs/cmake/la_msgs__rosidl_typesupport_introspection_cppExport-noconfig.cmake
[1.706s] -- Up-to-date: /home/joshhlee/me326_ws/src/collaborative_robotics_course/install/la_msgs/share/la_msgs/cmake/la_msgs__rosidl_typesupport_cppExport.cmake
[1.707s] -- Up-to-date: /home/joshhlee/me326_ws/src/collaborative_robotics_course/install/la_msgs/share/la_msgs/cmake/la_msgs__rosidl_typesupport_cppExport-noconfig.cmake
[1.707s] -- Up-to-date: /home/joshhlee/me326_ws/src/collaborative_robotics_course/install/la_msgs/share/la_msgs/cmake/rosidl_cmake-extras.cmake
[1.707s] -- Up-to-date: /home/joshhlee/me326_ws/src/collaborative_robotics_course/install/la_msgs/share/la_msgs/cmake/ament_cmake_export_dependencies-extras.cmake
[1.707s] -- Up-to-date: /home/joshhlee/me326_ws/src/collaborative_robotics_course/install/la_msgs/share/la_msgs/cmake/ament_cmake_export_libraries-extras.cmake
[1.707s] -- Up-to-date: /home/joshhlee/me326_ws/src/collaborative_robotics_course/install/la_msgs/share/la_msgs/cmake/ament_cmake_export_targets-extras.cmake
[1.708s] -- Up-to-date: /home/joshhlee/me326_ws/src/collaborative_robotics_course/install/la_msgs/share/la_msgs/cmake/ament_cmake_export_include_directories-extras.cmake
[1.708s] -- Up-to-date: /home/joshhlee/me326_ws/src/collaborative_robotics_course/install/la_msgs/share/la_msgs/cmake/rosidl_cmake_export_typesupport_libraries-extras.cmake
[1.708s] -- Up-to-date: /home/joshhlee/me326_ws/src/collaborative_robotics_course/install/la_msgs/share/la_msgs/cmake/rosidl_cmake_export_typesupport_targets-extras.cmake
[1.708s] -- Up-to-date: /home/joshhlee/me326_ws/src/collaborative_robotics_course/install/la_msgs/share/la_msgs/cmake/la_msgsConfig.cmake
[1.708s] -- Up-to-date: /home/joshhlee/me326_ws/src/collaborative_robotics_course/install/la_msgs/share/la_msgs/cmake/la_msgsConfig-version.cmake
[1.708s] -- Up-to-date: /home/joshhlee/me326_ws/src/collaborative_robotics_course/install/la_msgs/share/la_msgs/package.xml
[1.721s] Invoked command in '/home/joshhlee/me326_ws/src/collaborative_robotics_course/build/la_msgs' returned '0': CMAKE_PREFIX_PATH=${CMAKE_PREFIX_PATH}:/home/joshhlee/interbotix_ws/install/interbotix_xs_modules:/home/joshhlee/interbotix_ws/install/interbotix_perception_modules:/home/joshhlee/interbotix_ws/install/interbotix_common_modules:/opt/ros/galactic /usr/bin/cmake --install /home/joshhlee/me326_ws/src/collaborative_robotics_course/build/la_msgs
