[2.706s] DEBUG:colcon:Command line arguments: ['/usr/bin/colcon', 'build']
[2.706s] DEBUG:colcon:Parsed command line arguments: Namespace(allow_overriding=[], ament_cmake_args=None, base_paths=['.'], build_base='build', catkin_cmake_args=None, catkin_skip_building_tests=False, cmake_args=None, cmake_clean_cache=False, cmake_clean_first=False, cmake_force_configure=False, cmake_target=None, cmake_target_skip_unavailable=False, continue_on_error=False, event_handlers=None, executor='parallel', ignore_user_meta=False, install_base='install', log_base=None, log_level=None, main=<bound method BuildVerb.main of <colcon_core.verb.build.BuildVerb object at 0xffff92b995b0>>, merge_install=False, metas=['./colcon.meta'], packages_above=None, packages_above_and_dependencies=None, packages_above_depth=None, packages_end=None, packages_ignore=None, packages_ignore_regex=None, packages_select=None, packages_select_build_failed=False, packages_select_by_dep=None, packages_select_regex=None, packages_select_test_failures=False, packages_skip=None, packages_skip_build_finished=False, packages_skip_by_dep=None, packages_skip_regex=None, packages_skip_test_passed=False, packages_skip_up_to=None, packages_start=None, packages_up_to=None, packages_up_to_regex=None, parallel_workers=4, paths=None, symlink_install=False, test_result_base=None, verb_extension=<colcon_core.verb.build.BuildVerb object at 0xffff92b995b0>, verb_name='build', verb_parser=<colcon_defaults.argument_parser.defaults.DefaultArgumentsDecorator object at 0xffff92ba3e80>)
[2.817s] Level 1:colcon.colcon_core.package_discovery:discover_packages(colcon_meta) check parameters
[2.817s] Level 1:colcon.colcon_core.package_discovery:discover_packages(recursive) check parameters
[2.817s] Level 1:colcon.colcon_core.package_discovery:discover_packages(ignore) check parameters
[2.817s] Level 1:colcon.colcon_core.package_discovery:discover_packages(path) check parameters
[2.817s] Level 1:colcon.colcon_core.package_discovery:discover_packages(colcon_meta) discover
[2.817s] Level 1:colcon.colcon_core.package_discovery:discover_packages(recursive) discover
[2.817s] INFO:colcon.colcon_core.package_discovery:Crawling recursively for packages in '/home/joshhlee/me326_ws/src/collaborative_robotics_course'
[2.817s] Level 1:colcon.colcon_core.package_identification:_identify(.) by extensions ['ignore', 'ignore_ament_install']
[2.817s] Level 1:colcon.colcon_core.package_identification:_identify(.) by extension 'ignore'
[2.817s] Level 1:colcon.colcon_core.package_identification:_identify(.) by extension 'ignore_ament_install'
[2.817s] Level 1:colcon.colcon_core.package_identification:_identify(.) by extensions ['colcon_pkg']
[2.817s] Level 1:colcon.colcon_core.package_identification:_identify(.) by extension 'colcon_pkg'
[2.817s] Level 1:colcon.colcon_core.package_identification:_identify(.) by extensions ['colcon_meta']
[2.817s] Level 1:colcon.colcon_core.package_identification:_identify(.) by extension 'colcon_meta'
[2.817s] Level 1:colcon.colcon_core.package_identification:_identify(.) by extensions ['ros']
[2.817s] Level 1:colcon.colcon_core.package_identification:_identify(.) by extension 'ros'
[2.824s] Level 1:colcon.colcon_core.package_identification:_identify(.) by extensions ['cmake', 'python']
[2.824s] Level 1:colcon.colcon_core.package_identification:_identify(.) by extension 'cmake'
[2.824s] Level 1:colcon.colcon_core.package_identification:_identify(.) by extension 'python'
[2.824s] Level 1:colcon.colcon_core.package_identification:_identify(.) by extensions ['python_setup_py']
[2.824s] Level 1:colcon.colcon_core.package_identification:_identify(.) by extension 'python_setup_py'
[2.825s] Level 1:colcon.colcon_core.package_identification:_identify(build) by extensions ['ignore', 'ignore_ament_install']
[2.825s] Level 1:colcon.colcon_core.package_identification:_identify(build) by extension 'ignore'
[2.825s] Level 1:colcon.colcon_core.package_identification:_identify(build) ignored
[2.825s] Level 1:colcon.colcon_core.package_identification:_identify(install) by extensions ['ignore', 'ignore_ament_install']
[2.825s] Level 1:colcon.colcon_core.package_identification:_identify(install) by extension 'ignore'
[2.825s] Level 1:colcon.colcon_core.package_identification:_identify(install) ignored
[2.825s] Level 1:colcon.colcon_core.package_identification:_identify(la_msgs) by extensions ['ignore', 'ignore_ament_install']
[2.825s] Level 1:colcon.colcon_core.package_identification:_identify(la_msgs) by extension 'ignore'
[2.825s] Level 1:colcon.colcon_core.package_identification:_identify(la_msgs) by extension 'ignore_ament_install'
[2.825s] Level 1:colcon.colcon_core.package_identification:_identify(la_msgs) by extensions ['colcon_pkg']
[2.825s] Level 1:colcon.colcon_core.package_identification:_identify(la_msgs) by extension 'colcon_pkg'
[2.825s] Level 1:colcon.colcon_core.package_identification:_identify(la_msgs) by extensions ['colcon_meta']
[2.825s] Level 1:colcon.colcon_core.package_identification:_identify(la_msgs) by extension 'colcon_meta'
[2.825s] Level 1:colcon.colcon_core.package_identification:_identify(la_msgs) by extensions ['ros']
[2.825s] Level 1:colcon.colcon_core.package_identification:_identify(la_msgs) by extension 'ros'
[2.827s] DEBUG:colcon.colcon_core.package_identification:Package 'la_msgs' with type 'ros.ament_cmake' and name 'la_msgs'
[2.827s] Level 1:colcon.colcon_core.package_identification:_identify(log) by extensions ['ignore', 'ignore_ament_install']
[2.827s] Level 1:colcon.colcon_core.package_identification:_identify(log) by extension 'ignore'
[2.827s] Level 1:colcon.colcon_core.package_identification:_identify(log) ignored
[2.827s] Level 1:colcon.colcon_core.package_identification:_identify(me326_project) by extensions ['ignore', 'ignore_ament_install']
[2.827s] Level 1:colcon.colcon_core.package_identification:_identify(me326_project) by extension 'ignore'
[2.827s] Level 1:colcon.colcon_core.package_identification:_identify(me326_project) by extension 'ignore_ament_install'
[2.827s] Level 1:colcon.colcon_core.package_identification:_identify(me326_project) by extensions ['colcon_pkg']
[2.827s] Level 1:colcon.colcon_core.package_identification:_identify(me326_project) by extension 'colcon_pkg'
[2.827s] Level 1:colcon.colcon_core.package_identification:_identify(me326_project) by extensions ['colcon_meta']
[2.827s] Level 1:colcon.colcon_core.package_identification:_identify(me326_project) by extension 'colcon_meta'
[2.827s] Level 1:colcon.colcon_core.package_identification:_identify(me326_project) by extensions ['ros']
[2.827s] Level 1:colcon.colcon_core.package_identification:_identify(me326_project) by extension 'ros'
[2.828s] DEBUG:colcon.colcon_core.package_identification:Package 'me326_project' with type 'ros.ament_cmake' and name 'me326_project'
[2.828s] Level 1:colcon.colcon_core.package_discovery:discover_packages(recursive) using defaults
[2.828s] Level 1:colcon.colcon_core.package_discovery:discover_packages(ignore) discover
[2.828s] Level 1:colcon.colcon_core.package_discovery:discover_packages(ignore) using defaults
[2.828s] Level 1:colcon.colcon_core.package_discovery:discover_packages(path) discover
[2.828s] Level 1:colcon.colcon_core.package_discovery:discover_packages(path) using defaults
[3.098s] Level 1:colcon.colcon_core.package_discovery:discover_packages(prefix_path) check parameters
[3.098s] Level 1:colcon.colcon_core.package_discovery:discover_packages(prefix_path) discover
[3.199s] DEBUG:colcon.colcon_installed_package_information.package_discovery:Found 22 installed packages in /home/joshhlee/interbotix_ws/install
[3.251s] DEBUG:colcon.colcon_installed_package_information.package_discovery:Found 335 installed packages in /opt/ros/galactic
[3.252s] Level 1:colcon.colcon_core.package_discovery:discover_packages(prefix_path) using defaults
[3.484s] Level 5:colcon.colcon_core.verb:set package 'la_msgs' build argument 'cmake_args' from command line to 'None'
[3.484s] Level 5:colcon.colcon_core.verb:set package 'la_msgs' build argument 'cmake_target' from command line to 'None'
[3.484s] Level 5:colcon.colcon_core.verb:set package 'la_msgs' build argument 'cmake_target_skip_unavailable' from command line to 'False'
[3.484s] Level 5:colcon.colcon_core.verb:set package 'la_msgs' build argument 'cmake_clean_cache' from command line to 'False'
[3.484s] Level 5:colcon.colcon_core.verb:set package 'la_msgs' build argument 'cmake_clean_first' from command line to 'False'
[3.484s] Level 5:colcon.colcon_core.verb:set package 'la_msgs' build argument 'cmake_force_configure' from command line to 'False'
[3.484s] Level 5:colcon.colcon_core.verb:set package 'la_msgs' build argument 'ament_cmake_args' from command line to 'None'
[3.484s] Level 5:colcon.colcon_core.verb:set package 'la_msgs' build argument 'catkin_cmake_args' from command line to 'None'
[3.484s] Level 5:colcon.colcon_core.verb:set package 'la_msgs' build argument 'catkin_skip_building_tests' from command line to 'False'
[3.484s] DEBUG:colcon.colcon_core.verb:Building package 'la_msgs' with the following arguments: {'ament_cmake_args': None, 'build_base': '/home/joshhlee/me326_ws/src/collaborative_robotics_course/build/la_msgs', 'catkin_cmake_args': None, 'catkin_skip_building_tests': False, 'cmake_args': None, 'cmake_clean_cache': False, 'cmake_clean_first': False, 'cmake_force_configure': False, 'cmake_target': None, 'cmake_target_skip_unavailable': False, 'install_base': '/home/joshhlee/me326_ws/src/collaborative_robotics_course/install/la_msgs', 'merge_install': False, 'path': '/home/joshhlee/me326_ws/src/collaborative_robotics_course/la_msgs', 'symlink_install': False, 'test_result_base': None}
[3.542s] Level 5:colcon.colcon_core.verb:set package 'me326_project' build argument 'cmake_args' from command line to 'None'
[3.542s] Level 5:colcon.colcon_core.verb:set package 'me326_project' build argument 'cmake_target' from command line to 'None'
[3.542s] Level 5:colcon.colcon_core.verb:set package 'me326_project' build argument 'cmake_target_skip_unavailable' from command line to 'False'
[3.542s] Level 5:colcon.colcon_core.verb:set package 'me326_project' build argument 'cmake_clean_cache' from command line to 'False'
[3.542s] Level 5:colcon.colcon_core.verb:set package 'me326_project' build argument 'cmake_clean_first' from command line to 'False'
[3.542s] Level 5:colcon.colcon_core.verb:set package 'me326_project' build argument 'cmake_force_configure' from command line to 'False'
[3.542s] Level 5:colcon.colcon_core.verb:set package 'me326_project' build argument 'ament_cmake_args' from command line to 'None'
[3.542s] Level 5:colcon.colcon_core.verb:set package 'me326_project' build argument 'catkin_cmake_args' from command line to 'None'
[3.542s] Level 5:colcon.colcon_core.verb:set package 'me326_project' build argument 'catkin_skip_building_tests' from command line to 'False'
[3.542s] DEBUG:colcon.colcon_core.verb:Building package 'me326_project' with the following arguments: {'ament_cmake_args': None, 'build_base': '/home/joshhlee/me326_ws/src/collaborative_robotics_course/build/me326_project', 'catkin_cmake_args': None, 'catkin_skip_building_tests': False, 'cmake_args': None, 'cmake_clean_cache': False, 'cmake_clean_first': False, 'cmake_force_configure': False, 'cmake_target': None, 'cmake_target_skip_unavailable': False, 'install_base': '/home/joshhlee/me326_ws/src/collaborative_robotics_course/install/me326_project', 'merge_install': False, 'path': '/home/joshhlee/me326_ws/src/collaborative_robotics_course/me326_project', 'symlink_install': False, 'test_result_base': None}
[3.592s] INFO:colcon.colcon_core.executor:Executing jobs using 'parallel' executor
[3.640s] DEBUG:colcon.colcon_parallel_executor.executor.parallel:run_until_complete
[3.640s] INFO:colcon.colcon_ros.task.ament_cmake.build:Building ROS package in '/home/joshhlee/me326_ws/src/collaborative_robotics_course/la_msgs' with build type 'ament_cmake'
[3.641s] INFO:colcon.colcon_cmake.task.cmake.build:Building CMake package in '/home/joshhlee/me326_ws/src/collaborative_robotics_course/la_msgs'
[3.690s] INFO:colcon.colcon_core.plugin_system:Skipping extension 'colcon_core.shell.bat': Not used on non-Windows systems
[3.691s] INFO:colcon.colcon_core.shell:Skip shell extension 'powershell' for command environment: Not usable outside of PowerShell
[3.691s] DEBUG:colcon.colcon_core.shell:Skip shell extension 'dsv' for command environment
[3.851s] INFO:colcon.colcon_ros.task.ament_cmake.build:Building ROS package in '/home/joshhlee/me326_ws/src/collaborative_robotics_course/me326_project' with build type 'ament_cmake'
[3.851s] INFO:colcon.colcon_cmake.task.cmake.build:Building CMake package in '/home/joshhlee/me326_ws/src/collaborative_robotics_course/me326_project'
[3.903s] INFO:colcon.colcon_core.shell:Skip shell extension 'powershell' for command environment: Not usable outside of PowerShell
[3.903s] DEBUG:colcon.colcon_core.shell:Skip shell extension 'dsv' for command environment
[4.063s] DEBUG:colcon.colcon_core.event_handler.log_command:Invoking command in '/home/joshhlee/me326_ws/src/collaborative_robotics_course/build/la_msgs': CMAKE_PREFIX_PATH=${CMAKE_PREFIX_PATH}:/home/joshhlee/interbotix_ws/install/interbotix_xs_modules:/home/joshhlee/interbotix_ws/install/interbotix_perception_modules:/home/joshhlee/interbotix_ws/install/interbotix_common_modules:/opt/ros/galactic /usr/bin/cmake --build /home/joshhlee/me326_ws/src/collaborative_robotics_course/build/la_msgs -- -j4 -l4
[4.070s] DEBUG:colcon.colcon_core.event_handler.log_command:Invoking command in '/home/joshhlee/me326_ws/src/collaborative_robotics_course/build/me326_project': CMAKE_PREFIX_PATH=${CMAKE_PREFIX_PATH}:/home/joshhlee/interbotix_ws/install/interbotix_xs_modules:/home/joshhlee/interbotix_ws/install/interbotix_perception_modules:/home/joshhlee/interbotix_ws/install/interbotix_common_modules:/opt/ros/galactic /usr/bin/cmake --build /home/joshhlee/me326_ws/src/collaborative_robotics_course/build/me326_project -- -j4 -l4
[4.503s] DEBUG:colcon.colcon_core.event_handler.log_command:Invoked command in '/home/joshhlee/me326_ws/src/collaborative_robotics_course/build/la_msgs' returned '0': CMAKE_PREFIX_PATH=${CMAKE_PREFIX_PATH}:/home/joshhlee/interbotix_ws/install/interbotix_xs_modules:/home/joshhlee/interbotix_ws/install/interbotix_perception_modules:/home/joshhlee/interbotix_ws/install/interbotix_common_modules:/opt/ros/galactic /usr/bin/cmake --build /home/joshhlee/me326_ws/src/collaborative_robotics_course/build/la_msgs -- -j4 -l4
[4.575s] DEBUG:colcon.colcon_core.event_handler.log_command:Invoking command in '/home/joshhlee/me326_ws/src/collaborative_robotics_course/build/la_msgs': CMAKE_PREFIX_PATH=${CMAKE_PREFIX_PATH}:/home/joshhlee/interbotix_ws/install/interbotix_xs_modules:/home/joshhlee/interbotix_ws/install/interbotix_perception_modules:/home/joshhlee/interbotix_ws/install/interbotix_common_modules:/opt/ros/galactic /usr/bin/cmake --install /home/joshhlee/me326_ws/src/collaborative_robotics_course/build/la_msgs
[4.626s] Level 1:colcon.colcon_core.environment:create_environment_scripts_only(la_msgs)
[4.626s] DEBUG:colcon.colcon_core.event_handler.log_command:Invoked command in '/home/joshhlee/me326_ws/src/collaborative_robotics_course/build/la_msgs' returned '0': CMAKE_PREFIX_PATH=${CMAKE_PREFIX_PATH}:/home/joshhlee/interbotix_ws/install/interbotix_xs_modules:/home/joshhlee/interbotix_ws/install/interbotix_perception_modules:/home/joshhlee/interbotix_ws/install/interbotix_common_modules:/opt/ros/galactic /usr/bin/cmake --install /home/joshhlee/me326_ws/src/collaborative_robotics_course/build/la_msgs
[4.682s] Level 1:colcon.colcon_core.environment:checking '/home/joshhlee/me326_ws/src/collaborative_robotics_course/install/la_msgs' for CMake module files
[4.683s] Level 1:colcon.colcon_core.environment:checking '/home/joshhlee/me326_ws/src/collaborative_robotics_course/install/la_msgs' for CMake config files
[4.683s] Level 1:colcon.colcon_core.shell:create_environment_hook('la_msgs', 'cmake_prefix_path')
[4.734s] INFO:colcon.colcon_core.shell:Creating environment hook '/home/joshhlee/me326_ws/src/collaborative_robotics_course/install/la_msgs/share/la_msgs/hook/cmake_prefix_path.ps1'
[4.735s] INFO:colcon.colcon_core.shell:Creating environment descriptor '/home/joshhlee/me326_ws/src/collaborative_robotics_course/install/la_msgs/share/la_msgs/hook/cmake_prefix_path.dsv'
[4.735s] INFO:colcon.colcon_core.shell:Creating environment hook '/home/joshhlee/me326_ws/src/collaborative_robotics_course/install/la_msgs/share/la_msgs/hook/cmake_prefix_path.sh'
[4.736s] Level 1:colcon.colcon_core.environment:checking '/home/joshhlee/me326_ws/src/collaborative_robotics_course/install/la_msgs/lib'
[4.736s] Level 1:colcon.colcon_core.shell:create_environment_hook('la_msgs', 'ld_library_path_lib')
[4.790s] INFO:colcon.colcon_core.shell:Creating environment hook '/home/joshhlee/me326_ws/src/collaborative_robotics_course/install/la_msgs/share/la_msgs/hook/ld_library_path_lib.ps1'
[4.791s] INFO:colcon.colcon_core.shell:Creating environment descriptor '/home/joshhlee/me326_ws/src/collaborative_robotics_course/install/la_msgs/share/la_msgs/hook/ld_library_path_lib.dsv'
[4.791s] INFO:colcon.colcon_core.shell:Creating environment hook '/home/joshhlee/me326_ws/src/collaborative_robotics_course/install/la_msgs/share/la_msgs/hook/ld_library_path_lib.sh'
[4.791s] Level 1:colcon.colcon_core.environment:checking '/home/joshhlee/me326_ws/src/collaborative_robotics_course/install/la_msgs/bin'
[4.791s] Level 1:colcon.colcon_core.environment:checking '/home/joshhlee/me326_ws/src/collaborative_robotics_course/install/la_msgs/lib/pkgconfig/la_msgs.pc'
[4.791s] Level 1:colcon.colcon_core.environment:checking '/home/joshhlee/me326_ws/src/collaborative_robotics_course/install/la_msgs/lib/python3.8/site-packages'
[4.791s] Level 1:colcon.colcon_core.shell:create_environment_hook('la_msgs', 'pythonpath')
[4.844s] INFO:colcon.colcon_core.shell:Creating environment hook '/home/joshhlee/me326_ws/src/collaborative_robotics_course/install/la_msgs/share/la_msgs/hook/pythonpath.ps1'
[4.844s] INFO:colcon.colcon_core.shell:Creating environment descriptor '/home/joshhlee/me326_ws/src/collaborative_robotics_course/install/la_msgs/share/la_msgs/hook/pythonpath.dsv'
[4.844s] INFO:colcon.colcon_core.shell:Creating environment hook '/home/joshhlee/me326_ws/src/collaborative_robotics_course/install/la_msgs/share/la_msgs/hook/pythonpath.sh'
[4.844s] Level 1:colcon.colcon_core.environment:checking '/home/joshhlee/me326_ws/src/collaborative_robotics_course/install/la_msgs/bin'
[4.900s] INFO:colcon.colcon_core.shell:Creating package script '/home/joshhlee/me326_ws/src/collaborative_robotics_course/install/la_msgs/share/la_msgs/package.ps1'
[4.901s] INFO:colcon.colcon_core.shell:Creating package descriptor '/home/joshhlee/me326_ws/src/collaborative_robotics_course/install/la_msgs/share/la_msgs/package.dsv'
[4.901s] INFO:colcon.colcon_core.shell:Creating package script '/home/joshhlee/me326_ws/src/collaborative_robotics_course/install/la_msgs/share/la_msgs/package.sh'
[4.902s] INFO:colcon.colcon_core.shell:Creating package script '/home/joshhlee/me326_ws/src/collaborative_robotics_course/install/la_msgs/share/la_msgs/package.bash'
[4.902s] INFO:colcon.colcon_core.shell:Creating package script '/home/joshhlee/me326_ws/src/collaborative_robotics_course/install/la_msgs/share/la_msgs/package.zsh'
[4.903s] Level 1:colcon.colcon_core.environment:create_file_with_runtime_dependencies(/home/joshhlee/me326_ws/src/collaborative_robotics_course/install/la_msgs/share/colcon-core/packages/la_msgs)
[5.011s] Level 1:colcon.colcon_core.environment:create_environment_scripts_only(la_msgs)
[5.070s] Level 1:colcon.colcon_core.environment:checking '/home/joshhlee/me326_ws/src/collaborative_robotics_course/install/la_msgs' for CMake module files
[5.070s] Level 1:colcon.colcon_core.environment:checking '/home/joshhlee/me326_ws/src/collaborative_robotics_course/install/la_msgs' for CMake config files
[5.071s] Level 1:colcon.colcon_core.shell:create_environment_hook('la_msgs', 'cmake_prefix_path')
[5.130s] INFO:colcon.colcon_core.shell:Creating environment hook '/home/joshhlee/me326_ws/src/collaborative_robotics_course/install/la_msgs/share/la_msgs/hook/cmake_prefix_path.ps1'
[5.130s] INFO:colcon.colcon_core.shell:Creating environment descriptor '/home/joshhlee/me326_ws/src/collaborative_robotics_course/install/la_msgs/share/la_msgs/hook/cmake_prefix_path.dsv'
[5.130s] INFO:colcon.colcon_core.shell:Creating environment hook '/home/joshhlee/me326_ws/src/collaborative_robotics_course/install/la_msgs/share/la_msgs/hook/cmake_prefix_path.sh'
[5.131s] Level 1:colcon.colcon_core.environment:checking '/home/joshhlee/me326_ws/src/collaborative_robotics_course/install/la_msgs/lib'
[5.131s] Level 1:colcon.colcon_core.shell:create_environment_hook('la_msgs', 'ld_library_path_lib')
[5.194s] INFO:colcon.colcon_core.shell:Creating environment hook '/home/joshhlee/me326_ws/src/collaborative_robotics_course/install/la_msgs/share/la_msgs/hook/ld_library_path_lib.ps1'
[5.195s] INFO:colcon.colcon_core.shell:Creating environment descriptor '/home/joshhlee/me326_ws/src/collaborative_robotics_course/install/la_msgs/share/la_msgs/hook/ld_library_path_lib.dsv'
[5.195s] INFO:colcon.colcon_core.shell:Creating environment hook '/home/joshhlee/me326_ws/src/collaborative_robotics_course/install/la_msgs/share/la_msgs/hook/ld_library_path_lib.sh'
[5.196s] Level 1:colcon.colcon_core.environment:checking '/home/joshhlee/me326_ws/src/collaborative_robotics_course/install/la_msgs/bin'
[5.196s] Level 1:colcon.colcon_core.environment:checking '/home/joshhlee/me326_ws/src/collaborative_robotics_course/install/la_msgs/lib/pkgconfig/la_msgs.pc'
[5.196s] Level 1:colcon.colcon_core.environment:checking '/home/joshhlee/me326_ws/src/collaborative_robotics_course/install/la_msgs/lib/python3.8/site-packages'
[5.196s] Level 1:colcon.colcon_core.shell:create_environment_hook('la_msgs', 'pythonpath')
[5.255s] INFO:colcon.colcon_core.shell:Creating environment hook '/home/joshhlee/me326_ws/src/collaborative_robotics_course/install/la_msgs/share/la_msgs/hook/pythonpath.ps1'
[5.255s] INFO:colcon.colcon_core.shell:Creating environment descriptor '/home/joshhlee/me326_ws/src/collaborative_robotics_course/install/la_msgs/share/la_msgs/hook/pythonpath.dsv'
[5.255s] INFO:colcon.colcon_core.shell:Creating environment hook '/home/joshhlee/me326_ws/src/collaborative_robotics_course/install/la_msgs/share/la_msgs/hook/pythonpath.sh'
[5.256s] Level 1:colcon.colcon_core.environment:checking '/home/joshhlee/me326_ws/src/collaborative_robotics_course/install/la_msgs/bin'
[5.314s] INFO:colcon.colcon_core.shell:Creating package script '/home/joshhlee/me326_ws/src/collaborative_robotics_course/install/la_msgs/share/la_msgs/package.ps1'
[5.314s] INFO:colcon.colcon_core.shell:Creating package descriptor '/home/joshhlee/me326_ws/src/collaborative_robotics_course/install/la_msgs/share/la_msgs/package.dsv'
[5.315s] INFO:colcon.colcon_core.shell:Creating package script '/home/joshhlee/me326_ws/src/collaborative_robotics_course/install/la_msgs/share/la_msgs/package.sh'
[5.315s] INFO:colcon.colcon_core.shell:Creating package script '/home/joshhlee/me326_ws/src/collaborative_robotics_course/install/la_msgs/share/la_msgs/package.bash'
[5.315s] INFO:colcon.colcon_core.shell:Creating package script '/home/joshhlee/me326_ws/src/collaborative_robotics_course/install/la_msgs/share/la_msgs/package.zsh'
[5.316s] Level 1:colcon.colcon_core.environment:create_file_with_runtime_dependencies(/home/joshhlee/me326_ws/src/collaborative_robotics_course/install/la_msgs/share/colcon-core/packages/la_msgs)
[14.413s] DEBUG:colcon.colcon_core.event_handler.log_command:Invoked command in '/home/joshhlee/me326_ws/src/collaborative_robotics_course/build/me326_project' returned '0': CMAKE_PREFIX_PATH=${CMAKE_PREFIX_PATH}:/home/joshhlee/interbotix_ws/install/interbotix_xs_modules:/home/joshhlee/interbotix_ws/install/interbotix_perception_modules:/home/joshhlee/interbotix_ws/install/interbotix_common_modules:/opt/ros/galactic /usr/bin/cmake --build /home/joshhlee/me326_ws/src/collaborative_robotics_course/build/me326_project -- -j4 -l4
[14.476s] DEBUG:colcon.colcon_core.event_handler.log_command:Invoking command in '/home/joshhlee/me326_ws/src/collaborative_robotics_course/build/me326_project': CMAKE_PREFIX_PATH=${CMAKE_PREFIX_PATH}:/home/joshhlee/interbotix_ws/install/interbotix_xs_modules:/home/joshhlee/interbotix_ws/install/interbotix_perception_modules:/home/joshhlee/interbotix_ws/install/interbotix_common_modules:/opt/ros/galactic /usr/bin/cmake --install /home/joshhlee/me326_ws/src/collaborative_robotics_course/build/me326_project
[14.560s] Level 1:colcon.colcon_core.environment:create_environment_scripts_only(me326_project)
[14.561s] DEBUG:colcon.colcon_core.event_handler.log_command:Invoked command in '/home/joshhlee/me326_ws/src/collaborative_robotics_course/build/me326_project' returned '0': CMAKE_PREFIX_PATH=${CMAKE_PREFIX_PATH}:/home/joshhlee/interbotix_ws/install/interbotix_xs_modules:/home/joshhlee/interbotix_ws/install/interbotix_perception_modules:/home/joshhlee/interbotix_ws/install/interbotix_common_modules:/opt/ros/galactic /usr/bin/cmake --install /home/joshhlee/me326_ws/src/collaborative_robotics_course/build/me326_project
[14.628s] Level 1:colcon.colcon_core.environment:checking '/home/joshhlee/me326_ws/src/collaborative_robotics_course/install/me326_project' for CMake module files
[14.628s] Level 1:colcon.colcon_core.environment:checking '/home/joshhlee/me326_ws/src/collaborative_robotics_course/install/me326_project' for CMake config files
[14.629s] Level 1:colcon.colcon_core.shell:create_environment_hook('me326_project', 'cmake_prefix_path')
[14.681s] INFO:colcon.colcon_core.shell:Creating environment hook '/home/joshhlee/me326_ws/src/collaborative_robotics_course/install/me326_project/share/me326_project/hook/cmake_prefix_path.ps1'
[14.682s] INFO:colcon.colcon_core.shell:Creating environment descriptor '/home/joshhlee/me326_ws/src/collaborative_robotics_course/install/me326_project/share/me326_project/hook/cmake_prefix_path.dsv'
[14.683s] INFO:colcon.colcon_core.shell:Creating environment hook '/home/joshhlee/me326_ws/src/collaborative_robotics_course/install/me326_project/share/me326_project/hook/cmake_prefix_path.sh'
[14.683s] Level 1:colcon.colcon_core.environment:checking '/home/joshhlee/me326_ws/src/collaborative_robotics_course/install/me326_project/lib'
[14.683s] Level 1:colcon.colcon_core.shell:create_environment_hook('me326_project', 'ld_library_path_lib')
[14.736s] INFO:colcon.colcon_core.shell:Creating environment hook '/home/joshhlee/me326_ws/src/collaborative_robotics_course/install/me326_project/share/me326_project/hook/ld_library_path_lib.ps1'
[14.737s] INFO:colcon.colcon_core.shell:Creating environment descriptor '/home/joshhlee/me326_ws/src/collaborative_robotics_course/install/me326_project/share/me326_project/hook/ld_library_path_lib.dsv'
[14.737s] INFO:colcon.colcon_core.shell:Creating environment hook '/home/joshhlee/me326_ws/src/collaborative_robotics_course/install/me326_project/share/me326_project/hook/ld_library_path_lib.sh'
[14.738s] Level 1:colcon.colcon_core.environment:checking '/home/joshhlee/me326_ws/src/collaborative_robotics_course/install/me326_project/bin'
[14.738s] Level 1:colcon.colcon_core.environment:checking '/home/joshhlee/me326_ws/src/collaborative_robotics_course/install/me326_project/lib/pkgconfig/me326_project.pc'
[14.740s] Level 1:colcon.colcon_core.environment:checking '/home/joshhlee/me326_ws/src/collaborative_robotics_course/install/me326_project/lib/python3.8/site-packages'
[14.740s] Level 1:colcon.colcon_core.shell:create_environment_hook('me326_project', 'pythonpath')
[14.795s] INFO:colcon.colcon_core.shell:Creating environment hook '/home/joshhlee/me326_ws/src/collaborative_robotics_course/install/me326_project/share/me326_project/hook/pythonpath.ps1'
[14.796s] INFO:colcon.colcon_core.shell:Creating environment descriptor '/home/joshhlee/me326_ws/src/collaborative_robotics_course/install/me326_project/share/me326_project/hook/pythonpath.dsv'
[14.796s] INFO:colcon.colcon_core.shell:Creating environment hook '/home/joshhlee/me326_ws/src/collaborative_robotics_course/install/me326_project/share/me326_project/hook/pythonpath.sh'
[14.796s] Level 1:colcon.colcon_core.environment:checking '/home/joshhlee/me326_ws/src/collaborative_robotics_course/install/me326_project/bin'
[14.847s] INFO:colcon.colcon_core.shell:Creating package script '/home/joshhlee/me326_ws/src/collaborative_robotics_course/install/me326_project/share/me326_project/package.ps1'
[14.847s] INFO:colcon.colcon_core.shell:Creating package descriptor '/home/joshhlee/me326_ws/src/collaborative_robotics_course/install/me326_project/share/me326_project/package.dsv'
[14.847s] INFO:colcon.colcon_core.shell:Creating package script '/home/joshhlee/me326_ws/src/collaborative_robotics_course/install/me326_project/share/me326_project/package.sh'
[14.848s] INFO:colcon.colcon_core.shell:Creating package script '/home/joshhlee/me326_ws/src/collaborative_robotics_course/install/me326_project/share/me326_project/package.bash'
[14.848s] INFO:colcon.colcon_core.shell:Creating package script '/home/joshhlee/me326_ws/src/collaborative_robotics_course/install/me326_project/share/me326_project/package.zsh'
[14.848s] Level 1:colcon.colcon_core.environment:create_file_with_runtime_dependencies(/home/joshhlee/me326_ws/src/collaborative_robotics_course/install/me326_project/share/colcon-core/packages/me326_project)
[14.938s] Level 1:colcon.colcon_core.environment:create_environment_scripts_only(me326_project)
[14.987s] Level 1:colcon.colcon_core.environment:checking '/home/joshhlee/me326_ws/src/collaborative_robotics_course/install/me326_project' for CMake module files
[14.987s] Level 1:colcon.colcon_core.environment:checking '/home/joshhlee/me326_ws/src/collaborative_robotics_course/install/me326_project' for CMake config files
[14.988s] Level 1:colcon.colcon_core.shell:create_environment_hook('me326_project', 'cmake_prefix_path')
[15.036s] INFO:colcon.colcon_core.shell:Creating environment hook '/home/joshhlee/me326_ws/src/collaborative_robotics_course/install/me326_project/share/me326_project/hook/cmake_prefix_path.ps1'
[15.036s] INFO:colcon.colcon_core.shell:Creating environment descriptor '/home/joshhlee/me326_ws/src/collaborative_robotics_course/install/me326_project/share/me326_project/hook/cmake_prefix_path.dsv'
[15.037s] INFO:colcon.colcon_core.shell:Creating environment hook '/home/joshhlee/me326_ws/src/collaborative_robotics_course/install/me326_project/share/me326_project/hook/cmake_prefix_path.sh'
[15.037s] Level 1:colcon.colcon_core.environment:checking '/home/joshhlee/me326_ws/src/collaborative_robotics_course/install/me326_project/lib'
[15.037s] Level 1:colcon.colcon_core.shell:create_environment_hook('me326_project', 'ld_library_path_lib')
[15.087s] INFO:colcon.colcon_core.shell:Creating environment hook '/home/joshhlee/me326_ws/src/collaborative_robotics_course/install/me326_project/share/me326_project/hook/ld_library_path_lib.ps1'
[15.088s] INFO:colcon.colcon_core.shell:Creating environment descriptor '/home/joshhlee/me326_ws/src/collaborative_robotics_course/install/me326_project/share/me326_project/hook/ld_library_path_lib.dsv'
[15.088s] INFO:colcon.colcon_core.shell:Creating environment hook '/home/joshhlee/me326_ws/src/collaborative_robotics_course/install/me326_project/share/me326_project/hook/ld_library_path_lib.sh'
[15.088s] Level 1:colcon.colcon_core.environment:checking '/home/joshhlee/me326_ws/src/collaborative_robotics_course/install/me326_project/bin'
[15.088s] Level 1:colcon.colcon_core.environment:checking '/home/joshhlee/me326_ws/src/collaborative_robotics_course/install/me326_project/lib/pkgconfig/me326_project.pc'
[15.088s] Level 1:colcon.colcon_core.environment:checking '/home/joshhlee/me326_ws/src/collaborative_robotics_course/install/me326_project/lib/python3.8/site-packages'
[15.088s] Level 1:colcon.colcon_core.shell:create_environment_hook('me326_project', 'pythonpath')
[15.138s] INFO:colcon.colcon_core.shell:Creating environment hook '/home/joshhlee/me326_ws/src/collaborative_robotics_course/install/me326_project/share/me326_project/hook/pythonpath.ps1'
[15.139s] INFO:colcon.colcon_core.shell:Creating environment descriptor '/home/joshhlee/me326_ws/src/collaborative_robotics_course/install/me326_project/share/me326_project/hook/pythonpath.dsv'
[15.139s] INFO:colcon.colcon_core.shell:Creating environment hook '/home/joshhlee/me326_ws/src/collaborative_robotics_course/install/me326_project/share/me326_project/hook/pythonpath.sh'
[15.139s] Level 1:colcon.colcon_core.environment:checking '/home/joshhlee/me326_ws/src/collaborative_robotics_course/install/me326_project/bin'
[15.189s] INFO:colcon.colcon_core.shell:Creating package script '/home/joshhlee/me326_ws/src/collaborative_robotics_course/install/me326_project/share/me326_project/package.ps1'
[15.190s] INFO:colcon.colcon_core.shell:Creating package descriptor '/home/joshhlee/me326_ws/src/collaborative_robotics_course/install/me326_project/share/me326_project/package.dsv'
[15.190s] INFO:colcon.colcon_core.shell:Creating package script '/home/joshhlee/me326_ws/src/collaborative_robotics_course/install/me326_project/share/me326_project/package.sh'
[15.190s] INFO:colcon.colcon_core.shell:Creating package script '/home/joshhlee/me326_ws/src/collaborative_robotics_course/install/me326_project/share/me326_project/package.bash'
[15.190s] INFO:colcon.colcon_core.shell:Creating package script '/home/joshhlee/me326_ws/src/collaborative_robotics_course/install/me326_project/share/me326_project/package.zsh'
[15.190s] Level 1:colcon.colcon_core.environment:create_file_with_runtime_dependencies(/home/joshhlee/me326_ws/src/collaborative_robotics_course/install/me326_project/share/colcon-core/packages/me326_project)
[15.191s] DEBUG:colcon.colcon_parallel_executor.executor.parallel:closing loop
[15.191s] DEBUG:colcon.colcon_parallel_executor.executor.parallel:loop closed
[15.191s] DEBUG:colcon.colcon_parallel_executor.executor.parallel:run_until_complete finished with '0'
[15.191s] DEBUG:colcon.colcon_core.event_reactor:joining thread
[15.262s] INFO:colcon.colcon_core.plugin_system:Skipping extension 'colcon_notification.desktop_notification.terminal_notifier': Not used on non-Darwin systems
[15.263s] INFO:colcon.colcon_core.plugin_system:Skipping extension 'colcon_notification.desktop_notification.win32': Not used on non-Windows systems
[15.263s] INFO:colcon.colcon_notification.desktop_notification:Sending desktop notification using 'notify2'
[15.283s] DEBUG:colcon.colcon_core.event_reactor:joined thread
[15.336s] INFO:colcon.colcon_core.shell:Creating prefix script '/home/joshhlee/me326_ws/src/collaborative_robotics_course/install/local_setup.ps1'
[15.337s] INFO:colcon.colcon_core.shell:Creating prefix util module '/home/joshhlee/me326_ws/src/collaborative_robotics_course/install/_local_setup_util_ps1.py'
[15.338s] INFO:colcon.colcon_core.shell:Creating prefix chain script '/home/joshhlee/me326_ws/src/collaborative_robotics_course/install/setup.ps1'
[15.391s] INFO:colcon.colcon_core.shell:Creating prefix script '/home/joshhlee/me326_ws/src/collaborative_robotics_course/install/local_setup.sh'
[15.391s] INFO:colcon.colcon_core.shell:Creating prefix util module '/home/joshhlee/me326_ws/src/collaborative_robotics_course/install/_local_setup_util_sh.py'
[15.391s] INFO:colcon.colcon_core.shell:Creating prefix chain script '/home/joshhlee/me326_ws/src/collaborative_robotics_course/install/setup.sh'
[15.442s] INFO:colcon.colcon_core.shell:Creating prefix script '/home/joshhlee/me326_ws/src/collaborative_robotics_course/install/local_setup.bash'
[15.443s] INFO:colcon.colcon_core.shell:Creating prefix chain script '/home/joshhlee/me326_ws/src/collaborative_robotics_course/install/setup.bash'
[15.494s] INFO:colcon.colcon_core.shell:Creating prefix script '/home/joshhlee/me326_ws/src/collaborative_robotics_course/install/local_setup.zsh'
[15.494s] INFO:colcon.colcon_core.shell:Creating prefix chain script '/home/joshhlee/me326_ws/src/collaborative_robotics_course/install/setup.zsh'
