-- Found ament_cmake: 1.1.6 (/opt/ros/galactic/share/ament_cmake/cmake)
-- Found PythonInterp: /usr/bin/python3 (found suitable version "3.8.10", minimum required is "3") 
-- Using PYTHON_EXECUTABLE: /usr/bin/python3
-- Found rosidl_default_generators: 1.1.1 (/opt/ros/galactic/share/rosidl_default_generators/cmake)
-- Using all available rosidl_typesupport_c: rosidl_typesupport_fastrtps_c;rosidl_typesupport_introspection_c
-- Found rosidl_adapter: 2.2.3 (/opt/ros/galactic/share/rosidl_adapter/cmake)
-- Using all available rosidl_typesupport_cpp: rosidl_typesupport_fastrtps_cpp;rosidl_typesupport_introspection_cpp
-- Found geometry_msgs: 2.2.4 (/opt/ros/galactic/share/geometry_msgs/cmake)
-- Found PythonInterp: /usr/bin/python3 (found version "3.8.10") 
-- Found ament_cmake_ros: 0.9.2 (/opt/ros/galactic/share/ament_cmake_ros/cmake)
-- Using all available rosidl_typesupport_c: rosidl_typesupport_fastrtps_c;rosidl_typesupport_introspection_c
-- Using all available rosidl_typesupport_cpp: rosidl_typesupport_fastrtps_cpp;rosidl_typesupport_introspection_cpp
-- Found PythonInterp: /usr/bin/python3 (found suitable version "3.8.10", minimum required is "3.5") 
-- Found python_cmake_module: 0.8.1 (/opt/ros/galactic/share/python_cmake_module/cmake)
-- Using PYTHON_EXECUTABLE: /usr/bin/python3
-- Using PYTHON_INCLUDE_DIRS: /usr/include/python3.8
-- Using PYTHON_LIBRARIES: /usr/lib/aarch64-linux-gnu/libpython3.8.so
-- Found ament_lint_auto: 0.10.7 (/opt/ros/galactic/share/ament_lint_auto/cmake)
-- Added test 'copyright' to check source files copyright and LICENSE
-- Added test 'flake8' to check Python code syntax and style conventions
-- Added test 'lint_cmake' to check CMake code style
-- Added test 'pep257' to check Python code against some of the style conventions in PEP 257
-- Added test 'xmllint' to check XML markup files
-- Configuring done
-- Generating done
-- Build files have been written to: /home/joshhlee/me326_ws/src/collab_robotics/build/locobot_interfaces
[35m[1mScanning dependencies of target locobot_interfaces__cpp[0m
[  1%] [34m[1mGenerating C++ code for ROS interfaces[0m
[  1%] Built target locobot_interfaces__cpp
[  3%] [34m[1mGenerating C code for ROS interfaces[0m
[35m[1mScanning dependencies of target locobot_interfaces__rosidl_generator_c[0m
[  4%] [32mBuilding C object CMakeFiles/locobot_interfaces__rosidl_generator_c.dir/rosidl_generator_c/locobot_interfaces/action/detail/move_arm__functions.c.o[0m
[  6%] [32mBuilding C object CMakeFiles/locobot_interfaces__rosidl_generator_c.dir/rosidl_generator_c/locobot_interfaces/action/detail/move_gripper__functions.c.o[0m
[  7%] [32mBuilding C object CMakeFiles/locobot_interfaces__rosidl_generator_c.dir/rosidl_generator_c/locobot_interfaces/action/detail/move_base__functions.c.o[0m
[  9%] [32mBuilding C object CMakeFiles/locobot_interfaces__rosidl_generator_c.dir/rosidl_generator_c/locobot_interfaces/srv/detail/set_pose__functions.c.o[0m
[ 11%] [32mBuilding C object CMakeFiles/locobot_interfaces__rosidl_generator_c.dir/rosidl_generator_c/locobot_interfaces/srv/detail/block_color__functions.c.o[0m
[ 12%] [32m[1mLinking C shared library liblocobot_interfaces__rosidl_generator_c.so[0m
[ 12%] Built target locobot_interfaces__rosidl_generator_c
[ 14%] [34m[1mGenerating C++ introspection for ROS interfaces[0m
[35m[1mScanning dependencies of target locobot_interfaces__rosidl_typesupport_introspection_cpp[0m
[ 15%] [32mBuilding CXX object CMakeFiles/locobot_interfaces__rosidl_typesupport_introspection_cpp.dir/rosidl_typesupport_introspection_cpp/locobot_interfaces/action/detail/move_arm__type_support.cpp.o[0m
[ 17%] [32mBuilding CXX object CMakeFiles/locobot_interfaces__rosidl_typesupport_introspection_cpp.dir/rosidl_typesupport_introspection_cpp/locobot_interfaces/action/detail/move_gripper__type_support.cpp.o[0m
[ 19%] [32mBuilding CXX object CMakeFiles/locobot_interfaces__rosidl_typesupport_introspection_cpp.dir/rosidl_typesupport_introspection_cpp/locobot_interfaces/action/detail/move_base__type_support.cpp.o[0m
[ 20%] [32mBuilding CXX object CMakeFiles/locobot_interfaces__rosidl_typesupport_introspection_cpp.dir/rosidl_typesupport_introspection_cpp/locobot_interfaces/srv/detail/set_pose__type_support.cpp.o[0m
[ 22%] [32mBuilding CXX object CMakeFiles/locobot_interfaces__rosidl_typesupport_introspection_cpp.dir/rosidl_typesupport_introspection_cpp/locobot_interfaces/srv/detail/block_color__type_support.cpp.o[0m
[ 23%] [32m[1mLinking CXX shared library liblocobot_interfaces__rosidl_typesupport_introspection_cpp.so[0m
[ 23%] Built target locobot_interfaces__rosidl_typesupport_introspection_cpp
[ 25%] [34m[1mGenerating C type support dispatch for ROS interfaces[0m
[35m[1mScanning dependencies of target locobot_interfaces__rosidl_typesupport_c[0m
[ 26%] [32mBuilding CXX object CMakeFiles/locobot_interfaces__rosidl_typesupport_c.dir/rosidl_typesupport_c/locobot_interfaces/action/move_arm__type_support.cpp.o[0m
[ 28%] [32mBuilding CXX object CMakeFiles/locobot_interfaces__rosidl_typesupport_c.dir/rosidl_typesupport_c/locobot_interfaces/action/move_gripper__type_support.cpp.o[0m
[ 30%] [32mBuilding CXX object CMakeFiles/locobot_interfaces__rosidl_typesupport_c.dir/rosidl_typesupport_c/locobot_interfaces/action/move_base__type_support.cpp.o[0m
[ 31%] [32mBuilding CXX object CMakeFiles/locobot_interfaces__rosidl_typesupport_c.dir/rosidl_typesupport_c/locobot_interfaces/srv/set_pose__type_support.cpp.o[0m
[ 33%] [32mBuilding CXX object CMakeFiles/locobot_interfaces__rosidl_typesupport_c.dir/rosidl_typesupport_c/locobot_interfaces/srv/block_color__type_support.cpp.o[0m
[ 34%] [32m[1mLinking CXX shared library liblocobot_interfaces__rosidl_typesupport_c.so[0m
[ 34%] Built target locobot_interfaces__rosidl_typesupport_c
[ 36%] [34m[1mGenerating C introspection for ROS interfaces[0m
make[2]: *** Deleting file 'rosidl_typesupport_introspection_c/locobot_interfaces/action/detail/move_arm__rosidl_typesupport_introspection_c.h'
Traceback (most recent call last):
  File "/opt/ros/galactic/lib/rosidl_typesupport_introspection_c/rosidl_typesupport_introspection_c", line 23, in <module>
    sys.exit(main())
  File "/opt/ros/galactic/lib/rosidl_typesupport_introspection_c/rosidl_typesupport_introspection_c", line 19, in main
    generate_c(args.generator_arguments_file)
  File "/opt/ros/galactic/lib/python3.8/site-packages/rosidl_typesupport_introspection_c/__init__.py", line 24, in generate_c
    return generate_files(generator_arguments_file, mapping)
  File "/opt/ros/galactic/lib/python3.8/site-packages/rosidl_cmake/__init__.py", line 87, in generate_files
    expand_template(
  File "/opt/ros/galactic/lib/python3.8/site-packages/rosidl_cmake/__init__.py", line 149, in expand_template
    interpreter.string(template_content, template_path, locals=data)
  File "/usr/lib/python3/dist-packages/em.py", line 2391, in string
    self.safe(scanner, True, locals)
  File "/usr/lib/python3/dist-packages/em.py", line 2401, in safe
    self.parse(scanner, locals)
  File "/usr/lib/python3/dist-packages/em.py", line 2421, in parse
    token.run(self, locals)
  File "/usr/lib/python3/dist-packages/em.py", line 1547, in run
    self.subrun(info[0][1], interpreter, locals)
  File "/usr/lib/python3/dist-packages/em.py", line 1631, in subrun
    token.run(interpreter, locals)
  File "/usr/lib/python3/dist-packages/em.py", line 1425, in run
    interpreter.execute(self.code, locals)
  File "/usr/lib/python3/dist-packages/em.py", line 2595, in execute
    _exec(statements, self.globals, locals)
  File "<string>", line 2, in <module>
  File "/opt/ros/galactic/lib/python3.8/site-packages/rosidl_cmake/__init__.py", line 198, in _expand_template
    interpreter.string(content, str(template_path), kwargs)
  File "/usr/lib/python3/dist-packages/em.py", line 2391, in string
    self.safe(scanner, True, locals)
  File "/usr/lib/python3/dist-packages/em.py", line 2401, in safe
    self.parse(scanner, locals)
  File "/usr/lib/python3/dist-packages/em.py", line 2421, in parse
    token.run(self, locals)
  File "/usr/lib/python3/dist-packages/em.py", line 1425, in run
    interpreter.execute(self.code, locals)
  File "/usr/lib/python3/dist-packages/em.py", line 2595, in execute
    _exec(statements, self.globals, locals)
  File "<string>", line 2, in <module>
  File "/opt/ros/galactic/lib/python3.8/site-packages/rosidl_cmake/__init__.py", line 198, in _expand_template
    interpreter.string(content, str(template_path), kwargs)
  File "/usr/lib/python3/dist-packages/em.py", line 2391, in string
    self.safe(scanner, True, locals)
  File "/usr/lib/python3/dist-packages/em.py", line 2401, in safe
    self.parse(scanner, locals)
  File "/usr/lib/python3/dist-packages/em.py", line 2417, in parse
    token = scanner.one()
  File "/usr/lib/python3/dist-packages/em.py", line 1984, in one
    token.scan(self)
  File "/usr/lib/python3/dist-packages/em.py", line 1468, in scan
    self.subscan(scanner, self.type)
  File "/usr/lib/python3/dist-packages/em.py", line 1483, in subscan
    token = scanner.one()
  File "/usr/lib/python3/dist-packages/em.py", line 1984, in one
    token.scan(self)
  File "/usr/lib/python3/dist-packages/em.py", line 1468, in scan
    self.subscan(scanner, self.type)
  File "/usr/lib/python3/dist-packages/em.py", line 1483, in subscan
    token = scanner.one()
  File "/usr/lib/python3/dist-packages/em.py", line 1984, in one
    token.scan(self)
  File "/usr/lib/python3/dist-packages/em.py", line 1311, in scan
    q = scanner.next('$', 0, z, True)
  File "/usr/lib/python3/dist-packages/em.py", line 1818, in next
    newQuote = self.check(i, quote)
  File "/usr/lib/python3/dist-packages/em.py", line 1762, in check
    def check(self, i, archetype=None):
KeyboardInterrupt
Exception ignored in: <function Interpreter.__del__ at 0xffffa8977f70>
Traceback (most recent call last):
  File "/usr/lib/python3/dist-packages/em.py", line 2094, in __del__
  File "/usr/lib/python3/dist-packages/em.py", line 2157, in shutdown
  File "/usr/lib/python3/dist-packages/em.py", line 2646, in finalize
  File "/usr/lib/python3/dist-packages/em.py", line 2200, in push
AttributeError: '_io.TextIOWrapper' object has no attribute 'push'
make[2]: *** [CMakeFiles/locobot_interfaces__rosidl_typesupport_introspection_c.dir/build.make:140: rosidl_typesupport_introspection_c/locobot_interfaces/action/detail/move_arm__rosidl_typesupport_introspection_c.h] Interrupt
make[1]: *** [CMakeFiles/Makefile2:380: CMakeFiles/locobot_interfaces__rosidl_typesupport_introspection_c.dir/all] Interrupt
make: *** [Makefile:141: all] Interrupt
