[0.851s] Invoking command in '/home/joshhlee/me326_ws/src/collab_robotics/build/locobot_interfaces': CMAKE_PREFIX_PATH=${CMAKE_PREFIX_PATH}:/home/joshhlee/interbotix_ws/install/interbotix_xs_modules:/home/joshhlee/interbotix_ws/install/interbotix_perception_modules:/home/joshhlee/interbotix_ws/install/interbotix_common_modules:/home/joshhlee/me326_ws/install/opencv_tests:/opt/ros/galactic /usr/bin/cmake --build /home/joshhlee/me326_ws/src/collab_robotics/build/locobot_interfaces -- -j4 -l4
[0.995s] -- Found ament_cmake: 1.1.6 (/opt/ros/galactic/share/ament_cmake/cmake)
[1.069s] -- Found PythonInterp: /usr/bin/python3 (found suitable version "3.8.10", minimum required is "3") 
[1.069s] -- Using PYTHON_EXECUTABLE: /usr/bin/python3
[1.229s] -- Found rosidl_default_generators: 1.1.1 (/opt/ros/galactic/share/rosidl_default_generators/cmake)
[1.243s] -- Using all available rosidl_typesupport_c: rosidl_typesupport_fastrtps_c;rosidl_typesupport_introspection_c
[1.247s] -- Found rosidl_adapter: 2.2.3 (/opt/ros/galactic/share/rosidl_adapter/cmake)
[1.520s] -- Using all available rosidl_typesupport_cpp: rosidl_typesupport_fastrtps_cpp;rosidl_typesupport_introspection_cpp
[1.542s] -- Found geometry_msgs: 2.2.4 (/opt/ros/galactic/share/geometry_msgs/cmake)
[1.712s] -- Found PythonInterp: /usr/bin/python3 (found version "3.8.10") 
[2.176s] -- Found ament_cmake_ros: 0.9.2 (/opt/ros/galactic/share/ament_cmake_ros/cmake)
[2.806s] -- Using all available rosidl_typesupport_c: rosidl_typesupport_fastrtps_c;rosidl_typesupport_introspection_c
[2.941s] -- Using all available rosidl_typesupport_cpp: rosidl_typesupport_fastrtps_cpp;rosidl_typesupport_introspection_cpp
[3.004s] -- Found PythonInterp: /usr/bin/python3 (found suitable version "3.8.10", minimum required is "3.5") 
[3.004s] -- Found python_cmake_module: 0.8.1 (/opt/ros/galactic/share/python_cmake_module/cmake)
[3.077s] -- Using PYTHON_EXECUTABLE: /usr/bin/python3
[3.077s] -- Using PYTHON_INCLUDE_DIRS: /usr/include/python3.8
[3.077s] -- Using PYTHON_LIBRARIES: /usr/lib/aarch64-linux-gnu/libpython3.8.so
[3.192s] -- Found ament_lint_auto: 0.10.7 (/opt/ros/galactic/share/ament_lint_auto/cmake)
[3.201s] -- Added test 'copyright' to check source files copyright and LICENSE
[3.205s] -- Added test 'flake8' to check Python code syntax and style conventions
[3.205s] -- Added test 'lint_cmake' to check CMake code style
[3.205s] -- Added test 'pep257' to check Python code against some of the style conventions in PEP 257
[3.207s] -- Added test 'xmllint' to check XML markup files
[3.210s] -- Configuring done
[3.320s] -- Generating done
[3.331s] -- Build files have been written to: /home/joshhlee/me326_ws/src/collab_robotics/build/locobot_interfaces
[3.438s] [35m[1mScanning dependencies of target locobot_interfaces__cpp[0m
[3.476s] [  1%] [34m[1mGenerating C++ code for ROS interfaces[0m
[5.020s] [  1%] Built target locobot_interfaces__cpp
[5.081s] [  3%] [34m[1mGenerating C code for ROS interfaces[0m
[6.869s] [35m[1mScanning dependencies of target locobot_interfaces__rosidl_generator_c[0m
[6.938s] [  4%] [32mBuilding C object CMakeFiles/locobot_interfaces__rosidl_generator_c.dir/rosidl_generator_c/locobot_interfaces/action/detail/move_arm__functions.c.o[0m
[7.114s] [  6%] [32mBuilding C object CMakeFiles/locobot_interfaces__rosidl_generator_c.dir/rosidl_generator_c/locobot_interfaces/action/detail/move_gripper__functions.c.o[0m
[7.270s] [  7%] [32mBuilding C object CMakeFiles/locobot_interfaces__rosidl_generator_c.dir/rosidl_generator_c/locobot_interfaces/action/detail/move_base__functions.c.o[0m
[7.427s] [  9%] [32mBuilding C object CMakeFiles/locobot_interfaces__rosidl_generator_c.dir/rosidl_generator_c/locobot_interfaces/srv/detail/set_pose__functions.c.o[0m
[7.503s] [ 11%] [32mBuilding C object CMakeFiles/locobot_interfaces__rosidl_generator_c.dir/rosidl_generator_c/locobot_interfaces/srv/detail/block_color__functions.c.o[0m
[7.550s] [ 12%] [32m[1mLinking C shared library liblocobot_interfaces__rosidl_generator_c.so[0m
[7.634s] [ 12%] Built target locobot_interfaces__rosidl_generator_c
[7.659s] [ 14%] [34m[1mGenerating C++ introspection for ROS interfaces[0m
[8.653s] [35m[1mScanning dependencies of target locobot_interfaces__rosidl_typesupport_introspection_cpp[0m
[8.743s] [ 15%] [32mBuilding CXX object CMakeFiles/locobot_interfaces__rosidl_typesupport_introspection_cpp.dir/rosidl_typesupport_introspection_cpp/locobot_interfaces/action/detail/move_arm__type_support.cpp.o[0m
[9.465s] [ 17%] [32mBuilding CXX object CMakeFiles/locobot_interfaces__rosidl_typesupport_introspection_cpp.dir/rosidl_typesupport_introspection_cpp/locobot_interfaces/action/detail/move_gripper__type_support.cpp.o[0m
[9.918s] [ 19%] [32mBuilding CXX object CMakeFiles/locobot_interfaces__rosidl_typesupport_introspection_cpp.dir/rosidl_typesupport_introspection_cpp/locobot_interfaces/action/detail/move_base__type_support.cpp.o[0m
[10.421s] [ 20%] [32mBuilding CXX object CMakeFiles/locobot_interfaces__rosidl_typesupport_introspection_cpp.dir/rosidl_typesupport_introspection_cpp/locobot_interfaces/srv/detail/set_pose__type_support.cpp.o[0m
[10.790s] [ 22%] [32mBuilding CXX object CMakeFiles/locobot_interfaces__rosidl_typesupport_introspection_cpp.dir/rosidl_typesupport_introspection_cpp/locobot_interfaces/srv/detail/block_color__type_support.cpp.o[0m
[11.200s] [ 23%] [32m[1mLinking CXX shared library liblocobot_interfaces__rosidl_typesupport_introspection_cpp.so[0m
[11.317s] [ 23%] Built target locobot_interfaces__rosidl_typesupport_introspection_cpp
[11.375s] [ 25%] [34m[1mGenerating C type support dispatch for ROS interfaces[0m
[12.080s] [35m[1mScanning dependencies of target locobot_interfaces__rosidl_typesupport_c[0m
[12.165s] [ 26%] [32mBuilding CXX object CMakeFiles/locobot_interfaces__rosidl_typesupport_c.dir/rosidl_typesupport_c/locobot_interfaces/action/move_arm__type_support.cpp.o[0m
[12.268s] [ 28%] [32mBuilding CXX object CMakeFiles/locobot_interfaces__rosidl_typesupport_c.dir/rosidl_typesupport_c/locobot_interfaces/action/move_gripper__type_support.cpp.o[0m
[12.341s] [ 30%] [32mBuilding CXX object CMakeFiles/locobot_interfaces__rosidl_typesupport_c.dir/rosidl_typesupport_c/locobot_interfaces/action/move_base__type_support.cpp.o[0m
[12.423s] [ 31%] [32mBuilding CXX object CMakeFiles/locobot_interfaces__rosidl_typesupport_c.dir/rosidl_typesupport_c/locobot_interfaces/srv/set_pose__type_support.cpp.o[0m
[12.477s] [ 33%] [32mBuilding CXX object CMakeFiles/locobot_interfaces__rosidl_typesupport_c.dir/rosidl_typesupport_c/locobot_interfaces/srv/block_color__type_support.cpp.o[0m
[12.582s] [ 34%] [32m[1mLinking CXX shared library liblocobot_interfaces__rosidl_typesupport_c.so[0m
[12.714s] [ 34%] Built target locobot_interfaces__rosidl_typesupport_c
[12.778s] [ 36%] [34m[1mGenerating C introspection for ROS interfaces[0m
[13.634s] make[2]: *** Deleting file 'rosidl_typesupport_introspection_c/locobot_interfaces/action/detail/move_arm__rosidl_typesupport_introspection_c.h'
[13.634s] Traceback (most recent call last):
[13.634s]   File "/opt/ros/galactic/lib/rosidl_typesupport_introspection_c/rosidl_typesupport_introspection_c", line 23, in <module>
[13.634s]     sys.exit(main())
[13.638s]   File "/opt/ros/galactic/lib/rosidl_typesupport_introspection_c/rosidl_typesupport_introspection_c", line 19, in main
[13.638s]     generate_c(args.generator_arguments_file)
[13.638s]   File "/opt/ros/galactic/lib/python3.8/site-packages/rosidl_typesupport_introspection_c/__init__.py", line 24, in generate_c
[13.638s]     return generate_files(generator_arguments_file, mapping)
[13.638s]   File "/opt/ros/galactic/lib/python3.8/site-packages/rosidl_cmake/__init__.py", line 87, in generate_files
[13.639s]     expand_template(
[13.639s]   File "/opt/ros/galactic/lib/python3.8/site-packages/rosidl_cmake/__init__.py", line 149, in expand_template
[13.639s]     interpreter.string(template_content, template_path, locals=data)
[13.639s]   File "/usr/lib/python3/dist-packages/em.py", line 2391, in string
[13.643s]     self.safe(scanner, True, locals)
[13.643s]   File "/usr/lib/python3/dist-packages/em.py", line 2401, in safe
[13.643s]     self.parse(scanner, locals)
[13.643s]   File "/usr/lib/python3/dist-packages/em.py", line 2421, in parse
[13.644s]     token.run(self, locals)
[13.644s]   File "/usr/lib/python3/dist-packages/em.py", line 1547, in run
[13.644s]     self.subrun(info[0][1], interpreter, locals)
[13.644s]   File "/usr/lib/python3/dist-packages/em.py", line 1631, in subrun
[13.644s]     token.run(interpreter, locals)
[13.644s]   File "/usr/lib/python3/dist-packages/em.py", line 1425, in run
[13.644s]     interpreter.execute(self.code, locals)
[13.644s]   File "/usr/lib/python3/dist-packages/em.py", line 2595, in execute
[13.645s]     _exec(statements, self.globals, locals)
[13.645s]   File "<string>", line 2, in <module>
[13.645s]   File "/opt/ros/galactic/lib/python3.8/site-packages/rosidl_cmake/__init__.py", line 198, in _expand_template
[13.645s]     interpreter.string(content, str(template_path), kwargs)
[13.645s]   File "/usr/lib/python3/dist-packages/em.py", line 2391, in string
[13.645s]     self.safe(scanner, True, locals)
[13.646s]   File "/usr/lib/python3/dist-packages/em.py", line 2401, in safe
[13.646s]     self.parse(scanner, locals)
[13.646s]   File "/usr/lib/python3/dist-packages/em.py", line 2421, in parse
[13.646s]     token.run(self, locals)
[13.646s]   File "/usr/lib/python3/dist-packages/em.py", line 1425, in run
[13.647s]     interpreter.execute(self.code, locals)
[13.647s]   File "/usr/lib/python3/dist-packages/em.py", line 2595, in execute
[13.647s]     _exec(statements, self.globals, locals)
[13.647s]   File "<string>", line 2, in <module>
[13.647s]   File "/opt/ros/galactic/lib/python3.8/site-packages/rosidl_cmake/__init__.py", line 198, in _expand_template
[13.647s]     interpreter.string(content, str(template_path), kwargs)
[13.647s]   File "/usr/lib/python3/dist-packages/em.py", line 2391, in string
[13.655s]     self.safe(scanner, True, locals)
[13.655s]   File "/usr/lib/python3/dist-packages/em.py", line 2401, in safe
[13.659s]     self.parse(scanner, locals)
[13.659s]   File "/usr/lib/python3/dist-packages/em.py", line 2417, in parse
[13.660s]     token = scanner.one()
[13.660s]   File "/usr/lib/python3/dist-packages/em.py", line 1984, in one
[13.660s]     token.scan(self)
[13.660s]   File "/usr/lib/python3/dist-packages/em.py", line 1468, in scan
[13.660s]     self.subscan(scanner, self.type)
[13.660s]   File "/usr/lib/python3/dist-packages/em.py", line 1483, in subscan
[13.660s]     token = scanner.one()
[13.660s]   File "/usr/lib/python3/dist-packages/em.py", line 1984, in one
[13.660s]     token.scan(self)
[13.660s]   File "/usr/lib/python3/dist-packages/em.py", line 1468, in scan
[13.660s]     self.subscan(scanner, self.type)
[13.661s]   File "/usr/lib/python3/dist-packages/em.py", line 1483, in subscan
[13.661s]     token = scanner.one()
[13.661s]   File "/usr/lib/python3/dist-packages/em.py", line 1984, in one
[13.661s]     token.scan(self)
[13.661s]   File "/usr/lib/python3/dist-packages/em.py", line 1311, in scan
[13.661s]     q = scanner.next('$', 0, z, True)
[13.661s]   File "/usr/lib/python3/dist-packages/em.py", line 1818, in next
[13.661s]     newQuote = self.check(i, quote)
[13.661s]   File "/usr/lib/python3/dist-packages/em.py", line 1762, in check
[13.661s]     def check(self, i, archetype=None):
[13.661s] KeyboardInterrupt
[13.687s] Exception ignored in: <function Interpreter.__del__ at 0xffffa8977f70>
[13.687s] Traceback (most recent call last):
[13.687s]   File "/usr/lib/python3/dist-packages/em.py", line 2094, in __del__
[13.688s]   File "/usr/lib/python3/dist-packages/em.py", line 2157, in shutdown
[13.688s]   File "/usr/lib/python3/dist-packages/em.py", line 2646, in finalize
[13.688s]   File "/usr/lib/python3/dist-packages/em.py", line 2200, in push
[13.688s] AttributeError: '_io.TextIOWrapper' object has no attribute 'push'
[13.696s] make[2]: *** [CMakeFiles/locobot_interfaces__rosidl_typesupport_introspection_c.dir/build.make:140: rosidl_typesupport_introspection_c/locobot_interfaces/action/detail/move_arm__rosidl_typesupport_introspection_c.h] Interrupt
[13.697s] make[1]: *** [CMakeFiles/Makefile2:380: CMakeFiles/locobot_interfaces__rosidl_typesupport_introspection_c.dir/all] Interrupt
[13.697s] make: *** [Makefile:141: all] Interrupt
[13.708s] Invoked command in '/home/joshhlee/me326_ws/src/collab_robotics/build/locobot_interfaces' returned '-2': CMAKE_PREFIX_PATH=${CMAKE_PREFIX_PATH}:/home/joshhlee/interbotix_ws/install/interbotix_xs_modules:/home/joshhlee/interbotix_ws/install/interbotix_perception_modules:/home/joshhlee/interbotix_ws/install/interbotix_common_modules:/home/joshhlee/me326_ws/install/opencv_tests:/opt/ros/galactic /usr/bin/cmake --build /home/joshhlee/me326_ws/src/collab_robotics/build/locobot_interfaces -- -j4 -l4
