[0.229s] Invoking command in '/home/joshhlee/me326_ws/src/collaborative_robotics_course/build/me326_project': CMAKE_PREFIX_PATH=${CMAKE_PREFIX_PATH}:/home/joshhlee/interbotix_ws/install/interbotix_xs_modules:/home/joshhlee/interbotix_ws/install/interbotix_perception_modules:/home/joshhlee/interbotix_ws/install/interbotix_common_modules:/opt/ros/galactic /usr/bin/cmake --build /home/joshhlee/me326_ws/src/collaborative_robotics_course/build/me326_project -- -j4 -l4
[0.265s] -- Found ament_cmake: 1.1.6 (/opt/ros/galactic/share/ament_cmake/cmake)
[0.286s] -- Found PythonInterp: /usr/bin/python3 (found suitable version "3.8.10", minimum required is "3") 
[0.286s] -- Using PYTHON_EXECUTABLE: /usr/bin/python3
[0.337s] -- Found rclcpp: 9.2.2 (/opt/ros/galactic/share/rclcpp/cmake)
[0.366s] -- Using all available rosidl_typesupport_c: rosidl_typesupport_fastrtps_c;rosidl_typesupport_introspection_c
[0.368s] -- Found rosidl_adapter: 2.2.3 (/opt/ros/galactic/share/rosidl_adapter/cmake)
[0.466s] -- Using all available rosidl_typesupport_cpp: rosidl_typesupport_fastrtps_cpp;rosidl_typesupport_introspection_cpp
[0.504s] -- Found rmw_implementation_cmake: 3.3.1 (/opt/ros/galactic/share/rmw_implementation_cmake/cmake)
[0.506s] -- Found rmw_cyclonedds_cpp: 0.22.6 (/opt/ros/galactic/share/rmw_cyclonedds_cpp/cmake)
[0.520s] -- Using RMW implementation 'rmw_cyclonedds_cpp' as default
[0.622s] -- Found rclpy: 1.9.3 (/opt/ros/galactic/share/rclpy/cmake)
[0.623s] -- Found geometry_msgs: 2.2.4 (/opt/ros/galactic/share/geometry_msgs/cmake)
[0.647s] -- Found nav_msgs: 2.2.4 (/opt/ros/galactic/share/nav_msgs/cmake)
[0.699s] -- Found visualization_msgs: 2.2.4 (/opt/ros/galactic/share/visualization_msgs/cmake)
[0.755s] -- Found sensor_msgs: 2.2.4 (/opt/ros/galactic/share/sensor_msgs/cmake)
[0.801s] -- Found rosidl_default_generators: 1.1.1 (/opt/ros/galactic/share/rosidl_default_generators/cmake)
[0.808s] -- Found action_msgs: 1.0.3 (/opt/ros/galactic/share/action_msgs/cmake)
[0.836s] -- Found tf2: 0.17.5 (/opt/ros/galactic/share/tf2/cmake)
[0.842s] -- Found tf2_ros: 0.17.5 (/opt/ros/galactic/share/tf2_ros/cmake)
[1.081s] -- Found tf2_eigen: 0.17.5 (/opt/ros/galactic/share/tf2_eigen/cmake)
[1.085s] -- Found tf2_geometry_msgs: 0.17.5 (/opt/ros/galactic/share/tf2_geometry_msgs/cmake)
[1.124s] -- Found pcl_ros: 2.3.2 (/opt/ros/galactic/share/pcl_ros/cmake)
[1.397s] -- Eigen found (include: /usr/include/eigen3, version: 3.3.7)
[1.475s] -- The imported target "vtkParseOGLExt" references the file
[1.475s]    "/usr/bin/vtkParseOGLExt-7.1"
[1.475s] but this file does not exist.  Possible reasons include:
[1.476s] * The file was deleted, renamed, or moved to another location.
[1.476s] * An install or uninstall procedure did not complete successfully.
[1.476s] * The installation package was faulty and contained
[1.476s]    "/usr/lib/cmake/vtk-7.1/VTKTargets.cmake"
[1.476s] but not all the files it references.
[1.476s] 
[1.478s] -- The imported target "vtkRenderingPythonTkWidgets" references the file
[1.478s]    "/usr/lib/aarch64-linux-gnu/libvtkRenderingPythonTkWidgets.so"
[1.479s] but this file does not exist.  Possible reasons include:
[1.479s] * The file was deleted, renamed, or moved to another location.
[1.479s] * An install or uninstall procedure did not complete successfully.
[1.479s] * The installation package was faulty and contained
[1.479s]    "/usr/lib/cmake/vtk-7.1/VTKTargets.cmake"
[1.479s] but not all the files it references.
[1.479s] 
[1.479s] -- The imported target "vtk" references the file
[1.479s]    "/usr/bin/vtk"
[1.479s] but this file does not exist.  Possible reasons include:
[1.479s] * The file was deleted, renamed, or moved to another location.
[1.479s] * An install or uninstall procedure did not complete successfully.
[1.479s] * The installation package was faulty and contained
[1.479s]    "/usr/lib/cmake/vtk-7.1/VTKTargets.cmake"
[1.479s] but not all the files it references.
[1.479s] 
[1.479s] -- The imported target "pvtk" references the file
[1.479s]    "/usr/bin/pvtk"
[1.479s] but this file does not exist.  Possible reasons include:
[1.479s] * The file was deleted, renamed, or moved to another location.
[1.479s] * An install or uninstall procedure did not complete successfully.
[1.479s] * The installation package was faulty and contained
[1.479s]    "/usr/lib/cmake/vtk-7.1/VTKTargets.cmake"
[1.480s] but not all the files it references.
[1.480s] 
[1.496s] -- OpenNI found (include: /usr/include/ni, lib: /usr/lib/libOpenNI.so)
[1.503s] -- OpenNI2 found (include: /usr/include/openni2, lib: /usr/lib/libOpenNI2.so)
[1.522s] -- OpenNI found (include: /usr/include/ni, lib: /usr/lib/libOpenNI.so)
[1.531s] -- OpenNI2 found (include: /usr/include/openni2, lib: /usr/lib/libOpenNI2.so)
[1.543s] -- QHULL found (include: /usr/include, lib: optimized;/usr/lib/aarch64-linux-gnu/libqhull.so;debug;/usr/lib/aarch64-linux-gnu/libqhull.so)
[1.549s] -- OpenNI found (include: /usr/include/ni, lib: /usr/lib/libOpenNI.so)
[1.766s] -- Found image_geometry: 3.1.3 (/opt/ros/galactic/share/image_geometry/cmake)
[1.769s] -- Found image_transport: 2.5.1 (/opt/ros/galactic/share/image_transport/cmake)
[1.795s] -- Found cv_bridge: 3.1.3 (/opt/ros/galactic/share/cv_bridge/cmake)
[1.807s] -- Found la_msgs: 0.0.0 (/home/joshhlee/MK3_ws/src/install/la_msgs/share/la_msgs/cmake)
[2.046s] -- Found PythonInterp: /usr/bin/python3 (found version "3.8.10") 
[2.183s] -- Found ament_cmake_ros: 0.9.2 (/opt/ros/galactic/share/ament_cmake_ros/cmake)
[2.381s] -- Using all available rosidl_typesupport_c: rosidl_typesupport_fastrtps_c;rosidl_typesupport_introspection_c
[2.489s] -- Using all available rosidl_typesupport_cpp: rosidl_typesupport_fastrtps_cpp;rosidl_typesupport_introspection_cpp
[2.524s] -- Found PythonInterp: /usr/bin/python3 (found suitable version "3.8.10", minimum required is "3.5") 
[2.524s] -- Found python_cmake_module: 0.8.1 (/opt/ros/galactic/share/python_cmake_module/cmake)
[2.543s] -- Using PYTHON_EXECUTABLE: /usr/bin/python3
[2.544s] -- Using PYTHON_INCLUDE_DIRS: /usr/include/python3.8
[2.544s] -- Using PYTHON_LIBRARIES: /usr/lib/aarch64-linux-gnu/libpython3.8.so
[2.591s] -- Found ament_lint_auto: 0.10.7 (/opt/ros/galactic/share/ament_lint_auto/cmake)
[2.597s] -- Configuring done
[2.664s] -- Generating done
[2.667s] -- Build files have been written to: /home/joshhlee/me326_ws/src/collaborative_robotics_course/build/me326_project
[2.707s] [  3%] Built target me326_project__cpp
[2.708s] [35m[1mScanning dependencies of target visual_block_perception_srv[0m
[2.712s] [ 12%] Built target me326_project__rosidl_generator_c
[2.725s] [ 12%] Built target ament_cmake_python_copy_me326_project
[2.735s] [ 21%] Built target me326_project__rosidl_typesupport_fastrtps_cpp
[2.741s] [ 24%] [32mBuilding CXX object CMakeFiles/visual_block_perception_srv.dir/src/visual_block_perception_srv.cpp.o[0m
[2.741s] [ 33%] Built target me326_project__rosidl_typesupport_cpp
[2.773s] [ 42%] Built target me326_project__rosidl_typesupport_introspection_cpp
[2.773s] [ 51%] Built target me326_project__rosidl_typesupport_introspection_c
[2.781s] [ 60%] Built target me326_project__rosidl_typesupport_fastrtps_c
[2.796s] [ 69%] Built target me326_project__rosidl_typesupport_c
[2.814s] [ 69%] Built target me326_project
[2.832s] [ 72%] Built target me326_project__py
[2.870s] [ 78%] Built target me326_project__python
[2.917s] [ 84%] Built target me326_project__rosidl_typesupport_c__pyext
[2.917s] [ 90%] Built target me326_project__rosidl_typesupport_introspection_c__pyext
[2.937s] [ 96%] Built target me326_project__rosidl_typesupport_fastrtps_c__pyext
[2.972s] running egg_info
[2.972s] writing me326_project.egg-info/PKG-INFO
[2.972s] writing dependency_links to me326_project.egg-info/dependency_links.txt
[2.973s] writing top-level names to me326_project.egg-info/top_level.txt
[2.996s] reading manifest file 'me326_project.egg-info/SOURCES.txt'
[2.996s] writing manifest file 'me326_project.egg-info/SOURCES.txt'
[3.014s] [ 96%] Built target ament_cmake_python_build_me326_project_egg
[12.998s] [100%] [32m[1mLinking CXX executable visual_block_perception_srv[0m
[13.663s] [100%] Built target visual_block_perception_srv
[13.683s] Invoked command in '/home/joshhlee/me326_ws/src/collaborative_robotics_course/build/me326_project' returned '0': CMAKE_PREFIX_PATH=${CMAKE_PREFIX_PATH}:/home/joshhlee/interbotix_ws/install/interbotix_xs_modules:/home/joshhlee/interbotix_ws/install/interbotix_perception_modules:/home/joshhlee/interbotix_ws/install/interbotix_common_modules:/opt/ros/galactic /usr/bin/cmake --build /home/joshhlee/me326_ws/src/collaborative_robotics_course/build/me326_project -- -j4 -l4
[13.748s] Invoking command in '/home/joshhlee/me326_ws/src/collaborative_robotics_course/build/me326_project': CMAKE_PREFIX_PATH=${CMAKE_PREFIX_PATH}:/home/joshhlee/interbotix_ws/install/interbotix_xs_modules:/home/joshhlee/interbotix_ws/install/interbotix_perception_modules:/home/joshhlee/interbotix_ws/install/interbotix_common_modules:/opt/ros/galactic /usr/bin/cmake --install /home/joshhlee/me326_ws/src/collaborative_robotics_course/build/me326_project
[13.758s] -- Install configuration: ""
[13.758s] -- Installing: /home/joshhlee/me326_ws/src/collaborative_robotics_course/install/me326_project/lib/me326_project/visual_block_perception_srv
[13.768s] -- Set runtime path of "/home/joshhlee/me326_ws/src/collaborative_robotics_course/install/me326_project/lib/me326_project/visual_block_perception_srv" to ""
[13.769s] -- Up-to-date: /home/joshhlee/me326_ws/src/collaborative_robotics_course/install/me326_project/share/me326_project/environment/pythonpath.sh
[13.769s] -- Installing: /home/joshhlee/me326_ws/src/collaborative_robotics_course/install/me326_project/share/me326_project/environment/pythonpath.dsv
[13.769s] -- Up-to-date: /home/joshhlee/me326_ws/src/collaborative_robotics_course/install/me326_project/lib/python3.8/site-packages//me326_project.egg-info
[13.769s] -- Installing: /home/joshhlee/me326_ws/src/collaborative_robotics_course/install/me326_project/lib/python3.8/site-packages//me326_project.egg-info/dependency_links.txt
[13.769s] -- Installing: /home/joshhlee/me326_ws/src/collaborative_robotics_course/install/me326_project/lib/python3.8/site-packages//me326_project.egg-info/PKG-INFO
[13.769s] -- Installing: /home/joshhlee/me326_ws/src/collaborative_robotics_course/install/me326_project/lib/python3.8/site-packages//me326_project.egg-info/top_level.txt
[13.769s] -- Installing: /home/joshhlee/me326_ws/src/collaborative_robotics_course/install/me326_project/lib/python3.8/site-packages//me326_project.egg-info/SOURCES.txt
[13.769s] -- Up-to-date: /home/joshhlee/me326_ws/src/collaborative_robotics_course/install/me326_project/lib/python3.8/site-packages/me326_project
[13.769s] -- Up-to-date: /home/joshhlee/me326_ws/src/collaborative_robotics_course/install/me326_project/lib/python3.8/site-packages/me326_project/__init__.py
[13.770s] -- Up-to-date: /home/joshhlee/me326_ws/src/collaborative_robotics_course/install/me326_project/lib/python3.8/site-packages/me326_project/initial_point.py
[13.770s] -- Up-to-date: /home/joshhlee/me326_ws/src/collaborative_robotics_course/install/me326_project/lib/python3.8/site-packages/me326_project/RRTstar.py
[13.770s] -- Up-to-date: /home/joshhlee/me326_ws/src/collaborative_robotics_course/install/me326_project/lib/python3.8/site-packages/me326_project/circle_motion_tracking.py
[13.770s] -- Up-to-date: /home/joshhlee/me326_ws/src/collaborative_robotics_course/install/me326_project/lib/python3.8/site-packages/me326_project/record_rosbag.py
[13.770s] -- Up-to-date: /home/joshhlee/me326_ws/src/collaborative_robotics_course/install/me326_project/lib/python3.8/site-packages/me326_project/locobot1_example_motion.py
[13.770s] -- Up-to-date: /home/joshhlee/me326_ws/src/collaborative_robotics_course/install/me326_project/lib/python3.8/site-packages/me326_project/move_base_client.py
[13.770s] -- Up-to-date: /home/joshhlee/me326_ws/src/collaborative_robotics_course/install/me326_project/lib/python3.8/site-packages/me326_project/move_locobot_base_action_server.py
[13.770s] -- Up-to-date: /home/joshhlee/me326_ws/src/collaborative_robotics_course/install/me326_project/lib/python3.8/site-packages/me326_project/locobot_moveitpy.py
[13.770s] -- Up-to-date: /home/joshhlee/me326_ws/src/collaborative_robotics_course/install/me326_project/lib/python3.8/site-packages/me326_project/go_to_point.py
[13.770s] -- Up-to-date: /home/joshhlee/me326_ws/src/collaborative_robotics_course/install/me326_project/lib/python3.8/site-packages/me326_project/matching_ptcld.py
[13.770s] -- Up-to-date: /home/joshhlee/me326_ws/src/collaborative_robotics_course/install/me326_project/lib/python3.8/site-packages/me326_project/read_rosbag.py
[13.770s] -- Up-to-date: /home/joshhlee/me326_ws/src/collaborative_robotics_course/install/me326_project/lib/python3.8/site-packages/me326_project/locobot_example_motion.py
[13.770s] -- Up-to-date: /home/joshhlee/me326_ws/src/collaborative_robotics_course/install/me326_project/lib/python3.8/site-packages/me326_project/vision_center.py
[13.770s] -- Up-to-date: /home/joshhlee/me326_ws/src/collaborative_robotics_course/install/me326_project/lib/python3.8/site-packages/me326_project/locobot_motion_example.py
[13.800s] Listing '/home/joshhlee/me326_ws/src/collaborative_robotics_course/install/me326_project/lib/python3.8/site-packages/me326_project'...
[13.804s] CMake Error at cmake_install.cmake:85 (file):
[13.804s]   file INSTALL cannot find
[13.804s]   "/home/joshhlee/me326_ws/src/collaborative_robotics_course/me326_project/scripts/locobot1_example_motion.py":
[13.804s]   No such file or directory.
[13.804s] 
[13.804s] 
[13.806s] Invoked command in '/home/joshhlee/me326_ws/src/collaborative_robotics_course/build/me326_project' returned '1': CMAKE_PREFIX_PATH=${CMAKE_PREFIX_PATH}:/home/joshhlee/interbotix_ws/install/interbotix_xs_modules:/home/joshhlee/interbotix_ws/install/interbotix_perception_modules:/home/joshhlee/interbotix_ws/install/interbotix_common_modules:/opt/ros/galactic /usr/bin/cmake --install /home/joshhlee/me326_ws/src/collaborative_robotics_course/build/me326_project
