[4.364s] DEBUG:colcon:Command line arguments: ['/usr/bin/colcon', 'build']
[4.364s] DEBUG:colcon:Parsed command line arguments: Namespace(allow_overriding=[], ament_cmake_args=None, base_paths=['.'], build_base='build', catkin_cmake_args=None, catkin_skip_building_tests=False, cmake_args=None, cmake_clean_cache=False, cmake_clean_first=False, cmake_force_configure=False, cmake_target=None, cmake_target_skip_unavailable=False, continue_on_error=False, event_handlers=None, executor='parallel', ignore_user_meta=False, install_base='install', log_base=None, log_level=None, main=<bound method BuildVerb.main of <colcon_core.verb.build.BuildVerb object at 0xffff896bc220>>, merge_install=False, metas=['./colcon.meta'], packages_above=None, packages_above_and_dependencies=None, packages_above_depth=None, packages_end=None, packages_ignore=None, packages_ignore_regex=None, packages_select=None, packages_select_build_failed=False, packages_select_by_dep=None, packages_select_regex=None, packages_select_test_failures=False, packages_skip=None, packages_skip_build_finished=False, packages_skip_by_dep=None, packages_skip_regex=None, packages_skip_test_passed=False, packages_skip_up_to=None, packages_start=None, packages_up_to=None, packages_up_to_regex=None, parallel_workers=4, paths=None, symlink_install=False, test_result_base=None, verb_extension=<colcon_core.verb.build.BuildVerb object at 0xffff896bc220>, verb_name='build', verb_parser=<colcon_defaults.argument_parser.defaults.DefaultArgumentsDecorator object at 0xffff896bc190>)
[4.549s] Level 1:colcon.colcon_core.package_discovery:discover_packages(colcon_meta) check parameters
[4.549s] Level 1:colcon.colcon_core.package_discovery:discover_packages(recursive) check parameters
[4.549s] Level 1:colcon.colcon_core.package_discovery:discover_packages(ignore) check parameters
[4.549s] Level 1:colcon.colcon_core.package_discovery:discover_packages(path) check parameters
[4.549s] Level 1:colcon.colcon_core.package_discovery:discover_packages(colcon_meta) discover
[4.549s] Level 1:colcon.colcon_core.package_discovery:discover_packages(recursive) discover
[4.549s] INFO:colcon.colcon_core.package_discovery:Crawling recursively for packages in '/home/joshhlee/me326_ws/src/collab_robotics'
[4.550s] Level 1:colcon.colcon_core.package_identification:_identify(.) by extensions ['ignore', 'ignore_ament_install']
[4.550s] Level 1:colcon.colcon_core.package_identification:_identify(.) by extension 'ignore'
[4.550s] Level 1:colcon.colcon_core.package_identification:_identify(.) by extension 'ignore_ament_install'
[4.550s] Level 1:colcon.colcon_core.package_identification:_identify(.) by extensions ['colcon_pkg']
[4.550s] Level 1:colcon.colcon_core.package_identification:_identify(.) by extension 'colcon_pkg'
[4.550s] Level 1:colcon.colcon_core.package_identification:_identify(.) by extensions ['colcon_meta']
[4.550s] Level 1:colcon.colcon_core.package_identification:_identify(.) by extension 'colcon_meta'
[4.550s] Level 1:colcon.colcon_core.package_identification:_identify(.) by extensions ['ros']
[4.550s] Level 1:colcon.colcon_core.package_identification:_identify(.) by extension 'ros'
[4.560s] Level 1:colcon.colcon_core.package_identification:_identify(.) by extensions ['cmake', 'python']
[4.560s] Level 1:colcon.colcon_core.package_identification:_identify(.) by extension 'cmake'
[4.560s] Level 1:colcon.colcon_core.package_identification:_identify(.) by extension 'python'
[4.560s] Level 1:colcon.colcon_core.package_identification:_identify(.) by extensions ['python_setup_py']
[4.560s] Level 1:colcon.colcon_core.package_identification:_identify(.) by extension 'python_setup_py'
[4.560s] Level 1:colcon.colcon_core.package_identification:_identify(build) by extensions ['ignore', 'ignore_ament_install']
[4.560s] Level 1:colcon.colcon_core.package_identification:_identify(build) by extension 'ignore'
[4.560s] Level 1:colcon.colcon_core.package_identification:_identify(build) ignored
[4.561s] Level 1:colcon.colcon_core.package_identification:_identify(install) by extensions ['ignore', 'ignore_ament_install']
[4.561s] Level 1:colcon.colcon_core.package_identification:_identify(install) by extension 'ignore'
[4.561s] Level 1:colcon.colcon_core.package_identification:_identify(install) ignored
[4.561s] Level 1:colcon.colcon_core.package_identification:_identify(la_msgs) by extensions ['ignore', 'ignore_ament_install']
[4.561s] Level 1:colcon.colcon_core.package_identification:_identify(la_msgs) by extension 'ignore'
[4.561s] Level 1:colcon.colcon_core.package_identification:_identify(la_msgs) by extension 'ignore_ament_install'
[4.561s] Level 1:colcon.colcon_core.package_identification:_identify(la_msgs) by extensions ['colcon_pkg']
[4.561s] Level 1:colcon.colcon_core.package_identification:_identify(la_msgs) by extension 'colcon_pkg'
[4.561s] Level 1:colcon.colcon_core.package_identification:_identify(la_msgs) by extensions ['colcon_meta']
[4.561s] Level 1:colcon.colcon_core.package_identification:_identify(la_msgs) by extension 'colcon_meta'
[4.561s] Level 1:colcon.colcon_core.package_identification:_identify(la_msgs) by extensions ['ros']
[4.561s] Level 1:colcon.colcon_core.package_identification:_identify(la_msgs) by extension 'ros'
[4.563s] DEBUG:colcon.colcon_core.package_identification:Package 'la_msgs' with type 'ros.ament_cmake' and name 'la_msgs'
[4.564s] Level 1:colcon.colcon_core.package_identification:_identify(locobot_interfaces) by extensions ['ignore', 'ignore_ament_install']
[4.564s] Level 1:colcon.colcon_core.package_identification:_identify(locobot_interfaces) by extension 'ignore'
[4.564s] Level 1:colcon.colcon_core.package_identification:_identify(locobot_interfaces) by extension 'ignore_ament_install'
[4.564s] Level 1:colcon.colcon_core.package_identification:_identify(locobot_interfaces) by extensions ['colcon_pkg']
[4.564s] Level 1:colcon.colcon_core.package_identification:_identify(locobot_interfaces) by extension 'colcon_pkg'
[4.564s] Level 1:colcon.colcon_core.package_identification:_identify(locobot_interfaces) by extensions ['colcon_meta']
[4.564s] Level 1:colcon.colcon_core.package_identification:_identify(locobot_interfaces) by extension 'colcon_meta'
[4.564s] Level 1:colcon.colcon_core.package_identification:_identify(locobot_interfaces) by extensions ['ros']
[4.564s] Level 1:colcon.colcon_core.package_identification:_identify(locobot_interfaces) by extension 'ros'
[4.564s] DEBUG:colcon.colcon_core.package_identification:Package 'locobot_interfaces' with type 'ros.ament_cmake' and name 'locobot_interfaces'
[4.564s] Level 1:colcon.colcon_core.package_identification:_identify(log) by extensions ['ignore', 'ignore_ament_install']
[4.564s] Level 1:colcon.colcon_core.package_identification:_identify(log) by extension 'ignore'
[4.565s] Level 1:colcon.colcon_core.package_identification:_identify(log) ignored
[4.565s] Level 1:colcon.colcon_core.package_identification:_identify(me326_project) by extensions ['ignore', 'ignore_ament_install']
[4.565s] Level 1:colcon.colcon_core.package_identification:_identify(me326_project) by extension 'ignore'
[4.565s] Level 1:colcon.colcon_core.package_identification:_identify(me326_project) by extension 'ignore_ament_install'
[4.565s] Level 1:colcon.colcon_core.package_identification:_identify(me326_project) by extensions ['colcon_pkg']
[4.565s] Level 1:colcon.colcon_core.package_identification:_identify(me326_project) by extension 'colcon_pkg'
[4.565s] Level 1:colcon.colcon_core.package_identification:_identify(me326_project) by extensions ['colcon_meta']
[4.565s] Level 1:colcon.colcon_core.package_identification:_identify(me326_project) by extension 'colcon_meta'
[4.565s] Level 1:colcon.colcon_core.package_identification:_identify(me326_project) by extensions ['ros']
[4.565s] Level 1:colcon.colcon_core.package_identification:_identify(me326_project) by extension 'ros'
[4.566s] DEBUG:colcon.colcon_core.package_identification:Package 'me326_project' with type 'ros.ament_cmake' and name 'me326_project'
[4.566s] Level 1:colcon.colcon_core.package_discovery:discover_packages(recursive) using defaults
[4.566s] Level 1:colcon.colcon_core.package_discovery:discover_packages(ignore) discover
[4.566s] Level 1:colcon.colcon_core.package_discovery:discover_packages(ignore) using defaults
[4.566s] Level 1:colcon.colcon_core.package_discovery:discover_packages(path) discover
[4.566s] Level 1:colcon.colcon_core.package_discovery:discover_packages(path) using defaults
[5.179s] Level 1:colcon.colcon_core.package_discovery:discover_packages(prefix_path) check parameters
[5.187s] Level 1:colcon.colcon_core.package_discovery:discover_packages(prefix_path) discover
[5.468s] DEBUG:colcon.colcon_installed_package_information.package_discovery:Found 10 installed packages in /home/joshhlee/me326_ws/install
[5.541s] DEBUG:colcon.colcon_installed_package_information.package_discovery:Found 22 installed packages in /home/joshhlee/interbotix_ws/install
[5.615s] DEBUG:colcon.colcon_installed_package_information.package_discovery:Found 335 installed packages in /opt/ros/galactic
[5.617s] Level 1:colcon.colcon_core.package_discovery:discover_packages(prefix_path) using defaults
[5.836s] Level 5:colcon.colcon_core.verb:set package 'la_msgs' build argument 'cmake_args' from command line to 'None'
[5.836s] Level 5:colcon.colcon_core.verb:set package 'la_msgs' build argument 'cmake_target' from command line to 'None'
[5.836s] Level 5:colcon.colcon_core.verb:set package 'la_msgs' build argument 'cmake_target_skip_unavailable' from command line to 'False'
[5.836s] Level 5:colcon.colcon_core.verb:set package 'la_msgs' build argument 'cmake_clean_cache' from command line to 'False'
[5.836s] Level 5:colcon.colcon_core.verb:set package 'la_msgs' build argument 'cmake_clean_first' from command line to 'False'
[5.836s] Level 5:colcon.colcon_core.verb:set package 'la_msgs' build argument 'cmake_force_configure' from command line to 'False'
[5.836s] Level 5:colcon.colcon_core.verb:set package 'la_msgs' build argument 'ament_cmake_args' from command line to 'None'
[5.836s] Level 5:colcon.colcon_core.verb:set package 'la_msgs' build argument 'catkin_cmake_args' from command line to 'None'
[5.836s] Level 5:colcon.colcon_core.verb:set package 'la_msgs' build argument 'catkin_skip_building_tests' from command line to 'False'
[5.837s] DEBUG:colcon.colcon_core.verb:Building package 'la_msgs' with the following arguments: {'ament_cmake_args': None, 'build_base': '/home/joshhlee/me326_ws/src/collab_robotics/build/la_msgs', 'catkin_cmake_args': None, 'catkin_skip_building_tests': False, 'cmake_args': None, 'cmake_clean_cache': False, 'cmake_clean_first': False, 'cmake_force_configure': False, 'cmake_target': None, 'cmake_target_skip_unavailable': False, 'install_base': '/home/joshhlee/me326_ws/src/collab_robotics/install/la_msgs', 'merge_install': False, 'path': '/home/joshhlee/me326_ws/src/collab_robotics/la_msgs', 'symlink_install': False, 'test_result_base': None}
[5.906s] Level 5:colcon.colcon_core.verb:set package 'locobot_interfaces' build argument 'cmake_args' from command line to 'None'
[5.906s] Level 5:colcon.colcon_core.verb:set package 'locobot_interfaces' build argument 'cmake_target' from command line to 'None'
[5.906s] Level 5:colcon.colcon_core.verb:set package 'locobot_interfaces' build argument 'cmake_target_skip_unavailable' from command line to 'False'
[5.906s] Level 5:colcon.colcon_core.verb:set package 'locobot_interfaces' build argument 'cmake_clean_cache' from command line to 'False'
[5.906s] Level 5:colcon.colcon_core.verb:set package 'locobot_interfaces' build argument 'cmake_clean_first' from command line to 'False'
[5.907s] Level 5:colcon.colcon_core.verb:set package 'locobot_interfaces' build argument 'cmake_force_configure' from command line to 'False'
[5.907s] Level 5:colcon.colcon_core.verb:set package 'locobot_interfaces' build argument 'ament_cmake_args' from command line to 'None'
[5.907s] Level 5:colcon.colcon_core.verb:set package 'locobot_interfaces' build argument 'catkin_cmake_args' from command line to 'None'
[5.907s] Level 5:colcon.colcon_core.verb:set package 'locobot_interfaces' build argument 'catkin_skip_building_tests' from command line to 'False'
[5.907s] DEBUG:colcon.colcon_core.verb:Building package 'locobot_interfaces' with the following arguments: {'ament_cmake_args': None, 'build_base': '/home/joshhlee/me326_ws/src/collab_robotics/build/locobot_interfaces', 'catkin_cmake_args': None, 'catkin_skip_building_tests': False, 'cmake_args': None, 'cmake_clean_cache': False, 'cmake_clean_first': False, 'cmake_force_configure': False, 'cmake_target': None, 'cmake_target_skip_unavailable': False, 'install_base': '/home/joshhlee/me326_ws/src/collab_robotics/install/locobot_interfaces', 'merge_install': False, 'path': '/home/joshhlee/me326_ws/src/collab_robotics/locobot_interfaces', 'symlink_install': False, 'test_result_base': None}
[5.976s] Level 5:colcon.colcon_core.verb:set package 'me326_project' build argument 'cmake_args' from command line to 'None'
[5.976s] Level 5:colcon.colcon_core.verb:set package 'me326_project' build argument 'cmake_target' from command line to 'None'
[5.976s] Level 5:colcon.colcon_core.verb:set package 'me326_project' build argument 'cmake_target_skip_unavailable' from command line to 'False'
[5.976s] Level 5:colcon.colcon_core.verb:set package 'me326_project' build argument 'cmake_clean_cache' from command line to 'False'
[5.976s] Level 5:colcon.colcon_core.verb:set package 'me326_project' build argument 'cmake_clean_first' from command line to 'False'
[5.976s] Level 5:colcon.colcon_core.verb:set package 'me326_project' build argument 'cmake_force_configure' from command line to 'False'
[5.976s] Level 5:colcon.colcon_core.verb:set package 'me326_project' build argument 'ament_cmake_args' from command line to 'None'
[5.976s] Level 5:colcon.colcon_core.verb:set package 'me326_project' build argument 'catkin_cmake_args' from command line to 'None'
[5.976s] Level 5:colcon.colcon_core.verb:set package 'me326_project' build argument 'catkin_skip_building_tests' from command line to 'False'
[5.976s] DEBUG:colcon.colcon_core.verb:Building package 'me326_project' with the following arguments: {'ament_cmake_args': None, 'build_base': '/home/joshhlee/me326_ws/src/collab_robotics/build/me326_project', 'catkin_cmake_args': None, 'catkin_skip_building_tests': False, 'cmake_args': None, 'cmake_clean_cache': False, 'cmake_clean_first': False, 'cmake_force_configure': False, 'cmake_target': None, 'cmake_target_skip_unavailable': False, 'install_base': '/home/joshhlee/me326_ws/src/collab_robotics/install/me326_project', 'merge_install': False, 'path': '/home/joshhlee/me326_ws/src/collab_robotics/me326_project', 'symlink_install': False, 'test_result_base': None}
[6.050s] INFO:colcon.colcon_core.executor:Executing jobs using 'parallel' executor
[6.124s] DEBUG:colcon.colcon_parallel_executor.executor.parallel:run_until_complete
[6.124s] INFO:colcon.colcon_ros.task.ament_cmake.build:Building ROS package in '/home/joshhlee/me326_ws/src/collab_robotics/la_msgs' with build type 'ament_cmake'
[6.124s] INFO:colcon.colcon_cmake.task.cmake.build:Building CMake package in '/home/joshhlee/me326_ws/src/collab_robotics/la_msgs'
[6.195s] INFO:colcon.colcon_core.plugin_system:Skipping extension 'colcon_core.shell.bat': Not used on non-Windows systems
[6.195s] INFO:colcon.colcon_core.shell:Skip shell extension 'powershell' for command environment: Not usable outside of PowerShell
[6.195s] DEBUG:colcon.colcon_core.shell:Skip shell extension 'dsv' for command environment
[6.522s] INFO:colcon.colcon_ros.task.ament_cmake.build:Building ROS package in '/home/joshhlee/me326_ws/src/collab_robotics/locobot_interfaces' with build type 'ament_cmake'
[6.523s] INFO:colcon.colcon_cmake.task.cmake.build:Building CMake package in '/home/joshhlee/me326_ws/src/collab_robotics/locobot_interfaces'
[6.599s] INFO:colcon.colcon_core.shell:Skip shell extension 'powershell' for command environment: Not usable outside of PowerShell
[6.600s] DEBUG:colcon.colcon_core.shell:Skip shell extension 'dsv' for command environment
[6.907s] INFO:colcon.colcon_ros.task.ament_cmake.build:Building ROS package in '/home/joshhlee/me326_ws/src/collab_robotics/me326_project' with build type 'ament_cmake'
[6.907s] INFO:colcon.colcon_cmake.task.cmake.build:Building CMake package in '/home/joshhlee/me326_ws/src/collab_robotics/me326_project'
[6.989s] INFO:colcon.colcon_core.shell:Skip shell extension 'powershell' for command environment: Not usable outside of PowerShell
[6.989s] DEBUG:colcon.colcon_core.shell:Skip shell extension 'dsv' for command environment
[7.287s] DEBUG:colcon.colcon_core.event_handler.log_command:Invoking command in '/home/joshhlee/me326_ws/src/collab_robotics/build/la_msgs': CMAKE_PREFIX_PATH=${CMAKE_PREFIX_PATH}:/home/joshhlee/me326_ws/install/opencv_tests:/home/joshhlee/interbotix_ws/install/interbotix_xs_modules:/home/joshhlee/interbotix_ws/install/interbotix_perception_modules:/home/joshhlee/interbotix_ws/install/interbotix_common_modules:/opt/ros/galactic /usr/bin/cmake --build /home/joshhlee/me326_ws/src/collab_robotics/build/la_msgs -- -j4 -l4
[7.319s] DEBUG:colcon.colcon_core.event_handler.log_command:Invoking command in '/home/joshhlee/me326_ws/src/collab_robotics/build/locobot_interfaces': CMAKE_PREFIX_PATH=${CMAKE_PREFIX_PATH}:/home/joshhlee/me326_ws/install/opencv_tests:/home/joshhlee/interbotix_ws/install/interbotix_xs_modules:/home/joshhlee/interbotix_ws/install/interbotix_perception_modules:/home/joshhlee/interbotix_ws/install/interbotix_common_modules:/opt/ros/galactic /usr/bin/cmake --build /home/joshhlee/me326_ws/src/collab_robotics/build/locobot_interfaces -- -j4 -l4
[7.369s] DEBUG:colcon.colcon_core.event_handler.log_command:Invoking command in '/home/joshhlee/me326_ws/src/collab_robotics/build/me326_project': CMAKE_PREFIX_PATH=${CMAKE_PREFIX_PATH}:/home/joshhlee/me326_ws/install/opencv_tests:/home/joshhlee/interbotix_ws/install/interbotix_xs_modules:/home/joshhlee/interbotix_ws/install/interbotix_perception_modules:/home/joshhlee/interbotix_ws/install/interbotix_common_modules:/opt/ros/galactic /usr/bin/cmake --build /home/joshhlee/me326_ws/src/collab_robotics/build/me326_project -- -j4 -l4
[8.635s] DEBUG:colcon.colcon_core.event_handler.log_command:Invoked command in '/home/joshhlee/me326_ws/src/collab_robotics/build/locobot_interfaces' returned '0': CMAKE_PREFIX_PATH=${CMAKE_PREFIX_PATH}:/home/joshhlee/me326_ws/install/opencv_tests:/home/joshhlee/interbotix_ws/install/interbotix_xs_modules:/home/joshhlee/interbotix_ws/install/interbotix_perception_modules:/home/joshhlee/interbotix_ws/install/interbotix_common_modules:/opt/ros/galactic /usr/bin/cmake --build /home/joshhlee/me326_ws/src/collab_robotics/build/locobot_interfaces -- -j4 -l4
[8.695s] DEBUG:colcon.colcon_core.event_handler.log_command:Invoked command in '/home/joshhlee/me326_ws/src/collab_robotics/build/la_msgs' returned '0': CMAKE_PREFIX_PATH=${CMAKE_PREFIX_PATH}:/home/joshhlee/me326_ws/install/opencv_tests:/home/joshhlee/interbotix_ws/install/interbotix_xs_modules:/home/joshhlee/interbotix_ws/install/interbotix_perception_modules:/home/joshhlee/interbotix_ws/install/interbotix_common_modules:/opt/ros/galactic /usr/bin/cmake --build /home/joshhlee/me326_ws/src/collab_robotics/build/la_msgs -- -j4 -l4
[9.086s] DEBUG:colcon.colcon_core.event_handler.log_command:Invoking command in '/home/joshhlee/me326_ws/src/collab_robotics/build/la_msgs': CMAKE_PREFIX_PATH=${CMAKE_PREFIX_PATH}:/home/joshhlee/me326_ws/install/opencv_tests:/home/joshhlee/interbotix_ws/install/interbotix_xs_modules:/home/joshhlee/interbotix_ws/install/interbotix_perception_modules:/home/joshhlee/interbotix_ws/install/interbotix_common_modules:/opt/ros/galactic /usr/bin/cmake --install /home/joshhlee/me326_ws/src/collab_robotics/build/la_msgs
[9.203s] Level 1:colcon.colcon_core.environment:create_environment_scripts_only(la_msgs)
[9.204s] DEBUG:colcon.colcon_core.event_handler.log_command:Invoked command in '/home/joshhlee/me326_ws/src/collab_robotics/build/la_msgs' returned '0': CMAKE_PREFIX_PATH=${CMAKE_PREFIX_PATH}:/home/joshhlee/me326_ws/install/opencv_tests:/home/joshhlee/interbotix_ws/install/interbotix_xs_modules:/home/joshhlee/interbotix_ws/install/interbotix_perception_modules:/home/joshhlee/interbotix_ws/install/interbotix_common_modules:/opt/ros/galactic /usr/bin/cmake --install /home/joshhlee/me326_ws/src/collab_robotics/build/la_msgs
[9.347s] Level 1:colcon.colcon_core.environment:checking '/home/joshhlee/me326_ws/src/collab_robotics/install/la_msgs' for CMake module files
[9.347s] Level 1:colcon.colcon_core.environment:checking '/home/joshhlee/me326_ws/src/collab_robotics/install/la_msgs' for CMake config files
[9.348s] Level 1:colcon.colcon_core.shell:create_environment_hook('la_msgs', 'cmake_prefix_path')
[9.458s] INFO:colcon.colcon_core.shell:Creating environment hook '/home/joshhlee/me326_ws/src/collab_robotics/install/la_msgs/share/la_msgs/hook/cmake_prefix_path.ps1'
[9.460s] INFO:colcon.colcon_core.shell:Creating environment descriptor '/home/joshhlee/me326_ws/src/collab_robotics/install/la_msgs/share/la_msgs/hook/cmake_prefix_path.dsv'
[9.460s] INFO:colcon.colcon_core.shell:Creating environment hook '/home/joshhlee/me326_ws/src/collab_robotics/install/la_msgs/share/la_msgs/hook/cmake_prefix_path.sh'
[9.462s] Level 1:colcon.colcon_core.environment:checking '/home/joshhlee/me326_ws/src/collab_robotics/install/la_msgs/lib'
[9.462s] Level 1:colcon.colcon_core.shell:create_environment_hook('la_msgs', 'ld_library_path_lib')
[9.547s] INFO:colcon.colcon_core.shell:Creating environment hook '/home/joshhlee/me326_ws/src/collab_robotics/install/la_msgs/share/la_msgs/hook/ld_library_path_lib.ps1'
[9.547s] INFO:colcon.colcon_core.shell:Creating environment descriptor '/home/joshhlee/me326_ws/src/collab_robotics/install/la_msgs/share/la_msgs/hook/ld_library_path_lib.dsv'
[9.548s] INFO:colcon.colcon_core.shell:Creating environment hook '/home/joshhlee/me326_ws/src/collab_robotics/install/la_msgs/share/la_msgs/hook/ld_library_path_lib.sh'
[9.548s] Level 1:colcon.colcon_core.environment:checking '/home/joshhlee/me326_ws/src/collab_robotics/install/la_msgs/bin'
[9.548s] Level 1:colcon.colcon_core.environment:checking '/home/joshhlee/me326_ws/src/collab_robotics/install/la_msgs/lib/pkgconfig/la_msgs.pc'
[9.548s] Level 1:colcon.colcon_core.environment:checking '/home/joshhlee/me326_ws/src/collab_robotics/install/la_msgs/lib/python3.8/site-packages'
[9.549s] Level 1:colcon.colcon_core.shell:create_environment_hook('la_msgs', 'pythonpath')
[9.639s] INFO:colcon.colcon_core.shell:Creating environment hook '/home/joshhlee/me326_ws/src/collab_robotics/install/la_msgs/share/la_msgs/hook/pythonpath.ps1'
[9.639s] INFO:colcon.colcon_core.shell:Creating environment descriptor '/home/joshhlee/me326_ws/src/collab_robotics/install/la_msgs/share/la_msgs/hook/pythonpath.dsv'
[9.640s] INFO:colcon.colcon_core.shell:Creating environment hook '/home/joshhlee/me326_ws/src/collab_robotics/install/la_msgs/share/la_msgs/hook/pythonpath.sh'
[9.640s] Level 1:colcon.colcon_core.environment:checking '/home/joshhlee/me326_ws/src/collab_robotics/install/la_msgs/bin'
[9.717s] INFO:colcon.colcon_core.shell:Creating package script '/home/joshhlee/me326_ws/src/collab_robotics/install/la_msgs/share/la_msgs/package.ps1'
[9.718s] INFO:colcon.colcon_core.shell:Creating package descriptor '/home/joshhlee/me326_ws/src/collab_robotics/install/la_msgs/share/la_msgs/package.dsv'
[9.718s] INFO:colcon.colcon_core.shell:Creating package script '/home/joshhlee/me326_ws/src/collab_robotics/install/la_msgs/share/la_msgs/package.sh'
[9.719s] INFO:colcon.colcon_core.shell:Creating package script '/home/joshhlee/me326_ws/src/collab_robotics/install/la_msgs/share/la_msgs/package.bash'
[9.720s] INFO:colcon.colcon_core.shell:Creating package script '/home/joshhlee/me326_ws/src/collab_robotics/install/la_msgs/share/la_msgs/package.zsh'
[9.720s] Level 1:colcon.colcon_core.environment:create_file_with_runtime_dependencies(/home/joshhlee/me326_ws/src/collab_robotics/install/la_msgs/share/colcon-core/packages/la_msgs)
[9.866s] DEBUG:colcon.colcon_core.event_handler.log_command:Invoking command in '/home/joshhlee/me326_ws/src/collab_robotics/build/locobot_interfaces': CMAKE_PREFIX_PATH=${CMAKE_PREFIX_PATH}:/home/joshhlee/me326_ws/install/opencv_tests:/home/joshhlee/interbotix_ws/install/interbotix_xs_modules:/home/joshhlee/interbotix_ws/install/interbotix_perception_modules:/home/joshhlee/interbotix_ws/install/interbotix_common_modules:/opt/ros/galactic /usr/bin/cmake --install /home/joshhlee/me326_ws/src/collab_robotics/build/locobot_interfaces
[10.031s] Level 1:colcon.colcon_core.environment:create_environment_scripts_only(locobot_interfaces)
[10.046s] DEBUG:colcon.colcon_core.event_handler.log_command:Invoked command in '/home/joshhlee/me326_ws/src/collab_robotics/build/locobot_interfaces' returned '0': CMAKE_PREFIX_PATH=${CMAKE_PREFIX_PATH}:/home/joshhlee/me326_ws/install/opencv_tests:/home/joshhlee/interbotix_ws/install/interbotix_xs_modules:/home/joshhlee/interbotix_ws/install/interbotix_perception_modules:/home/joshhlee/interbotix_ws/install/interbotix_common_modules:/opt/ros/galactic /usr/bin/cmake --install /home/joshhlee/me326_ws/src/collab_robotics/build/locobot_interfaces
[10.119s] Level 1:colcon.colcon_core.environment:checking '/home/joshhlee/me326_ws/src/collab_robotics/install/locobot_interfaces' for CMake module files
[10.119s] Level 1:colcon.colcon_core.environment:checking '/home/joshhlee/me326_ws/src/collab_robotics/install/locobot_interfaces' for CMake config files
[10.120s] Level 1:colcon.colcon_core.shell:create_environment_hook('locobot_interfaces', 'cmake_prefix_path')
[10.198s] INFO:colcon.colcon_core.shell:Creating environment hook '/home/joshhlee/me326_ws/src/collab_robotics/install/locobot_interfaces/share/locobot_interfaces/hook/cmake_prefix_path.ps1'
[10.199s] INFO:colcon.colcon_core.shell:Creating environment descriptor '/home/joshhlee/me326_ws/src/collab_robotics/install/locobot_interfaces/share/locobot_interfaces/hook/cmake_prefix_path.dsv'
[10.199s] INFO:colcon.colcon_core.shell:Creating environment hook '/home/joshhlee/me326_ws/src/collab_robotics/install/locobot_interfaces/share/locobot_interfaces/hook/cmake_prefix_path.sh'
[10.200s] Level 1:colcon.colcon_core.environment:checking '/home/joshhlee/me326_ws/src/collab_robotics/install/locobot_interfaces/lib'
[10.200s] Level 1:colcon.colcon_core.shell:create_environment_hook('locobot_interfaces', 'ld_library_path_lib')
[10.282s] INFO:colcon.colcon_core.shell:Creating environment hook '/home/joshhlee/me326_ws/src/collab_robotics/install/locobot_interfaces/share/locobot_interfaces/hook/ld_library_path_lib.ps1'
[10.282s] INFO:colcon.colcon_core.shell:Creating environment descriptor '/home/joshhlee/me326_ws/src/collab_robotics/install/locobot_interfaces/share/locobot_interfaces/hook/ld_library_path_lib.dsv'
[10.283s] INFO:colcon.colcon_core.shell:Creating environment hook '/home/joshhlee/me326_ws/src/collab_robotics/install/locobot_interfaces/share/locobot_interfaces/hook/ld_library_path_lib.sh'
[10.283s] Level 1:colcon.colcon_core.environment:checking '/home/joshhlee/me326_ws/src/collab_robotics/install/locobot_interfaces/bin'
[10.283s] Level 1:colcon.colcon_core.environment:checking '/home/joshhlee/me326_ws/src/collab_robotics/install/locobot_interfaces/lib/pkgconfig/locobot_interfaces.pc'
[10.283s] Level 1:colcon.colcon_core.environment:checking '/home/joshhlee/me326_ws/src/collab_robotics/install/locobot_interfaces/lib/python3.8/site-packages'
[10.284s] Level 1:colcon.colcon_core.shell:create_environment_hook('locobot_interfaces', 'pythonpath')
[10.380s] INFO:colcon.colcon_core.shell:Creating environment hook '/home/joshhlee/me326_ws/src/collab_robotics/install/locobot_interfaces/share/locobot_interfaces/hook/pythonpath.ps1'
[10.381s] INFO:colcon.colcon_core.shell:Creating environment descriptor '/home/joshhlee/me326_ws/src/collab_robotics/install/locobot_interfaces/share/locobot_interfaces/hook/pythonpath.dsv'
[10.381s] INFO:colcon.colcon_core.shell:Creating environment hook '/home/joshhlee/me326_ws/src/collab_robotics/install/locobot_interfaces/share/locobot_interfaces/hook/pythonpath.sh'
[10.382s] Level 1:colcon.colcon_core.environment:checking '/home/joshhlee/me326_ws/src/collab_robotics/install/locobot_interfaces/bin'
[10.481s] INFO:colcon.colcon_core.shell:Creating package script '/home/joshhlee/me326_ws/src/collab_robotics/install/locobot_interfaces/share/locobot_interfaces/package.ps1'
[10.481s] INFO:colcon.colcon_core.shell:Creating package descriptor '/home/joshhlee/me326_ws/src/collab_robotics/install/locobot_interfaces/share/locobot_interfaces/package.dsv'
[10.482s] INFO:colcon.colcon_core.shell:Creating package script '/home/joshhlee/me326_ws/src/collab_robotics/install/locobot_interfaces/share/locobot_interfaces/package.sh'
[10.483s] INFO:colcon.colcon_core.shell:Creating package script '/home/joshhlee/me326_ws/src/collab_robotics/install/locobot_interfaces/share/locobot_interfaces/package.bash'
[10.484s] INFO:colcon.colcon_core.shell:Creating package script '/home/joshhlee/me326_ws/src/collab_robotics/install/locobot_interfaces/share/locobot_interfaces/package.zsh'
[10.484s] Level 1:colcon.colcon_core.environment:create_file_with_runtime_dependencies(/home/joshhlee/me326_ws/src/collab_robotics/install/locobot_interfaces/share/colcon-core/packages/locobot_interfaces)
[10.574s] Level 1:colcon.colcon_core.environment:create_environment_scripts_only(la_msgs)
[10.658s] Level 1:colcon.colcon_core.environment:checking '/home/joshhlee/me326_ws/src/collab_robotics/install/la_msgs' for CMake module files
[10.659s] Level 1:colcon.colcon_core.environment:checking '/home/joshhlee/me326_ws/src/collab_robotics/install/la_msgs' for CMake config files
[10.659s] Level 1:colcon.colcon_core.shell:create_environment_hook('la_msgs', 'cmake_prefix_path')
[10.751s] INFO:colcon.colcon_core.shell:Creating environment hook '/home/joshhlee/me326_ws/src/collab_robotics/install/la_msgs/share/la_msgs/hook/cmake_prefix_path.ps1'
[10.751s] INFO:colcon.colcon_core.shell:Creating environment descriptor '/home/joshhlee/me326_ws/src/collab_robotics/install/la_msgs/share/la_msgs/hook/cmake_prefix_path.dsv'
[10.752s] INFO:colcon.colcon_core.shell:Creating environment hook '/home/joshhlee/me326_ws/src/collab_robotics/install/la_msgs/share/la_msgs/hook/cmake_prefix_path.sh'
[10.752s] Level 1:colcon.colcon_core.environment:checking '/home/joshhlee/me326_ws/src/collab_robotics/install/la_msgs/lib'
[10.752s] Level 1:colcon.colcon_core.shell:create_environment_hook('la_msgs', 'ld_library_path_lib')
[10.837s] INFO:colcon.colcon_core.shell:Creating environment hook '/home/joshhlee/me326_ws/src/collab_robotics/install/la_msgs/share/la_msgs/hook/ld_library_path_lib.ps1'
[10.837s] INFO:colcon.colcon_core.shell:Creating environment descriptor '/home/joshhlee/me326_ws/src/collab_robotics/install/la_msgs/share/la_msgs/hook/ld_library_path_lib.dsv'
[10.837s] INFO:colcon.colcon_core.shell:Creating environment hook '/home/joshhlee/me326_ws/src/collab_robotics/install/la_msgs/share/la_msgs/hook/ld_library_path_lib.sh'
[10.838s] Level 1:colcon.colcon_core.environment:checking '/home/joshhlee/me326_ws/src/collab_robotics/install/la_msgs/bin'
[10.838s] Level 1:colcon.colcon_core.environment:checking '/home/joshhlee/me326_ws/src/collab_robotics/install/la_msgs/lib/pkgconfig/la_msgs.pc'
[10.838s] Level 1:colcon.colcon_core.environment:checking '/home/joshhlee/me326_ws/src/collab_robotics/install/la_msgs/lib/python3.8/site-packages'
[10.839s] Level 1:colcon.colcon_core.shell:create_environment_hook('la_msgs', 'pythonpath')
[10.945s] INFO:colcon.colcon_core.shell:Creating environment hook '/home/joshhlee/me326_ws/src/collab_robotics/install/la_msgs/share/la_msgs/hook/pythonpath.ps1'
[10.945s] INFO:colcon.colcon_core.shell:Creating environment descriptor '/home/joshhlee/me326_ws/src/collab_robotics/install/la_msgs/share/la_msgs/hook/pythonpath.dsv'
[10.945s] INFO:colcon.colcon_core.shell:Creating environment hook '/home/joshhlee/me326_ws/src/collab_robotics/install/la_msgs/share/la_msgs/hook/pythonpath.sh'
[10.947s] Level 1:colcon.colcon_core.environment:checking '/home/joshhlee/me326_ws/src/collab_robotics/install/la_msgs/bin'
[11.037s] INFO:colcon.colcon_core.shell:Creating package script '/home/joshhlee/me326_ws/src/collab_robotics/install/la_msgs/share/la_msgs/package.ps1'
[11.038s] INFO:colcon.colcon_core.shell:Creating package descriptor '/home/joshhlee/me326_ws/src/collab_robotics/install/la_msgs/share/la_msgs/package.dsv'
[11.038s] INFO:colcon.colcon_core.shell:Creating package script '/home/joshhlee/me326_ws/src/collab_robotics/install/la_msgs/share/la_msgs/package.sh'
[11.038s] INFO:colcon.colcon_core.shell:Creating package script '/home/joshhlee/me326_ws/src/collab_robotics/install/la_msgs/share/la_msgs/package.bash'
[11.039s] INFO:colcon.colcon_core.shell:Creating package script '/home/joshhlee/me326_ws/src/collab_robotics/install/la_msgs/share/la_msgs/package.zsh'
[11.039s] Level 1:colcon.colcon_core.environment:create_file_with_runtime_dependencies(/home/joshhlee/me326_ws/src/collab_robotics/install/la_msgs/share/colcon-core/packages/la_msgs)
[11.863s] Level 1:colcon.colcon_core.environment:create_environment_scripts_only(locobot_interfaces)
[11.963s] Level 1:colcon.colcon_core.environment:checking '/home/joshhlee/me326_ws/src/collab_robotics/install/locobot_interfaces' for CMake module files
[11.963s] Level 1:colcon.colcon_core.environment:checking '/home/joshhlee/me326_ws/src/collab_robotics/install/locobot_interfaces' for CMake config files
[11.964s] Level 1:colcon.colcon_core.shell:create_environment_hook('locobot_interfaces', 'cmake_prefix_path')
[12.071s] INFO:colcon.colcon_core.shell:Creating environment hook '/home/joshhlee/me326_ws/src/collab_robotics/install/locobot_interfaces/share/locobot_interfaces/hook/cmake_prefix_path.ps1'
[12.072s] INFO:colcon.colcon_core.shell:Creating environment descriptor '/home/joshhlee/me326_ws/src/collab_robotics/install/locobot_interfaces/share/locobot_interfaces/hook/cmake_prefix_path.dsv'
[12.072s] INFO:colcon.colcon_core.shell:Creating environment hook '/home/joshhlee/me326_ws/src/collab_robotics/install/locobot_interfaces/share/locobot_interfaces/hook/cmake_prefix_path.sh'
[12.073s] Level 1:colcon.colcon_core.environment:checking '/home/joshhlee/me326_ws/src/collab_robotics/install/locobot_interfaces/lib'
[12.073s] Level 1:colcon.colcon_core.shell:create_environment_hook('locobot_interfaces', 'ld_library_path_lib')
[12.168s] INFO:colcon.colcon_core.shell:Creating environment hook '/home/joshhlee/me326_ws/src/collab_robotics/install/locobot_interfaces/share/locobot_interfaces/hook/ld_library_path_lib.ps1'
[12.168s] INFO:colcon.colcon_core.shell:Creating environment descriptor '/home/joshhlee/me326_ws/src/collab_robotics/install/locobot_interfaces/share/locobot_interfaces/hook/ld_library_path_lib.dsv'
[12.169s] INFO:colcon.colcon_core.shell:Creating environment hook '/home/joshhlee/me326_ws/src/collab_robotics/install/locobot_interfaces/share/locobot_interfaces/hook/ld_library_path_lib.sh'
[12.169s] Level 1:colcon.colcon_core.environment:checking '/home/joshhlee/me326_ws/src/collab_robotics/install/locobot_interfaces/bin'
[12.169s] Level 1:colcon.colcon_core.environment:checking '/home/joshhlee/me326_ws/src/collab_robotics/install/locobot_interfaces/lib/pkgconfig/locobot_interfaces.pc'
[12.169s] Level 1:colcon.colcon_core.environment:checking '/home/joshhlee/me326_ws/src/collab_robotics/install/locobot_interfaces/lib/python3.8/site-packages'
[12.170s] Level 1:colcon.colcon_core.shell:create_environment_hook('locobot_interfaces', 'pythonpath')
[12.296s] INFO:colcon.colcon_core.shell:Creating environment hook '/home/joshhlee/me326_ws/src/collab_robotics/install/locobot_interfaces/share/locobot_interfaces/hook/pythonpath.ps1'
[12.298s] INFO:colcon.colcon_core.shell:Creating environment descriptor '/home/joshhlee/me326_ws/src/collab_robotics/install/locobot_interfaces/share/locobot_interfaces/hook/pythonpath.dsv'
[12.299s] INFO:colcon.colcon_core.shell:Creating environment hook '/home/joshhlee/me326_ws/src/collab_robotics/install/locobot_interfaces/share/locobot_interfaces/hook/pythonpath.sh'
[12.305s] Level 1:colcon.colcon_core.environment:checking '/home/joshhlee/me326_ws/src/collab_robotics/install/locobot_interfaces/bin'
[12.445s] INFO:colcon.colcon_core.shell:Creating package script '/home/joshhlee/me326_ws/src/collab_robotics/install/locobot_interfaces/share/locobot_interfaces/package.ps1'
[12.446s] INFO:colcon.colcon_core.shell:Creating package descriptor '/home/joshhlee/me326_ws/src/collab_robotics/install/locobot_interfaces/share/locobot_interfaces/package.dsv'
[12.446s] INFO:colcon.colcon_core.shell:Creating package script '/home/joshhlee/me326_ws/src/collab_robotics/install/locobot_interfaces/share/locobot_interfaces/package.sh'
[12.446s] INFO:colcon.colcon_core.shell:Creating package script '/home/joshhlee/me326_ws/src/collab_robotics/install/locobot_interfaces/share/locobot_interfaces/package.bash'
[12.447s] INFO:colcon.colcon_core.shell:Creating package script '/home/joshhlee/me326_ws/src/collab_robotics/install/locobot_interfaces/share/locobot_interfaces/package.zsh'
[12.447s] Level 1:colcon.colcon_core.environment:create_file_with_runtime_dependencies(/home/joshhlee/me326_ws/src/collab_robotics/install/locobot_interfaces/share/colcon-core/packages/locobot_interfaces)
[22.247s] DEBUG:colcon.colcon_core.event_handler.log_command:Invoked command in '/home/joshhlee/me326_ws/src/collab_robotics/build/me326_project' returned '0': CMAKE_PREFIX_PATH=${CMAKE_PREFIX_PATH}:/home/joshhlee/me326_ws/install/opencv_tests:/home/joshhlee/interbotix_ws/install/interbotix_xs_modules:/home/joshhlee/interbotix_ws/install/interbotix_perception_modules:/home/joshhlee/interbotix_ws/install/interbotix_common_modules:/opt/ros/galactic /usr/bin/cmake --build /home/joshhlee/me326_ws/src/collab_robotics/build/me326_project -- -j4 -l4
[22.346s] DEBUG:colcon.colcon_core.event_handler.log_command:Invoking command in '/home/joshhlee/me326_ws/src/collab_robotics/build/me326_project': CMAKE_PREFIX_PATH=${CMAKE_PREFIX_PATH}:/home/joshhlee/me326_ws/install/opencv_tests:/home/joshhlee/interbotix_ws/install/interbotix_xs_modules:/home/joshhlee/interbotix_ws/install/interbotix_perception_modules:/home/joshhlee/interbotix_ws/install/interbotix_common_modules:/opt/ros/galactic /usr/bin/cmake --install /home/joshhlee/me326_ws/src/collab_robotics/build/me326_project
[22.379s] Level 1:colcon.colcon_core.environment:create_environment_scripts_only(me326_project)
[22.384s] DEBUG:colcon.colcon_core.event_handler.log_command:Invoked command in '/home/joshhlee/me326_ws/src/collab_robotics/build/me326_project' returned '0': CMAKE_PREFIX_PATH=${CMAKE_PREFIX_PATH}:/home/joshhlee/me326_ws/install/opencv_tests:/home/joshhlee/interbotix_ws/install/interbotix_xs_modules:/home/joshhlee/interbotix_ws/install/interbotix_perception_modules:/home/joshhlee/interbotix_ws/install/interbotix_common_modules:/opt/ros/galactic /usr/bin/cmake --install /home/joshhlee/me326_ws/src/collab_robotics/build/me326_project
[22.470s] Level 1:colcon.colcon_core.environment:checking '/home/joshhlee/me326_ws/src/collab_robotics/install/me326_project' for CMake module files
[22.470s] Level 1:colcon.colcon_core.environment:checking '/home/joshhlee/me326_ws/src/collab_robotics/install/me326_project' for CMake config files
[22.471s] Level 1:colcon.colcon_core.shell:create_environment_hook('me326_project', 'cmake_prefix_path')
[22.544s] INFO:colcon.colcon_core.shell:Creating environment hook '/home/joshhlee/me326_ws/src/collab_robotics/install/me326_project/share/me326_project/hook/cmake_prefix_path.ps1'
[22.546s] INFO:colcon.colcon_core.shell:Creating environment descriptor '/home/joshhlee/me326_ws/src/collab_robotics/install/me326_project/share/me326_project/hook/cmake_prefix_path.dsv'
[22.546s] INFO:colcon.colcon_core.shell:Creating environment hook '/home/joshhlee/me326_ws/src/collab_robotics/install/me326_project/share/me326_project/hook/cmake_prefix_path.sh'
[22.546s] Level 1:colcon.colcon_core.environment:checking '/home/joshhlee/me326_ws/src/collab_robotics/install/me326_project/lib'
[22.547s] Level 1:colcon.colcon_core.environment:checking '/home/joshhlee/me326_ws/src/collab_robotics/install/me326_project/bin'
[22.547s] Level 1:colcon.colcon_core.environment:checking '/home/joshhlee/me326_ws/src/collab_robotics/install/me326_project/lib/pkgconfig/me326_project.pc'
[22.547s] Level 1:colcon.colcon_core.environment:checking '/home/joshhlee/me326_ws/src/collab_robotics/install/me326_project/lib/python3.8/site-packages'
[22.548s] Level 1:colcon.colcon_core.environment:checking '/home/joshhlee/me326_ws/src/collab_robotics/install/me326_project/bin'
[22.625s] INFO:colcon.colcon_core.shell:Creating package script '/home/joshhlee/me326_ws/src/collab_robotics/install/me326_project/share/me326_project/package.ps1'
[22.626s] INFO:colcon.colcon_core.shell:Creating package descriptor '/home/joshhlee/me326_ws/src/collab_robotics/install/me326_project/share/me326_project/package.dsv'
[22.626s] INFO:colcon.colcon_core.shell:Creating package script '/home/joshhlee/me326_ws/src/collab_robotics/install/me326_project/share/me326_project/package.sh'
[22.626s] INFO:colcon.colcon_core.shell:Creating package script '/home/joshhlee/me326_ws/src/collab_robotics/install/me326_project/share/me326_project/package.bash'
[22.627s] INFO:colcon.colcon_core.shell:Creating package script '/home/joshhlee/me326_ws/src/collab_robotics/install/me326_project/share/me326_project/package.zsh'
[22.627s] Level 1:colcon.colcon_core.environment:create_file_with_runtime_dependencies(/home/joshhlee/me326_ws/src/collab_robotics/install/me326_project/share/colcon-core/packages/me326_project)
[22.868s] Level 1:colcon.colcon_core.environment:create_environment_scripts_only(me326_project)
[22.963s] Level 1:colcon.colcon_core.environment:checking '/home/joshhlee/me326_ws/src/collab_robotics/install/me326_project' for CMake module files
[22.963s] Level 1:colcon.colcon_core.environment:checking '/home/joshhlee/me326_ws/src/collab_robotics/install/me326_project' for CMake config files
[22.963s] Level 1:colcon.colcon_core.shell:create_environment_hook('me326_project', 'cmake_prefix_path')
[23.058s] INFO:colcon.colcon_core.shell:Creating environment hook '/home/joshhlee/me326_ws/src/collab_robotics/install/me326_project/share/me326_project/hook/cmake_prefix_path.ps1'
[23.058s] INFO:colcon.colcon_core.shell:Creating environment descriptor '/home/joshhlee/me326_ws/src/collab_robotics/install/me326_project/share/me326_project/hook/cmake_prefix_path.dsv'
[23.059s] INFO:colcon.colcon_core.shell:Creating environment hook '/home/joshhlee/me326_ws/src/collab_robotics/install/me326_project/share/me326_project/hook/cmake_prefix_path.sh'
[23.060s] Level 1:colcon.colcon_core.environment:checking '/home/joshhlee/me326_ws/src/collab_robotics/install/me326_project/lib'
[23.060s] Level 1:colcon.colcon_core.environment:checking '/home/joshhlee/me326_ws/src/collab_robotics/install/me326_project/bin'
[23.060s] Level 1:colcon.colcon_core.environment:checking '/home/joshhlee/me326_ws/src/collab_robotics/install/me326_project/lib/pkgconfig/me326_project.pc'
[23.060s] Level 1:colcon.colcon_core.environment:checking '/home/joshhlee/me326_ws/src/collab_robotics/install/me326_project/lib/python3.8/site-packages'
[23.061s] Level 1:colcon.colcon_core.environment:checking '/home/joshhlee/me326_ws/src/collab_robotics/install/me326_project/bin'
[23.147s] INFO:colcon.colcon_core.shell:Creating package script '/home/joshhlee/me326_ws/src/collab_robotics/install/me326_project/share/me326_project/package.ps1'
[23.148s] INFO:colcon.colcon_core.shell:Creating package descriptor '/home/joshhlee/me326_ws/src/collab_robotics/install/me326_project/share/me326_project/package.dsv'
[23.149s] INFO:colcon.colcon_core.shell:Creating package script '/home/joshhlee/me326_ws/src/collab_robotics/install/me326_project/share/me326_project/package.sh'
[23.149s] INFO:colcon.colcon_core.shell:Creating package script '/home/joshhlee/me326_ws/src/collab_robotics/install/me326_project/share/me326_project/package.bash'
[23.151s] INFO:colcon.colcon_core.shell:Creating package script '/home/joshhlee/me326_ws/src/collab_robotics/install/me326_project/share/me326_project/package.zsh'
[23.151s] Level 1:colcon.colcon_core.environment:create_file_with_runtime_dependencies(/home/joshhlee/me326_ws/src/collab_robotics/install/me326_project/share/colcon-core/packages/me326_project)
[23.153s] DEBUG:colcon.colcon_parallel_executor.executor.parallel:closing loop
[23.153s] DEBUG:colcon.colcon_parallel_executor.executor.parallel:loop closed
[23.154s] DEBUG:colcon.colcon_parallel_executor.executor.parallel:run_until_complete finished with '0'
[23.154s] DEBUG:colcon.colcon_core.event_reactor:joining thread
[23.280s] INFO:colcon.colcon_core.plugin_system:Skipping extension 'colcon_notification.desktop_notification.terminal_notifier': Not used on non-Darwin systems
[23.280s] INFO:colcon.colcon_core.plugin_system:Skipping extension 'colcon_notification.desktop_notification.win32': Not used on non-Windows systems
[23.281s] INFO:colcon.colcon_notification.desktop_notification:Sending desktop notification using 'notify2'
[23.323s] DEBUG:colcon.colcon_core.event_reactor:joined thread
[23.457s] INFO:colcon.colcon_core.shell:Creating prefix script '/home/joshhlee/me326_ws/src/collab_robotics/install/local_setup.ps1'
[23.458s] INFO:colcon.colcon_core.shell:Creating prefix util module '/home/joshhlee/me326_ws/src/collab_robotics/install/_local_setup_util_ps1.py'
[23.459s] INFO:colcon.colcon_core.shell:Creating prefix chain script '/home/joshhlee/me326_ws/src/collab_robotics/install/setup.ps1'
[23.546s] INFO:colcon.colcon_core.shell:Creating prefix script '/home/joshhlee/me326_ws/src/collab_robotics/install/local_setup.sh'
[23.547s] INFO:colcon.colcon_core.shell:Creating prefix util module '/home/joshhlee/me326_ws/src/collab_robotics/install/_local_setup_util_sh.py'
[23.547s] INFO:colcon.colcon_core.shell:Creating prefix chain script '/home/joshhlee/me326_ws/src/collab_robotics/install/setup.sh'
[23.692s] INFO:colcon.colcon_core.shell:Creating prefix script '/home/joshhlee/me326_ws/src/collab_robotics/install/local_setup.bash'
[23.693s] INFO:colcon.colcon_core.shell:Creating prefix chain script '/home/joshhlee/me326_ws/src/collab_robotics/install/setup.bash'
[23.777s] INFO:colcon.colcon_core.shell:Creating prefix script '/home/joshhlee/me326_ws/src/collab_robotics/install/local_setup.zsh'
[23.778s] INFO:colcon.colcon_core.shell:Creating prefix chain script '/home/joshhlee/me326_ws/src/collab_robotics/install/setup.zsh'
