-- The C compiler identification is GNU 9.4.0
-- The CXX compiler identification is GNU 9.4.0
-- Check for working C compiler: /usr/bin/cc
-- Check for working C compiler: /usr/bin/cc -- works
-- Detecting C compiler ABI info
-- Detecting C compiler ABI info - done
-- Detecting C compile features
-- Detecting C compile features - done
-- Check for working CXX compiler: /usr/bin/c++
-- Check for working CXX compiler: /usr/bin/c++ -- works
-- Detecting CXX compiler ABI info
-- Detecting CXX compiler ABI info - done
-- Detecting CXX compile features
-- Detecting CXX compile features - done
-- Found ament_cmake: 1.1.6 (/opt/ros/galactic/share/ament_cmake/cmake)
-- Found PythonInterp: /usr/bin/python3 (found suitable version "3.8.10", minimum required is "3") 
-- Using PYTHON_EXECUTABLE: /usr/bin/python3
-- Found rosidl_default_generators: 1.1.1 (/opt/ros/galactic/share/rosidl_default_generators/cmake)
-- Using all available rosidl_typesupport_c: rosidl_typesupport_fastrtps_c;rosidl_typesupport_introspection_c
-- Found rosidl_adapter: 2.2.3 (/opt/ros/galactic/share/rosidl_adapter/cmake)
-- Found OpenSSL: /usr/lib/aarch64-linux-gnu/libcrypto.so (found version "1.1.1f")  
-- Found FastRTPS: /opt/ros/galactic/include  
-- Using all available rosidl_typesupport_cpp: rosidl_typesupport_fastrtps_cpp;rosidl_typesupport_introspection_cpp
-- Found geometry_msgs: 2.2.4 (/opt/ros/galactic/share/geometry_msgs/cmake)
-- Found PythonInterp: /usr/bin/python3 (found version "3.8.10") 
-- Found ament_cmake_ros: 0.9.2 (/opt/ros/galactic/share/ament_cmake_ros/cmake)
-- Using all available rosidl_typesupport_c: rosidl_typesupport_fastrtps_c;rosidl_typesupport_introspection_c
-- Using all available rosidl_typesupport_cpp: rosidl_typesupport_fastrtps_cpp;rosidl_typesupport_introspection_cpp
-- Found PythonInterp: /usr/bin/python3 (found suitable version "3.8.10", minimum required is "3.5") 
-- Found python_cmake_module: 0.8.1 (/opt/ros/galactic/share/python_cmake_module/cmake)
-- Found PythonLibs: /usr/lib/aarch64-linux-gnu/libpython3.8.so (found suitable version "3.8.10", minimum required is "3.5") 
-- Using PYTHON_EXECUTABLE: /usr/bin/python3
-- Using PYTHON_INCLUDE_DIRS: /usr/include/python3.8
-- Using PYTHON_LIBRARIES: /usr/lib/aarch64-linux-gnu/libpython3.8.so
-- Found PythonExtra: .so  
-- Found ament_lint_auto: 0.10.7 (/opt/ros/galactic/share/ament_lint_auto/cmake)
-- Added test 'copyright' to check source files copyright and LICENSE
-- Added test 'flake8' to check Python code syntax and style conventions
-- Added test 'lint_cmake' to check CMake code style
-- Added test 'pep257' to check Python code against some of the style conventions in PEP 257
-- Added test 'xmllint' to check XML markup files
-- Configuring done
-- Generating done
-- Build files have been written to: /home/joshhlee/me326_ws/src/collab_robotics/build/locobot_interfaces
[35m[1mScanning dependencies of target locobot_interfaces__cpp[0m
[  1%] [34m[1mGenerating C++ code for ROS interfaces[0m
[  1%] Built target locobot_interfaces__cpp
[  3%] [34m[1mGenerating C code for ROS interfaces[0m
[35m[1mScanning dependencies of target locobot_interfaces__rosidl_generator_c[0m
[  5%] [32mBuilding C object CMakeFiles/locobot_interfaces__rosidl_generator_c.dir/rosidl_generator_c/locobot_interfaces/action/detail/move_arm__functions.c.o[0m
[  7%] [32mBuilding C object CMakeFiles/locobot_interfaces__rosidl_generator_c.dir/rosidl_generator_c/locobot_interfaces/action/detail/move_gripper__functions.c.o[0m
[  9%] [32mBuilding C object CMakeFiles/locobot_interfaces__rosidl_generator_c.dir/rosidl_generator_c/locobot_interfaces/action/detail/move_base__functions.c.o[0m
[ 10%] [32mBuilding C object CMakeFiles/locobot_interfaces__rosidl_generator_c.dir/rosidl_generator_c/locobot_interfaces/srv/detail/set_pose__functions.c.o[0m
[ 12%] [32m[1mLinking C shared library liblocobot_interfaces__rosidl_generator_c.so[0m
[ 12%] Built target locobot_interfaces__rosidl_generator_c
[ 14%] [34m[1mGenerating C++ introspection for ROS interfaces[0m
[35m[1mScanning dependencies of target locobot_interfaces__rosidl_typesupport_introspection_cpp[0m
[ 16%] [32mBuilding CXX object CMakeFiles/locobot_interfaces__rosidl_typesupport_introspection_cpp.dir/rosidl_typesupport_introspection_cpp/locobot_interfaces/action/detail/move_arm__type_support.cpp.o[0m
[ 18%] [32mBuilding CXX object CMakeFiles/locobot_interfaces__rosidl_typesupport_introspection_cpp.dir/rosidl_typesupport_introspection_cpp/locobot_interfaces/action/detail/move_gripper__type_support.cpp.o[0m
[ 20%] [32mBuilding CXX object CMakeFiles/locobot_interfaces__rosidl_typesupport_introspection_cpp.dir/rosidl_typesupport_introspection_cpp/locobot_interfaces/action/detail/move_base__type_support.cpp.o[0m
[ 21%] [32mBuilding CXX object CMakeFiles/locobot_interfaces__rosidl_typesupport_introspection_cpp.dir/rosidl_typesupport_introspection_cpp/locobot_interfaces/srv/detail/set_pose__type_support.cpp.o[0m
[ 23%] [32m[1mLinking CXX shared library liblocobot_interfaces__rosidl_typesupport_introspection_cpp.so[0m
[ 23%] Built target locobot_interfaces__rosidl_typesupport_introspection_cpp
[ 25%] [34m[1mGenerating C type support dispatch for ROS interfaces[0m
[35m[1mScanning dependencies of target locobot_interfaces__rosidl_typesupport_c[0m
[ 27%] [32mBuilding CXX object CMakeFiles/locobot_interfaces__rosidl_typesupport_c.dir/rosidl_typesupport_c/locobot_interfaces/action/move_arm__type_support.cpp.o[0m
[ 29%] [32mBuilding CXX object CMakeFiles/locobot_interfaces__rosidl_typesupport_c.dir/rosidl_typesupport_c/locobot_interfaces/action/move_gripper__type_support.cpp.o[0m
[ 30%] [32mBuilding CXX object CMakeFiles/locobot_interfaces__rosidl_typesupport_c.dir/rosidl_typesupport_c/locobot_interfaces/action/move_base__type_support.cpp.o[0m
[ 32%] [32mBuilding CXX object CMakeFiles/locobot_interfaces__rosidl_typesupport_c.dir/rosidl_typesupport_c/locobot_interfaces/srv/set_pose__type_support.cpp.o[0m
[ 34%] [32m[1mLinking CXX shared library liblocobot_interfaces__rosidl_typesupport_c.so[0m
[ 34%] Built target locobot_interfaces__rosidl_typesupport_c
[ 36%] [34m[1mGenerating C introspection for ROS interfaces[0m
[35m[1mScanning dependencies of target locobot_interfaces__rosidl_typesupport_introspection_c[0m
[ 38%] [32mBuilding C object CMakeFiles/locobot_interfaces__rosidl_typesupport_introspection_c.dir/rosidl_typesupport_introspection_c/locobot_interfaces/action/detail/move_arm__type_support.c.o[0m
[ 40%] [32mBuilding C object CMakeFiles/locobot_interfaces__rosidl_typesupport_introspection_c.dir/rosidl_typesupport_introspection_c/locobot_interfaces/action/detail/move_gripper__type_support.c.o[0m
[ 41%] [32mBuilding C object CMakeFiles/locobot_interfaces__rosidl_typesupport_introspection_c.dir/rosidl_typesupport_introspection_c/locobot_interfaces/action/detail/move_base__type_support.c.o[0m
[ 43%] [32mBuilding C object CMakeFiles/locobot_interfaces__rosidl_typesupport_introspection_c.dir/rosidl_typesupport_introspection_c/locobot_interfaces/srv/detail/set_pose__type_support.c.o[0m
[ 45%] [32m[1mLinking C shared library liblocobot_interfaces__rosidl_typesupport_introspection_c.so[0m
[ 45%] Built target locobot_interfaces__rosidl_typesupport_introspection_c
[ 47%] [34m[1mGenerating C++ type support for eProsima Fast-RTPS[0m
[35m[1mScanning dependencies of target locobot_interfaces__rosidl_typesupport_fastrtps_cpp[0m
[ 49%] [32mBuilding CXX object CMakeFiles/locobot_interfaces__rosidl_typesupport_fastrtps_cpp.dir/rosidl_typesupport_fastrtps_cpp/locobot_interfaces/action/detail/dds_fastrtps/move_arm__type_support.cpp.o[0m
[ 50%] [32mBuilding CXX object CMakeFiles/locobot_interfaces__rosidl_typesupport_fastrtps_cpp.dir/rosidl_typesupport_fastrtps_cpp/locobot_interfaces/action/detail/dds_fastrtps/move_base__type_support.cpp.o[0m
[ 52%] [32mBuilding CXX object CMakeFiles/locobot_interfaces__rosidl_typesupport_fastrtps_cpp.dir/rosidl_typesupport_fastrtps_cpp/locobot_interfaces/srv/detail/dds_fastrtps/set_pose__type_support.cpp.o[0m
[ 54%] [32mBuilding CXX object CMakeFiles/locobot_interfaces__rosidl_typesupport_fastrtps_cpp.dir/rosidl_typesupport_fastrtps_cpp/locobot_interfaces/action/detail/dds_fastrtps/move_gripper__type_support.cpp.o[0m
[ 56%] [32m[1mLinking CXX shared library liblocobot_interfaces__rosidl_typesupport_fastrtps_cpp.so[0m
[ 56%] Built target locobot_interfaces__rosidl_typesupport_fastrtps_cpp
[ 58%] [34m[1mGenerating C++ type support dispatch for ROS interfaces[0m
[35m[1mScanning dependencies of target locobot_interfaces__rosidl_typesupport_cpp[0m
[ 60%] [32mBuilding CXX object CMakeFiles/locobot_interfaces__rosidl_typesupport_cpp.dir/rosidl_typesupport_cpp/locobot_interfaces/action/move_arm__type_support.cpp.o[0m
[ 61%] [32mBuilding CXX object CMakeFiles/locobot_interfaces__rosidl_typesupport_cpp.dir/rosidl_typesupport_cpp/locobot_interfaces/action/move_base__type_support.cpp.o[0m
[ 63%] [32mBuilding CXX object CMakeFiles/locobot_interfaces__rosidl_typesupport_cpp.dir/rosidl_typesupport_cpp/locobot_interfaces/srv/set_pose__type_support.cpp.o[0m
[ 65%] [32mBuilding CXX object CMakeFiles/locobot_interfaces__rosidl_typesupport_cpp.dir/rosidl_typesupport_cpp/locobot_interfaces/action/move_gripper__type_support.cpp.o[0m
[ 67%] [32m[1mLinking CXX shared library liblocobot_interfaces__rosidl_typesupport_cpp.so[0m
[ 67%] Built target locobot_interfaces__rosidl_typesupport_cpp
[ 69%] [34m[1mGenerating C type support for eProsima Fast-RTPS[0m
[35m[1mScanning dependencies of target locobot_interfaces__rosidl_typesupport_fastrtps_c[0m
[ 70%] [32mBuilding CXX object CMakeFiles/locobot_interfaces__rosidl_typesupport_fastrtps_c.dir/rosidl_typesupport_fastrtps_c/locobot_interfaces/action/detail/move_arm__type_support_c.cpp.o[0m
[ 72%] [32mBuilding CXX object CMakeFiles/locobot_interfaces__rosidl_typesupport_fastrtps_c.dir/rosidl_typesupport_fastrtps_c/locobot_interfaces/srv/detail/set_pose__type_support_c.cpp.o[0m
[ 74%] [32mBuilding CXX object CMakeFiles/locobot_interfaces__rosidl_typesupport_fastrtps_c.dir/rosidl_typesupport_fastrtps_c/locobot_interfaces/action/detail/move_base__type_support_c.cpp.o[0m
[ 76%] [32mBuilding CXX object CMakeFiles/locobot_interfaces__rosidl_typesupport_fastrtps_c.dir/rosidl_typesupport_fastrtps_c/locobot_interfaces/action/detail/move_gripper__type_support_c.cpp.o[0m
[ 78%] [32m[1mLinking CXX shared library liblocobot_interfaces__rosidl_typesupport_fastrtps_c.so[0m
[ 78%] Built target locobot_interfaces__rosidl_typesupport_fastrtps_c
[35m[1mScanning dependencies of target locobot_interfaces[0m
[ 78%] Built target locobot_interfaces
[35m[1mScanning dependencies of target locobot_interfaces__py[0m
[ 80%] [34m[1mGenerating Python code for ROS interfaces[0m
[ 80%] Built target locobot_interfaces__py
[35m[1mScanning dependencies of target locobot_interfaces__python[0m
[ 81%] [32mBuilding C object CMakeFiles/locobot_interfaces__python.dir/rosidl_generator_py/locobot_interfaces/action/_move_arm_s.c.o[0m
[ 83%] [32mBuilding C object CMakeFiles/locobot_interfaces__python.dir/rosidl_generator_py/locobot_interfaces/srv/_set_pose_s.c.o[0m
[ 85%] [32mBuilding C object CMakeFiles/locobot_interfaces__python.dir/rosidl_generator_py/locobot_interfaces/action/_move_base_s.c.o[0m
[ 87%] [32mBuilding C object CMakeFiles/locobot_interfaces__python.dir/rosidl_generator_py/locobot_interfaces/action/_move_gripper_s.c.o[0m
[ 89%] [32m[1mLinking C shared library rosidl_generator_py/locobot_interfaces/liblocobot_interfaces__python.so[0m
[ 89%] Built target locobot_interfaces__python
[35m[1mScanning dependencies of target locobot_interfaces__rosidl_typesupport_c__pyext[0m
[ 90%] [32mBuilding C object CMakeFiles/locobot_interfaces__rosidl_typesupport_c__pyext.dir/rosidl_generator_py/locobot_interfaces/_locobot_interfaces_s.ep.rosidl_typesupport_c.c.o[0m
[ 92%] [32m[1mLinking C shared library rosidl_generator_py/locobot_interfaces/locobot_interfaces_s__rosidl_typesupport_c.cpython-38-aarch64-linux-gnu.so[0m
[ 92%] Built target locobot_interfaces__rosidl_typesupport_c__pyext
[35m[1mScanning dependencies of target locobot_interfaces__rosidl_typesupport_fastrtps_c__pyext[0m
[ 94%] [32mBuilding C object CMakeFiles/locobot_interfaces__rosidl_typesupport_fastrtps_c__pyext.dir/rosidl_generator_py/locobot_interfaces/_locobot_interfaces_s.ep.rosidl_typesupport_fastrtps_c.c.o[0m
[ 96%] [32m[1mLinking CXX shared library rosidl_generator_py/locobot_interfaces/locobot_interfaces_s__rosidl_typesupport_fastrtps_c.cpython-38-aarch64-linux-gnu.so[0m
[ 96%] Built target locobot_interfaces__rosidl_typesupport_fastrtps_c__pyext
[35m[1mScanning dependencies of target locobot_interfaces__rosidl_typesupport_introspection_c__pyext[0m
[ 98%] [32mBuilding C object CMakeFiles/locobot_interfaces__rosidl_typesupport_introspection_c__pyext.dir/rosidl_generator_py/locobot_interfaces/_locobot_interfaces_s.ep.rosidl_typesupport_introspection_c.c.o[0m
[100%] [32m[1mLinking C shared library rosidl_generator_py/locobot_interfaces/locobot_interfaces_s__rosidl_typesupport_introspection_c.cpython-38-aarch64-linux-gnu.so[0m
[100%] Built target locobot_interfaces__rosidl_typesupport_introspection_c__pyext
-- Install configuration: ""
-- Installing: /home/joshhlee/me326_ws/src/collab_robotics/install/locobot_interfaces/share/ament_index/resource_index/rosidl_interfaces/locobot_interfaces
-- Installing: /home/joshhlee/me326_ws/src/collab_robotics/install/locobot_interfaces/include/locobot_interfaces
-- Installing: /home/joshhlee/me326_ws/src/collab_robotics/install/locobot_interfaces/include/locobot_interfaces/msg
-- Installing: /home/joshhlee/me326_ws/src/collab_robotics/install/locobot_interfaces/include/locobot_interfaces/msg/rosidl_generator_c__visibility_control.h
-- Installing: /home/joshhlee/me326_ws/src/collab_robotics/install/locobot_interfaces/include/locobot_interfaces/srv
-- Installing: /home/joshhlee/me326_ws/src/collab_robotics/install/locobot_interfaces/include/locobot_interfaces/srv/detail
-- Installing: /home/joshhlee/me326_ws/src/collab_robotics/install/locobot_interfaces/include/locobot_interfaces/srv/detail/set_pose__functions.h
-- Installing: /home/joshhlee/me326_ws/src/collab_robotics/install/locobot_interfaces/include/locobot_interfaces/srv/detail/set_pose__type_support.h
-- Installing: /home/joshhlee/me326_ws/src/collab_robotics/install/locobot_interfaces/include/locobot_interfaces/srv/detail/set_pose__struct.h
-- Installing: /home/joshhlee/me326_ws/src/collab_robotics/install/locobot_interfaces/include/locobot_interfaces/srv/detail/set_pose__functions.c
-- Installing: /home/joshhlee/me326_ws/src/collab_robotics/install/locobot_interfaces/include/locobot_interfaces/srv/set_pose.h
-- Installing: /home/joshhlee/me326_ws/src/collab_robotics/install/locobot_interfaces/include/locobot_interfaces/action
-- Installing: /home/joshhlee/me326_ws/src/collab_robotics/install/locobot_interfaces/include/locobot_interfaces/action/detail
-- Installing: /home/joshhlee/me326_ws/src/collab_robotics/install/locobot_interfaces/include/locobot_interfaces/action/detail/move_gripper__struct.h
-- Installing: /home/joshhlee/me326_ws/src/collab_robotics/install/locobot_interfaces/include/locobot_interfaces/action/detail/move_arm__type_support.h
-- Installing: /home/joshhlee/me326_ws/src/collab_robotics/install/locobot_interfaces/include/locobot_interfaces/action/detail/move_gripper__functions.c
-- Installing: /home/joshhlee/me326_ws/src/collab_robotics/install/locobot_interfaces/include/locobot_interfaces/action/detail/move_base__struct.h
-- Installing: /home/joshhlee/me326_ws/src/collab_robotics/install/locobot_interfaces/include/locobot_interfaces/action/detail/move_base__functions.c
-- Installing: /home/joshhlee/me326_ws/src/collab_robotics/install/locobot_interfaces/include/locobot_interfaces/action/detail/move_gripper__functions.h
-- Installing: /home/joshhlee/me326_ws/src/collab_robotics/install/locobot_interfaces/include/locobot_interfaces/action/detail/move_base__type_support.h
-- Installing: /home/joshhlee/me326_ws/src/collab_robotics/install/locobot_interfaces/include/locobot_interfaces/action/detail/move_gripper__type_support.h
-- Installing: /home/joshhlee/me326_ws/src/collab_robotics/install/locobot_interfaces/include/locobot_interfaces/action/detail/move_base__functions.h
-- Installing: /home/joshhlee/me326_ws/src/collab_robotics/install/locobot_interfaces/include/locobot_interfaces/action/detail/move_arm__functions.h
-- Installing: /home/joshhlee/me326_ws/src/collab_robotics/install/locobot_interfaces/include/locobot_interfaces/action/detail/move_arm__struct.h
-- Installing: /home/joshhlee/me326_ws/src/collab_robotics/install/locobot_interfaces/include/locobot_interfaces/action/detail/move_arm__functions.c
-- Installing: /home/joshhlee/me326_ws/src/collab_robotics/install/locobot_interfaces/include/locobot_interfaces/action/move_base.h
-- Installing: /home/joshhlee/me326_ws/src/collab_robotics/install/locobot_interfaces/include/locobot_interfaces/action/move_gripper.h
-- Installing: /home/joshhlee/me326_ws/src/collab_robotics/install/locobot_interfaces/include/locobot_interfaces/action/move_arm.h
-- Installing: /home/joshhlee/me326_ws/src/collab_robotics/install/locobot_interfaces/share/locobot_interfaces/environment/library_path.sh
-- Installing: /home/joshhlee/me326_ws/src/collab_robotics/install/locobot_interfaces/share/locobot_interfaces/environment/library_path.dsv
-- Installing: /home/joshhlee/me326_ws/src/collab_robotics/install/locobot_interfaces/lib/liblocobot_interfaces__rosidl_generator_c.so
-- Set runtime path of "/home/joshhlee/me326_ws/src/collab_robotics/install/locobot_interfaces/lib/liblocobot_interfaces__rosidl_generator_c.so" to ""
-- Up-to-date: /home/joshhlee/me326_ws/src/collab_robotics/install/locobot_interfaces/include/locobot_interfaces
-- Up-to-date: /home/joshhlee/me326_ws/src/collab_robotics/install/locobot_interfaces/include/locobot_interfaces/msg
-- Installing: /home/joshhlee/me326_ws/src/collab_robotics/install/locobot_interfaces/include/locobot_interfaces/msg/rosidl_typesupport_fastrtps_c__visibility_control.h
-- Up-to-date: /home/joshhlee/me326_ws/src/collab_robotics/install/locobot_interfaces/include/locobot_interfaces/srv
-- Up-to-date: /home/joshhlee/me326_ws/src/collab_robotics/install/locobot_interfaces/include/locobot_interfaces/srv/detail
-- Installing: /home/joshhlee/me326_ws/src/collab_robotics/install/locobot_interfaces/include/locobot_interfaces/srv/detail/set_pose__rosidl_typesupport_fastrtps_c.h
-- Up-to-date: /home/joshhlee/me326_ws/src/collab_robotics/install/locobot_interfaces/include/locobot_interfaces/action
-- Up-to-date: /home/joshhlee/me326_ws/src/collab_robotics/install/locobot_interfaces/include/locobot_interfaces/action/detail
-- Installing: /home/joshhlee/me326_ws/src/collab_robotics/install/locobot_interfaces/include/locobot_interfaces/action/detail/move_base__rosidl_typesupport_fastrtps_c.h
-- Installing: /home/joshhlee/me326_ws/src/collab_robotics/install/locobot_interfaces/include/locobot_interfaces/action/detail/move_gripper__rosidl_typesupport_fastrtps_c.h
-- Installing: /home/joshhlee/me326_ws/src/collab_robotics/install/locobot_interfaces/include/locobot_interfaces/action/detail/move_arm__rosidl_typesupport_fastrtps_c.h
-- Installing: /home/joshhlee/me326_ws/src/collab_robotics/install/locobot_interfaces/lib/liblocobot_interfaces__rosidl_typesupport_fastrtps_c.so
-- Set runtime path of "/home/joshhlee/me326_ws/src/collab_robotics/install/locobot_interfaces/lib/liblocobot_interfaces__rosidl_typesupport_fastrtps_c.so" to ""
-- Up-to-date: /home/joshhlee/me326_ws/src/collab_robotics/install/locobot_interfaces/include/locobot_interfaces
-- Up-to-date: /home/joshhlee/me326_ws/src/collab_robotics/install/locobot_interfaces/include/locobot_interfaces/msg
-- Installing: /home/joshhlee/me326_ws/src/collab_robotics/install/locobot_interfaces/include/locobot_interfaces/msg/rosidl_typesupport_fastrtps_cpp__visibility_control.h
-- Up-to-date: /home/joshhlee/me326_ws/src/collab_robotics/install/locobot_interfaces/include/locobot_interfaces/srv
-- Up-to-date: /home/joshhlee/me326_ws/src/collab_robotics/install/locobot_interfaces/include/locobot_interfaces/srv/detail
-- Installing: /home/joshhlee/me326_ws/src/collab_robotics/install/locobot_interfaces/include/locobot_interfaces/srv/detail/set_pose__rosidl_typesupport_fastrtps_cpp.hpp
-- Installing: /home/joshhlee/me326_ws/src/collab_robotics/install/locobot_interfaces/include/locobot_interfaces/srv/detail/dds_fastrtps
-- Up-to-date: /home/joshhlee/me326_ws/src/collab_robotics/install/locobot_interfaces/include/locobot_interfaces/action
-- Up-to-date: /home/joshhlee/me326_ws/src/collab_robotics/install/locobot_interfaces/include/locobot_interfaces/action/detail
-- Installing: /home/joshhlee/me326_ws/src/collab_robotics/install/locobot_interfaces/include/locobot_interfaces/action/detail/move_arm__rosidl_typesupport_fastrtps_cpp.hpp
-- Installing: /home/joshhlee/me326_ws/src/collab_robotics/install/locobot_interfaces/include/locobot_interfaces/action/detail/move_gripper__rosidl_typesupport_fastrtps_cpp.hpp
-- Installing: /home/joshhlee/me326_ws/src/collab_robotics/install/locobot_interfaces/include/locobot_interfaces/action/detail/dds_fastrtps
-- Installing: /home/joshhlee/me326_ws/src/collab_robotics/install/locobot_interfaces/include/locobot_interfaces/action/detail/move_base__rosidl_typesupport_fastrtps_cpp.hpp
-- Installing: /home/joshhlee/me326_ws/src/collab_robotics/install/locobot_interfaces/lib/liblocobot_interfaces__rosidl_typesupport_fastrtps_cpp.so
-- Set runtime path of "/home/joshhlee/me326_ws/src/collab_robotics/install/locobot_interfaces/lib/liblocobot_interfaces__rosidl_typesupport_fastrtps_cpp.so" to ""
-- Up-to-date: /home/joshhlee/me326_ws/src/collab_robotics/install/locobot_interfaces/include/locobot_interfaces
-- Up-to-date: /home/joshhlee/me326_ws/src/collab_robotics/install/locobot_interfaces/include/locobot_interfaces/msg
-- Installing: /home/joshhlee/me326_ws/src/collab_robotics/install/locobot_interfaces/include/locobot_interfaces/msg/rosidl_typesupport_introspection_c__visibility_control.h
-- Up-to-date: /home/joshhlee/me326_ws/src/collab_robotics/install/locobot_interfaces/include/locobot_interfaces/srv
-- Up-to-date: /home/joshhlee/me326_ws/src/collab_robotics/install/locobot_interfaces/include/locobot_interfaces/srv/detail
-- Installing: /home/joshhlee/me326_ws/src/collab_robotics/install/locobot_interfaces/include/locobot_interfaces/srv/detail/set_pose__type_support.c
-- Installing: /home/joshhlee/me326_ws/src/collab_robotics/install/locobot_interfaces/include/locobot_interfaces/srv/detail/set_pose__rosidl_typesupport_introspection_c.h
-- Up-to-date: /home/joshhlee/me326_ws/src/collab_robotics/install/locobot_interfaces/include/locobot_interfaces/action
-- Up-to-date: /home/joshhlee/me326_ws/src/collab_robotics/install/locobot_interfaces/include/locobot_interfaces/action/detail
-- Installing: /home/joshhlee/me326_ws/src/collab_robotics/install/locobot_interfaces/include/locobot_interfaces/action/detail/move_base__rosidl_typesupport_introspection_c.h
-- Installing: /home/joshhlee/me326_ws/src/collab_robotics/install/locobot_interfaces/include/locobot_interfaces/action/detail/move_gripper__rosidl_typesupport_introspection_c.h
-- Installing: /home/joshhlee/me326_ws/src/collab_robotics/install/locobot_interfaces/include/locobot_interfaces/action/detail/move_arm__type_support.c
-- Installing: /home/joshhlee/me326_ws/src/collab_robotics/install/locobot_interfaces/include/locobot_interfaces/action/detail/move_arm__rosidl_typesupport_introspection_c.h
-- Installing: /home/joshhlee/me326_ws/src/collab_robotics/install/locobot_interfaces/include/locobot_interfaces/action/detail/move_gripper__type_support.c
-- Installing: /home/joshhlee/me326_ws/src/collab_robotics/install/locobot_interfaces/include/locobot_interfaces/action/detail/move_base__type_support.c
-- Installing: /home/joshhlee/me326_ws/src/collab_robotics/install/locobot_interfaces/lib/liblocobot_interfaces__rosidl_typesupport_introspection_c.so
-- Set runtime path of "/home/joshhlee/me326_ws/src/collab_robotics/install/locobot_interfaces/lib/liblocobot_interfaces__rosidl_typesupport_introspection_c.so" to ""
-- Installing: /home/joshhlee/me326_ws/src/collab_robotics/install/locobot_interfaces/lib/liblocobot_interfaces__rosidl_typesupport_c.so
-- Set runtime path of "/home/joshhlee/me326_ws/src/collab_robotics/install/locobot_interfaces/lib/liblocobot_interfaces__rosidl_typesupport_c.so" to ""
-- Up-to-date: /home/joshhlee/me326_ws/src/collab_robotics/install/locobot_interfaces/include/locobot_interfaces
-- Up-to-date: /home/joshhlee/me326_ws/src/collab_robotics/install/locobot_interfaces/include/locobot_interfaces/srv
-- Up-to-date: /home/joshhlee/me326_ws/src/collab_robotics/install/locobot_interfaces/include/locobot_interfaces/srv/detail
-- Installing: /home/joshhlee/me326_ws/src/collab_robotics/install/locobot_interfaces/include/locobot_interfaces/srv/detail/set_pose__builder.hpp
-- Installing: /home/joshhlee/me326_ws/src/collab_robotics/install/locobot_interfaces/include/locobot_interfaces/srv/detail/set_pose__struct.hpp
-- Installing: /home/joshhlee/me326_ws/src/collab_robotics/install/locobot_interfaces/include/locobot_interfaces/srv/detail/set_pose__traits.hpp
-- Installing: /home/joshhlee/me326_ws/src/collab_robotics/install/locobot_interfaces/include/locobot_interfaces/srv/set_pose.hpp
-- Up-to-date: /home/joshhlee/me326_ws/src/collab_robotics/install/locobot_interfaces/include/locobot_interfaces/action
-- Installing: /home/joshhlee/me326_ws/src/collab_robotics/install/locobot_interfaces/include/locobot_interfaces/action/move_gripper.hpp
-- Up-to-date: /home/joshhlee/me326_ws/src/collab_robotics/install/locobot_interfaces/include/locobot_interfaces/action/detail
-- Installing: /home/joshhlee/me326_ws/src/collab_robotics/install/locobot_interfaces/include/locobot_interfaces/action/detail/move_gripper__builder.hpp
-- Installing: /home/joshhlee/me326_ws/src/collab_robotics/install/locobot_interfaces/include/locobot_interfaces/action/detail/move_gripper__traits.hpp
-- Installing: /home/joshhlee/me326_ws/src/collab_robotics/install/locobot_interfaces/include/locobot_interfaces/action/detail/move_gripper__struct.hpp
-- Installing: /home/joshhlee/me326_ws/src/collab_robotics/install/locobot_interfaces/include/locobot_interfaces/action/detail/move_arm__builder.hpp
-- Installing: /home/joshhlee/me326_ws/src/collab_robotics/install/locobot_interfaces/include/locobot_interfaces/action/detail/move_base__struct.hpp
-- Installing: /home/joshhlee/me326_ws/src/collab_robotics/install/locobot_interfaces/include/locobot_interfaces/action/detail/move_base__builder.hpp
-- Installing: /home/joshhlee/me326_ws/src/collab_robotics/install/locobot_interfaces/include/locobot_interfaces/action/detail/move_base__traits.hpp
-- Installing: /home/joshhlee/me326_ws/src/collab_robotics/install/locobot_interfaces/include/locobot_interfaces/action/detail/move_arm__traits.hpp
-- Installing: /home/joshhlee/me326_ws/src/collab_robotics/install/locobot_interfaces/include/locobot_interfaces/action/detail/move_arm__struct.hpp
-- Installing: /home/joshhlee/me326_ws/src/collab_robotics/install/locobot_interfaces/include/locobot_interfaces/action/move_base.hpp
-- Installing: /home/joshhlee/me326_ws/src/collab_robotics/install/locobot_interfaces/include/locobot_interfaces/action/move_arm.hpp
-- Up-to-date: /home/joshhlee/me326_ws/src/collab_robotics/install/locobot_interfaces/include/locobot_interfaces
-- Up-to-date: /home/joshhlee/me326_ws/src/collab_robotics/install/locobot_interfaces/include/locobot_interfaces/srv
-- Up-to-date: /home/joshhlee/me326_ws/src/collab_robotics/install/locobot_interfaces/include/locobot_interfaces/srv/detail
-- Installing: /home/joshhlee/me326_ws/src/collab_robotics/install/locobot_interfaces/include/locobot_interfaces/srv/detail/set_pose__type_support.cpp
-- Installing: /home/joshhlee/me326_ws/src/collab_robotics/install/locobot_interfaces/include/locobot_interfaces/srv/detail/set_pose__rosidl_typesupport_introspection_cpp.hpp
-- Up-to-date: /home/joshhlee/me326_ws/src/collab_robotics/install/locobot_interfaces/include/locobot_interfaces/action
-- Up-to-date: /home/joshhlee/me326_ws/src/collab_robotics/install/locobot_interfaces/include/locobot_interfaces/action/detail
-- Installing: /home/joshhlee/me326_ws/src/collab_robotics/install/locobot_interfaces/include/locobot_interfaces/action/detail/move_base__type_support.cpp
-- Installing: /home/joshhlee/me326_ws/src/collab_robotics/install/locobot_interfaces/include/locobot_interfaces/action/detail/move_arm__type_support.cpp
-- Installing: /home/joshhlee/me326_ws/src/collab_robotics/install/locobot_interfaces/include/locobot_interfaces/action/detail/move_gripper__rosidl_typesupport_introspection_cpp.hpp
-- Installing: /home/joshhlee/me326_ws/src/collab_robotics/install/locobot_interfaces/include/locobot_interfaces/action/detail/move_arm__rosidl_typesupport_introspection_cpp.hpp
-- Installing: /home/joshhlee/me326_ws/src/collab_robotics/install/locobot_interfaces/include/locobot_interfaces/action/detail/move_base__rosidl_typesupport_introspection_cpp.hpp
-- Installing: /home/joshhlee/me326_ws/src/collab_robotics/install/locobot_interfaces/include/locobot_interfaces/action/detail/move_gripper__type_support.cpp
-- Installing: /home/joshhlee/me326_ws/src/collab_robotics/install/locobot_interfaces/lib/liblocobot_interfaces__rosidl_typesupport_introspection_cpp.so
-- Set runtime path of "/home/joshhlee/me326_ws/src/collab_robotics/install/locobot_interfaces/lib/liblocobot_interfaces__rosidl_typesupport_introspection_cpp.so" to ""
-- Installing: /home/joshhlee/me326_ws/src/collab_robotics/install/locobot_interfaces/lib/liblocobot_interfaces__rosidl_typesupport_cpp.so
-- Set runtime path of "/home/joshhlee/me326_ws/src/collab_robotics/install/locobot_interfaces/lib/liblocobot_interfaces__rosidl_typesupport_cpp.so" to ""
-- Installing: /home/joshhlee/me326_ws/src/collab_robotics/install/locobot_interfaces/share/locobot_interfaces/environment/pythonpath.sh
-- Installing: /home/joshhlee/me326_ws/src/collab_robotics/install/locobot_interfaces/share/locobot_interfaces/environment/pythonpath.dsv
-- Installing: /home/joshhlee/me326_ws/src/collab_robotics/install/locobot_interfaces/lib/python3.8/site-packages/locobot_interfaces/__init__.py
Compiling '/home/joshhlee/me326_ws/src/collab_robotics/install/locobot_interfaces/lib/python3.8/site-packages/locobot_interfaces/__init__.py'...
-- Installing: /home/joshhlee/me326_ws/src/collab_robotics/install/locobot_interfaces/lib/python3.8/site-packages/locobot_interfaces/action
-- Installing: /home/joshhlee/me326_ws/src/collab_robotics/install/locobot_interfaces/lib/python3.8/site-packages/locobot_interfaces/action/__init__.py
-- Installing: /home/joshhlee/me326_ws/src/collab_robotics/install/locobot_interfaces/lib/python3.8/site-packages/locobot_interfaces/action/_move_base_s.c
-- Installing: /home/joshhlee/me326_ws/src/collab_robotics/install/locobot_interfaces/lib/python3.8/site-packages/locobot_interfaces/action/_move_gripper_s.c
-- Installing: /home/joshhlee/me326_ws/src/collab_robotics/install/locobot_interfaces/lib/python3.8/site-packages/locobot_interfaces/action/_move_arm_s.c
-- Installing: /home/joshhlee/me326_ws/src/collab_robotics/install/locobot_interfaces/lib/python3.8/site-packages/locobot_interfaces/action/_move_base.py
-- Installing: /home/joshhlee/me326_ws/src/collab_robotics/install/locobot_interfaces/lib/python3.8/site-packages/locobot_interfaces/action/_move_arm.py
-- Installing: /home/joshhlee/me326_ws/src/collab_robotics/install/locobot_interfaces/lib/python3.8/site-packages/locobot_interfaces/action/_move_gripper.py
-- Installing: /home/joshhlee/me326_ws/src/collab_robotics/install/locobot_interfaces/lib/python3.8/site-packages/locobot_interfaces/srv
-- Installing: /home/joshhlee/me326_ws/src/collab_robotics/install/locobot_interfaces/lib/python3.8/site-packages/locobot_interfaces/srv/__init__.py
-- Installing: /home/joshhlee/me326_ws/src/collab_robotics/install/locobot_interfaces/lib/python3.8/site-packages/locobot_interfaces/srv/_set_pose_s.c
-- Installing: /home/joshhlee/me326_ws/src/collab_robotics/install/locobot_interfaces/lib/python3.8/site-packages/locobot_interfaces/srv/_set_pose.py
-- Installing: /home/joshhlee/me326_ws/src/collab_robotics/install/locobot_interfaces/lib/python3.8/site-packages/locobot_interfaces/locobot_interfaces_s__rosidl_typesupport_fastrtps_c.cpython-38-aarch64-linux-gnu.so
-- Set runtime path of "/home/joshhlee/me326_ws/src/collab_robotics/install/locobot_interfaces/lib/python3.8/site-packages/locobot_interfaces/locobot_interfaces_s__rosidl_typesupport_fastrtps_c.cpython-38-aarch64-linux-gnu.so" to ""
-- Installing: /home/joshhlee/me326_ws/src/collab_robotics/install/locobot_interfaces/lib/python3.8/site-packages/locobot_interfaces/locobot_interfaces_s__rosidl_typesupport_introspection_c.cpython-38-aarch64-linux-gnu.so
-- Set runtime path of "/home/joshhlee/me326_ws/src/collab_robotics/install/locobot_interfaces/lib/python3.8/site-packages/locobot_interfaces/locobot_interfaces_s__rosidl_typesupport_introspection_c.cpython-38-aarch64-linux-gnu.so" to ""
-- Installing: /home/joshhlee/me326_ws/src/collab_robotics/install/locobot_interfaces/lib/python3.8/site-packages/locobot_interfaces/locobot_interfaces_s__rosidl_typesupport_c.cpython-38-aarch64-linux-gnu.so
-- Set runtime path of "/home/joshhlee/me326_ws/src/collab_robotics/install/locobot_interfaces/lib/python3.8/site-packages/locobot_interfaces/locobot_interfaces_s__rosidl_typesupport_c.cpython-38-aarch64-linux-gnu.so" to ""
-- Installing: /home/joshhlee/me326_ws/src/collab_robotics/install/locobot_interfaces/lib/liblocobot_interfaces__python.so
-- Set runtime path of "/home/joshhlee/me326_ws/src/collab_robotics/install/locobot_interfaces/lib/liblocobot_interfaces__python.so" to ""
-- Installing: /home/joshhlee/me326_ws/src/collab_robotics/install/locobot_interfaces/share/locobot_interfaces/action/MoveArm.idl
-- Installing: /home/joshhlee/me326_ws/src/collab_robotics/install/locobot_interfaces/share/locobot_interfaces/action/MoveGripper.idl
-- Installing: /home/joshhlee/me326_ws/src/collab_robotics/install/locobot_interfaces/share/locobot_interfaces/action/MoveBase.idl
-- Installing: /home/joshhlee/me326_ws/src/collab_robotics/install/locobot_interfaces/share/locobot_interfaces/srv/SetPose.idl
-- Installing: /home/joshhlee/me326_ws/src/collab_robotics/install/locobot_interfaces/share/locobot_interfaces/action/MoveArm.action
-- Installing: /home/joshhlee/me326_ws/src/collab_robotics/install/locobot_interfaces/share/locobot_interfaces/action/MoveGripper.action
-- Installing: /home/joshhlee/me326_ws/src/collab_robotics/install/locobot_interfaces/share/locobot_interfaces/action/MoveBase.action
-- Installing: /home/joshhlee/me326_ws/src/collab_robotics/install/locobot_interfaces/share/locobot_interfaces/srv/SetPose.srv
-- Installing: /home/joshhlee/me326_ws/src/collab_robotics/install/locobot_interfaces/share/locobot_interfaces/srv/SetPose_Request.msg
-- Installing: /home/joshhlee/me326_ws/src/collab_robotics/install/locobot_interfaces/share/locobot_interfaces/srv/SetPose_Response.msg
-- Installing: /home/joshhlee/me326_ws/src/collab_robotics/install/locobot_interfaces/share/ament_index/resource_index/package_run_dependencies/locobot_interfaces
-- Installing: /home/joshhlee/me326_ws/src/collab_robotics/install/locobot_interfaces/share/ament_index/resource_index/parent_prefix_path/locobot_interfaces
-- Installing: /home/joshhlee/me326_ws/src/collab_robotics/install/locobot_interfaces/share/locobot_interfaces/environment/ament_prefix_path.sh
-- Installing: /home/joshhlee/me326_ws/src/collab_robotics/install/locobot_interfaces/share/locobot_interfaces/environment/ament_prefix_path.dsv
-- Installing: /home/joshhlee/me326_ws/src/collab_robotics/install/locobot_interfaces/share/locobot_interfaces/environment/path.sh
-- Installing: /home/joshhlee/me326_ws/src/collab_robotics/install/locobot_interfaces/share/locobot_interfaces/environment/path.dsv
-- Installing: /home/joshhlee/me326_ws/src/collab_robotics/install/locobot_interfaces/share/locobot_interfaces/local_setup.bash
-- Installing: /home/joshhlee/me326_ws/src/collab_robotics/install/locobot_interfaces/share/locobot_interfaces/local_setup.sh
-- Installing: /home/joshhlee/me326_ws/src/collab_robotics/install/locobot_interfaces/share/locobot_interfaces/local_setup.zsh
-- Installing: /home/joshhlee/me326_ws/src/collab_robotics/install/locobot_interfaces/share/locobot_interfaces/local_setup.dsv
-- Installing: /home/joshhlee/me326_ws/src/collab_robotics/install/locobot_interfaces/share/locobot_interfaces/package.dsv
-- Installing: /home/joshhlee/me326_ws/src/collab_robotics/install/locobot_interfaces/share/ament_index/resource_index/packages/locobot_interfaces
-- Installing: /home/joshhlee/me326_ws/src/collab_robotics/install/locobot_interfaces/share/locobot_interfaces/cmake/locobot_interfaces__rosidl_generator_cExport.cmake
-- Installing: /home/joshhlee/me326_ws/src/collab_robotics/install/locobot_interfaces/share/locobot_interfaces/cmake/locobot_interfaces__rosidl_generator_cExport-noconfig.cmake
-- Installing: /home/joshhlee/me326_ws/src/collab_robotics/install/locobot_interfaces/share/locobot_interfaces/cmake/locobot_interfaces__rosidl_typesupport_introspection_cExport.cmake
-- Installing: /home/joshhlee/me326_ws/src/collab_robotics/install/locobot_interfaces/share/locobot_interfaces/cmake/locobot_interfaces__rosidl_typesupport_introspection_cExport-noconfig.cmake
-- Installing: /home/joshhlee/me326_ws/src/collab_robotics/install/locobot_interfaces/share/locobot_interfaces/cmake/locobot_interfaces__rosidl_typesupport_cExport.cmake
-- Installing: /home/joshhlee/me326_ws/src/collab_robotics/install/locobot_interfaces/share/locobot_interfaces/cmake/locobot_interfaces__rosidl_typesupport_cExport-noconfig.cmake
-- Installing: /home/joshhlee/me326_ws/src/collab_robotics/install/locobot_interfaces/share/locobot_interfaces/cmake/locobot_interfaces__rosidl_generator_cppExport.cmake
-- Installing: /home/joshhlee/me326_ws/src/collab_robotics/install/locobot_interfaces/share/locobot_interfaces/cmake/locobot_interfaces__rosidl_typesupport_introspection_cppExport.cmake
-- Installing: /home/joshhlee/me326_ws/src/collab_robotics/install/locobot_interfaces/share/locobot_interfaces/cmake/locobot_interfaces__rosidl_typesupport_introspection_cppExport-noconfig.cmake
-- Installing: /home/joshhlee/me326_ws/src/collab_robotics/install/locobot_interfaces/share/locobot_interfaces/cmake/locobot_interfaces__rosidl_typesupport_cppExport.cmake
-- Installing: /home/joshhlee/me326_ws/src/collab_robotics/install/locobot_interfaces/share/locobot_interfaces/cmake/locobot_interfaces__rosidl_typesupport_cppExport-noconfig.cmake
-- Installing: /home/joshhlee/me326_ws/src/collab_robotics/install/locobot_interfaces/share/locobot_interfaces/cmake/rosidl_cmake-extras.cmake
-- Installing: /home/joshhlee/me326_ws/src/collab_robotics/install/locobot_interfaces/share/locobot_interfaces/cmake/ament_cmake_export_dependencies-extras.cmake
-- Installing: /home/joshhlee/me326_ws/src/collab_robotics/install/locobot_interfaces/share/locobot_interfaces/cmake/ament_cmake_export_libraries-extras.cmake
-- Installing: /home/joshhlee/me326_ws/src/collab_robotics/install/locobot_interfaces/share/locobot_interfaces/cmake/ament_cmake_export_targets-extras.cmake
-- Installing: /home/joshhlee/me326_ws/src/collab_robotics/install/locobot_interfaces/share/locobot_interfaces/cmake/ament_cmake_export_include_directories-extras.cmake
-- Installing: /home/joshhlee/me326_ws/src/collab_robotics/install/locobot_interfaces/share/locobot_interfaces/cmake/rosidl_cmake_export_typesupport_libraries-extras.cmake
-- Installing: /home/joshhlee/me326_ws/src/collab_robotics/install/locobot_interfaces/share/locobot_interfaces/cmake/rosidl_cmake_export_typesupport_targets-extras.cmake
-- Installing: /home/joshhlee/me326_ws/src/collab_robotics/install/locobot_interfaces/share/locobot_interfaces/cmake/locobot_interfacesConfig.cmake
-- Installing: /home/joshhlee/me326_ws/src/collab_robotics/install/locobot_interfaces/share/locobot_interfaces/cmake/locobot_interfacesConfig-version.cmake
-- Installing: /home/joshhlee/me326_ws/src/collab_robotics/install/locobot_interfaces/share/locobot_interfaces/package.xml
