[0.699s] Invoking command in '/home/joshhlee/me326_ws/src/collab_robotics/build/locobot_interfaces': CMAKE_PREFIX_PATH=${CMAKE_PREFIX_PATH}:/home/joshhlee/me326_ws/install/opencv_tests:/home/joshhlee/interbotix_ws/install/interbotix_xs_modules:/home/joshhlee/interbotix_ws/install/interbotix_perception_modules:/home/joshhlee/interbotix_ws/install/interbotix_common_modules:/opt/ros/galactic /usr/bin/cmake /home/joshhlee/me326_ws/src/collab_robotics/locobot_interfaces -DCMAKE_INSTALL_PREFIX=/home/joshhlee/me326_ws/src/collab_robotics/install/locobot_interfaces
[0.808s] -- The C compiler identification is GNU 9.4.0
[0.913s] -- The CXX compiler identification is GNU 9.4.0
[0.918s] -- Check for working C compiler: /usr/bin/cc
[1.012s] -- Check for working C compiler: /usr/bin/cc -- works
[1.013s] -- Detecting C compiler ABI info
[1.078s] -- Detecting C compiler ABI info - done
[1.086s] -- Detecting C compile features
[1.086s] -- Detecting C compile features - done
[1.088s] -- Check for working CXX compiler: /usr/bin/c++
[1.169s] -- Check for working CXX compiler: /usr/bin/c++ -- works
[1.170s] -- Detecting CXX compiler ABI info
[1.248s] -- Detecting CXX compiler ABI info - done
[1.258s] -- Detecting CXX compile features
[1.259s] -- Detecting CXX compile features - done
[1.265s] -- Found ament_cmake: 1.1.6 (/opt/ros/galactic/share/ament_cmake/cmake)
[1.303s] -- Found PythonInterp: /usr/bin/python3 (found suitable version "3.8.10", minimum required is "3") 
[1.303s] -- Using PYTHON_EXECUTABLE: /usr/bin/python3
[1.419s] -- Found rosidl_default_generators: 1.1.1 (/opt/ros/galactic/share/rosidl_default_generators/cmake)
[1.431s] -- Using all available rosidl_typesupport_c: rosidl_typesupport_fastrtps_c;rosidl_typesupport_introspection_c
[1.445s] -- Found rosidl_adapter: 2.2.3 (/opt/ros/galactic/share/rosidl_adapter/cmake)
[1.590s] -- Found OpenSSL: /usr/lib/aarch64-linux-gnu/libcrypto.so (found version "1.1.1f")  
[1.623s] -- Found FastRTPS: /opt/ros/galactic/include  
[1.719s] -- Using all available rosidl_typesupport_cpp: rosidl_typesupport_fastrtps_cpp;rosidl_typesupport_introspection_cpp
[1.755s] -- Found geometry_msgs: 2.2.4 (/opt/ros/galactic/share/geometry_msgs/cmake)
[1.869s] -- Found PythonInterp: /usr/bin/python3 (found version "3.8.10") 
[2.107s] -- Found ament_cmake_ros: 0.9.2 (/opt/ros/galactic/share/ament_cmake_ros/cmake)
[2.376s] -- Using all available rosidl_typesupport_c: rosidl_typesupport_fastrtps_c;rosidl_typesupport_introspection_c
[2.492s] -- Using all available rosidl_typesupport_cpp: rosidl_typesupport_fastrtps_cpp;rosidl_typesupport_introspection_cpp
[2.526s] -- Found PythonInterp: /usr/bin/python3 (found suitable version "3.8.10", minimum required is "3.5") 
[2.530s] -- Found python_cmake_module: 0.8.1 (/opt/ros/galactic/share/python_cmake_module/cmake)
[2.562s] -- Found PythonLibs: /usr/lib/aarch64-linux-gnu/libpython3.8.so (found suitable version "3.8.10", minimum required is "3.5") 
[2.562s] -- Using PYTHON_EXECUTABLE: /usr/bin/python3
[2.562s] -- Using PYTHON_INCLUDE_DIRS: /usr/include/python3.8
[2.562s] -- Using PYTHON_LIBRARIES: /usr/lib/aarch64-linux-gnu/libpython3.8.so
[2.585s] -- Found PythonExtra: .so  
[2.687s] -- Found ament_lint_auto: 0.10.7 (/opt/ros/galactic/share/ament_lint_auto/cmake)
[2.730s] -- Added test 'copyright' to check source files copyright and LICENSE
[2.733s] -- Added test 'flake8' to check Python code syntax and style conventions
[2.734s] -- Added test 'lint_cmake' to check CMake code style
[2.735s] -- Added test 'pep257' to check Python code against some of the style conventions in PEP 257
[2.737s] -- Added test 'xmllint' to check XML markup files
[2.741s] -- Configuring done
[2.807s] -- Generating done
[2.810s] -- Build files have been written to: /home/joshhlee/me326_ws/src/collab_robotics/build/locobot_interfaces
[2.818s] Invoked command in '/home/joshhlee/me326_ws/src/collab_robotics/build/locobot_interfaces' returned '0': CMAKE_PREFIX_PATH=${CMAKE_PREFIX_PATH}:/home/joshhlee/me326_ws/install/opencv_tests:/home/joshhlee/interbotix_ws/install/interbotix_xs_modules:/home/joshhlee/interbotix_ws/install/interbotix_perception_modules:/home/joshhlee/interbotix_ws/install/interbotix_common_modules:/opt/ros/galactic /usr/bin/cmake /home/joshhlee/me326_ws/src/collab_robotics/locobot_interfaces -DCMAKE_INSTALL_PREFIX=/home/joshhlee/me326_ws/src/collab_robotics/install/locobot_interfaces
[2.818s] Invoking command in '/home/joshhlee/me326_ws/src/collab_robotics/build/locobot_interfaces': CMAKE_PREFIX_PATH=${CMAKE_PREFIX_PATH}:/home/joshhlee/me326_ws/install/opencv_tests:/home/joshhlee/interbotix_ws/install/interbotix_xs_modules:/home/joshhlee/interbotix_ws/install/interbotix_perception_modules:/home/joshhlee/interbotix_ws/install/interbotix_common_modules:/opt/ros/galactic /usr/bin/cmake --build /home/joshhlee/me326_ws/src/collab_robotics/build/locobot_interfaces -- -j4 -l4
[2.855s] [35m[1mScanning dependencies of target locobot_interfaces__cpp[0m
[2.865s] [  1%] [34m[1mGenerating C++ code for ROS interfaces[0m
[3.651s] [  1%] Built target locobot_interfaces__cpp
[3.662s] [  3%] [34m[1mGenerating C code for ROS interfaces[0m
[4.470s] [35m[1mScanning dependencies of target locobot_interfaces__rosidl_generator_c[0m
[4.492s] [  5%] [32mBuilding C object CMakeFiles/locobot_interfaces__rosidl_generator_c.dir/rosidl_generator_c/locobot_interfaces/action/detail/move_arm__functions.c.o[0m
[4.570s] [  7%] [32mBuilding C object CMakeFiles/locobot_interfaces__rosidl_generator_c.dir/rosidl_generator_c/locobot_interfaces/action/detail/move_gripper__functions.c.o[0m
[4.648s] [  9%] [32mBuilding C object CMakeFiles/locobot_interfaces__rosidl_generator_c.dir/rosidl_generator_c/locobot_interfaces/action/detail/move_base__functions.c.o[0m
[4.727s] [ 10%] [32mBuilding C object CMakeFiles/locobot_interfaces__rosidl_generator_c.dir/rosidl_generator_c/locobot_interfaces/srv/detail/set_pose__functions.c.o[0m
[4.767s] [ 12%] [32m[1mLinking C shared library liblocobot_interfaces__rosidl_generator_c.so[0m
[4.797s] [ 12%] Built target locobot_interfaces__rosidl_generator_c
[4.806s] [ 14%] [34m[1mGenerating C++ introspection for ROS interfaces[0m
[5.298s] [35m[1mScanning dependencies of target locobot_interfaces__rosidl_typesupport_introspection_cpp[0m
[5.326s] [ 16%] [32mBuilding CXX object CMakeFiles/locobot_interfaces__rosidl_typesupport_introspection_cpp.dir/rosidl_typesupport_introspection_cpp/locobot_interfaces/action/detail/move_arm__type_support.cpp.o[0m
[5.658s] [ 18%] [32mBuilding CXX object CMakeFiles/locobot_interfaces__rosidl_typesupport_introspection_cpp.dir/rosidl_typesupport_introspection_cpp/locobot_interfaces/action/detail/move_gripper__type_support.cpp.o[0m
[5.958s] [ 20%] [32mBuilding CXX object CMakeFiles/locobot_interfaces__rosidl_typesupport_introspection_cpp.dir/rosidl_typesupport_introspection_cpp/locobot_interfaces/action/detail/move_base__type_support.cpp.o[0m
[6.258s] [ 21%] [32mBuilding CXX object CMakeFiles/locobot_interfaces__rosidl_typesupport_introspection_cpp.dir/rosidl_typesupport_introspection_cpp/locobot_interfaces/srv/detail/set_pose__type_support.cpp.o[0m
[6.439s] [ 23%] [32m[1mLinking CXX shared library liblocobot_interfaces__rosidl_typesupport_introspection_cpp.so[0m
[6.490s] [ 23%] Built target locobot_interfaces__rosidl_typesupport_introspection_cpp
[6.499s] [ 25%] [34m[1mGenerating C type support dispatch for ROS interfaces[0m
[6.847s] [35m[1mScanning dependencies of target locobot_interfaces__rosidl_typesupport_c[0m
[6.869s] [ 27%] [32mBuilding CXX object CMakeFiles/locobot_interfaces__rosidl_typesupport_c.dir/rosidl_typesupport_c/locobot_interfaces/action/move_arm__type_support.cpp.o[0m
[6.907s] [ 29%] [32mBuilding CXX object CMakeFiles/locobot_interfaces__rosidl_typesupport_c.dir/rosidl_typesupport_c/locobot_interfaces/action/move_gripper__type_support.cpp.o[0m
[6.943s] [ 30%] [32mBuilding CXX object CMakeFiles/locobot_interfaces__rosidl_typesupport_c.dir/rosidl_typesupport_c/locobot_interfaces/action/move_base__type_support.cpp.o[0m
[6.980s] [ 32%] [32mBuilding CXX object CMakeFiles/locobot_interfaces__rosidl_typesupport_c.dir/rosidl_typesupport_c/locobot_interfaces/srv/set_pose__type_support.cpp.o[0m
[7.007s] [ 34%] [32m[1mLinking CXX shared library liblocobot_interfaces__rosidl_typesupport_c.so[0m
[7.039s] [ 34%] Built target locobot_interfaces__rosidl_typesupport_c
[7.048s] [ 36%] [34m[1mGenerating C introspection for ROS interfaces[0m
[7.588s] [35m[1mScanning dependencies of target locobot_interfaces__rosidl_typesupport_introspection_c[0m
[7.604s] [ 38%] [32mBuilding C object CMakeFiles/locobot_interfaces__rosidl_typesupport_introspection_c.dir/rosidl_typesupport_introspection_c/locobot_interfaces/action/detail/move_arm__type_support.c.o[0m
[7.641s] [ 40%] [32mBuilding C object CMakeFiles/locobot_interfaces__rosidl_typesupport_introspection_c.dir/rosidl_typesupport_introspection_c/locobot_interfaces/action/detail/move_gripper__type_support.c.o[0m
[7.675s] [ 41%] [32mBuilding C object CMakeFiles/locobot_interfaces__rosidl_typesupport_introspection_c.dir/rosidl_typesupport_introspection_c/locobot_interfaces/action/detail/move_base__type_support.c.o[0m
[7.710s] [ 43%] [32mBuilding C object CMakeFiles/locobot_interfaces__rosidl_typesupport_introspection_c.dir/rosidl_typesupport_introspection_c/locobot_interfaces/srv/detail/set_pose__type_support.c.o[0m
[7.738s] [ 45%] [32m[1mLinking C shared library liblocobot_interfaces__rosidl_typesupport_introspection_c.so[0m
[7.767s] [ 45%] Built target locobot_interfaces__rosidl_typesupport_introspection_c
[7.776s] [ 47%] [34m[1mGenerating C++ type support for eProsima Fast-RTPS[0m
[8.376s] [35m[1mScanning dependencies of target locobot_interfaces__rosidl_typesupport_fastrtps_cpp[0m
[8.403s] [ 49%] [32mBuilding CXX object CMakeFiles/locobot_interfaces__rosidl_typesupport_fastrtps_cpp.dir/rosidl_typesupport_fastrtps_cpp/locobot_interfaces/action/detail/dds_fastrtps/move_arm__type_support.cpp.o[0m
[8.791s] [ 50%] [32mBuilding CXX object CMakeFiles/locobot_interfaces__rosidl_typesupport_fastrtps_cpp.dir/rosidl_typesupport_fastrtps_cpp/locobot_interfaces/action/detail/dds_fastrtps/move_base__type_support.cpp.o[0m
[9.194s] [ 52%] [32mBuilding CXX object CMakeFiles/locobot_interfaces__rosidl_typesupport_fastrtps_cpp.dir/rosidl_typesupport_fastrtps_cpp/locobot_interfaces/srv/detail/dds_fastrtps/set_pose__type_support.cpp.o[0m
[9.475s] [ 54%] [32mBuilding CXX object CMakeFiles/locobot_interfaces__rosidl_typesupport_fastrtps_cpp.dir/rosidl_typesupport_fastrtps_cpp/locobot_interfaces/action/detail/dds_fastrtps/move_gripper__type_support.cpp.o[0m
[9.841s] [ 56%] [32m[1mLinking CXX shared library liblocobot_interfaces__rosidl_typesupport_fastrtps_cpp.so[0m
[9.901s] [ 56%] Built target locobot_interfaces__rosidl_typesupport_fastrtps_cpp
[9.917s] [ 58%] [34m[1mGenerating C++ type support dispatch for ROS interfaces[0m
[10.281s] [35m[1mScanning dependencies of target locobot_interfaces__rosidl_typesupport_cpp[0m
[10.300s] [ 60%] [32mBuilding CXX object CMakeFiles/locobot_interfaces__rosidl_typesupport_cpp.dir/rosidl_typesupport_cpp/locobot_interfaces/action/move_arm__type_support.cpp.o[0m
[10.621s] [ 61%] [32mBuilding CXX object CMakeFiles/locobot_interfaces__rosidl_typesupport_cpp.dir/rosidl_typesupport_cpp/locobot_interfaces/action/move_base__type_support.cpp.o[0m
[10.939s] [ 63%] [32mBuilding CXX object CMakeFiles/locobot_interfaces__rosidl_typesupport_cpp.dir/rosidl_typesupport_cpp/locobot_interfaces/srv/set_pose__type_support.cpp.o[0m
[11.117s] [ 65%] [32mBuilding CXX object CMakeFiles/locobot_interfaces__rosidl_typesupport_cpp.dir/rosidl_typesupport_cpp/locobot_interfaces/action/move_gripper__type_support.cpp.o[0m
[11.437s] [ 67%] [32m[1mLinking CXX shared library liblocobot_interfaces__rosidl_typesupport_cpp.so[0m
[11.473s] [ 67%] Built target locobot_interfaces__rosidl_typesupport_cpp
[11.486s] [ 69%] [34m[1mGenerating C type support for eProsima Fast-RTPS[0m
[12.102s] [35m[1mScanning dependencies of target locobot_interfaces__rosidl_typesupport_fastrtps_c[0m
[12.129s] [ 70%] [32mBuilding CXX object CMakeFiles/locobot_interfaces__rosidl_typesupport_fastrtps_c.dir/rosidl_typesupport_fastrtps_c/locobot_interfaces/action/detail/move_arm__type_support_c.cpp.o[0m
[12.412s] [ 72%] [32mBuilding CXX object CMakeFiles/locobot_interfaces__rosidl_typesupport_fastrtps_c.dir/rosidl_typesupport_fastrtps_c/locobot_interfaces/srv/detail/set_pose__type_support_c.cpp.o[0m
[12.678s] [ 74%] [32mBuilding CXX object CMakeFiles/locobot_interfaces__rosidl_typesupport_fastrtps_c.dir/rosidl_typesupport_fastrtps_c/locobot_interfaces/action/detail/move_base__type_support_c.cpp.o[0m
[12.953s] [ 76%] [32mBuilding CXX object CMakeFiles/locobot_interfaces__rosidl_typesupport_fastrtps_c.dir/rosidl_typesupport_fastrtps_c/locobot_interfaces/action/detail/move_gripper__type_support_c.cpp.o[0m
[13.250s] [ 78%] [32m[1mLinking CXX shared library liblocobot_interfaces__rosidl_typesupport_fastrtps_c.so[0m
[13.311s] [ 78%] Built target locobot_interfaces__rosidl_typesupport_fastrtps_c
[13.319s] [35m[1mScanning dependencies of target locobot_interfaces[0m
[13.329s] [ 78%] Built target locobot_interfaces
[13.338s] [35m[1mScanning dependencies of target locobot_interfaces__py[0m
[13.348s] [ 80%] [34m[1mGenerating Python code for ROS interfaces[0m
[14.826s] [ 80%] Built target locobot_interfaces__py
[14.834s] [35m[1mScanning dependencies of target locobot_interfaces__python[0m
[14.862s] [ 81%] [32mBuilding C object CMakeFiles/locobot_interfaces__python.dir/rosidl_generator_py/locobot_interfaces/action/_move_arm_s.c.o[0m
[14.965s] [ 83%] [32mBuilding C object CMakeFiles/locobot_interfaces__python.dir/rosidl_generator_py/locobot_interfaces/srv/_set_pose_s.c.o[0m
[15.040s] [ 85%] [32mBuilding C object CMakeFiles/locobot_interfaces__python.dir/rosidl_generator_py/locobot_interfaces/action/_move_base_s.c.o[0m
[15.141s] [ 87%] [32mBuilding C object CMakeFiles/locobot_interfaces__python.dir/rosidl_generator_py/locobot_interfaces/action/_move_gripper_s.c.o[0m
[15.242s] [ 89%] [32m[1mLinking C shared library rosidl_generator_py/locobot_interfaces/liblocobot_interfaces__python.so[0m
[15.277s] [ 89%] Built target locobot_interfaces__python
[15.286s] [35m[1mScanning dependencies of target locobot_interfaces__rosidl_typesupport_c__pyext[0m
[15.305s] [ 90%] [32mBuilding C object CMakeFiles/locobot_interfaces__rosidl_typesupport_c__pyext.dir/rosidl_generator_py/locobot_interfaces/_locobot_interfaces_s.ep.rosidl_typesupport_c.c.o[0m
[15.422s] [ 92%] [32m[1mLinking C shared library rosidl_generator_py/locobot_interfaces/locobot_interfaces_s__rosidl_typesupport_c.cpython-38-aarch64-linux-gnu.so[0m
[15.459s] [ 92%] Built target locobot_interfaces__rosidl_typesupport_c__pyext
[15.467s] [35m[1mScanning dependencies of target locobot_interfaces__rosidl_typesupport_fastrtps_c__pyext[0m
[15.487s] [ 94%] [32mBuilding C object CMakeFiles/locobot_interfaces__rosidl_typesupport_fastrtps_c__pyext.dir/rosidl_generator_py/locobot_interfaces/_locobot_interfaces_s.ep.rosidl_typesupport_fastrtps_c.c.o[0m
[15.607s] [ 96%] [32m[1mLinking CXX shared library rosidl_generator_py/locobot_interfaces/locobot_interfaces_s__rosidl_typesupport_fastrtps_c.cpython-38-aarch64-linux-gnu.so[0m
[15.660s] [ 96%] Built target locobot_interfaces__rosidl_typesupport_fastrtps_c__pyext
[15.668s] [35m[1mScanning dependencies of target locobot_interfaces__rosidl_typesupport_introspection_c__pyext[0m
[15.688s] [ 98%] [32mBuilding C object CMakeFiles/locobot_interfaces__rosidl_typesupport_introspection_c__pyext.dir/rosidl_generator_py/locobot_interfaces/_locobot_interfaces_s.ep.rosidl_typesupport_introspection_c.c.o[0m
[15.819s] [100%] [32m[1mLinking C shared library rosidl_generator_py/locobot_interfaces/locobot_interfaces_s__rosidl_typesupport_introspection_c.cpython-38-aarch64-linux-gnu.so[0m
[15.851s] [100%] Built target locobot_interfaces__rosidl_typesupport_introspection_c__pyext
[15.863s] Invoked command in '/home/joshhlee/me326_ws/src/collab_robotics/build/locobot_interfaces' returned '0': CMAKE_PREFIX_PATH=${CMAKE_PREFIX_PATH}:/home/joshhlee/me326_ws/install/opencv_tests:/home/joshhlee/interbotix_ws/install/interbotix_xs_modules:/home/joshhlee/interbotix_ws/install/interbotix_perception_modules:/home/joshhlee/interbotix_ws/install/interbotix_common_modules:/opt/ros/galactic /usr/bin/cmake --build /home/joshhlee/me326_ws/src/collab_robotics/build/locobot_interfaces -- -j4 -l4
[15.954s] Invoking command in '/home/joshhlee/me326_ws/src/collab_robotics/build/locobot_interfaces': CMAKE_PREFIX_PATH=${CMAKE_PREFIX_PATH}:/home/joshhlee/me326_ws/install/opencv_tests:/home/joshhlee/interbotix_ws/install/interbotix_xs_modules:/home/joshhlee/interbotix_ws/install/interbotix_perception_modules:/home/joshhlee/interbotix_ws/install/interbotix_common_modules:/opt/ros/galactic /usr/bin/cmake --install /home/joshhlee/me326_ws/src/collab_robotics/build/locobot_interfaces
[15.961s] -- Install configuration: ""
[15.961s] -- Installing: /home/joshhlee/me326_ws/src/collab_robotics/install/locobot_interfaces/share/ament_index/resource_index/rosidl_interfaces/locobot_interfaces
[15.961s] -- Installing: /home/joshhlee/me326_ws/src/collab_robotics/install/locobot_interfaces/include/locobot_interfaces
[15.961s] -- Installing: /home/joshhlee/me326_ws/src/collab_robotics/install/locobot_interfaces/include/locobot_interfaces/msg
[15.961s] -- Installing: /home/joshhlee/me326_ws/src/collab_robotics/install/locobot_interfaces/include/locobot_interfaces/msg/rosidl_generator_c__visibility_control.h
[15.962s] -- Installing: /home/joshhlee/me326_ws/src/collab_robotics/install/locobot_interfaces/include/locobot_interfaces/srv
[15.962s] -- Installing: /home/joshhlee/me326_ws/src/collab_robotics/install/locobot_interfaces/include/locobot_interfaces/srv/detail
[15.962s] -- Installing: /home/joshhlee/me326_ws/src/collab_robotics/install/locobot_interfaces/include/locobot_interfaces/srv/detail/set_pose__functions.h
[15.962s] -- Installing: /home/joshhlee/me326_ws/src/collab_robotics/install/locobot_interfaces/include/locobot_interfaces/srv/detail/set_pose__type_support.h
[15.962s] -- Installing: /home/joshhlee/me326_ws/src/collab_robotics/install/locobot_interfaces/include/locobot_interfaces/srv/detail/set_pose__struct.h
[15.962s] -- Installing: /home/joshhlee/me326_ws/src/collab_robotics/install/locobot_interfaces/include/locobot_interfaces/srv/detail/set_pose__functions.c
[15.962s] -- Installing: /home/joshhlee/me326_ws/src/collab_robotics/install/locobot_interfaces/include/locobot_interfaces/srv/set_pose.h
[15.962s] -- Installing: /home/joshhlee/me326_ws/src/collab_robotics/install/locobot_interfaces/include/locobot_interfaces/action
[15.963s] -- Installing: /home/joshhlee/me326_ws/src/collab_robotics/install/locobot_interfaces/include/locobot_interfaces/action/detail
[15.963s] -- Installing: /home/joshhlee/me326_ws/src/collab_robotics/install/locobot_interfaces/include/locobot_interfaces/action/detail/move_gripper__struct.h
[15.963s] -- Installing: /home/joshhlee/me326_ws/src/collab_robotics/install/locobot_interfaces/include/locobot_interfaces/action/detail/move_arm__type_support.h
[15.963s] -- Installing: /home/joshhlee/me326_ws/src/collab_robotics/install/locobot_interfaces/include/locobot_interfaces/action/detail/move_gripper__functions.c
[15.963s] -- Installing: /home/joshhlee/me326_ws/src/collab_robotics/install/locobot_interfaces/include/locobot_interfaces/action/detail/move_base__struct.h
[15.963s] -- Installing: /home/joshhlee/me326_ws/src/collab_robotics/install/locobot_interfaces/include/locobot_interfaces/action/detail/move_base__functions.c
[15.963s] -- Installing: /home/joshhlee/me326_ws/src/collab_robotics/install/locobot_interfaces/include/locobot_interfaces/action/detail/move_gripper__functions.h
[15.963s] -- Installing: /home/joshhlee/me326_ws/src/collab_robotics/install/locobot_interfaces/include/locobot_interfaces/action/detail/move_base__type_support.h
[15.963s] -- Installing: /home/joshhlee/me326_ws/src/collab_robotics/install/locobot_interfaces/include/locobot_interfaces/action/detail/move_gripper__type_support.h
[15.963s] -- Installing: /home/joshhlee/me326_ws/src/collab_robotics/install/locobot_interfaces/include/locobot_interfaces/action/detail/move_base__functions.h
[15.963s] -- Installing: /home/joshhlee/me326_ws/src/collab_robotics/install/locobot_interfaces/include/locobot_interfaces/action/detail/move_arm__functions.h
[15.963s] -- Installing: /home/joshhlee/me326_ws/src/collab_robotics/install/locobot_interfaces/include/locobot_interfaces/action/detail/move_arm__struct.h
[15.963s] -- Installing: /home/joshhlee/me326_ws/src/collab_robotics/install/locobot_interfaces/include/locobot_interfaces/action/detail/move_arm__functions.c
[15.963s] -- Installing: /home/joshhlee/me326_ws/src/collab_robotics/install/locobot_interfaces/include/locobot_interfaces/action/move_base.h
[15.963s] -- Installing: /home/joshhlee/me326_ws/src/collab_robotics/install/locobot_interfaces/include/locobot_interfaces/action/move_gripper.h
[15.963s] -- Installing: /home/joshhlee/me326_ws/src/collab_robotics/install/locobot_interfaces/include/locobot_interfaces/action/move_arm.h
[15.964s] -- Installing: /home/joshhlee/me326_ws/src/collab_robotics/install/locobot_interfaces/share/locobot_interfaces/environment/library_path.sh
[15.964s] -- Installing: /home/joshhlee/me326_ws/src/collab_robotics/install/locobot_interfaces/share/locobot_interfaces/environment/library_path.dsv
[15.964s] -- Installing: /home/joshhlee/me326_ws/src/collab_robotics/install/locobot_interfaces/lib/liblocobot_interfaces__rosidl_generator_c.so
[15.964s] -- Set runtime path of "/home/joshhlee/me326_ws/src/collab_robotics/install/locobot_interfaces/lib/liblocobot_interfaces__rosidl_generator_c.so" to ""
[15.964s] -- Up-to-date: /home/joshhlee/me326_ws/src/collab_robotics/install/locobot_interfaces/include/locobot_interfaces
[15.964s] -- Up-to-date: /home/joshhlee/me326_ws/src/collab_robotics/install/locobot_interfaces/include/locobot_interfaces/msg
[15.964s] -- Installing: /home/joshhlee/me326_ws/src/collab_robotics/install/locobot_interfaces/include/locobot_interfaces/msg/rosidl_typesupport_fastrtps_c__visibility_control.h
[15.964s] -- Up-to-date: /home/joshhlee/me326_ws/src/collab_robotics/install/locobot_interfaces/include/locobot_interfaces/srv
[15.964s] -- Up-to-date: /home/joshhlee/me326_ws/src/collab_robotics/install/locobot_interfaces/include/locobot_interfaces/srv/detail
[15.964s] -- Installing: /home/joshhlee/me326_ws/src/collab_robotics/install/locobot_interfaces/include/locobot_interfaces/srv/detail/set_pose__rosidl_typesupport_fastrtps_c.h
[15.964s] -- Up-to-date: /home/joshhlee/me326_ws/src/collab_robotics/install/locobot_interfaces/include/locobot_interfaces/action
[15.964s] -- Up-to-date: /home/joshhlee/me326_ws/src/collab_robotics/install/locobot_interfaces/include/locobot_interfaces/action/detail
[15.964s] -- Installing: /home/joshhlee/me326_ws/src/collab_robotics/install/locobot_interfaces/include/locobot_interfaces/action/detail/move_base__rosidl_typesupport_fastrtps_c.h
[15.964s] -- Installing: /home/joshhlee/me326_ws/src/collab_robotics/install/locobot_interfaces/include/locobot_interfaces/action/detail/move_gripper__rosidl_typesupport_fastrtps_c.h
[15.964s] -- Installing: /home/joshhlee/me326_ws/src/collab_robotics/install/locobot_interfaces/include/locobot_interfaces/action/detail/move_arm__rosidl_typesupport_fastrtps_c.h
[15.965s] -- Installing: /home/joshhlee/me326_ws/src/collab_robotics/install/locobot_interfaces/lib/liblocobot_interfaces__rosidl_typesupport_fastrtps_c.so
[15.965s] -- Set runtime path of "/home/joshhlee/me326_ws/src/collab_robotics/install/locobot_interfaces/lib/liblocobot_interfaces__rosidl_typesupport_fastrtps_c.so" to ""
[15.965s] -- Up-to-date: /home/joshhlee/me326_ws/src/collab_robotics/install/locobot_interfaces/include/locobot_interfaces
[15.965s] -- Up-to-date: /home/joshhlee/me326_ws/src/collab_robotics/install/locobot_interfaces/include/locobot_interfaces/msg
[15.965s] -- Installing: /home/joshhlee/me326_ws/src/collab_robotics/install/locobot_interfaces/include/locobot_interfaces/msg/rosidl_typesupport_fastrtps_cpp__visibility_control.h
[15.965s] -- Up-to-date: /home/joshhlee/me326_ws/src/collab_robotics/install/locobot_interfaces/include/locobot_interfaces/srv
[15.965s] -- Up-to-date: /home/joshhlee/me326_ws/src/collab_robotics/install/locobot_interfaces/include/locobot_interfaces/srv/detail
[15.965s] -- Installing: /home/joshhlee/me326_ws/src/collab_robotics/install/locobot_interfaces/include/locobot_interfaces/srv/detail/set_pose__rosidl_typesupport_fastrtps_cpp.hpp
[15.965s] -- Installing: /home/joshhlee/me326_ws/src/collab_robotics/install/locobot_interfaces/include/locobot_interfaces/srv/detail/dds_fastrtps
[15.966s] -- Up-to-date: /home/joshhlee/me326_ws/src/collab_robotics/install/locobot_interfaces/include/locobot_interfaces/action
[15.966s] -- Up-to-date: /home/joshhlee/me326_ws/src/collab_robotics/install/locobot_interfaces/include/locobot_interfaces/action/detail
[15.967s] -- Installing: /home/joshhlee/me326_ws/src/collab_robotics/install/locobot_interfaces/include/locobot_interfaces/action/detail/move_arm__rosidl_typesupport_fastrtps_cpp.hpp
[15.967s] -- Installing: /home/joshhlee/me326_ws/src/collab_robotics/install/locobot_interfaces/include/locobot_interfaces/action/detail/move_gripper__rosidl_typesupport_fastrtps_cpp.hpp
[15.967s] -- Installing: /home/joshhlee/me326_ws/src/collab_robotics/install/locobot_interfaces/include/locobot_interfaces/action/detail/dds_fastrtps
[15.967s] -- Installing: /home/joshhlee/me326_ws/src/collab_robotics/install/locobot_interfaces/include/locobot_interfaces/action/detail/move_base__rosidl_typesupport_fastrtps_cpp.hpp
[15.967s] -- Installing: /home/joshhlee/me326_ws/src/collab_robotics/install/locobot_interfaces/lib/liblocobot_interfaces__rosidl_typesupport_fastrtps_cpp.so
[15.967s] -- Set runtime path of "/home/joshhlee/me326_ws/src/collab_robotics/install/locobot_interfaces/lib/liblocobot_interfaces__rosidl_typesupport_fastrtps_cpp.so" to ""
[15.967s] -- Up-to-date: /home/joshhlee/me326_ws/src/collab_robotics/install/locobot_interfaces/include/locobot_interfaces
[15.967s] -- Up-to-date: /home/joshhlee/me326_ws/src/collab_robotics/install/locobot_interfaces/include/locobot_interfaces/msg
[15.967s] -- Installing: /home/joshhlee/me326_ws/src/collab_robotics/install/locobot_interfaces/include/locobot_interfaces/msg/rosidl_typesupport_introspection_c__visibility_control.h
[15.967s] -- Up-to-date: /home/joshhlee/me326_ws/src/collab_robotics/install/locobot_interfaces/include/locobot_interfaces/srv
[15.967s] -- Up-to-date: /home/joshhlee/me326_ws/src/collab_robotics/install/locobot_interfaces/include/locobot_interfaces/srv/detail
[15.968s] -- Installing: /home/joshhlee/me326_ws/src/collab_robotics/install/locobot_interfaces/include/locobot_interfaces/srv/detail/set_pose__type_support.c
[15.968s] -- Installing: /home/joshhlee/me326_ws/src/collab_robotics/install/locobot_interfaces/include/locobot_interfaces/srv/detail/set_pose__rosidl_typesupport_introspection_c.h
[15.968s] -- Up-to-date: /home/joshhlee/me326_ws/src/collab_robotics/install/locobot_interfaces/include/locobot_interfaces/action
[15.968s] -- Up-to-date: /home/joshhlee/me326_ws/src/collab_robotics/install/locobot_interfaces/include/locobot_interfaces/action/detail
[15.968s] -- Installing: /home/joshhlee/me326_ws/src/collab_robotics/install/locobot_interfaces/include/locobot_interfaces/action/detail/move_base__rosidl_typesupport_introspection_c.h
[15.968s] -- Installing: /home/joshhlee/me326_ws/src/collab_robotics/install/locobot_interfaces/include/locobot_interfaces/action/detail/move_gripper__rosidl_typesupport_introspection_c.h
[15.968s] -- Installing: /home/joshhlee/me326_ws/src/collab_robotics/install/locobot_interfaces/include/locobot_interfaces/action/detail/move_arm__type_support.c
[15.968s] -- Installing: /home/joshhlee/me326_ws/src/collab_robotics/install/locobot_interfaces/include/locobot_interfaces/action/detail/move_arm__rosidl_typesupport_introspection_c.h
[15.968s] -- Installing: /home/joshhlee/me326_ws/src/collab_robotics/install/locobot_interfaces/include/locobot_interfaces/action/detail/move_gripper__type_support.c
[15.968s] -- Installing: /home/joshhlee/me326_ws/src/collab_robotics/install/locobot_interfaces/include/locobot_interfaces/action/detail/move_base__type_support.c
[15.968s] -- Installing: /home/joshhlee/me326_ws/src/collab_robotics/install/locobot_interfaces/lib/liblocobot_interfaces__rosidl_typesupport_introspection_c.so
[15.968s] -- Set runtime path of "/home/joshhlee/me326_ws/src/collab_robotics/install/locobot_interfaces/lib/liblocobot_interfaces__rosidl_typesupport_introspection_c.so" to ""
[15.968s] -- Installing: /home/joshhlee/me326_ws/src/collab_robotics/install/locobot_interfaces/lib/liblocobot_interfaces__rosidl_typesupport_c.so
[15.968s] -- Set runtime path of "/home/joshhlee/me326_ws/src/collab_robotics/install/locobot_interfaces/lib/liblocobot_interfaces__rosidl_typesupport_c.so" to ""
[15.969s] -- Up-to-date: /home/joshhlee/me326_ws/src/collab_robotics/install/locobot_interfaces/include/locobot_interfaces
[15.969s] -- Up-to-date: /home/joshhlee/me326_ws/src/collab_robotics/install/locobot_interfaces/include/locobot_interfaces/srv
[15.969s] -- Up-to-date: /home/joshhlee/me326_ws/src/collab_robotics/install/locobot_interfaces/include/locobot_interfaces/srv/detail
[15.969s] -- Installing: /home/joshhlee/me326_ws/src/collab_robotics/install/locobot_interfaces/include/locobot_interfaces/srv/detail/set_pose__builder.hpp
[15.969s] -- Installing: /home/joshhlee/me326_ws/src/collab_robotics/install/locobot_interfaces/include/locobot_interfaces/srv/detail/set_pose__struct.hpp
[15.969s] -- Installing: /home/joshhlee/me326_ws/src/collab_robotics/install/locobot_interfaces/include/locobot_interfaces/srv/detail/set_pose__traits.hpp
[15.969s] -- Installing: /home/joshhlee/me326_ws/src/collab_robotics/install/locobot_interfaces/include/locobot_interfaces/srv/set_pose.hpp
[15.969s] -- Up-to-date: /home/joshhlee/me326_ws/src/collab_robotics/install/locobot_interfaces/include/locobot_interfaces/action
[15.969s] -- Installing: /home/joshhlee/me326_ws/src/collab_robotics/install/locobot_interfaces/include/locobot_interfaces/action/move_gripper.hpp
[15.969s] -- Up-to-date: /home/joshhlee/me326_ws/src/collab_robotics/install/locobot_interfaces/include/locobot_interfaces/action/detail
[15.969s] -- Installing: /home/joshhlee/me326_ws/src/collab_robotics/install/locobot_interfaces/include/locobot_interfaces/action/detail/move_gripper__builder.hpp
[15.969s] -- Installing: /home/joshhlee/me326_ws/src/collab_robotics/install/locobot_interfaces/include/locobot_interfaces/action/detail/move_gripper__traits.hpp
[15.969s] -- Installing: /home/joshhlee/me326_ws/src/collab_robotics/install/locobot_interfaces/include/locobot_interfaces/action/detail/move_gripper__struct.hpp
[15.970s] -- Installing: /home/joshhlee/me326_ws/src/collab_robotics/install/locobot_interfaces/include/locobot_interfaces/action/detail/move_arm__builder.hpp
[15.970s] -- Installing: /home/joshhlee/me326_ws/src/collab_robotics/install/locobot_interfaces/include/locobot_interfaces/action/detail/move_base__struct.hpp
[15.970s] -- Installing: /home/joshhlee/me326_ws/src/collab_robotics/install/locobot_interfaces/include/locobot_interfaces/action/detail/move_base__builder.hpp
[15.970s] -- Installing: /home/joshhlee/me326_ws/src/collab_robotics/install/locobot_interfaces/include/locobot_interfaces/action/detail/move_base__traits.hpp
[15.970s] -- Installing: /home/joshhlee/me326_ws/src/collab_robotics/install/locobot_interfaces/include/locobot_interfaces/action/detail/move_arm__traits.hpp
[15.970s] -- Installing: /home/joshhlee/me326_ws/src/collab_robotics/install/locobot_interfaces/include/locobot_interfaces/action/detail/move_arm__struct.hpp
[15.970s] -- Installing: /home/joshhlee/me326_ws/src/collab_robotics/install/locobot_interfaces/include/locobot_interfaces/action/move_base.hpp
[15.970s] -- Installing: /home/joshhlee/me326_ws/src/collab_robotics/install/locobot_interfaces/include/locobot_interfaces/action/move_arm.hpp
[15.970s] -- Up-to-date: /home/joshhlee/me326_ws/src/collab_robotics/install/locobot_interfaces/include/locobot_interfaces
[15.970s] -- Up-to-date: /home/joshhlee/me326_ws/src/collab_robotics/install/locobot_interfaces/include/locobot_interfaces/srv
[15.970s] -- Up-to-date: /home/joshhlee/me326_ws/src/collab_robotics/install/locobot_interfaces/include/locobot_interfaces/srv/detail
[15.970s] -- Installing: /home/joshhlee/me326_ws/src/collab_robotics/install/locobot_interfaces/include/locobot_interfaces/srv/detail/set_pose__type_support.cpp
[15.970s] -- Installing: /home/joshhlee/me326_ws/src/collab_robotics/install/locobot_interfaces/include/locobot_interfaces/srv/detail/set_pose__rosidl_typesupport_introspection_cpp.hpp
[15.971s] -- Up-to-date: /home/joshhlee/me326_ws/src/collab_robotics/install/locobot_interfaces/include/locobot_interfaces/action
[15.971s] -- Up-to-date: /home/joshhlee/me326_ws/src/collab_robotics/install/locobot_interfaces/include/locobot_interfaces/action/detail
[15.971s] -- Installing: /home/joshhlee/me326_ws/src/collab_robotics/install/locobot_interfaces/include/locobot_interfaces/action/detail/move_base__type_support.cpp
[15.971s] -- Installing: /home/joshhlee/me326_ws/src/collab_robotics/install/locobot_interfaces/include/locobot_interfaces/action/detail/move_arm__type_support.cpp
[15.971s] -- Installing: /home/joshhlee/me326_ws/src/collab_robotics/install/locobot_interfaces/include/locobot_interfaces/action/detail/move_gripper__rosidl_typesupport_introspection_cpp.hpp
[15.971s] -- Installing: /home/joshhlee/me326_ws/src/collab_robotics/install/locobot_interfaces/include/locobot_interfaces/action/detail/move_arm__rosidl_typesupport_introspection_cpp.hpp
[15.971s] -- Installing: /home/joshhlee/me326_ws/src/collab_robotics/install/locobot_interfaces/include/locobot_interfaces/action/detail/move_base__rosidl_typesupport_introspection_cpp.hpp
[15.971s] -- Installing: /home/joshhlee/me326_ws/src/collab_robotics/install/locobot_interfaces/include/locobot_interfaces/action/detail/move_gripper__type_support.cpp
[15.971s] -- Installing: /home/joshhlee/me326_ws/src/collab_robotics/install/locobot_interfaces/lib/liblocobot_interfaces__rosidl_typesupport_introspection_cpp.so
[15.971s] -- Set runtime path of "/home/joshhlee/me326_ws/src/collab_robotics/install/locobot_interfaces/lib/liblocobot_interfaces__rosidl_typesupport_introspection_cpp.so" to ""
[15.971s] -- Installing: /home/joshhlee/me326_ws/src/collab_robotics/install/locobot_interfaces/lib/liblocobot_interfaces__rosidl_typesupport_cpp.so
[15.971s] -- Set runtime path of "/home/joshhlee/me326_ws/src/collab_robotics/install/locobot_interfaces/lib/liblocobot_interfaces__rosidl_typesupport_cpp.so" to ""
[15.971s] -- Installing: /home/joshhlee/me326_ws/src/collab_robotics/install/locobot_interfaces/share/locobot_interfaces/environment/pythonpath.sh
[15.971s] -- Installing: /home/joshhlee/me326_ws/src/collab_robotics/install/locobot_interfaces/share/locobot_interfaces/environment/pythonpath.dsv
[15.972s] -- Installing: /home/joshhlee/me326_ws/src/collab_robotics/install/locobot_interfaces/lib/python3.8/site-packages/locobot_interfaces/__init__.py
[16.000s] Compiling '/home/joshhlee/me326_ws/src/collab_robotics/install/locobot_interfaces/lib/python3.8/site-packages/locobot_interfaces/__init__.py'...
[16.003s] -- Installing: /home/joshhlee/me326_ws/src/collab_robotics/install/locobot_interfaces/lib/python3.8/site-packages/locobot_interfaces/action
[16.003s] -- Installing: /home/joshhlee/me326_ws/src/collab_robotics/install/locobot_interfaces/lib/python3.8/site-packages/locobot_interfaces/action/__init__.py
[16.003s] -- Installing: /home/joshhlee/me326_ws/src/collab_robotics/install/locobot_interfaces/lib/python3.8/site-packages/locobot_interfaces/action/_move_base_s.c
[16.003s] -- Installing: /home/joshhlee/me326_ws/src/collab_robotics/install/locobot_interfaces/lib/python3.8/site-packages/locobot_interfaces/action/_move_gripper_s.c
[16.003s] -- Installing: /home/joshhlee/me326_ws/src/collab_robotics/install/locobot_interfaces/lib/python3.8/site-packages/locobot_interfaces/action/_move_arm_s.c
[16.003s] -- Installing: /home/joshhlee/me326_ws/src/collab_robotics/install/locobot_interfaces/lib/python3.8/site-packages/locobot_interfaces/action/_move_base.py
[16.003s] -- Installing: /home/joshhlee/me326_ws/src/collab_robotics/install/locobot_interfaces/lib/python3.8/site-packages/locobot_interfaces/action/_move_arm.py
[16.004s] -- Installing: /home/joshhlee/me326_ws/src/collab_robotics/install/locobot_interfaces/lib/python3.8/site-packages/locobot_interfaces/action/_move_gripper.py
[16.004s] -- Installing: /home/joshhlee/me326_ws/src/collab_robotics/install/locobot_interfaces/lib/python3.8/site-packages/locobot_interfaces/srv
[16.004s] -- Installing: /home/joshhlee/me326_ws/src/collab_robotics/install/locobot_interfaces/lib/python3.8/site-packages/locobot_interfaces/srv/__init__.py
[16.004s] -- Installing: /home/joshhlee/me326_ws/src/collab_robotics/install/locobot_interfaces/lib/python3.8/site-packages/locobot_interfaces/srv/_set_pose_s.c
[16.004s] -- Installing: /home/joshhlee/me326_ws/src/collab_robotics/install/locobot_interfaces/lib/python3.8/site-packages/locobot_interfaces/srv/_set_pose.py
[16.004s] -- Installing: /home/joshhlee/me326_ws/src/collab_robotics/install/locobot_interfaces/lib/python3.8/site-packages/locobot_interfaces/locobot_interfaces_s__rosidl_typesupport_fastrtps_c.cpython-38-aarch64-linux-gnu.so
[16.005s] -- Set runtime path of "/home/joshhlee/me326_ws/src/collab_robotics/install/locobot_interfaces/lib/python3.8/site-packages/locobot_interfaces/locobot_interfaces_s__rosidl_typesupport_fastrtps_c.cpython-38-aarch64-linux-gnu.so" to ""
[16.005s] -- Installing: /home/joshhlee/me326_ws/src/collab_robotics/install/locobot_interfaces/lib/python3.8/site-packages/locobot_interfaces/locobot_interfaces_s__rosidl_typesupport_introspection_c.cpython-38-aarch64-linux-gnu.so
[16.005s] -- Set runtime path of "/home/joshhlee/me326_ws/src/collab_robotics/install/locobot_interfaces/lib/python3.8/site-packages/locobot_interfaces/locobot_interfaces_s__rosidl_typesupport_introspection_c.cpython-38-aarch64-linux-gnu.so" to ""
[16.006s] -- Installing: /home/joshhlee/me326_ws/src/collab_robotics/install/locobot_interfaces/lib/python3.8/site-packages/locobot_interfaces/locobot_interfaces_s__rosidl_typesupport_c.cpython-38-aarch64-linux-gnu.so
[16.006s] -- Set runtime path of "/home/joshhlee/me326_ws/src/collab_robotics/install/locobot_interfaces/lib/python3.8/site-packages/locobot_interfaces/locobot_interfaces_s__rosidl_typesupport_c.cpython-38-aarch64-linux-gnu.so" to ""
[16.006s] -- Installing: /home/joshhlee/me326_ws/src/collab_robotics/install/locobot_interfaces/lib/liblocobot_interfaces__python.so
[16.006s] -- Set runtime path of "/home/joshhlee/me326_ws/src/collab_robotics/install/locobot_interfaces/lib/liblocobot_interfaces__python.so" to ""
[16.007s] -- Installing: /home/joshhlee/me326_ws/src/collab_robotics/install/locobot_interfaces/share/locobot_interfaces/action/MoveArm.idl
[16.007s] -- Installing: /home/joshhlee/me326_ws/src/collab_robotics/install/locobot_interfaces/share/locobot_interfaces/action/MoveGripper.idl
[16.007s] -- Installing: /home/joshhlee/me326_ws/src/collab_robotics/install/locobot_interfaces/share/locobot_interfaces/action/MoveBase.idl
[16.007s] -- Installing: /home/joshhlee/me326_ws/src/collab_robotics/install/locobot_interfaces/share/locobot_interfaces/srv/SetPose.idl
[16.007s] -- Installing: /home/joshhlee/me326_ws/src/collab_robotics/install/locobot_interfaces/share/locobot_interfaces/action/MoveArm.action
[16.007s] -- Installing: /home/joshhlee/me326_ws/src/collab_robotics/install/locobot_interfaces/share/locobot_interfaces/action/MoveGripper.action
[16.007s] -- Installing: /home/joshhlee/me326_ws/src/collab_robotics/install/locobot_interfaces/share/locobot_interfaces/action/MoveBase.action
[16.007s] -- Installing: /home/joshhlee/me326_ws/src/collab_robotics/install/locobot_interfaces/share/locobot_interfaces/srv/SetPose.srv
[16.007s] -- Installing: /home/joshhlee/me326_ws/src/collab_robotics/install/locobot_interfaces/share/locobot_interfaces/srv/SetPose_Request.msg
[16.007s] -- Installing: /home/joshhlee/me326_ws/src/collab_robotics/install/locobot_interfaces/share/locobot_interfaces/srv/SetPose_Response.msg
[16.008s] -- Installing: /home/joshhlee/me326_ws/src/collab_robotics/install/locobot_interfaces/share/ament_index/resource_index/package_run_dependencies/locobot_interfaces
[16.008s] -- Installing: /home/joshhlee/me326_ws/src/collab_robotics/install/locobot_interfaces/share/ament_index/resource_index/parent_prefix_path/locobot_interfaces
[16.008s] -- Installing: /home/joshhlee/me326_ws/src/collab_robotics/install/locobot_interfaces/share/locobot_interfaces/environment/ament_prefix_path.sh
[16.008s] -- Installing: /home/joshhlee/me326_ws/src/collab_robotics/install/locobot_interfaces/share/locobot_interfaces/environment/ament_prefix_path.dsv
[16.008s] -- Installing: /home/joshhlee/me326_ws/src/collab_robotics/install/locobot_interfaces/share/locobot_interfaces/environment/path.sh
[16.008s] -- Installing: /home/joshhlee/me326_ws/src/collab_robotics/install/locobot_interfaces/share/locobot_interfaces/environment/path.dsv
[16.008s] -- Installing: /home/joshhlee/me326_ws/src/collab_robotics/install/locobot_interfaces/share/locobot_interfaces/local_setup.bash
[16.008s] -- Installing: /home/joshhlee/me326_ws/src/collab_robotics/install/locobot_interfaces/share/locobot_interfaces/local_setup.sh
[16.008s] -- Installing: /home/joshhlee/me326_ws/src/collab_robotics/install/locobot_interfaces/share/locobot_interfaces/local_setup.zsh
[16.008s] -- Installing: /home/joshhlee/me326_ws/src/collab_robotics/install/locobot_interfaces/share/locobot_interfaces/local_setup.dsv
[16.009s] -- Installing: /home/joshhlee/me326_ws/src/collab_robotics/install/locobot_interfaces/share/locobot_interfaces/package.dsv
[16.009s] -- Installing: /home/joshhlee/me326_ws/src/collab_robotics/install/locobot_interfaces/share/ament_index/resource_index/packages/locobot_interfaces
[16.009s] -- Installing: /home/joshhlee/me326_ws/src/collab_robotics/install/locobot_interfaces/share/locobot_interfaces/cmake/locobot_interfaces__rosidl_generator_cExport.cmake
[16.009s] -- Installing: /home/joshhlee/me326_ws/src/collab_robotics/install/locobot_interfaces/share/locobot_interfaces/cmake/locobot_interfaces__rosidl_generator_cExport-noconfig.cmake
[16.009s] -- Installing: /home/joshhlee/me326_ws/src/collab_robotics/install/locobot_interfaces/share/locobot_interfaces/cmake/locobot_interfaces__rosidl_typesupport_introspection_cExport.cmake
[16.009s] -- Installing: /home/joshhlee/me326_ws/src/collab_robotics/install/locobot_interfaces/share/locobot_interfaces/cmake/locobot_interfaces__rosidl_typesupport_introspection_cExport-noconfig.cmake
[16.009s] -- Installing: /home/joshhlee/me326_ws/src/collab_robotics/install/locobot_interfaces/share/locobot_interfaces/cmake/locobot_interfaces__rosidl_typesupport_cExport.cmake
[16.009s] -- Installing: /home/joshhlee/me326_ws/src/collab_robotics/install/locobot_interfaces/share/locobot_interfaces/cmake/locobot_interfaces__rosidl_typesupport_cExport-noconfig.cmake
[16.009s] -- Installing: /home/joshhlee/me326_ws/src/collab_robotics/install/locobot_interfaces/share/locobot_interfaces/cmake/locobot_interfaces__rosidl_generator_cppExport.cmake
[16.010s] -- Installing: /home/joshhlee/me326_ws/src/collab_robotics/install/locobot_interfaces/share/locobot_interfaces/cmake/locobot_interfaces__rosidl_typesupport_introspection_cppExport.cmake
[16.010s] -- Installing: /home/joshhlee/me326_ws/src/collab_robotics/install/locobot_interfaces/share/locobot_interfaces/cmake/locobot_interfaces__rosidl_typesupport_introspection_cppExport-noconfig.cmake
[16.010s] -- Installing: /home/joshhlee/me326_ws/src/collab_robotics/install/locobot_interfaces/share/locobot_interfaces/cmake/locobot_interfaces__rosidl_typesupport_cppExport.cmake
[16.010s] -- Installing: /home/joshhlee/me326_ws/src/collab_robotics/install/locobot_interfaces/share/locobot_interfaces/cmake/locobot_interfaces__rosidl_typesupport_cppExport-noconfig.cmake
[16.010s] -- Installing: /home/joshhlee/me326_ws/src/collab_robotics/install/locobot_interfaces/share/locobot_interfaces/cmake/rosidl_cmake-extras.cmake
[16.010s] -- Installing: /home/joshhlee/me326_ws/src/collab_robotics/install/locobot_interfaces/share/locobot_interfaces/cmake/ament_cmake_export_dependencies-extras.cmake
[16.010s] -- Installing: /home/joshhlee/me326_ws/src/collab_robotics/install/locobot_interfaces/share/locobot_interfaces/cmake/ament_cmake_export_libraries-extras.cmake
[16.011s] -- Installing: /home/joshhlee/me326_ws/src/collab_robotics/install/locobot_interfaces/share/locobot_interfaces/cmake/ament_cmake_export_targets-extras.cmake
[16.011s] -- Installing: /home/joshhlee/me326_ws/src/collab_robotics/install/locobot_interfaces/share/locobot_interfaces/cmake/ament_cmake_export_include_directories-extras.cmake
[16.011s] -- Installing: /home/joshhlee/me326_ws/src/collab_robotics/install/locobot_interfaces/share/locobot_interfaces/cmake/rosidl_cmake_export_typesupport_libraries-extras.cmake
[16.011s] -- Installing: /home/joshhlee/me326_ws/src/collab_robotics/install/locobot_interfaces/share/locobot_interfaces/cmake/rosidl_cmake_export_typesupport_targets-extras.cmake
[16.011s] -- Installing: /home/joshhlee/me326_ws/src/collab_robotics/install/locobot_interfaces/share/locobot_interfaces/cmake/locobot_interfacesConfig.cmake
[16.011s] -- Installing: /home/joshhlee/me326_ws/src/collab_robotics/install/locobot_interfaces/share/locobot_interfaces/cmake/locobot_interfacesConfig-version.cmake
[16.011s] -- Installing: /home/joshhlee/me326_ws/src/collab_robotics/install/locobot_interfaces/share/locobot_interfaces/package.xml
[16.013s] Invoked command in '/home/joshhlee/me326_ws/src/collab_robotics/build/locobot_interfaces' returned '0': CMAKE_PREFIX_PATH=${CMAKE_PREFIX_PATH}:/home/joshhlee/me326_ws/install/opencv_tests:/home/joshhlee/interbotix_ws/install/interbotix_xs_modules:/home/joshhlee/interbotix_ws/install/interbotix_perception_modules:/home/joshhlee/interbotix_ws/install/interbotix_common_modules:/opt/ros/galactic /usr/bin/cmake --install /home/joshhlee/me326_ws/src/collab_robotics/build/locobot_interfaces
