-- The C compiler identification is GNU 9.4.0
-- The CXX compiler identification is GNU 9.4.0
-- Check for working C compiler: /usr/bin/cc
-- Check for working C compiler: /usr/bin/cc -- works
-- Detecting C compiler ABI info
-- Detecting C compiler ABI info - done
-- Detecting C compile features
-- Detecting C compile features - done
-- Check for working CXX compiler: /usr/bin/c++
-- Check for working CXX compiler: /usr/bin/c++ -- works
-- Detecting CXX compiler ABI info
-- Detecting CXX compiler ABI info - done
-- Detecting CXX compile features
-- Detecting CXX compile features - done
-- Found ament_cmake: 1.1.6 (/opt/ros/galactic/share/ament_cmake/cmake)
-- Found PythonInterp: /usr/bin/python3 (found suitable version "3.8.10", minimum required is "3") 
-- Using PYTHON_EXECUTABLE: /usr/bin/python3
-- Found rosidl_default_generators: 1.1.1 (/opt/ros/galactic/share/rosidl_default_generators/cmake)
-- Using all available rosidl_typesupport_c: rosidl_typesupport_fastrtps_c;rosidl_typesupport_introspection_c
-- Found rosidl_adapter: 2.2.3 (/opt/ros/galactic/share/rosidl_adapter/cmake)
-- Found OpenSSL: /usr/lib/aarch64-linux-gnu/libcrypto.so (found version "1.1.1f")  
-- Found FastRTPS: /opt/ros/galactic/include  
-- Using all available rosidl_typesupport_cpp: rosidl_typesupport_fastrtps_cpp;rosidl_typesupport_introspection_cpp
-- Found geometry_msgs: 2.2.4 (/opt/ros/galactic/share/geometry_msgs/cmake)
-- Found PythonInterp: /usr/bin/python3 (found version "3.8.10") 
-- Found ament_cmake_ros: 0.9.2 (/opt/ros/galactic/share/ament_cmake_ros/cmake)
-- Using all available rosidl_typesupport_c: rosidl_typesupport_fastrtps_c;rosidl_typesupport_introspection_c
-- Using all available rosidl_typesupport_cpp: rosidl_typesupport_fastrtps_cpp;rosidl_typesupport_introspection_cpp
-- Found PythonInterp: /usr/bin/python3 (found suitable version "3.8.10", minimum required is "3.5") 
-- Found python_cmake_module: 0.8.1 (/opt/ros/galactic/share/python_cmake_module/cmake)
-- Found PythonLibs: /usr/lib/aarch64-linux-gnu/libpython3.8.so (found suitable version "3.8.10", minimum required is "3.5") 
-- Using PYTHON_EXECUTABLE: /usr/bin/python3
-- Using PYTHON_INCLUDE_DIRS: /usr/include/python3.8
-- Using PYTHON_LIBRARIES: /usr/lib/aarch64-linux-gnu/libpython3.8.so
-- Found PythonExtra: .so  
-- Found ament_lint_auto: 0.10.7 (/opt/ros/galactic/share/ament_lint_auto/cmake)
-- Added test 'copyright' to check source files copyright and LICENSE
-- Added test 'flake8' to check Python code syntax and style conventions
-- Added test 'lint_cmake' to check CMake code style
-- Added test 'pep257' to check Python code against some of the style conventions in PEP 257
-- Added test 'xmllint' to check XML markup files
-- Configuring done
-- Generating done
-- Build files have been written to: /home/joshhlee/me326_ws/src/collab_robotics/build/locobot_interfaces
[35m[1mScanning dependencies of target locobot_interfaces__cpp[0m
[  1%] [34m[1mGenerating C++ code for ROS interfaces[0m
[  1%] Built target locobot_interfaces__cpp
[  3%] [34m[1mGenerating C code for ROS interfaces[0m
[35m[1mScanning dependencies of target locobot_interfaces__rosidl_generator_c[0m
[  5%] [32mBuilding C object CMakeFiles/locobot_interfaces__rosidl_generator_c.dir/rosidl_generator_c/locobot_interfaces/action/detail/move_arm__functions.c.o[0m
[  7%] [32mBuilding C object CMakeFiles/locobot_interfaces__rosidl_generator_c.dir/rosidl_generator_c/locobot_interfaces/action/detail/move_gripper__functions.c.o[0m
[  9%] [32mBuilding C object CMakeFiles/locobot_interfaces__rosidl_generator_c.dir/rosidl_generator_c/locobot_interfaces/action/detail/move_base__functions.c.o[0m
[ 10%] [32mBuilding C object CMakeFiles/locobot_interfaces__rosidl_generator_c.dir/rosidl_generator_c/locobot_interfaces/srv/detail/set_pose__functions.c.o[0m
[ 12%] [32m[1mLinking C shared library liblocobot_interfaces__rosidl_generator_c.so[0m
[ 12%] Built target locobot_interfaces__rosidl_generator_c
[ 14%] [34m[1mGenerating C++ introspection for ROS interfaces[0m
[35m[1mScanning dependencies of target locobot_interfaces__rosidl_typesupport_introspection_cpp[0m
[ 16%] [32mBuilding CXX object CMakeFiles/locobot_interfaces__rosidl_typesupport_introspection_cpp.dir/rosidl_typesupport_introspection_cpp/locobot_interfaces/action/detail/move_arm__type_support.cpp.o[0m
[ 18%] [32mBuilding CXX object CMakeFiles/locobot_interfaces__rosidl_typesupport_introspection_cpp.dir/rosidl_typesupport_introspection_cpp/locobot_interfaces/action/detail/move_gripper__type_support.cpp.o[0m
[ 20%] [32mBuilding CXX object CMakeFiles/locobot_interfaces__rosidl_typesupport_introspection_cpp.dir/rosidl_typesupport_introspection_cpp/locobot_interfaces/action/detail/move_base__type_support.cpp.o[0m
[ 21%] [32mBuilding CXX object CMakeFiles/locobot_interfaces__rosidl_typesupport_introspection_cpp.dir/rosidl_typesupport_introspection_cpp/locobot_interfaces/srv/detail/set_pose__type_support.cpp.o[0m
[ 23%] [32m[1mLinking CXX shared library liblocobot_interfaces__rosidl_typesupport_introspection_cpp.so[0m
[ 23%] Built target locobot_interfaces__rosidl_typesupport_introspection_cpp
[ 25%] [34m[1mGenerating C type support dispatch for ROS interfaces[0m
[35m[1mScanning dependencies of target locobot_interfaces__rosidl_typesupport_c[0m
[ 27%] [32mBuilding CXX object CMakeFiles/locobot_interfaces__rosidl_typesupport_c.dir/rosidl_typesupport_c/locobot_interfaces/action/move_arm__type_support.cpp.o[0m
[ 29%] [32mBuilding CXX object CMakeFiles/locobot_interfaces__rosidl_typesupport_c.dir/rosidl_typesupport_c/locobot_interfaces/action/move_gripper__type_support.cpp.o[0m
[ 30%] [32mBuilding CXX object CMakeFiles/locobot_interfaces__rosidl_typesupport_c.dir/rosidl_typesupport_c/locobot_interfaces/action/move_base__type_support.cpp.o[0m
[ 32%] [32mBuilding CXX object CMakeFiles/locobot_interfaces__rosidl_typesupport_c.dir/rosidl_typesupport_c/locobot_interfaces/srv/set_pose__type_support.cpp.o[0m
[ 34%] [32m[1mLinking CXX shared library liblocobot_interfaces__rosidl_typesupport_c.so[0m
[ 34%] Built target locobot_interfaces__rosidl_typesupport_c
[ 36%] [34m[1mGenerating C introspection for ROS interfaces[0m
[35m[1mScanning dependencies of target locobot_interfaces__rosidl_typesupport_introspection_c[0m
[ 38%] [32mBuilding C object CMakeFiles/locobot_interfaces__rosidl_typesupport_introspection_c.dir/rosidl_typesupport_introspection_c/locobot_interfaces/action/detail/move_arm__type_support.c.o[0m
[ 40%] [32mBuilding C object CMakeFiles/locobot_interfaces__rosidl_typesupport_introspection_c.dir/rosidl_typesupport_introspection_c/locobot_interfaces/action/detail/move_gripper__type_support.c.o[0m
[ 41%] [32mBuilding C object CMakeFiles/locobot_interfaces__rosidl_typesupport_introspection_c.dir/rosidl_typesupport_introspection_c/locobot_interfaces/action/detail/move_base__type_support.c.o[0m
[ 43%] [32mBuilding C object CMakeFiles/locobot_interfaces__rosidl_typesupport_introspection_c.dir/rosidl_typesupport_introspection_c/locobot_interfaces/srv/detail/set_pose__type_support.c.o[0m
[ 45%] [32m[1mLinking C shared library liblocobot_interfaces__rosidl_typesupport_introspection_c.so[0m
[ 45%] Built target locobot_interfaces__rosidl_typesupport_introspection_c
[ 47%] [34m[1mGenerating C++ type support for eProsima Fast-RTPS[0m
[35m[1mScanning dependencies of target locobot_interfaces__rosidl_typesupport_fastrtps_cpp[0m
[ 49%] [32mBuilding CXX object CMakeFiles/locobot_interfaces__rosidl_typesupport_fastrtps_cpp.dir/rosidl_typesupport_fastrtps_cpp/locobot_interfaces/action/detail/dds_fastrtps/move_arm__type_support.cpp.o[0m
[ 50%] [32mBuilding CXX object CMakeFiles/locobot_interfaces__rosidl_typesupport_fastrtps_cpp.dir/rosidl_typesupport_fastrtps_cpp/locobot_interfaces/action/detail/dds_fastrtps/move_base__type_support.cpp.o[0m
[ 52%] [32mBuilding CXX object CMakeFiles/locobot_interfaces__rosidl_typesupport_fastrtps_cpp.dir/rosidl_typesupport_fastrtps_cpp/locobot_interfaces/srv/detail/dds_fastrtps/set_pose__type_support.cpp.o[0m
[ 54%] [32mBuilding CXX object CMakeFiles/locobot_interfaces__rosidl_typesupport_fastrtps_cpp.dir/rosidl_typesupport_fastrtps_cpp/locobot_interfaces/action/detail/dds_fastrtps/move_gripper__type_support.cpp.o[0m
[ 56%] [32m[1mLinking CXX shared library liblocobot_interfaces__rosidl_typesupport_fastrtps_cpp.so[0m
[ 56%] Built target locobot_interfaces__rosidl_typesupport_fastrtps_cpp
[ 58%] [34m[1mGenerating C++ type support dispatch for ROS interfaces[0m
[35m[1mScanning dependencies of target locobot_interfaces__rosidl_typesupport_cpp[0m
[ 60%] [32mBuilding CXX object CMakeFiles/locobot_interfaces__rosidl_typesupport_cpp.dir/rosidl_typesupport_cpp/locobot_interfaces/action/move_arm__type_support.cpp.o[0m
[ 61%] [32mBuilding CXX object CMakeFiles/locobot_interfaces__rosidl_typesupport_cpp.dir/rosidl_typesupport_cpp/locobot_interfaces/action/move_base__type_support.cpp.o[0m
[ 63%] [32mBuilding CXX object CMakeFiles/locobot_interfaces__rosidl_typesupport_cpp.dir/rosidl_typesupport_cpp/locobot_interfaces/srv/set_pose__type_support.cpp.o[0m
[ 65%] [32mBuilding CXX object CMakeFiles/locobot_interfaces__rosidl_typesupport_cpp.dir/rosidl_typesupport_cpp/locobot_interfaces/action/move_gripper__type_support.cpp.o[0m
make[2]: *** wait: No child processes.  Stop.
make[2]: *** Waiting for unfinished jobs....
make[2]: *** wait: No child processes.  Stop.
make[1]: *** [CMakeFiles/Makefile2:496: CMakeFiles/locobot_interfaces__rosidl_typesupport_cpp.dir/all] Error 2
make: *** [Makefile:141: all] Interrupt
