[0.694s] Invoking command in '/home/joshhlee/me326_ws/src/collab_robotics/build/locobot_interfaces': CMAKE_PREFIX_PATH=${CMAKE_PREFIX_PATH}:/home/joshhlee/interbotix_ws/install/interbotix_xs_modules:/home/joshhlee/interbotix_ws/install/interbotix_perception_modules:/home/joshhlee/interbotix_ws/install/interbotix_common_modules:/home/joshhlee/me326_ws/install/opencv_tests:/opt/ros/galactic /usr/bin/cmake /home/joshhlee/me326_ws/src/collab_robotics/locobot_interfaces -DCMAKE_INSTALL_PREFIX=/home/joshhlee/me326_ws/src/collab_robotics/install/locobot_interfaces
[0.779s] -- The C compiler identification is GNU 9.4.0
[0.858s] -- The CXX compiler identification is GNU 9.4.0
[0.868s] -- Check for working C compiler: /usr/bin/cc
[1.005s] -- Check for working C compiler: /usr/bin/cc -- works
[1.007s] -- Detecting C compiler ABI info
[1.111s] -- Detecting C compiler ABI info - done
[1.124s] -- Detecting C compile features
[1.125s] -- Detecting C compile features - done
[1.140s] -- Check for working CXX compiler: /usr/bin/c++
[1.232s] -- Check for working CXX compiler: /usr/bin/c++ -- works
[1.233s] -- Detecting CXX compiler ABI info
[1.339s] -- Detecting CXX compiler ABI info - done
[1.349s] -- Detecting CXX compile features
[1.350s] -- Detecting CXX compile features - done
[1.353s] -- Found ament_cmake: 1.1.6 (/opt/ros/galactic/share/ament_cmake/cmake)
[1.382s] -- Found PythonInterp: /usr/bin/python3 (found suitable version "3.8.10", minimum required is "3") 
[1.382s] -- Using PYTHON_EXECUTABLE: /usr/bin/python3
[1.497s] -- Found rosidl_default_generators: 1.1.1 (/opt/ros/galactic/share/rosidl_default_generators/cmake)
[1.509s] -- Using all available rosidl_typesupport_c: rosidl_typesupport_fastrtps_c;rosidl_typesupport_introspection_c
[1.529s] -- Found rosidl_adapter: 2.2.3 (/opt/ros/galactic/share/rosidl_adapter/cmake)
[1.758s] -- Found OpenSSL: /usr/lib/aarch64-linux-gnu/libcrypto.so (found version "1.1.1f")  
[1.791s] -- Found FastRTPS: /opt/ros/galactic/include  
[1.890s] -- Using all available rosidl_typesupport_cpp: rosidl_typesupport_fastrtps_cpp;rosidl_typesupport_introspection_cpp
[1.926s] -- Found geometry_msgs: 2.2.4 (/opt/ros/galactic/share/geometry_msgs/cmake)
[2.053s] -- Found PythonInterp: /usr/bin/python3 (found version "3.8.10") 
[2.310s] -- Found ament_cmake_ros: 0.9.2 (/opt/ros/galactic/share/ament_cmake_ros/cmake)
[2.607s] -- Using all available rosidl_typesupport_c: rosidl_typesupport_fastrtps_c;rosidl_typesupport_introspection_c
[2.722s] -- Using all available rosidl_typesupport_cpp: rosidl_typesupport_fastrtps_cpp;rosidl_typesupport_introspection_cpp
[2.868s] -- Found PythonInterp: /usr/bin/python3 (found suitable version "3.8.10", minimum required is "3.5") 
[2.873s] -- Found python_cmake_module: 0.8.1 (/opt/ros/galactic/share/python_cmake_module/cmake)
[3.054s] -- Found PythonLibs: /usr/lib/aarch64-linux-gnu/libpython3.8.so (found suitable version "3.8.10", minimum required is "3.5") 
[3.054s] -- Using PYTHON_EXECUTABLE: /usr/bin/python3
[3.055s] -- Using PYTHON_INCLUDE_DIRS: /usr/include/python3.8
[3.055s] -- Using PYTHON_LIBRARIES: /usr/lib/aarch64-linux-gnu/libpython3.8.so
[3.208s] -- Found PythonExtra: .so  
[3.735s] -- Found ament_lint_auto: 0.10.7 (/opt/ros/galactic/share/ament_lint_auto/cmake)
[3.943s] -- Added test 'copyright' to check source files copyright and LICENSE
[3.949s] -- Added test 'flake8' to check Python code syntax and style conventions
[3.954s] -- Added test 'lint_cmake' to check CMake code style
[3.957s] -- Added test 'pep257' to check Python code against some of the style conventions in PEP 257
[3.961s] -- Added test 'xmllint' to check XML markup files
[3.983s] -- Configuring done
[4.261s] -- Generating done
[4.264s] -- Build files have been written to: /home/joshhlee/me326_ws/src/collab_robotics/build/locobot_interfaces
[4.297s] Invoked command in '/home/joshhlee/me326_ws/src/collab_robotics/build/locobot_interfaces' returned '0': CMAKE_PREFIX_PATH=${CMAKE_PREFIX_PATH}:/home/joshhlee/interbotix_ws/install/interbotix_xs_modules:/home/joshhlee/interbotix_ws/install/interbotix_perception_modules:/home/joshhlee/interbotix_ws/install/interbotix_common_modules:/home/joshhlee/me326_ws/install/opencv_tests:/opt/ros/galactic /usr/bin/cmake /home/joshhlee/me326_ws/src/collab_robotics/locobot_interfaces -DCMAKE_INSTALL_PREFIX=/home/joshhlee/me326_ws/src/collab_robotics/install/locobot_interfaces
[4.298s] Invoking command in '/home/joshhlee/me326_ws/src/collab_robotics/build/locobot_interfaces': CMAKE_PREFIX_PATH=${CMAKE_PREFIX_PATH}:/home/joshhlee/interbotix_ws/install/interbotix_xs_modules:/home/joshhlee/interbotix_ws/install/interbotix_perception_modules:/home/joshhlee/interbotix_ws/install/interbotix_common_modules:/home/joshhlee/me326_ws/install/opencv_tests:/opt/ros/galactic /usr/bin/cmake --build /home/joshhlee/me326_ws/src/collab_robotics/build/locobot_interfaces -- -j4 -l4
[4.594s] [35m[1mScanning dependencies of target locobot_interfaces__cpp[0m
[4.624s] [  1%] [34m[1mGenerating C++ code for ROS interfaces[0m
[6.409s] [  1%] Built target locobot_interfaces__cpp
[6.508s] [  3%] [34m[1mGenerating C code for ROS interfaces[0m
[10.725s] [35m[1mScanning dependencies of target locobot_interfaces__rosidl_generator_c[0m
[10.815s] [  5%] [32mBuilding C object CMakeFiles/locobot_interfaces__rosidl_generator_c.dir/rosidl_generator_c/locobot_interfaces/action/detail/move_arm__functions.c.o[0m
[11.198s] [  7%] [32mBuilding C object CMakeFiles/locobot_interfaces__rosidl_generator_c.dir/rosidl_generator_c/locobot_interfaces/action/detail/move_gripper__functions.c.o[0m
[11.610s] [  9%] [32mBuilding C object CMakeFiles/locobot_interfaces__rosidl_generator_c.dir/rosidl_generator_c/locobot_interfaces/action/detail/move_base__functions.c.o[0m
[11.926s] [ 10%] [32mBuilding C object CMakeFiles/locobot_interfaces__rosidl_generator_c.dir/rosidl_generator_c/locobot_interfaces/srv/detail/set_pose__functions.c.o[0m
[12.161s] [ 12%] [32m[1mLinking C shared library liblocobot_interfaces__rosidl_generator_c.so[0m
[12.324s] [ 12%] Built target locobot_interfaces__rosidl_generator_c
[12.342s] [ 14%] [34m[1mGenerating C++ introspection for ROS interfaces[0m
[13.600s] [35m[1mScanning dependencies of target locobot_interfaces__rosidl_typesupport_introspection_cpp[0m
[13.683s] [ 16%] [32mBuilding CXX object CMakeFiles/locobot_interfaces__rosidl_typesupport_introspection_cpp.dir/rosidl_typesupport_introspection_cpp/locobot_interfaces/action/detail/move_arm__type_support.cpp.o[0m
[14.409s] [ 18%] [32mBuilding CXX object CMakeFiles/locobot_interfaces__rosidl_typesupport_introspection_cpp.dir/rosidl_typesupport_introspection_cpp/locobot_interfaces/action/detail/move_gripper__type_support.cpp.o[0m
[15.014s] [ 20%] [32mBuilding CXX object CMakeFiles/locobot_interfaces__rosidl_typesupport_introspection_cpp.dir/rosidl_typesupport_introspection_cpp/locobot_interfaces/action/detail/move_base__type_support.cpp.o[0m
[15.926s] [ 21%] [32mBuilding CXX object CMakeFiles/locobot_interfaces__rosidl_typesupport_introspection_cpp.dir/rosidl_typesupport_introspection_cpp/locobot_interfaces/srv/detail/set_pose__type_support.cpp.o[0m
[16.625s] [ 23%] [32m[1mLinking CXX shared library liblocobot_interfaces__rosidl_typesupport_introspection_cpp.so[0m
[17.080s] [ 23%] Built target locobot_interfaces__rosidl_typesupport_introspection_cpp
[17.237s] [ 25%] [34m[1mGenerating C type support dispatch for ROS interfaces[0m
[20.041s] [35m[1mScanning dependencies of target locobot_interfaces__rosidl_typesupport_c[0m
[20.150s] [ 27%] [32mBuilding CXX object CMakeFiles/locobot_interfaces__rosidl_typesupport_c.dir/rosidl_typesupport_c/locobot_interfaces/action/move_arm__type_support.cpp.o[0m
[20.341s] [ 29%] [32mBuilding CXX object CMakeFiles/locobot_interfaces__rosidl_typesupport_c.dir/rosidl_typesupport_c/locobot_interfaces/action/move_gripper__type_support.cpp.o[0m
[20.437s] [ 30%] [32mBuilding CXX object CMakeFiles/locobot_interfaces__rosidl_typesupport_c.dir/rosidl_typesupport_c/locobot_interfaces/action/move_base__type_support.cpp.o[0m
[20.602s] [ 32%] [32mBuilding CXX object CMakeFiles/locobot_interfaces__rosidl_typesupport_c.dir/rosidl_typesupport_c/locobot_interfaces/srv/set_pose__type_support.cpp.o[0m
[20.781s] [ 34%] [32m[1mLinking CXX shared library liblocobot_interfaces__rosidl_typesupport_c.so[0m
[20.878s] [ 34%] Built target locobot_interfaces__rosidl_typesupport_c
[20.898s] [ 36%] [34m[1mGenerating C introspection for ROS interfaces[0m
[21.750s] [35m[1mScanning dependencies of target locobot_interfaces__rosidl_typesupport_introspection_c[0m
[21.825s] [ 38%] [32mBuilding C object CMakeFiles/locobot_interfaces__rosidl_typesupport_introspection_c.dir/rosidl_typesupport_introspection_c/locobot_interfaces/action/detail/move_arm__type_support.c.o[0m
[22.014s] [ 40%] [32mBuilding C object CMakeFiles/locobot_interfaces__rosidl_typesupport_introspection_c.dir/rosidl_typesupport_introspection_c/locobot_interfaces/action/detail/move_gripper__type_support.c.o[0m
[22.180s] [ 41%] [32mBuilding C object CMakeFiles/locobot_interfaces__rosidl_typesupport_introspection_c.dir/rosidl_typesupport_introspection_c/locobot_interfaces/action/detail/move_base__type_support.c.o[0m
[22.317s] [ 43%] [32mBuilding C object CMakeFiles/locobot_interfaces__rosidl_typesupport_introspection_c.dir/rosidl_typesupport_introspection_c/locobot_interfaces/srv/detail/set_pose__type_support.c.o[0m
[22.503s] [ 45%] [32m[1mLinking C shared library liblocobot_interfaces__rosidl_typesupport_introspection_c.so[0m
[22.599s] [ 45%] Built target locobot_interfaces__rosidl_typesupport_introspection_c
[22.664s] [ 47%] [34m[1mGenerating C++ type support for eProsima Fast-RTPS[0m
[23.448s] [35m[1mScanning dependencies of target locobot_interfaces__rosidl_typesupport_fastrtps_cpp[0m
[23.523s] [ 49%] [32mBuilding CXX object CMakeFiles/locobot_interfaces__rosidl_typesupport_fastrtps_cpp.dir/rosidl_typesupport_fastrtps_cpp/locobot_interfaces/action/detail/dds_fastrtps/move_arm__type_support.cpp.o[0m
[24.465s] [ 50%] [32mBuilding CXX object CMakeFiles/locobot_interfaces__rosidl_typesupport_fastrtps_cpp.dir/rosidl_typesupport_fastrtps_cpp/locobot_interfaces/action/detail/dds_fastrtps/move_base__type_support.cpp.o[0m
[25.349s] [ 52%] [32mBuilding CXX object CMakeFiles/locobot_interfaces__rosidl_typesupport_fastrtps_cpp.dir/rosidl_typesupport_fastrtps_cpp/locobot_interfaces/srv/detail/dds_fastrtps/set_pose__type_support.cpp.o[0m
[26.173s] [ 54%] [32mBuilding CXX object CMakeFiles/locobot_interfaces__rosidl_typesupport_fastrtps_cpp.dir/rosidl_typesupport_fastrtps_cpp/locobot_interfaces/action/detail/dds_fastrtps/move_gripper__type_support.cpp.o[0m
[27.187s] [ 56%] [32m[1mLinking CXX shared library liblocobot_interfaces__rosidl_typesupport_fastrtps_cpp.so[0m
[27.529s] [ 56%] Built target locobot_interfaces__rosidl_typesupport_fastrtps_cpp
[27.623s] [ 58%] [34m[1mGenerating C++ type support dispatch for ROS interfaces[0m
[29.028s] [35m[1mScanning dependencies of target locobot_interfaces__rosidl_typesupport_cpp[0m
[29.129s] [ 60%] [32mBuilding CXX object CMakeFiles/locobot_interfaces__rosidl_typesupport_cpp.dir/rosidl_typesupport_cpp/locobot_interfaces/action/move_arm__type_support.cpp.o[0m
[30.026s] [ 61%] [32mBuilding CXX object CMakeFiles/locobot_interfaces__rosidl_typesupport_cpp.dir/rosidl_typesupport_cpp/locobot_interfaces/action/move_base__type_support.cpp.o[0m
[30.840s] [ 63%] [32mBuilding CXX object CMakeFiles/locobot_interfaces__rosidl_typesupport_cpp.dir/rosidl_typesupport_cpp/locobot_interfaces/srv/set_pose__type_support.cpp.o[0m
[31.127s] [ 65%] [32mBuilding CXX object CMakeFiles/locobot_interfaces__rosidl_typesupport_cpp.dir/rosidl_typesupport_cpp/locobot_interfaces/action/move_gripper__type_support.cpp.o[0m
[31.746s] make[2]: *** wait: No child processes.  Stop.
[31.746s] make[2]: *** Waiting for unfinished jobs....
[31.746s] make[2]: *** wait: No child processes.  Stop.
[31.747s] make[1]: *** [CMakeFiles/Makefile2:496: CMakeFiles/locobot_interfaces__rosidl_typesupport_cpp.dir/all] Error 2
[31.747s] make: *** [Makefile:141: all] Interrupt
