[2.774s] DEBUG:colcon:Command line arguments: ['/usr/bin/colcon', 'build']
[2.774s] DEBUG:colcon:Parsed command line arguments: Namespace(allow_overriding=[], ament_cmake_args=None, base_paths=['.'], build_base='build', catkin_cmake_args=None, catkin_skip_building_tests=False, cmake_args=None, cmake_clean_cache=False, cmake_clean_first=False, cmake_force_configure=False, cmake_target=None, cmake_target_skip_unavailable=False, continue_on_error=False, event_handlers=None, executor='parallel', ignore_user_meta=False, install_base='install', log_base=None, log_level=None, main=<bound method BuildVerb.main of <colcon_core.verb.build.BuildVerb object at 0xffffb000eb20>>, merge_install=False, metas=['./colcon.meta'], packages_above=None, packages_above_and_dependencies=None, packages_above_depth=None, packages_end=None, packages_ignore=None, packages_ignore_regex=None, packages_select=None, packages_select_build_failed=False, packages_select_by_dep=None, packages_select_regex=None, packages_select_test_failures=False, packages_skip=None, packages_skip_build_finished=False, packages_skip_by_dep=None, packages_skip_regex=None, packages_skip_test_passed=False, packages_skip_up_to=None, packages_start=None, packages_up_to=None, packages_up_to_regex=None, parallel_workers=4, paths=None, symlink_install=False, test_result_base=None, verb_extension=<colcon_core.verb.build.BuildVerb object at 0xffffb000eb20>, verb_name='build', verb_parser=<colcon_defaults.argument_parser.defaults.DefaultArgumentsDecorator object at 0xffffb00186d0>)
[2.887s] Level 1:colcon.colcon_core.package_discovery:discover_packages(colcon_meta) check parameters
[2.887s] Level 1:colcon.colcon_core.package_discovery:discover_packages(recursive) check parameters
[2.887s] Level 1:colcon.colcon_core.package_discovery:discover_packages(ignore) check parameters
[2.887s] Level 1:colcon.colcon_core.package_discovery:discover_packages(path) check parameters
[2.887s] Level 1:colcon.colcon_core.package_discovery:discover_packages(colcon_meta) discover
[2.887s] Level 1:colcon.colcon_core.package_discovery:discover_packages(recursive) discover
[2.887s] INFO:colcon.colcon_core.package_discovery:Crawling recursively for packages in '/home/joshhlee/me326_ws/src/collaborative_robotics_course'
[2.887s] Level 1:colcon.colcon_core.package_identification:_identify(.) by extensions ['ignore', 'ignore_ament_install']
[2.887s] Level 1:colcon.colcon_core.package_identification:_identify(.) by extension 'ignore'
[2.887s] Level 1:colcon.colcon_core.package_identification:_identify(.) by extension 'ignore_ament_install'
[2.888s] Level 1:colcon.colcon_core.package_identification:_identify(.) by extensions ['colcon_pkg']
[2.888s] Level 1:colcon.colcon_core.package_identification:_identify(.) by extension 'colcon_pkg'
[2.888s] Level 1:colcon.colcon_core.package_identification:_identify(.) by extensions ['colcon_meta']
[2.888s] Level 1:colcon.colcon_core.package_identification:_identify(.) by extension 'colcon_meta'
[2.888s] Level 1:colcon.colcon_core.package_identification:_identify(.) by extensions ['ros']
[2.888s] Level 1:colcon.colcon_core.package_identification:_identify(.) by extension 'ros'
[2.895s] Level 1:colcon.colcon_core.package_identification:_identify(.) by extensions ['cmake', 'python']
[2.895s] Level 1:colcon.colcon_core.package_identification:_identify(.) by extension 'cmake'
[2.895s] Level 1:colcon.colcon_core.package_identification:_identify(.) by extension 'python'
[2.895s] Level 1:colcon.colcon_core.package_identification:_identify(.) by extensions ['python_setup_py']
[2.895s] Level 1:colcon.colcon_core.package_identification:_identify(.) by extension 'python_setup_py'
[2.895s] Level 1:colcon.colcon_core.package_identification:_identify(build) by extensions ['ignore', 'ignore_ament_install']
[2.895s] Level 1:colcon.colcon_core.package_identification:_identify(build) by extension 'ignore'
[2.895s] Level 1:colcon.colcon_core.package_identification:_identify(build) ignored
[2.895s] Level 1:colcon.colcon_core.package_identification:_identify(install) by extensions ['ignore', 'ignore_ament_install']
[2.896s] Level 1:colcon.colcon_core.package_identification:_identify(install) by extension 'ignore'
[2.896s] Level 1:colcon.colcon_core.package_identification:_identify(install) ignored
[2.896s] Level 1:colcon.colcon_core.package_identification:_identify(la_msgs) by extensions ['ignore', 'ignore_ament_install']
[2.896s] Level 1:colcon.colcon_core.package_identification:_identify(la_msgs) by extension 'ignore'
[2.896s] Level 1:colcon.colcon_core.package_identification:_identify(la_msgs) by extension 'ignore_ament_install'
[2.896s] Level 1:colcon.colcon_core.package_identification:_identify(la_msgs) by extensions ['colcon_pkg']
[2.896s] Level 1:colcon.colcon_core.package_identification:_identify(la_msgs) by extension 'colcon_pkg'
[2.896s] Level 1:colcon.colcon_core.package_identification:_identify(la_msgs) by extensions ['colcon_meta']
[2.896s] Level 1:colcon.colcon_core.package_identification:_identify(la_msgs) by extension 'colcon_meta'
[2.896s] Level 1:colcon.colcon_core.package_identification:_identify(la_msgs) by extensions ['ros']
[2.896s] Level 1:colcon.colcon_core.package_identification:_identify(la_msgs) by extension 'ros'
[2.898s] DEBUG:colcon.colcon_core.package_identification:Package 'la_msgs' with type 'ros.ament_cmake' and name 'la_msgs'
[2.898s] Level 1:colcon.colcon_core.package_identification:_identify(log) by extensions ['ignore', 'ignore_ament_install']
[2.898s] Level 1:colcon.colcon_core.package_identification:_identify(log) by extension 'ignore'
[2.898s] Level 1:colcon.colcon_core.package_identification:_identify(log) ignored
[2.898s] Level 1:colcon.colcon_core.package_identification:_identify(me326_project) by extensions ['ignore', 'ignore_ament_install']
[2.898s] Level 1:colcon.colcon_core.package_identification:_identify(me326_project) by extension 'ignore'
[2.898s] Level 1:colcon.colcon_core.package_identification:_identify(me326_project) by extension 'ignore_ament_install'
[2.898s] Level 1:colcon.colcon_core.package_identification:_identify(me326_project) by extensions ['colcon_pkg']
[2.898s] Level 1:colcon.colcon_core.package_identification:_identify(me326_project) by extension 'colcon_pkg'
[2.898s] Level 1:colcon.colcon_core.package_identification:_identify(me326_project) by extensions ['colcon_meta']
[2.898s] Level 1:colcon.colcon_core.package_identification:_identify(me326_project) by extension 'colcon_meta'
[2.898s] Level 1:colcon.colcon_core.package_identification:_identify(me326_project) by extensions ['ros']
[2.898s] Level 1:colcon.colcon_core.package_identification:_identify(me326_project) by extension 'ros'
[2.899s] DEBUG:colcon.colcon_core.package_identification:Package 'me326_project' with type 'ros.ament_cmake' and name 'me326_project'
[2.899s] Level 1:colcon.colcon_core.package_discovery:discover_packages(recursive) using defaults
[2.899s] Level 1:colcon.colcon_core.package_discovery:discover_packages(ignore) discover
[2.899s] Level 1:colcon.colcon_core.package_discovery:discover_packages(ignore) using defaults
[2.899s] Level 1:colcon.colcon_core.package_discovery:discover_packages(path) discover
[2.899s] Level 1:colcon.colcon_core.package_discovery:discover_packages(path) using defaults
[3.188s] Level 1:colcon.colcon_core.package_discovery:discover_packages(prefix_path) check parameters
[3.188s] Level 1:colcon.colcon_core.package_discovery:discover_packages(prefix_path) discover
[3.292s] DEBUG:colcon.colcon_installed_package_information.package_discovery:Found 22 installed packages in /home/joshhlee/interbotix_ws/install
[3.347s] DEBUG:colcon.colcon_installed_package_information.package_discovery:Found 335 installed packages in /opt/ros/galactic
[3.348s] Level 1:colcon.colcon_core.package_discovery:discover_packages(prefix_path) using defaults
[3.670s] Level 5:colcon.colcon_core.verb:set package 'la_msgs' build argument 'cmake_args' from command line to 'None'
[3.670s] Level 5:colcon.colcon_core.verb:set package 'la_msgs' build argument 'cmake_target' from command line to 'None'
[3.671s] Level 5:colcon.colcon_core.verb:set package 'la_msgs' build argument 'cmake_target_skip_unavailable' from command line to 'False'
[3.671s] Level 5:colcon.colcon_core.verb:set package 'la_msgs' build argument 'cmake_clean_cache' from command line to 'False'
[3.671s] Level 5:colcon.colcon_core.verb:set package 'la_msgs' build argument 'cmake_clean_first' from command line to 'False'
[3.671s] Level 5:colcon.colcon_core.verb:set package 'la_msgs' build argument 'cmake_force_configure' from command line to 'False'
[3.672s] Level 5:colcon.colcon_core.verb:set package 'la_msgs' build argument 'ament_cmake_args' from command line to 'None'
[3.672s] Level 5:colcon.colcon_core.verb:set package 'la_msgs' build argument 'catkin_cmake_args' from command line to 'None'
[3.672s] Level 5:colcon.colcon_core.verb:set package 'la_msgs' build argument 'catkin_skip_building_tests' from command line to 'False'
[3.672s] DEBUG:colcon.colcon_core.verb:Building package 'la_msgs' with the following arguments: {'ament_cmake_args': None, 'build_base': '/home/joshhlee/me326_ws/src/collaborative_robotics_course/build/la_msgs', 'catkin_cmake_args': None, 'catkin_skip_building_tests': False, 'cmake_args': None, 'cmake_clean_cache': False, 'cmake_clean_first': False, 'cmake_force_configure': False, 'cmake_target': None, 'cmake_target_skip_unavailable': False, 'install_base': '/home/joshhlee/me326_ws/src/collaborative_robotics_course/install/la_msgs', 'merge_install': False, 'path': '/home/joshhlee/me326_ws/src/collaborative_robotics_course/la_msgs', 'symlink_install': False, 'test_result_base': None}
[3.760s] Level 5:colcon.colcon_core.verb:set package 'me326_project' build argument 'cmake_args' from command line to 'None'
[3.760s] Level 5:colcon.colcon_core.verb:set package 'me326_project' build argument 'cmake_target' from command line to 'None'
[3.760s] Level 5:colcon.colcon_core.verb:set package 'me326_project' build argument 'cmake_target_skip_unavailable' from command line to 'False'
[3.760s] Level 5:colcon.colcon_core.verb:set package 'me326_project' build argument 'cmake_clean_cache' from command line to 'False'
[3.761s] Level 5:colcon.colcon_core.verb:set package 'me326_project' build argument 'cmake_clean_first' from command line to 'False'
[3.761s] Level 5:colcon.colcon_core.verb:set package 'me326_project' build argument 'cmake_force_configure' from command line to 'False'
[3.761s] Level 5:colcon.colcon_core.verb:set package 'me326_project' build argument 'ament_cmake_args' from command line to 'None'
[3.761s] Level 5:colcon.colcon_core.verb:set package 'me326_project' build argument 'catkin_cmake_args' from command line to 'None'
[3.761s] Level 5:colcon.colcon_core.verb:set package 'me326_project' build argument 'catkin_skip_building_tests' from command line to 'False'
[3.761s] DEBUG:colcon.colcon_core.verb:Building package 'me326_project' with the following arguments: {'ament_cmake_args': None, 'build_base': '/home/joshhlee/me326_ws/src/collaborative_robotics_course/build/me326_project', 'catkin_cmake_args': None, 'catkin_skip_building_tests': False, 'cmake_args': None, 'cmake_clean_cache': False, 'cmake_clean_first': False, 'cmake_force_configure': False, 'cmake_target': None, 'cmake_target_skip_unavailable': False, 'install_base': '/home/joshhlee/me326_ws/src/collaborative_robotics_course/install/me326_project', 'merge_install': False, 'path': '/home/joshhlee/me326_ws/src/collaborative_robotics_course/me326_project', 'symlink_install': False, 'test_result_base': None}
[3.813s] INFO:colcon.colcon_core.executor:Executing jobs using 'parallel' executor
[3.868s] DEBUG:colcon.colcon_parallel_executor.executor.parallel:run_until_complete
[3.869s] INFO:colcon.colcon_ros.task.ament_cmake.build:Building ROS package in '/home/joshhlee/me326_ws/src/collaborative_robotics_course/la_msgs' with build type 'ament_cmake'
[3.869s] INFO:colcon.colcon_cmake.task.cmake.build:Building CMake package in '/home/joshhlee/me326_ws/src/collaborative_robotics_course/la_msgs'
[3.923s] INFO:colcon.colcon_core.plugin_system:Skipping extension 'colcon_core.shell.bat': Not used on non-Windows systems
[3.923s] INFO:colcon.colcon_core.shell:Skip shell extension 'powershell' for command environment: Not usable outside of PowerShell
[3.923s] DEBUG:colcon.colcon_core.shell:Skip shell extension 'dsv' for command environment
[4.084s] INFO:colcon.colcon_ros.task.ament_cmake.build:Building ROS package in '/home/joshhlee/me326_ws/src/collaborative_robotics_course/me326_project' with build type 'ament_cmake'
[4.084s] INFO:colcon.colcon_cmake.task.cmake.build:Building CMake package in '/home/joshhlee/me326_ws/src/collaborative_robotics_course/me326_project'
[4.137s] INFO:colcon.colcon_core.shell:Skip shell extension 'powershell' for command environment: Not usable outside of PowerShell
[4.137s] DEBUG:colcon.colcon_core.shell:Skip shell extension 'dsv' for command environment
[4.305s] DEBUG:colcon.colcon_core.event_handler.log_command:Invoking command in '/home/joshhlee/me326_ws/src/collaborative_robotics_course/build/la_msgs': CMAKE_PREFIX_PATH=${CMAKE_PREFIX_PATH}:/home/joshhlee/interbotix_ws/install/interbotix_xs_modules:/home/joshhlee/interbotix_ws/install/interbotix_perception_modules:/home/joshhlee/interbotix_ws/install/interbotix_common_modules:/opt/ros/galactic /usr/bin/cmake --build /home/joshhlee/me326_ws/src/collaborative_robotics_course/build/la_msgs -- -j4 -l4
[4.314s] DEBUG:colcon.colcon_core.event_handler.log_command:Invoking command in '/home/joshhlee/me326_ws/src/collaborative_robotics_course/build/me326_project': CMAKE_PREFIX_PATH=${CMAKE_PREFIX_PATH}:/home/joshhlee/interbotix_ws/install/interbotix_xs_modules:/home/joshhlee/interbotix_ws/install/interbotix_perception_modules:/home/joshhlee/interbotix_ws/install/interbotix_common_modules:/opt/ros/galactic /usr/bin/cmake --build /home/joshhlee/me326_ws/src/collaborative_robotics_course/build/me326_project -- -j4 -l4
[4.529s] DEBUG:colcon.colcon_core.event_handler.log_command:Invoked command in '/home/joshhlee/me326_ws/src/collaborative_robotics_course/build/la_msgs' returned '0': CMAKE_PREFIX_PATH=${CMAKE_PREFIX_PATH}:/home/joshhlee/interbotix_ws/install/interbotix_xs_modules:/home/joshhlee/interbotix_ws/install/interbotix_perception_modules:/home/joshhlee/interbotix_ws/install/interbotix_common_modules:/opt/ros/galactic /usr/bin/cmake --build /home/joshhlee/me326_ws/src/collaborative_robotics_course/build/la_msgs -- -j4 -l4
[4.588s] DEBUG:colcon.colcon_core.event_handler.log_command:Invoking command in '/home/joshhlee/me326_ws/src/collaborative_robotics_course/build/la_msgs': CMAKE_PREFIX_PATH=${CMAKE_PREFIX_PATH}:/home/joshhlee/interbotix_ws/install/interbotix_xs_modules:/home/joshhlee/interbotix_ws/install/interbotix_perception_modules:/home/joshhlee/interbotix_ws/install/interbotix_common_modules:/opt/ros/galactic /usr/bin/cmake --install /home/joshhlee/me326_ws/src/collaborative_robotics_course/build/la_msgs
[4.644s] Level 1:colcon.colcon_core.environment:create_environment_scripts_only(la_msgs)
[4.644s] DEBUG:colcon.colcon_core.event_handler.log_command:Invoked command in '/home/joshhlee/me326_ws/src/collaborative_robotics_course/build/la_msgs' returned '0': CMAKE_PREFIX_PATH=${CMAKE_PREFIX_PATH}:/home/joshhlee/interbotix_ws/install/interbotix_xs_modules:/home/joshhlee/interbotix_ws/install/interbotix_perception_modules:/home/joshhlee/interbotix_ws/install/interbotix_common_modules:/opt/ros/galactic /usr/bin/cmake --install /home/joshhlee/me326_ws/src/collaborative_robotics_course/build/la_msgs
[4.697s] Level 1:colcon.colcon_core.environment:checking '/home/joshhlee/me326_ws/src/collaborative_robotics_course/install/la_msgs' for CMake module files
[4.698s] Level 1:colcon.colcon_core.environment:checking '/home/joshhlee/me326_ws/src/collaborative_robotics_course/install/la_msgs' for CMake config files
[4.698s] Level 1:colcon.colcon_core.shell:create_environment_hook('la_msgs', 'cmake_prefix_path')
[4.749s] INFO:colcon.colcon_core.shell:Creating environment hook '/home/joshhlee/me326_ws/src/collaborative_robotics_course/install/la_msgs/share/la_msgs/hook/cmake_prefix_path.ps1'
[4.750s] INFO:colcon.colcon_core.shell:Creating environment descriptor '/home/joshhlee/me326_ws/src/collaborative_robotics_course/install/la_msgs/share/la_msgs/hook/cmake_prefix_path.dsv'
[4.750s] INFO:colcon.colcon_core.shell:Creating environment hook '/home/joshhlee/me326_ws/src/collaborative_robotics_course/install/la_msgs/share/la_msgs/hook/cmake_prefix_path.sh'
[4.750s] Level 1:colcon.colcon_core.environment:checking '/home/joshhlee/me326_ws/src/collaborative_robotics_course/install/la_msgs/lib'
[4.750s] Level 1:colcon.colcon_core.shell:create_environment_hook('la_msgs', 'ld_library_path_lib')
[4.801s] INFO:colcon.colcon_core.shell:Creating environment hook '/home/joshhlee/me326_ws/src/collaborative_robotics_course/install/la_msgs/share/la_msgs/hook/ld_library_path_lib.ps1'
[4.802s] INFO:colcon.colcon_core.shell:Creating environment descriptor '/home/joshhlee/me326_ws/src/collaborative_robotics_course/install/la_msgs/share/la_msgs/hook/ld_library_path_lib.dsv'
[4.802s] INFO:colcon.colcon_core.shell:Creating environment hook '/home/joshhlee/me326_ws/src/collaborative_robotics_course/install/la_msgs/share/la_msgs/hook/ld_library_path_lib.sh'
[4.802s] Level 1:colcon.colcon_core.environment:checking '/home/joshhlee/me326_ws/src/collaborative_robotics_course/install/la_msgs/bin'
[4.802s] Level 1:colcon.colcon_core.environment:checking '/home/joshhlee/me326_ws/src/collaborative_robotics_course/install/la_msgs/lib/pkgconfig/la_msgs.pc'
[4.802s] Level 1:colcon.colcon_core.environment:checking '/home/joshhlee/me326_ws/src/collaborative_robotics_course/install/la_msgs/lib/python3.8/site-packages'
[4.802s] Level 1:colcon.colcon_core.shell:create_environment_hook('la_msgs', 'pythonpath')
[4.855s] INFO:colcon.colcon_core.shell:Creating environment hook '/home/joshhlee/me326_ws/src/collaborative_robotics_course/install/la_msgs/share/la_msgs/hook/pythonpath.ps1'
[4.855s] INFO:colcon.colcon_core.shell:Creating environment descriptor '/home/joshhlee/me326_ws/src/collaborative_robotics_course/install/la_msgs/share/la_msgs/hook/pythonpath.dsv'
[4.855s] INFO:colcon.colcon_core.shell:Creating environment hook '/home/joshhlee/me326_ws/src/collaborative_robotics_course/install/la_msgs/share/la_msgs/hook/pythonpath.sh'
[4.855s] Level 1:colcon.colcon_core.environment:checking '/home/joshhlee/me326_ws/src/collaborative_robotics_course/install/la_msgs/bin'
[4.906s] INFO:colcon.colcon_core.shell:Creating package script '/home/joshhlee/me326_ws/src/collaborative_robotics_course/install/la_msgs/share/la_msgs/package.ps1'
[4.907s] INFO:colcon.colcon_core.shell:Creating package descriptor '/home/joshhlee/me326_ws/src/collaborative_robotics_course/install/la_msgs/share/la_msgs/package.dsv'
[4.907s] INFO:colcon.colcon_core.shell:Creating package script '/home/joshhlee/me326_ws/src/collaborative_robotics_course/install/la_msgs/share/la_msgs/package.sh'
[4.908s] INFO:colcon.colcon_core.shell:Creating package script '/home/joshhlee/me326_ws/src/collaborative_robotics_course/install/la_msgs/share/la_msgs/package.bash'
[4.908s] INFO:colcon.colcon_core.shell:Creating package script '/home/joshhlee/me326_ws/src/collaborative_robotics_course/install/la_msgs/share/la_msgs/package.zsh'
[4.909s] Level 1:colcon.colcon_core.environment:create_file_with_runtime_dependencies(/home/joshhlee/me326_ws/src/collaborative_robotics_course/install/la_msgs/share/colcon-core/packages/la_msgs)
[5.016s] Level 1:colcon.colcon_core.environment:create_environment_scripts_only(la_msgs)
[5.090s] Level 1:colcon.colcon_core.environment:checking '/home/joshhlee/me326_ws/src/collaborative_robotics_course/install/la_msgs' for CMake module files
[5.090s] Level 1:colcon.colcon_core.environment:checking '/home/joshhlee/me326_ws/src/collaborative_robotics_course/install/la_msgs' for CMake config files
[5.091s] Level 1:colcon.colcon_core.shell:create_environment_hook('la_msgs', 'cmake_prefix_path')
[5.152s] INFO:colcon.colcon_core.shell:Creating environment hook '/home/joshhlee/me326_ws/src/collaborative_robotics_course/install/la_msgs/share/la_msgs/hook/cmake_prefix_path.ps1'
[5.152s] INFO:colcon.colcon_core.shell:Creating environment descriptor '/home/joshhlee/me326_ws/src/collaborative_robotics_course/install/la_msgs/share/la_msgs/hook/cmake_prefix_path.dsv'
[5.152s] INFO:colcon.colcon_core.shell:Creating environment hook '/home/joshhlee/me326_ws/src/collaborative_robotics_course/install/la_msgs/share/la_msgs/hook/cmake_prefix_path.sh'
[5.153s] Level 1:colcon.colcon_core.environment:checking '/home/joshhlee/me326_ws/src/collaborative_robotics_course/install/la_msgs/lib'
[5.153s] Level 1:colcon.colcon_core.shell:create_environment_hook('la_msgs', 'ld_library_path_lib')
[5.222s] INFO:colcon.colcon_core.shell:Creating environment hook '/home/joshhlee/me326_ws/src/collaborative_robotics_course/install/la_msgs/share/la_msgs/hook/ld_library_path_lib.ps1'
[5.222s] INFO:colcon.colcon_core.shell:Creating environment descriptor '/home/joshhlee/me326_ws/src/collaborative_robotics_course/install/la_msgs/share/la_msgs/hook/ld_library_path_lib.dsv'
[5.223s] INFO:colcon.colcon_core.shell:Creating environment hook '/home/joshhlee/me326_ws/src/collaborative_robotics_course/install/la_msgs/share/la_msgs/hook/ld_library_path_lib.sh'
[5.223s] Level 1:colcon.colcon_core.environment:checking '/home/joshhlee/me326_ws/src/collaborative_robotics_course/install/la_msgs/bin'
[5.223s] Level 1:colcon.colcon_core.environment:checking '/home/joshhlee/me326_ws/src/collaborative_robotics_course/install/la_msgs/lib/pkgconfig/la_msgs.pc'
[5.223s] Level 1:colcon.colcon_core.environment:checking '/home/joshhlee/me326_ws/src/collaborative_robotics_course/install/la_msgs/lib/python3.8/site-packages'
[5.223s] Level 1:colcon.colcon_core.shell:create_environment_hook('la_msgs', 'pythonpath')
[5.303s] INFO:colcon.colcon_core.shell:Creating environment hook '/home/joshhlee/me326_ws/src/collaborative_robotics_course/install/la_msgs/share/la_msgs/hook/pythonpath.ps1'
[5.304s] INFO:colcon.colcon_core.shell:Creating environment descriptor '/home/joshhlee/me326_ws/src/collaborative_robotics_course/install/la_msgs/share/la_msgs/hook/pythonpath.dsv'
[5.304s] INFO:colcon.colcon_core.shell:Creating environment hook '/home/joshhlee/me326_ws/src/collaborative_robotics_course/install/la_msgs/share/la_msgs/hook/pythonpath.sh'
[5.304s] Level 1:colcon.colcon_core.environment:checking '/home/joshhlee/me326_ws/src/collaborative_robotics_course/install/la_msgs/bin'
[5.361s] INFO:colcon.colcon_core.shell:Creating package script '/home/joshhlee/me326_ws/src/collaborative_robotics_course/install/la_msgs/share/la_msgs/package.ps1'
[5.362s] INFO:colcon.colcon_core.shell:Creating package descriptor '/home/joshhlee/me326_ws/src/collaborative_robotics_course/install/la_msgs/share/la_msgs/package.dsv'
[5.362s] INFO:colcon.colcon_core.shell:Creating package script '/home/joshhlee/me326_ws/src/collaborative_robotics_course/install/la_msgs/share/la_msgs/package.sh'
[5.362s] INFO:colcon.colcon_core.shell:Creating package script '/home/joshhlee/me326_ws/src/collaborative_robotics_course/install/la_msgs/share/la_msgs/package.bash'
[5.362s] INFO:colcon.colcon_core.shell:Creating package script '/home/joshhlee/me326_ws/src/collaborative_robotics_course/install/la_msgs/share/la_msgs/package.zsh'
[5.363s] Level 1:colcon.colcon_core.environment:create_file_with_runtime_dependencies(/home/joshhlee/me326_ws/src/collaborative_robotics_course/install/la_msgs/share/colcon-core/packages/la_msgs)
[17.768s] DEBUG:colcon.colcon_core.event_handler.log_command:Invoked command in '/home/joshhlee/me326_ws/src/collaborative_robotics_course/build/me326_project' returned '0': CMAKE_PREFIX_PATH=${CMAKE_PREFIX_PATH}:/home/joshhlee/interbotix_ws/install/interbotix_xs_modules:/home/joshhlee/interbotix_ws/install/interbotix_perception_modules:/home/joshhlee/interbotix_ws/install/interbotix_common_modules:/opt/ros/galactic /usr/bin/cmake --build /home/joshhlee/me326_ws/src/collaborative_robotics_course/build/me326_project -- -j4 -l4
[17.834s] DEBUG:colcon.colcon_core.event_handler.log_command:Invoking command in '/home/joshhlee/me326_ws/src/collaborative_robotics_course/build/me326_project': CMAKE_PREFIX_PATH=${CMAKE_PREFIX_PATH}:/home/joshhlee/interbotix_ws/install/interbotix_xs_modules:/home/joshhlee/interbotix_ws/install/interbotix_perception_modules:/home/joshhlee/interbotix_ws/install/interbotix_common_modules:/opt/ros/galactic /usr/bin/cmake --install /home/joshhlee/me326_ws/src/collaborative_robotics_course/build/me326_project
[17.890s] DEBUG:colcon.colcon_core.event_handler.log_command:Invoked command in '/home/joshhlee/me326_ws/src/collaborative_robotics_course/build/me326_project' returned '1': CMAKE_PREFIX_PATH=${CMAKE_PREFIX_PATH}:/home/joshhlee/interbotix_ws/install/interbotix_xs_modules:/home/joshhlee/interbotix_ws/install/interbotix_perception_modules:/home/joshhlee/interbotix_ws/install/interbotix_common_modules:/opt/ros/galactic /usr/bin/cmake --install /home/joshhlee/me326_ws/src/collaborative_robotics_course/build/me326_project
[18.021s] Level 1:colcon.colcon_core.environment:create_environment_scripts_only(me326_project)
[18.075s] Level 1:colcon.colcon_core.environment:checking '/home/joshhlee/me326_ws/src/collaborative_robotics_course/install/me326_project' for CMake module files
[18.077s] Level 1:colcon.colcon_core.environment:checking '/home/joshhlee/me326_ws/src/collaborative_robotics_course/install/me326_project' for CMake config files
[18.077s] Level 1:colcon.colcon_core.environment:checking '/home/joshhlee/me326_ws/src/collaborative_robotics_course/install/me326_project/lib'
[18.077s] Level 1:colcon.colcon_core.environment:checking '/home/joshhlee/me326_ws/src/collaborative_robotics_course/install/me326_project/bin'
[18.077s] Level 1:colcon.colcon_core.environment:checking '/home/joshhlee/me326_ws/src/collaborative_robotics_course/install/me326_project/lib/pkgconfig/me326_project.pc'
[18.078s] Level 1:colcon.colcon_core.environment:checking '/home/joshhlee/me326_ws/src/collaborative_robotics_course/install/me326_project/lib/python3.8/site-packages'
[18.078s] Level 1:colcon.colcon_core.shell:create_environment_hook('me326_project', 'pythonpath')
[18.126s] INFO:colcon.colcon_core.shell:Creating environment hook '/home/joshhlee/me326_ws/src/collaborative_robotics_course/install/me326_project/share/me326_project/hook/pythonpath.ps1'
[18.127s] INFO:colcon.colcon_core.shell:Creating environment descriptor '/home/joshhlee/me326_ws/src/collaborative_robotics_course/install/me326_project/share/me326_project/hook/pythonpath.dsv'
[18.127s] INFO:colcon.colcon_core.shell:Creating environment hook '/home/joshhlee/me326_ws/src/collaborative_robotics_course/install/me326_project/share/me326_project/hook/pythonpath.sh'
[18.128s] Level 1:colcon.colcon_core.environment:checking '/home/joshhlee/me326_ws/src/collaborative_robotics_course/install/me326_project/bin'
[18.179s] INFO:colcon.colcon_core.shell:Creating package script '/home/joshhlee/me326_ws/src/collaborative_robotics_course/install/me326_project/share/me326_project/package.ps1'
[18.179s] INFO:colcon.colcon_core.shell:Creating package descriptor '/home/joshhlee/me326_ws/src/collaborative_robotics_course/install/me326_project/share/me326_project/package.dsv'
[18.180s] INFO:colcon.colcon_core.shell:Creating package script '/home/joshhlee/me326_ws/src/collaborative_robotics_course/install/me326_project/share/me326_project/package.sh'
[18.180s] INFO:colcon.colcon_core.shell:Creating package script '/home/joshhlee/me326_ws/src/collaborative_robotics_course/install/me326_project/share/me326_project/package.bash'
[18.180s] INFO:colcon.colcon_core.shell:Creating package script '/home/joshhlee/me326_ws/src/collaborative_robotics_course/install/me326_project/share/me326_project/package.zsh'
[18.180s] Level 1:colcon.colcon_core.environment:create_file_with_runtime_dependencies(/home/joshhlee/me326_ws/src/collaborative_robotics_course/install/me326_project/share/colcon-core/packages/me326_project)
[18.192s] DEBUG:colcon.colcon_parallel_executor.executor.parallel:closing loop
[18.192s] DEBUG:colcon.colcon_parallel_executor.executor.parallel:loop closed
[18.192s] DEBUG:colcon.colcon_parallel_executor.executor.parallel:run_until_complete finished with '1'
[18.192s] DEBUG:colcon.colcon_core.event_reactor:joining thread
[18.255s] INFO:colcon.colcon_core.plugin_system:Skipping extension 'colcon_notification.desktop_notification.terminal_notifier': Not used on non-Darwin systems
[18.255s] INFO:colcon.colcon_core.plugin_system:Skipping extension 'colcon_notification.desktop_notification.win32': Not used on non-Windows systems
[18.255s] INFO:colcon.colcon_notification.desktop_notification:Sending desktop notification using 'notify2'
[18.277s] DEBUG:colcon.colcon_core.event_reactor:joined thread
[18.340s] INFO:colcon.colcon_core.shell:Creating prefix script '/home/joshhlee/me326_ws/src/collaborative_robotics_course/install/local_setup.ps1'
[18.341s] INFO:colcon.colcon_core.shell:Creating prefix util module '/home/joshhlee/me326_ws/src/collaborative_robotics_course/install/_local_setup_util_ps1.py'
[18.342s] INFO:colcon.colcon_core.shell:Creating prefix chain script '/home/joshhlee/me326_ws/src/collaborative_robotics_course/install/setup.ps1'
[18.395s] INFO:colcon.colcon_core.shell:Creating prefix script '/home/joshhlee/me326_ws/src/collaborative_robotics_course/install/local_setup.sh'
[18.395s] INFO:colcon.colcon_core.shell:Creating prefix util module '/home/joshhlee/me326_ws/src/collaborative_robotics_course/install/_local_setup_util_sh.py'
[18.395s] INFO:colcon.colcon_core.shell:Creating prefix chain script '/home/joshhlee/me326_ws/src/collaborative_robotics_course/install/setup.sh'
[18.447s] INFO:colcon.colcon_core.shell:Creating prefix script '/home/joshhlee/me326_ws/src/collaborative_robotics_course/install/local_setup.bash'
[18.447s] INFO:colcon.colcon_core.shell:Creating prefix chain script '/home/joshhlee/me326_ws/src/collaborative_robotics_course/install/setup.bash'
[18.498s] INFO:colcon.colcon_core.shell:Creating prefix script '/home/joshhlee/me326_ws/src/collaborative_robotics_course/install/local_setup.zsh'
[18.498s] INFO:colcon.colcon_core.shell:Creating prefix chain script '/home/joshhlee/me326_ws/src/collaborative_robotics_course/install/setup.zsh'
