[35m[1mScanning dependencies of target visual_block_perception_srv[0m
[ 25%] [32mBuilding CXX object CMakeFiles/visual_block_perception_srv.dir/src/visual_block_perception_srv.cpp.o[0m
[ 50%] [32m[1mLinking CXX executable visual_block_perception_srv[0m
[ 50%] Built target visual_block_perception_srv
[100%] Built target move_arm_action_server
-- Install configuration: ""
-- Up-to-date: /home/joshhlee/me326_ws/src/collab_robotics/install/me326_project/lib/me326_project/locobot1_example_motion.py
-- Up-to-date: /home/joshhlee/me326_ws/src/collab_robotics/install/me326_project/lib/me326_project/locobot_example_motion.py
-- Up-to-date: /home/joshhlee/me326_ws/src/collab_robotics/install/me326_project/lib/me326_project/locobot_motion_example.py
-- Up-to-date: /home/joshhlee/me326_ws/src/collab_robotics/install/me326_project/lib/me326_project/matching_ptcld.py
-- Up-to-date: /home/joshhlee/me326_ws/src/collab_robotics/install/me326_project/lib/me326_project/circle_motion_tracking.py
-- Up-to-date: /home/joshhlee/me326_ws/src/collab_robotics/install/me326_project/lib/me326_project/record_rosbag.py
-- Up-to-date: /home/joshhlee/me326_ws/src/collab_robotics/install/me326_project/lib/me326_project/locobot_moveitpy.py
-- Up-to-date: /home/joshhlee/me326_ws/src/collab_robotics/install/me326_project/lib/me326_project/RRTstar.py
-- Up-to-date: /home/joshhlee/me326_ws/src/collab_robotics/install/me326_project/lib/me326_project/go_to_point.py
-- Up-to-date: /home/joshhlee/me326_ws/src/collab_robotics/install/me326_project/lib/me326_project/initial_point.py
-- Up-to-date: /home/joshhlee/me326_ws/src/collab_robotics/install/me326_project/lib/me326_project/move_locobot_base_action_server.py
-- Up-to-date: /home/joshhlee/me326_ws/src/collab_robotics/install/me326_project/lib/me326_project/move_base_client.py
-- Up-to-date: /home/joshhlee/me326_ws/src/collab_robotics/install/me326_project/lib/me326_project/camera_frame_broadcaster.py
-- Up-to-date: /home/joshhlee/me326_ws/src/collab_robotics/install/me326_project/lib/me326_project/move_gripper_action_server.py
-- Up-to-date: /home/joshhlee/me326_ws/src/collab_robotics/install/me326_project/lib/me326_project/locobot_state_machine.py
-- Up-to-date: /home/joshhlee/me326_ws/src/collab_robotics/install/me326_project/lib/me326_project/vision_client.py
-- Up-to-date: /home/joshhlee/me326_ws/src/collab_robotics/install/me326_project/lib/me326_project/apriltag_global_frame.py
-- Up-to-date: /home/joshhlee/me326_ws/src/collab_robotics/install/me326_project/lib/me326_project/move_arm_action_server
-- Installing: /home/joshhlee/me326_ws/src/collab_robotics/install/me326_project/lib/me326_project/visual_block_perception_srv
-- Set runtime path of "/home/joshhlee/me326_ws/src/collab_robotics/install/me326_project/lib/me326_project/visual_block_perception_srv" to ""
-- Up-to-date: /home/joshhlee/me326_ws/src/collab_robotics/install/me326_project/share/me326_project/launch
-- Up-to-date: /home/joshhlee/me326_ws/src/collab_robotics/install/me326_project/share/me326_project/launch/read_tag.launch.py
-- Up-to-date: /home/joshhlee/me326_ws/src/collab_robotics/install/me326_project/share/me326_project/launch/locobot_moveitpy.launch.py
-- Up-to-date: /home/joshhlee/me326_ws/src/collab_robotics/install/me326_project/share/me326_project/launch/locobot_sim_full.launch.py
-- Up-to-date: /home/joshhlee/me326_ws/src/collab_robotics/install/me326_project/share/me326_project/launch/navigation_test.launch.py
-- Up-to-date: /home/joshhlee/me326_ws/src/collab_robotics/install/me326_project/share/me326_project/launch/spawn_april_tag.launch.py
-- Up-to-date: /home/joshhlee/me326_ws/src/collab_robotics/install/me326_project/share/me326_project/launch/locobot_circle_traj.launch.py
-- Up-to-date: /home/joshhlee/me326_ws/src/collab_robotics/install/me326_project/share/me326_project/launch/spawn_cube.launch.py
-- Up-to-date: /home/joshhlee/me326_ws/src/collab_robotics/install/me326_project/share/me326_project/launch/spawn_cube_prof.launch.py
-- Up-to-date: /home/joshhlee/me326_ws/src/collab_robotics/install/me326_project/share/me326_project/launch/example.launch.xml
-- Up-to-date: /home/joshhlee/me326_ws/src/collab_robotics/install/me326_project/share/me326_project/rviz
-- Up-to-date: /home/joshhlee/me326_ws/src/collab_robotics/install/me326_project/share/me326_project/rviz/rviz_example_env.rviz
-- Up-to-date: /home/joshhlee/me326_ws/src/collab_robotics/install/me326_project/share/me326_project/model
-- Up-to-date: /home/joshhlee/me326_ws/src/collab_robotics/install/me326_project/share/me326_project/model/yellow_cube.urdf
-- Up-to-date: /home/joshhlee/me326_ws/src/collab_robotics/install/me326_project/share/me326_project/model/green_cube.urdf
-- Up-to-date: /home/joshhlee/me326_ws/src/collab_robotics/install/me326_project/share/me326_project/model/red_cube.urdf
-- Up-to-date: /home/joshhlee/me326_ws/src/collab_robotics/install/me326_project/share/me326_project/model/blue_cube.urdf
-- Up-to-date: /home/joshhlee/me326_ws/src/collab_robotics/install/me326_project/share/ament_index/resource_index/package_run_dependencies/me326_project
-- Up-to-date: /home/joshhlee/me326_ws/src/collab_robotics/install/me326_project/share/ament_index/resource_index/parent_prefix_path/me326_project
-- Up-to-date: /home/joshhlee/me326_ws/src/collab_robotics/install/me326_project/share/me326_project/environment/ament_prefix_path.sh
-- Up-to-date: /home/joshhlee/me326_ws/src/collab_robotics/install/me326_project/share/me326_project/environment/ament_prefix_path.dsv
-- Up-to-date: /home/joshhlee/me326_ws/src/collab_robotics/install/me326_project/share/me326_project/environment/path.sh
-- Up-to-date: /home/joshhlee/me326_ws/src/collab_robotics/install/me326_project/share/me326_project/environment/path.dsv
-- Up-to-date: /home/joshhlee/me326_ws/src/collab_robotics/install/me326_project/share/me326_project/local_setup.bash
-- Up-to-date: /home/joshhlee/me326_ws/src/collab_robotics/install/me326_project/share/me326_project/local_setup.sh
-- Up-to-date: /home/joshhlee/me326_ws/src/collab_robotics/install/me326_project/share/me326_project/local_setup.zsh
-- Up-to-date: /home/joshhlee/me326_ws/src/collab_robotics/install/me326_project/share/me326_project/local_setup.dsv
-- Installing: /home/joshhlee/me326_ws/src/collab_robotics/install/me326_project/share/me326_project/package.dsv
-- Up-to-date: /home/joshhlee/me326_ws/src/collab_robotics/install/me326_project/share/ament_index/resource_index/packages/me326_project
-- Up-to-date: /home/joshhlee/me326_ws/src/collab_robotics/install/me326_project/share/me326_project/cmake/me326_projectConfig.cmake
-- Up-to-date: /home/joshhlee/me326_ws/src/collab_robotics/install/me326_project/share/me326_project/cmake/me326_projectConfig-version.cmake
-- Up-to-date: /home/joshhlee/me326_ws/src/collab_robotics/install/me326_project/share/me326_project/package.xml
