[0.461s] Invoking command in '/home/joshhlee/me326_ws/src/collab_robotics/build/me326_project': CMAKE_PREFIX_PATH=${CMAKE_PREFIX_PATH}:/home/joshhlee/me326_ws/install/opencv_tests:/home/joshhlee/interbotix_ws/install/interbotix_xs_modules:/home/joshhlee/interbotix_ws/install/interbotix_perception_modules:/home/joshhlee/interbotix_ws/install/interbotix_common_modules:/opt/ros/galactic /usr/bin/cmake --build /home/joshhlee/me326_ws/src/collab_robotics/build/me326_project -- -j4 -l4
[0.575s] [35m[1mScanning dependencies of target visual_block_perception_srv[0m
[0.669s] [ 25%] [32mBuilding CXX object CMakeFiles/visual_block_perception_srv.dir/src/visual_block_perception_srv.cpp.o[0m
[14.469s] [ 50%] [32m[1mLinking CXX executable visual_block_perception_srv[0m
[15.158s] [ 50%] Built target visual_block_perception_srv
[15.320s] [100%] Built target move_arm_action_server
[15.340s] Invoked command in '/home/joshhlee/me326_ws/src/collab_robotics/build/me326_project' returned '0': CMAKE_PREFIX_PATH=${CMAKE_PREFIX_PATH}:/home/joshhlee/me326_ws/install/opencv_tests:/home/joshhlee/interbotix_ws/install/interbotix_xs_modules:/home/joshhlee/interbotix_ws/install/interbotix_perception_modules:/home/joshhlee/interbotix_ws/install/interbotix_common_modules:/opt/ros/galactic /usr/bin/cmake --build /home/joshhlee/me326_ws/src/collab_robotics/build/me326_project -- -j4 -l4
[15.439s] Invoking command in '/home/joshhlee/me326_ws/src/collab_robotics/build/me326_project': CMAKE_PREFIX_PATH=${CMAKE_PREFIX_PATH}:/home/joshhlee/me326_ws/install/opencv_tests:/home/joshhlee/interbotix_ws/install/interbotix_xs_modules:/home/joshhlee/interbotix_ws/install/interbotix_perception_modules:/home/joshhlee/interbotix_ws/install/interbotix_common_modules:/opt/ros/galactic /usr/bin/cmake --install /home/joshhlee/me326_ws/src/collab_robotics/build/me326_project
[15.449s] -- Install configuration: ""
[15.450s] -- Up-to-date: /home/joshhlee/me326_ws/src/collab_robotics/install/me326_project/lib/me326_project/locobot1_example_motion.py
[15.450s] -- Up-to-date: /home/joshhlee/me326_ws/src/collab_robotics/install/me326_project/lib/me326_project/locobot_example_motion.py
[15.450s] -- Up-to-date: /home/joshhlee/me326_ws/src/collab_robotics/install/me326_project/lib/me326_project/locobot_motion_example.py
[15.450s] -- Up-to-date: /home/joshhlee/me326_ws/src/collab_robotics/install/me326_project/lib/me326_project/matching_ptcld.py
[15.450s] -- Up-to-date: /home/joshhlee/me326_ws/src/collab_robotics/install/me326_project/lib/me326_project/circle_motion_tracking.py
[15.450s] -- Up-to-date: /home/joshhlee/me326_ws/src/collab_robotics/install/me326_project/lib/me326_project/record_rosbag.py
[15.450s] -- Up-to-date: /home/joshhlee/me326_ws/src/collab_robotics/install/me326_project/lib/me326_project/locobot_moveitpy.py
[15.451s] -- Up-to-date: /home/joshhlee/me326_ws/src/collab_robotics/install/me326_project/lib/me326_project/RRTstar.py
[15.451s] -- Up-to-date: /home/joshhlee/me326_ws/src/collab_robotics/install/me326_project/lib/me326_project/go_to_point.py
[15.451s] -- Up-to-date: /home/joshhlee/me326_ws/src/collab_robotics/install/me326_project/lib/me326_project/initial_point.py
[15.451s] -- Up-to-date: /home/joshhlee/me326_ws/src/collab_robotics/install/me326_project/lib/me326_project/move_locobot_base_action_server.py
[15.451s] -- Up-to-date: /home/joshhlee/me326_ws/src/collab_robotics/install/me326_project/lib/me326_project/move_base_client.py
[15.451s] -- Up-to-date: /home/joshhlee/me326_ws/src/collab_robotics/install/me326_project/lib/me326_project/camera_frame_broadcaster.py
[15.451s] -- Up-to-date: /home/joshhlee/me326_ws/src/collab_robotics/install/me326_project/lib/me326_project/move_gripper_action_server.py
[15.451s] -- Up-to-date: /home/joshhlee/me326_ws/src/collab_robotics/install/me326_project/lib/me326_project/locobot_state_machine.py
[15.451s] -- Up-to-date: /home/joshhlee/me326_ws/src/collab_robotics/install/me326_project/lib/me326_project/vision_client.py
[15.451s] -- Up-to-date: /home/joshhlee/me326_ws/src/collab_robotics/install/me326_project/lib/me326_project/apriltag_global_frame.py
[15.452s] -- Up-to-date: /home/joshhlee/me326_ws/src/collab_robotics/install/me326_project/lib/me326_project/move_arm_action_server
[15.452s] -- Installing: /home/joshhlee/me326_ws/src/collab_robotics/install/me326_project/lib/me326_project/visual_block_perception_srv
[15.463s] -- Set runtime path of "/home/joshhlee/me326_ws/src/collab_robotics/install/me326_project/lib/me326_project/visual_block_perception_srv" to ""
[15.464s] -- Up-to-date: /home/joshhlee/me326_ws/src/collab_robotics/install/me326_project/share/me326_project/launch
[15.464s] -- Up-to-date: /home/joshhlee/me326_ws/src/collab_robotics/install/me326_project/share/me326_project/launch/read_tag.launch.py
[15.464s] -- Up-to-date: /home/joshhlee/me326_ws/src/collab_robotics/install/me326_project/share/me326_project/launch/locobot_moveitpy.launch.py
[15.464s] -- Up-to-date: /home/joshhlee/me326_ws/src/collab_robotics/install/me326_project/share/me326_project/launch/locobot_sim_full.launch.py
[15.464s] -- Up-to-date: /home/joshhlee/me326_ws/src/collab_robotics/install/me326_project/share/me326_project/launch/navigation_test.launch.py
[15.464s] -- Up-to-date: /home/joshhlee/me326_ws/src/collab_robotics/install/me326_project/share/me326_project/launch/spawn_april_tag.launch.py
[15.464s] -- Up-to-date: /home/joshhlee/me326_ws/src/collab_robotics/install/me326_project/share/me326_project/launch/locobot_circle_traj.launch.py
[15.464s] -- Up-to-date: /home/joshhlee/me326_ws/src/collab_robotics/install/me326_project/share/me326_project/launch/spawn_cube.launch.py
[15.464s] -- Up-to-date: /home/joshhlee/me326_ws/src/collab_robotics/install/me326_project/share/me326_project/launch/spawn_cube_prof.launch.py
[15.464s] -- Up-to-date: /home/joshhlee/me326_ws/src/collab_robotics/install/me326_project/share/me326_project/launch/example.launch.xml
[15.464s] -- Up-to-date: /home/joshhlee/me326_ws/src/collab_robotics/install/me326_project/share/me326_project/rviz
[15.465s] -- Up-to-date: /home/joshhlee/me326_ws/src/collab_robotics/install/me326_project/share/me326_project/rviz/rviz_example_env.rviz
[15.465s] -- Up-to-date: /home/joshhlee/me326_ws/src/collab_robotics/install/me326_project/share/me326_project/model
[15.465s] -- Up-to-date: /home/joshhlee/me326_ws/src/collab_robotics/install/me326_project/share/me326_project/model/yellow_cube.urdf
[15.465s] -- Up-to-date: /home/joshhlee/me326_ws/src/collab_robotics/install/me326_project/share/me326_project/model/green_cube.urdf
[15.465s] -- Up-to-date: /home/joshhlee/me326_ws/src/collab_robotics/install/me326_project/share/me326_project/model/red_cube.urdf
[15.465s] -- Up-to-date: /home/joshhlee/me326_ws/src/collab_robotics/install/me326_project/share/me326_project/model/blue_cube.urdf
[15.465s] -- Up-to-date: /home/joshhlee/me326_ws/src/collab_robotics/install/me326_project/share/ament_index/resource_index/package_run_dependencies/me326_project
[15.465s] -- Up-to-date: /home/joshhlee/me326_ws/src/collab_robotics/install/me326_project/share/ament_index/resource_index/parent_prefix_path/me326_project
[15.466s] -- Up-to-date: /home/joshhlee/me326_ws/src/collab_robotics/install/me326_project/share/me326_project/environment/ament_prefix_path.sh
[15.466s] -- Up-to-date: /home/joshhlee/me326_ws/src/collab_robotics/install/me326_project/share/me326_project/environment/ament_prefix_path.dsv
[15.466s] -- Up-to-date: /home/joshhlee/me326_ws/src/collab_robotics/install/me326_project/share/me326_project/environment/path.sh
[15.466s] -- Up-to-date: /home/joshhlee/me326_ws/src/collab_robotics/install/me326_project/share/me326_project/environment/path.dsv
[15.466s] -- Up-to-date: /home/joshhlee/me326_ws/src/collab_robotics/install/me326_project/share/me326_project/local_setup.bash
[15.466s] -- Up-to-date: /home/joshhlee/me326_ws/src/collab_robotics/install/me326_project/share/me326_project/local_setup.sh
[15.466s] -- Up-to-date: /home/joshhlee/me326_ws/src/collab_robotics/install/me326_project/share/me326_project/local_setup.zsh
[15.466s] -- Up-to-date: /home/joshhlee/me326_ws/src/collab_robotics/install/me326_project/share/me326_project/local_setup.dsv
[15.467s] -- Installing: /home/joshhlee/me326_ws/src/collab_robotics/install/me326_project/share/me326_project/package.dsv
[15.469s] -- Up-to-date: /home/joshhlee/me326_ws/src/collab_robotics/install/me326_project/share/ament_index/resource_index/packages/me326_project
[15.469s] -- Up-to-date: /home/joshhlee/me326_ws/src/collab_robotics/install/me326_project/share/me326_project/cmake/me326_projectConfig.cmake
[15.469s] -- Up-to-date: /home/joshhlee/me326_ws/src/collab_robotics/install/me326_project/share/me326_project/cmake/me326_projectConfig-version.cmake
[15.469s] -- Up-to-date: /home/joshhlee/me326_ws/src/collab_robotics/install/me326_project/share/me326_project/package.xml
[15.477s] Invoked command in '/home/joshhlee/me326_ws/src/collab_robotics/build/me326_project' returned '0': CMAKE_PREFIX_PATH=${CMAKE_PREFIX_PATH}:/home/joshhlee/me326_ws/install/opencv_tests:/home/joshhlee/interbotix_ws/install/interbotix_xs_modules:/home/joshhlee/interbotix_ws/install/interbotix_perception_modules:/home/joshhlee/interbotix_ws/install/interbotix_common_modules:/opt/ros/galactic /usr/bin/cmake --install /home/joshhlee/me326_ws/src/collab_robotics/build/me326_project
