[0.323s] Invoking command in '/home/joshhlee/me326_ws/src/collaborative_robotics_course/build/me326_project': CMAKE_PREFIX_PATH=${CMAKE_PREFIX_PATH}:/home/joshhlee/interbotix_ws/install/interbotix_xs_modules:/home/joshhlee/interbotix_ws/install/interbotix_perception_modules:/home/joshhlee/interbotix_ws/install/interbotix_common_modules:/opt/ros/galactic /usr/bin/cmake /home/joshhlee/me326_ws/src/collaborative_robotics_course/me326_project -DCMAKE_INSTALL_PREFIX=/home/joshhlee/me326_ws/src/collaborative_robotics_course/install/me326_project
[0.398s] -- The C compiler identification is GNU 9.4.0
[0.481s] -- The CXX compiler identification is GNU 9.4.0
[0.484s] -- Check for working C compiler: /usr/bin/cc
[0.535s] -- Check for working C compiler: /usr/bin/cc -- works
[0.535s] -- Detecting C compiler ABI info
[0.583s] -- Detecting C compiler ABI info - done
[0.591s] -- Detecting C compile features
[0.592s] -- Detecting C compile features - done
[0.593s] -- Check for working CXX compiler: /usr/bin/c++
[0.649s] -- Check for working CXX compiler: /usr/bin/c++ -- works
[0.649s] -- Detecting CXX compiler ABI info
[0.715s] -- Detecting CXX compiler ABI info - done
[0.723s] -- Detecting CXX compile features
[0.723s] -- Detecting CXX compile features - done
[0.731s] -- Found ament_cmake: 1.1.6 (/opt/ros/galactic/share/ament_cmake/cmake)
[0.749s] -- Found PythonInterp: /usr/bin/python3 (found suitable version "3.8.10", minimum required is "3") 
[0.749s] -- Using PYTHON_EXECUTABLE: /usr/bin/python3
[0.823s] -- Found rclcpp: 9.2.2 (/opt/ros/galactic/share/rclcpp/cmake)
[0.873s] -- Using all available rosidl_typesupport_c: rosidl_typesupport_fastrtps_c;rosidl_typesupport_introspection_c
[0.883s] -- Found rosidl_adapter: 2.2.3 (/opt/ros/galactic/share/rosidl_adapter/cmake)
[0.943s] -- Found OpenSSL: /usr/lib/aarch64-linux-gnu/libcrypto.so (found version "1.1.1f")  
[0.971s] -- Found FastRTPS: /opt/ros/galactic/include  
[1.031s] -- Using all available rosidl_typesupport_cpp: rosidl_typesupport_fastrtps_cpp;rosidl_typesupport_introspection_cpp
[1.082s] -- Found rmw_implementation_cmake: 3.3.1 (/opt/ros/galactic/share/rmw_implementation_cmake/cmake)
[1.087s] -- Found rmw_cyclonedds_cpp: 0.22.6 (/opt/ros/galactic/share/rmw_cyclonedds_cpp/cmake)
[1.101s] -- Using RMW implementation 'rmw_cyclonedds_cpp' as default
[1.102s] -- Looking for pthread.h
[1.169s] -- Looking for pthread.h - found
[1.169s] -- Performing Test CMAKE_HAVE_LIBC_PTHREAD
[1.222s] -- Performing Test CMAKE_HAVE_LIBC_PTHREAD - Failed
[1.222s] -- Looking for pthread_create in pthreads
[1.261s] -- Looking for pthread_create in pthreads - not found
[1.261s] -- Looking for pthread_create in pthread
[1.309s] -- Looking for pthread_create in pthread - found
[1.311s] -- Found Threads: TRUE  
[1.426s] -- Found rclpy: 1.9.3 (/opt/ros/galactic/share/rclpy/cmake)
[1.430s] -- Found geometry_msgs: 2.2.4 (/opt/ros/galactic/share/geometry_msgs/cmake)
[1.456s] -- Found nav_msgs: 2.2.4 (/opt/ros/galactic/share/nav_msgs/cmake)
[1.509s] -- Found visualization_msgs: 2.2.4 (/opt/ros/galactic/share/visualization_msgs/cmake)
[1.563s] -- Found sensor_msgs: 2.2.4 (/opt/ros/galactic/share/sensor_msgs/cmake)
[1.619s] -- Found rosidl_default_generators: 1.1.1 (/opt/ros/galactic/share/rosidl_default_generators/cmake)
[1.633s] -- Found action_msgs: 1.0.3 (/opt/ros/galactic/share/action_msgs/cmake)
[1.658s] -- Found tf2: 0.17.5 (/opt/ros/galactic/share/tf2/cmake)
[1.673s] -- Found tf2_ros: 0.17.5 (/opt/ros/galactic/share/tf2_ros/cmake)
[1.918s] -- Found tf2_eigen: 0.17.5 (/opt/ros/galactic/share/tf2_eigen/cmake)
[1.928s] -- Found tf2_geometry_msgs: 0.17.5 (/opt/ros/galactic/share/tf2_geometry_msgs/cmake)
[1.936s] -- Found Eigen3: TRUE (found version "3.3.7") 
[1.964s] -- Found OpenCV: /usr (found version "4.2.0") 
[1.967s] -- Found pcl_ros: 2.3.2 (/opt/ros/galactic/share/pcl_ros/cmake)
[2.197s] -- Checking for module 'eigen3'
[2.211s] --   Found eigen3, version 3.3.7
[2.241s] -- Found Eigen: /usr/include/eigen3 (Required is at least version "3.1") 
[2.241s] -- Eigen found (include: /usr/include/eigen3, version: 3.3.7)
[2.311s] -- Checking for module 'flann'
[2.321s] --   Found flann, version 1.9.1
[2.348s] -- Found FLANN: /usr/lib/aarch64-linux-gnu/libflann_cpp.so  
[2.390s] -- The imported target "vtkParseOGLExt" references the file
[2.390s]    "/usr/bin/vtkParseOGLExt-7.1"
[2.390s] but this file does not exist.  Possible reasons include:
[2.390s] * The file was deleted, renamed, or moved to another location.
[2.390s] * An install or uninstall procedure did not complete successfully.
[2.390s] * The installation package was faulty and contained
[2.390s]    "/usr/lib/cmake/vtk-7.1/VTKTargets.cmake"
[2.390s] but not all the files it references.
[2.390s] 
[2.390s] -- The imported target "vtkRenderingPythonTkWidgets" references the file
[2.391s]    "/usr/lib/aarch64-linux-gnu/libvtkRenderingPythonTkWidgets.so"
[2.391s] but this file does not exist.  Possible reasons include:
[2.391s] * The file was deleted, renamed, or moved to another location.
[2.391s] * An install or uninstall procedure did not complete successfully.
[2.391s] * The installation package was faulty and contained
[2.391s]    "/usr/lib/cmake/vtk-7.1/VTKTargets.cmake"
[2.391s] but not all the files it references.
[2.391s] 
[2.391s] -- The imported target "vtk" references the file
[2.391s]    "/usr/bin/vtk"
[2.391s] but this file does not exist.  Possible reasons include:
[2.391s] * The file was deleted, renamed, or moved to another location.
[2.391s] * An install or uninstall procedure did not complete successfully.
[2.391s] * The installation package was faulty and contained
[2.391s]    "/usr/lib/cmake/vtk-7.1/VTKTargets.cmake"
[2.391s] but not all the files it references.
[2.391s] 
[2.391s] -- The imported target "pvtk" references the file
[2.391s]    "/usr/bin/pvtk"
[2.391s] but this file does not exist.  Possible reasons include:
[2.391s] * The file was deleted, renamed, or moved to another location.
[2.391s] * An install or uninstall procedure did not complete successfully.
[2.391s] * The installation package was faulty and contained
[2.391s]    "/usr/lib/cmake/vtk-7.1/VTKTargets.cmake"
[2.391s] but not all the files it references.
[2.391s] 
[2.406s] -- Checking for module 'libusb-1.0'
[2.417s] --   Found libusb-1.0, version 1.0.23
[2.445s] -- Found USB_10: /usr/lib/aarch64-linux-gnu/libusb-1.0.so  
[2.502s] -- OpenNI found (include: /usr/include/ni, lib: /usr/lib/libOpenNI.so)
[2.544s] -- OpenNI2 found (include: /usr/include/openni2, lib: /usr/lib/libOpenNI2.so)
[2.552s] -- Found libusb-1.0: /usr/include  
[2.559s] -- OpenNI found (include: /usr/include/ni, lib: /usr/lib/libOpenNI.so)
[2.563s] -- OpenNI2 found (include: /usr/include/openni2, lib: /usr/lib/libOpenNI2.so)
[2.585s] -- Found Qhull: optimized;/usr/lib/aarch64-linux-gnu/libqhull.so;debug;/usr/lib/aarch64-linux-gnu/libqhull.so  
[2.585s] -- QHULL found (include: /usr/include, lib: optimized;/usr/lib/aarch64-linux-gnu/libqhull.so;debug;/usr/lib/aarch64-linux-gnu/libqhull.so)
[2.591s] -- OpenNI found (include: /usr/include/ni, lib: /usr/lib/libOpenNI.so)
[2.611s] -- Found PCL_COMMON: /usr/lib/aarch64-linux-gnu/libpcl_common.so  
[2.612s] -- Found PCL_KDTREE: /usr/lib/aarch64-linux-gnu/libpcl_kdtree.so  
[2.614s] -- Found PCL_OCTREE: /usr/lib/aarch64-linux-gnu/libpcl_octree.so  
[2.615s] -- Found PCL_SEARCH: /usr/lib/aarch64-linux-gnu/libpcl_search.so  
[2.617s] -- Found PCL_SAMPLE_CONSENSUS: /usr/lib/aarch64-linux-gnu/libpcl_sample_consensus.so  
[2.617s] -- Found PCL_FILTERS: /usr/lib/aarch64-linux-gnu/libpcl_filters.so  
[2.617s] -- Found PCL_2D: /usr/include/pcl-1.10  
[2.617s] -- Found PCL_GEOMETRY: /usr/include/pcl-1.10  
[2.618s] -- Found PCL_IO: /usr/lib/aarch64-linux-gnu/libpcl_io.so  
[2.619s] -- Found PCL_FEATURES: /usr/lib/aarch64-linux-gnu/libpcl_features.so  
[2.620s] -- Found PCL_ML: /usr/lib/aarch64-linux-gnu/libpcl_ml.so  
[2.624s] -- Found PCL_SEGMENTATION: /usr/lib/aarch64-linux-gnu/libpcl_segmentation.so  
[2.624s] -- Found PCL_VISUALIZATION: /usr/lib/aarch64-linux-gnu/libpcl_visualization.so  
[2.624s] -- Found PCL_SURFACE: /usr/lib/aarch64-linux-gnu/libpcl_surface.so  
[2.625s] -- Found PCL_REGISTRATION: /usr/lib/aarch64-linux-gnu/libpcl_registration.so  
[2.633s] -- Found PCL_KEYPOINTS: /usr/lib/aarch64-linux-gnu/libpcl_keypoints.so  
[2.633s] -- Found PCL_TRACKING: /usr/lib/aarch64-linux-gnu/libpcl_tracking.so  
[2.633s] -- Found PCL_RECOGNITION: /usr/lib/aarch64-linux-gnu/libpcl_recognition.so  
[2.633s] -- Found PCL_STEREO: /usr/lib/aarch64-linux-gnu/libpcl_stereo.so  
[2.633s] -- Found PCL_APPS: /usr/lib/aarch64-linux-gnu/libpcl_apps.so  
[2.633s] -- Found PCL_IN_HAND_SCANNER: /usr/include/pcl-1.10  
[2.633s] -- Found PCL_POINT_CLOUD_EDITOR: /usr/include/pcl-1.10  
[2.633s] -- Found PCL_OUTOFCORE: /usr/lib/aarch64-linux-gnu/libpcl_outofcore.so  
[2.633s] -- Found PCL_PEOPLE: /usr/lib/aarch64-linux-gnu/libpcl_people.so  
[2.868s] -- Found image_geometry: 3.1.3 (/opt/ros/galactic/share/image_geometry/cmake)
[2.875s] -- Found image_transport: 2.5.1 (/opt/ros/galactic/share/image_transport/cmake)
[2.906s] -- Found cv_bridge: 3.1.3 (/opt/ros/galactic/share/cv_bridge/cmake)
[2.919s] -- Found la_msgs: 0.0.0 (/home/joshhlee/MK3_ws/src/install/la_msgs/share/la_msgs/cmake)
[3.115s] -- Found PythonInterp: /usr/bin/python3 (found version "3.8.10") 
[3.239s] -- Found ament_cmake_ros: 0.9.2 (/opt/ros/galactic/share/ament_cmake_ros/cmake)
[3.435s] -- Using all available rosidl_typesupport_c: rosidl_typesupport_fastrtps_c;rosidl_typesupport_introspection_c
[3.518s] -- Using all available rosidl_typesupport_cpp: rosidl_typesupport_fastrtps_cpp;rosidl_typesupport_introspection_cpp
[3.542s] -- Found PythonInterp: /usr/bin/python3 (found suitable version "3.8.10", minimum required is "3.5") 
[3.544s] -- Found python_cmake_module: 0.8.1 (/opt/ros/galactic/share/python_cmake_module/cmake)
[3.568s] -- Found PythonLibs: /usr/lib/aarch64-linux-gnu/libpython3.8.so (found suitable version "3.8.10", minimum required is "3.5") 
[3.568s] -- Using PYTHON_EXECUTABLE: /usr/bin/python3
[3.568s] -- Using PYTHON_INCLUDE_DIRS: /usr/include/python3.8
[3.568s] -- Using PYTHON_LIBRARIES: /usr/lib/aarch64-linux-gnu/libpython3.8.so
[3.585s] -- Found PythonExtra: .so  
[3.638s] -- Found ament_lint_auto: 0.10.7 (/opt/ros/galactic/share/ament_lint_auto/cmake)
[3.645s] -- Configuring done
[3.712s] -- Generating done
[3.715s] -- Build files have been written to: /home/joshhlee/me326_ws/src/collaborative_robotics_course/build/me326_project
[3.723s] Invoked command in '/home/joshhlee/me326_ws/src/collaborative_robotics_course/build/me326_project' returned '0': CMAKE_PREFIX_PATH=${CMAKE_PREFIX_PATH}:/home/joshhlee/interbotix_ws/install/interbotix_xs_modules:/home/joshhlee/interbotix_ws/install/interbotix_perception_modules:/home/joshhlee/interbotix_ws/install/interbotix_common_modules:/opt/ros/galactic /usr/bin/cmake /home/joshhlee/me326_ws/src/collaborative_robotics_course/me326_project -DCMAKE_INSTALL_PREFIX=/home/joshhlee/me326_ws/src/collaborative_robotics_course/install/me326_project
[3.725s] Invoking command in '/home/joshhlee/me326_ws/src/collaborative_robotics_course/build/me326_project': CMAKE_PREFIX_PATH=${CMAKE_PREFIX_PATH}:/home/joshhlee/interbotix_ws/install/interbotix_xs_modules:/home/joshhlee/interbotix_ws/install/interbotix_perception_modules:/home/joshhlee/interbotix_ws/install/interbotix_common_modules:/opt/ros/galactic /usr/bin/cmake --build /home/joshhlee/me326_ws/src/collaborative_robotics_course/build/me326_project -- -j4 -l4
[3.758s] [  3%] [34m[1mGenerating C code for ROS interfaces[0m
[3.764s] [35m[1mScanning dependencies of target ament_cmake_python_copy_me326_project[0m
[3.764s] [35m[1mScanning dependencies of target me326_project__cpp[0m
[3.766s] [35m[1mScanning dependencies of target visual_block_perception_srv[0m
[3.797s] [  3%] Built target ament_cmake_python_copy_me326_project
[3.802s] [  6%] [34m[1mGenerating C++ code for ROS interfaces[0m
[3.814s] [35m[1mScanning dependencies of target ament_cmake_python_build_me326_project_egg[0m
[3.879s] [  9%] [32mBuilding CXX object CMakeFiles/visual_block_perception_srv.dir/src/visual_block_perception_srv.cpp.o[0m
[4.025s] running egg_info
[4.025s] creating me326_project.egg-info
[4.026s] writing me326_project.egg-info/PKG-INFO
[4.026s] writing dependency_links to me326_project.egg-info/dependency_links.txt
[4.026s] writing top-level names to me326_project.egg-info/top_level.txt
[4.026s] writing manifest file 'me326_project.egg-info/SOURCES.txt'
[4.034s] [35m[1mScanning dependencies of target me326_project__rosidl_generator_c[0m
[4.046s] reading manifest file 'me326_project.egg-info/SOURCES.txt'
[4.046s] writing manifest file 'me326_project.egg-info/SOURCES.txt'
[4.061s] [  9%] Built target ament_cmake_python_build_me326_project_egg
[4.066s] [ 12%] [32mBuilding C object CMakeFiles/me326_project__rosidl_generator_c.dir/rosidl_generator_c/me326_project/action/detail/move_base__functions.c.o[0m
[4.080s] [ 12%] Built target me326_project__cpp
[4.091s] [ 15%] [34m[1mGenerating C++ type support dispatch for ROS interfaces[0m
[4.098s] [ 18%] [34m[1mGenerating C++ type support for eProsima Fast-RTPS[0m
[4.168s] [ 21%] [32m[1mLinking C shared library libme326_project__rosidl_generator_c.so[0m
[4.230s] [ 21%] Built target me326_project__rosidl_generator_c
[4.253s] [ 24%] [34m[1mGenerating C++ introspection for ROS interfaces[0m
[4.253s] [35m[1mScanning dependencies of target me326_project__rosidl_typesupport_cpp[0m
[4.290s] [ 27%] [32mBuilding CXX object CMakeFiles/me326_project__rosidl_typesupport_cpp.dir/rosidl_typesupport_cpp/me326_project/action/move_base__type_support.cpp.o[0m
[4.328s] [35m[1mScanning dependencies of target me326_project__rosidl_typesupport_fastrtps_cpp[0m
[4.378s] [ 30%] [32mBuilding CXX object CMakeFiles/me326_project__rosidl_typesupport_fastrtps_cpp.dir/rosidl_typesupport_fastrtps_cpp/me326_project/action/detail/dds_fastrtps/move_base__type_support.cpp.o[0m
[4.452s] [35m[1mScanning dependencies of target me326_project__rosidl_typesupport_introspection_cpp[0m
[4.475s] [ 33%] [32mBuilding CXX object CMakeFiles/me326_project__rosidl_typesupport_introspection_cpp.dir/rosidl_typesupport_introspection_cpp/me326_project/action/detail/move_base__type_support.cpp.o[0m
[4.847s] [ 36%] [32m[1mLinking CXX shared library libme326_project__rosidl_typesupport_cpp.so[0m
[4.928s] [ 36%] Built target me326_project__rosidl_typesupport_cpp
[4.962s] [ 39%] [34m[1mGenerating C introspection for ROS interfaces[0m
[4.976s] [ 42%] [32m[1mLinking CXX shared library libme326_project__rosidl_typesupport_fastrtps_cpp.so[0m
[4.981s] [ 45%] [32m[1mLinking CXX shared library libme326_project__rosidl_typesupport_introspection_cpp.so[0m
[5.042s] [ 45%] Built target me326_project__rosidl_typesupport_introspection_cpp
[5.050s] [ 48%] [34m[1mGenerating C type support dispatch for ROS interfaces[0m
[5.054s] [ 48%] Built target me326_project__rosidl_typesupport_fastrtps_cpp
[5.061s] [ 51%] [34m[1mGenerating C type support for eProsima Fast-RTPS[0m
[5.170s] [35m[1mScanning dependencies of target me326_project__rosidl_typesupport_introspection_c[0m
[5.181s] [ 54%] [32mBuilding C object CMakeFiles/me326_project__rosidl_typesupport_introspection_c.dir/rosidl_typesupport_introspection_c/me326_project/action/detail/move_base__type_support.c.o[0m
[5.217s] [ 57%] [32m[1mLinking C shared library libme326_project__rosidl_typesupport_introspection_c.so[0m
[5.228s] [35m[1mScanning dependencies of target me326_project__rosidl_typesupport_c[0m
[5.246s] [ 60%] [32mBuilding CXX object CMakeFiles/me326_project__rosidl_typesupport_c.dir/rosidl_typesupport_c/me326_project/action/move_base__type_support.cpp.o[0m
[5.252s] [ 60%] Built target me326_project__rosidl_typesupport_introspection_c
[5.285s] [ 63%] [32m[1mLinking CXX shared library libme326_project__rosidl_typesupport_c.so[0m
[5.295s] [35m[1mScanning dependencies of target me326_project__rosidl_typesupport_fastrtps_c[0m
[5.329s] [ 66%] [32mBuilding CXX object CMakeFiles/me326_project__rosidl_typesupport_fastrtps_c.dir/rosidl_typesupport_fastrtps_c/me326_project/action/detail/move_base__type_support_c.cpp.o[0m
[5.330s] [ 66%] Built target me326_project__rosidl_typesupport_c
[5.564s] [ 69%] [32m[1mLinking CXX shared library libme326_project__rosidl_typesupport_fastrtps_c.so[0m
[5.619s] [ 69%] Built target me326_project__rosidl_typesupport_fastrtps_c
[5.627s] [35m[1mScanning dependencies of target me326_project[0m
[5.634s] [ 69%] Built target me326_project
[5.640s] [35m[1mScanning dependencies of target me326_project__py[0m
[5.647s] [ 72%] [34m[1mGenerating Python code for ROS interfaces[0m
[6.411s] [ 72%] Built target me326_project__py
[6.421s] [35m[1mScanning dependencies of target me326_project__python[0m
[6.456s] [ 75%] [32mBuilding C object CMakeFiles/me326_project__python.dir/rosidl_generator_py/me326_project/action/_move_base_s.c.o[0m
[6.576s] [ 78%] [32m[1mLinking C shared library rosidl_generator_py/me326_project/libme326_project__python.so[0m
[6.627s] [ 78%] Built target me326_project__python
[6.635s] [35m[1mScanning dependencies of target me326_project__rosidl_typesupport_c__pyext[0m
[6.647s] [35m[1mScanning dependencies of target me326_project__rosidl_typesupport_introspection_c__pyext[0m
[6.659s] [35m[1mScanning dependencies of target me326_project__rosidl_typesupport_fastrtps_c__pyext[0m
[6.683s] [ 81%] [32mBuilding C object CMakeFiles/me326_project__rosidl_typesupport_c__pyext.dir/rosidl_generator_py/me326_project/_me326_project_s.ep.rosidl_typesupport_c.c.o[0m
[6.690s] [ 84%] [32mBuilding C object CMakeFiles/me326_project__rosidl_typesupport_introspection_c__pyext.dir/rosidl_generator_py/me326_project/_me326_project_s.ep.rosidl_typesupport_introspection_c.c.o[0m
[6.733s] [ 87%] [32mBuilding C object CMakeFiles/me326_project__rosidl_typesupport_fastrtps_c__pyext.dir/rosidl_generator_py/me326_project/_me326_project_s.ep.rosidl_typesupport_fastrtps_c.c.o[0m
[6.853s] [ 90%] [32m[1mLinking C shared library rosidl_generator_py/me326_project/me326_project_s__rosidl_typesupport_c.cpython-38-aarch64-linux-gnu.so[0m
[6.853s] [ 93%] [32m[1mLinking C shared library rosidl_generator_py/me326_project/me326_project_s__rosidl_typesupport_introspection_c.cpython-38-aarch64-linux-gnu.so[0m
[6.898s] [ 96%] [32m[1mLinking CXX shared library rosidl_generator_py/me326_project/me326_project_s__rosidl_typesupport_fastrtps_c.cpython-38-aarch64-linux-gnu.so[0m
[6.911s] [ 96%] Built target me326_project__rosidl_typesupport_introspection_c__pyext
[6.940s] [ 96%] Built target me326_project__rosidl_typesupport_c__pyext
[6.966s] [ 96%] Built target me326_project__rosidl_typesupport_fastrtps_c__pyext
[14.946s] [100%] [32m[1mLinking CXX executable visual_block_perception_srv[0m
[15.620s] [100%] Built target visual_block_perception_srv
[15.634s] Invoked command in '/home/joshhlee/me326_ws/src/collaborative_robotics_course/build/me326_project' returned '0': CMAKE_PREFIX_PATH=${CMAKE_PREFIX_PATH}:/home/joshhlee/interbotix_ws/install/interbotix_xs_modules:/home/joshhlee/interbotix_ws/install/interbotix_perception_modules:/home/joshhlee/interbotix_ws/install/interbotix_common_modules:/opt/ros/galactic /usr/bin/cmake --build /home/joshhlee/me326_ws/src/collaborative_robotics_course/build/me326_project -- -j4 -l4
[15.681s] Invoking command in '/home/joshhlee/me326_ws/src/collaborative_robotics_course/build/me326_project': CMAKE_PREFIX_PATH=${CMAKE_PREFIX_PATH}:/home/joshhlee/interbotix_ws/install/interbotix_xs_modules:/home/joshhlee/interbotix_ws/install/interbotix_perception_modules:/home/joshhlee/interbotix_ws/install/interbotix_common_modules:/opt/ros/galactic /usr/bin/cmake --install /home/joshhlee/me326_ws/src/collaborative_robotics_course/build/me326_project
[15.689s] -- Install configuration: ""
[15.689s] -- Installing: /home/joshhlee/me326_ws/src/collaborative_robotics_course/install/me326_project/lib/me326_project/visual_block_perception_srv
[15.692s] -- Set runtime path of "/home/joshhlee/me326_ws/src/collaborative_robotics_course/install/me326_project/lib/me326_project/visual_block_perception_srv" to ""
[15.692s] -- Installing: /home/joshhlee/me326_ws/src/collaborative_robotics_course/install/me326_project/share/me326_project/environment/pythonpath.sh
[15.692s] -- Installing: /home/joshhlee/me326_ws/src/collaborative_robotics_course/install/me326_project/share/me326_project/environment/pythonpath.dsv
[15.692s] -- Installing: /home/joshhlee/me326_ws/src/collaborative_robotics_course/install/me326_project/lib/python3.8/site-packages//me326_project.egg-info
[15.693s] -- Installing: /home/joshhlee/me326_ws/src/collaborative_robotics_course/install/me326_project/lib/python3.8/site-packages//me326_project.egg-info/dependency_links.txt
[15.693s] -- Installing: /home/joshhlee/me326_ws/src/collaborative_robotics_course/install/me326_project/lib/python3.8/site-packages//me326_project.egg-info/PKG-INFO
[15.693s] -- Installing: /home/joshhlee/me326_ws/src/collaborative_robotics_course/install/me326_project/lib/python3.8/site-packages//me326_project.egg-info/top_level.txt
[15.693s] -- Installing: /home/joshhlee/me326_ws/src/collaborative_robotics_course/install/me326_project/lib/python3.8/site-packages//me326_project.egg-info/SOURCES.txt
[15.693s] -- Installing: /home/joshhlee/me326_ws/src/collaborative_robotics_course/install/me326_project/lib/python3.8/site-packages/me326_project
[15.693s] -- Installing: /home/joshhlee/me326_ws/src/collaborative_robotics_course/install/me326_project/lib/python3.8/site-packages/me326_project/__init__.py
[15.693s] -- Installing: /home/joshhlee/me326_ws/src/collaborative_robotics_course/install/me326_project/lib/python3.8/site-packages/me326_project/initial_point.py
[15.693s] -- Installing: /home/joshhlee/me326_ws/src/collaborative_robotics_course/install/me326_project/lib/python3.8/site-packages/me326_project/RRTstar.py
[15.693s] -- Installing: /home/joshhlee/me326_ws/src/collaborative_robotics_course/install/me326_project/lib/python3.8/site-packages/me326_project/circle_motion_tracking.py
[15.693s] -- Installing: /home/joshhlee/me326_ws/src/collaborative_robotics_course/install/me326_project/lib/python3.8/site-packages/me326_project/record_rosbag.py
[15.693s] -- Installing: /home/joshhlee/me326_ws/src/collaborative_robotics_course/install/me326_project/lib/python3.8/site-packages/me326_project/locobot1_example_motion.py
[15.693s] -- Installing: /home/joshhlee/me326_ws/src/collaborative_robotics_course/install/me326_project/lib/python3.8/site-packages/me326_project/move_base_client.py
[15.693s] -- Installing: /home/joshhlee/me326_ws/src/collaborative_robotics_course/install/me326_project/lib/python3.8/site-packages/me326_project/move_locobot_base_action_server.py
[15.694s] -- Installing: /home/joshhlee/me326_ws/src/collaborative_robotics_course/install/me326_project/lib/python3.8/site-packages/me326_project/locobot_moveitpy.py
[15.694s] -- Installing: /home/joshhlee/me326_ws/src/collaborative_robotics_course/install/me326_project/lib/python3.8/site-packages/me326_project/go_to_point.py
[15.694s] -- Installing: /home/joshhlee/me326_ws/src/collaborative_robotics_course/install/me326_project/lib/python3.8/site-packages/me326_project/matching_ptcld.py
[15.694s] -- Installing: /home/joshhlee/me326_ws/src/collaborative_robotics_course/install/me326_project/lib/python3.8/site-packages/me326_project/read_rosbag.py
[15.694s] -- Installing: /home/joshhlee/me326_ws/src/collaborative_robotics_course/install/me326_project/lib/python3.8/site-packages/me326_project/locobot_example_motion.py
[15.694s] -- Installing: /home/joshhlee/me326_ws/src/collaborative_robotics_course/install/me326_project/lib/python3.8/site-packages/me326_project/vision_center.py
[15.694s] -- Installing: /home/joshhlee/me326_ws/src/collaborative_robotics_course/install/me326_project/lib/python3.8/site-packages/me326_project/locobot_motion_example.py
[15.728s] Listing '/home/joshhlee/me326_ws/src/collaborative_robotics_course/install/me326_project/lib/python3.8/site-packages/me326_project'...
[15.728s] Compiling '/home/joshhlee/me326_ws/src/collaborative_robotics_course/install/me326_project/lib/python3.8/site-packages/me326_project/RRTstar.py'...
[15.728s] Compiling '/home/joshhlee/me326_ws/src/collaborative_robotics_course/install/me326_project/lib/python3.8/site-packages/me326_project/__init__.py'...
[15.728s] Compiling '/home/joshhlee/me326_ws/src/collaborative_robotics_course/install/me326_project/lib/python3.8/site-packages/me326_project/circle_motion_tracking.py'...
[15.728s] Compiling '/home/joshhlee/me326_ws/src/collaborative_robotics_course/install/me326_project/lib/python3.8/site-packages/me326_project/go_to_point.py'...
[15.728s] Compiling '/home/joshhlee/me326_ws/src/collaborative_robotics_course/install/me326_project/lib/python3.8/site-packages/me326_project/initial_point.py'...
[15.728s] Compiling '/home/joshhlee/me326_ws/src/collaborative_robotics_course/install/me326_project/lib/python3.8/site-packages/me326_project/locobot1_example_motion.py'...
[15.729s] Compiling '/home/joshhlee/me326_ws/src/collaborative_robotics_course/install/me326_project/lib/python3.8/site-packages/me326_project/locobot_example_motion.py'...
[15.729s] Compiling '/home/joshhlee/me326_ws/src/collaborative_robotics_course/install/me326_project/lib/python3.8/site-packages/me326_project/locobot_motion_example.py'...
[15.729s] Compiling '/home/joshhlee/me326_ws/src/collaborative_robotics_course/install/me326_project/lib/python3.8/site-packages/me326_project/locobot_moveitpy.py'...
[15.729s] Compiling '/home/joshhlee/me326_ws/src/collaborative_robotics_course/install/me326_project/lib/python3.8/site-packages/me326_project/matching_ptcld.py'...
[15.729s] Compiling '/home/joshhlee/me326_ws/src/collaborative_robotics_course/install/me326_project/lib/python3.8/site-packages/me326_project/move_base_client.py'...
[15.729s] Compiling '/home/joshhlee/me326_ws/src/collaborative_robotics_course/install/me326_project/lib/python3.8/site-packages/me326_project/move_locobot_base_action_server.py'...
[15.729s] Compiling '/home/joshhlee/me326_ws/src/collaborative_robotics_course/install/me326_project/lib/python3.8/site-packages/me326_project/read_rosbag.py'...
[15.729s] Compiling '/home/joshhlee/me326_ws/src/collaborative_robotics_course/install/me326_project/lib/python3.8/site-packages/me326_project/record_rosbag.py'...
[15.729s] Compiling '/home/joshhlee/me326_ws/src/collaborative_robotics_course/install/me326_project/lib/python3.8/site-packages/me326_project/vision_center.py'...
[15.734s] CMake Error at cmake_install.cmake:85 (file):
[15.736s]   file INSTALL cannot find
[15.736s]   "/home/joshhlee/me326_ws/src/collaborative_robotics_course/me326_project/locobot_autonomy/move_A_to_B_py.py":
[15.737s]   No such file or directory.
[15.738s] 
[15.738s] 
[15.746s] Invoked command in '/home/joshhlee/me326_ws/src/collaborative_robotics_course/build/me326_project' returned '1': CMAKE_PREFIX_PATH=${CMAKE_PREFIX_PATH}:/home/joshhlee/interbotix_ws/install/interbotix_xs_modules:/home/joshhlee/interbotix_ws/install/interbotix_perception_modules:/home/joshhlee/interbotix_ws/install/interbotix_common_modules:/opt/ros/galactic /usr/bin/cmake --install /home/joshhlee/me326_ws/src/collaborative_robotics_course/build/me326_project
