[3.562s] DEBUG:colcon:Command line arguments: ['/usr/bin/colcon', 'build']
[3.562s] DEBUG:colcon:Parsed command line arguments: Namespace(allow_overriding=[], ament_cmake_args=None, base_paths=['.'], build_base='build', catkin_cmake_args=None, catkin_skip_building_tests=False, cmake_args=None, cmake_clean_cache=False, cmake_clean_first=False, cmake_force_configure=False, cmake_target=None, cmake_target_skip_unavailable=False, continue_on_error=False, event_handlers=None, executor='parallel', ignore_user_meta=False, install_base='install', log_base=None, log_level=None, main=<bound method BuildVerb.main of <colcon_core.verb.build.BuildVerb object at 0xffff840caa00>>, merge_install=False, metas=['./colcon.meta'], packages_above=None, packages_above_and_dependencies=None, packages_above_depth=None, packages_end=None, packages_ignore=None, packages_ignore_regex=None, packages_select=None, packages_select_build_failed=False, packages_select_by_dep=None, packages_select_regex=None, packages_select_test_failures=False, packages_skip=None, packages_skip_build_finished=False, packages_skip_by_dep=None, packages_skip_regex=None, packages_skip_test_passed=False, packages_skip_up_to=None, packages_start=None, packages_up_to=None, packages_up_to_regex=None, parallel_workers=4, paths=None, symlink_install=False, test_result_base=None, verb_extension=<colcon_core.verb.build.BuildVerb object at 0xffff840caa00>, verb_name='build', verb_parser=<colcon_defaults.argument_parser.defaults.DefaultArgumentsDecorator object at 0xffff840ca040>)
[3.739s] Level 1:colcon.colcon_core.package_discovery:discover_packages(colcon_meta) check parameters
[3.739s] Level 1:colcon.colcon_core.package_discovery:discover_packages(recursive) check parameters
[3.739s] Level 1:colcon.colcon_core.package_discovery:discover_packages(ignore) check parameters
[3.739s] Level 1:colcon.colcon_core.package_discovery:discover_packages(path) check parameters
[3.739s] Level 1:colcon.colcon_core.package_discovery:discover_packages(colcon_meta) discover
[3.739s] Level 1:colcon.colcon_core.package_discovery:discover_packages(recursive) discover
[3.739s] INFO:colcon.colcon_core.package_discovery:Crawling recursively for packages in '/home/joshhlee/me326_ws/src/collaborative_robotics_course'
[3.739s] Level 1:colcon.colcon_core.package_identification:_identify(.) by extensions ['ignore', 'ignore_ament_install']
[3.739s] Level 1:colcon.colcon_core.package_identification:_identify(.) by extension 'ignore'
[3.739s] Level 1:colcon.colcon_core.package_identification:_identify(.) by extension 'ignore_ament_install'
[3.739s] Level 1:colcon.colcon_core.package_identification:_identify(.) by extensions ['colcon_pkg']
[3.739s] Level 1:colcon.colcon_core.package_identification:_identify(.) by extension 'colcon_pkg'
[3.739s] Level 1:colcon.colcon_core.package_identification:_identify(.) by extensions ['colcon_meta']
[3.739s] Level 1:colcon.colcon_core.package_identification:_identify(.) by extension 'colcon_meta'
[3.739s] Level 1:colcon.colcon_core.package_identification:_identify(.) by extensions ['ros']
[3.739s] Level 1:colcon.colcon_core.package_identification:_identify(.) by extension 'ros'
[3.751s] Level 1:colcon.colcon_core.package_identification:_identify(.) by extensions ['cmake', 'python']
[3.751s] Level 1:colcon.colcon_core.package_identification:_identify(.) by extension 'cmake'
[3.751s] Level 1:colcon.colcon_core.package_identification:_identify(.) by extension 'python'
[3.751s] Level 1:colcon.colcon_core.package_identification:_identify(.) by extensions ['python_setup_py']
[3.751s] Level 1:colcon.colcon_core.package_identification:_identify(.) by extension 'python_setup_py'
[3.751s] Level 1:colcon.colcon_core.package_identification:_identify(build) by extensions ['ignore', 'ignore_ament_install']
[3.751s] Level 1:colcon.colcon_core.package_identification:_identify(build) by extension 'ignore'
[3.751s] Level 1:colcon.colcon_core.package_identification:_identify(build) ignored
[3.751s] Level 1:colcon.colcon_core.package_identification:_identify(install) by extensions ['ignore', 'ignore_ament_install']
[3.751s] Level 1:colcon.colcon_core.package_identification:_identify(install) by extension 'ignore'
[3.751s] Level 1:colcon.colcon_core.package_identification:_identify(install) ignored
[3.751s] Level 1:colcon.colcon_core.package_identification:_identify(log) by extensions ['ignore', 'ignore_ament_install']
[3.751s] Level 1:colcon.colcon_core.package_identification:_identify(log) by extension 'ignore'
[3.751s] Level 1:colcon.colcon_core.package_identification:_identify(log) ignored
[3.752s] Level 1:colcon.colcon_core.package_identification:_identify(me326_project) by extensions ['ignore', 'ignore_ament_install']
[3.752s] Level 1:colcon.colcon_core.package_identification:_identify(me326_project) by extension 'ignore'
[3.752s] Level 1:colcon.colcon_core.package_identification:_identify(me326_project) by extension 'ignore_ament_install'
[3.752s] Level 1:colcon.colcon_core.package_identification:_identify(me326_project) by extensions ['colcon_pkg']
[3.752s] Level 1:colcon.colcon_core.package_identification:_identify(me326_project) by extension 'colcon_pkg'
[3.752s] Level 1:colcon.colcon_core.package_identification:_identify(me326_project) by extensions ['colcon_meta']
[3.752s] Level 1:colcon.colcon_core.package_identification:_identify(me326_project) by extension 'colcon_meta'
[3.752s] Level 1:colcon.colcon_core.package_identification:_identify(me326_project) by extensions ['ros']
[3.752s] Level 1:colcon.colcon_core.package_identification:_identify(me326_project) by extension 'ros'
[3.755s] DEBUG:colcon.colcon_core.package_identification:Package 'me326_project' with type 'ros.ament_cmake' and name 'me326_project'
[3.755s] Level 1:colcon.colcon_core.package_discovery:discover_packages(recursive) using defaults
[3.755s] Level 1:colcon.colcon_core.package_discovery:discover_packages(ignore) discover
[3.755s] Level 1:colcon.colcon_core.package_discovery:discover_packages(ignore) using defaults
[3.755s] Level 1:colcon.colcon_core.package_discovery:discover_packages(path) discover
[3.755s] Level 1:colcon.colcon_core.package_discovery:discover_packages(path) using defaults
[4.100s] Level 1:colcon.colcon_core.package_discovery:discover_packages(prefix_path) check parameters
[4.100s] Level 1:colcon.colcon_core.package_discovery:discover_packages(prefix_path) discover
[4.171s] WARNING:colcon.colcon_core.prefix_path.colcon:The path '/home/joshhlee/me326_ws/install' in the environment variable COLCON_PREFIX_PATH doesn't exist
[4.171s] WARNING:colcon.colcon_ros.prefix_path.ament:The path '/home/joshhlee/me326_ws/install/me326_project' in the environment variable AMENT_PREFIX_PATH doesn't exist
[4.171s] WARNING:colcon.colcon_ros.prefix_path.ament:The path '/home/joshhlee/me326_ws/install/me326_locobot_example' in the environment variable AMENT_PREFIX_PATH doesn't exist
[4.172s] WARNING:colcon.colcon_ros.prefix_path.catkin:The path '/home/joshhlee/me326_ws/install/me326_project' in the environment variable CMAKE_PREFIX_PATH doesn't exist
[4.172s] WARNING:colcon.colcon_ros.prefix_path.catkin:The path '/home/joshhlee/me326_ws/install/me326_locobot_example' in the environment variable CMAKE_PREFIX_PATH doesn't exist
[4.250s] DEBUG:colcon.colcon_installed_package_information.package_discovery:Found 22 installed packages in /home/joshhlee/interbotix_ws/install
[4.314s] DEBUG:colcon.colcon_installed_package_information.package_discovery:Found 2 installed packages in /home/joshhlee/MK3_ws/src/install
[4.377s] DEBUG:colcon.colcon_installed_package_information.package_discovery:Found 335 installed packages in /opt/ros/galactic
[4.378s] Level 1:colcon.colcon_core.package_discovery:discover_packages(prefix_path) using defaults
[4.570s] Level 5:colcon.colcon_core.verb:set package 'me326_project' build argument 'cmake_args' from command line to 'None'
[4.570s] Level 5:colcon.colcon_core.verb:set package 'me326_project' build argument 'cmake_target' from command line to 'None'
[4.570s] Level 5:colcon.colcon_core.verb:set package 'me326_project' build argument 'cmake_target_skip_unavailable' from command line to 'False'
[4.570s] Level 5:colcon.colcon_core.verb:set package 'me326_project' build argument 'cmake_clean_cache' from command line to 'False'
[4.570s] Level 5:colcon.colcon_core.verb:set package 'me326_project' build argument 'cmake_clean_first' from command line to 'False'
[4.570s] Level 5:colcon.colcon_core.verb:set package 'me326_project' build argument 'cmake_force_configure' from command line to 'False'
[4.570s] Level 5:colcon.colcon_core.verb:set package 'me326_project' build argument 'ament_cmake_args' from command line to 'None'
[4.570s] Level 5:colcon.colcon_core.verb:set package 'me326_project' build argument 'catkin_cmake_args' from command line to 'None'
[4.570s] Level 5:colcon.colcon_core.verb:set package 'me326_project' build argument 'catkin_skip_building_tests' from command line to 'False'
[4.570s] DEBUG:colcon.colcon_core.verb:Building package 'me326_project' with the following arguments: {'ament_cmake_args': None, 'build_base': '/home/joshhlee/me326_ws/src/collaborative_robotics_course/build/me326_project', 'catkin_cmake_args': None, 'catkin_skip_building_tests': False, 'cmake_args': None, 'cmake_clean_cache': False, 'cmake_clean_first': False, 'cmake_force_configure': False, 'cmake_target': None, 'cmake_target_skip_unavailable': False, 'install_base': '/home/joshhlee/me326_ws/src/collaborative_robotics_course/install/me326_project', 'merge_install': False, 'path': '/home/joshhlee/me326_ws/src/collaborative_robotics_course/me326_project', 'symlink_install': False, 'test_result_base': None}
[4.631s] INFO:colcon.colcon_core.executor:Executing jobs using 'parallel' executor
[4.714s] DEBUG:colcon.colcon_parallel_executor.executor.parallel:run_until_complete
[4.715s] INFO:colcon.colcon_ros.task.ament_cmake.build:Building ROS package in '/home/joshhlee/me326_ws/src/collaborative_robotics_course/me326_project' with build type 'ament_cmake'
[4.715s] INFO:colcon.colcon_cmake.task.cmake.build:Building CMake package in '/home/joshhlee/me326_ws/src/collaborative_robotics_course/me326_project'
[4.788s] INFO:colcon.colcon_core.plugin_system:Skipping extension 'colcon_core.shell.bat': Not used on non-Windows systems
[4.788s] INFO:colcon.colcon_core.shell:Skip shell extension 'powershell' for command environment: Not usable outside of PowerShell
[4.788s] DEBUG:colcon.colcon_core.shell:Skip shell extension 'dsv' for command environment
[5.068s] DEBUG:colcon.colcon_core.event_handler.log_command:Invoking command in '/home/joshhlee/me326_ws/src/collaborative_robotics_course/build/me326_project': CMAKE_PREFIX_PATH=${CMAKE_PREFIX_PATH}:/home/joshhlee/interbotix_ws/install/interbotix_xs_modules:/home/joshhlee/interbotix_ws/install/interbotix_perception_modules:/home/joshhlee/interbotix_ws/install/interbotix_common_modules:/opt/ros/galactic /usr/bin/cmake /home/joshhlee/me326_ws/src/collaborative_robotics_course/me326_project -DCMAKE_INSTALL_PREFIX=/home/joshhlee/me326_ws/src/collaborative_robotics_course/install/me326_project
[9.216s] DEBUG:colcon.colcon_core.event_handler.log_command:Invoked command in '/home/joshhlee/me326_ws/src/collaborative_robotics_course/build/me326_project' returned '0': CMAKE_PREFIX_PATH=${CMAKE_PREFIX_PATH}:/home/joshhlee/interbotix_ws/install/interbotix_xs_modules:/home/joshhlee/interbotix_ws/install/interbotix_perception_modules:/home/joshhlee/interbotix_ws/install/interbotix_common_modules:/opt/ros/galactic /usr/bin/cmake /home/joshhlee/me326_ws/src/collaborative_robotics_course/me326_project -DCMAKE_INSTALL_PREFIX=/home/joshhlee/me326_ws/src/collaborative_robotics_course/install/me326_project
[9.219s] DEBUG:colcon.colcon_core.event_handler.log_command:Invoking command in '/home/joshhlee/me326_ws/src/collaborative_robotics_course/build/me326_project': CMAKE_PREFIX_PATH=${CMAKE_PREFIX_PATH}:/home/joshhlee/interbotix_ws/install/interbotix_xs_modules:/home/joshhlee/interbotix_ws/install/interbotix_perception_modules:/home/joshhlee/interbotix_ws/install/interbotix_common_modules:/opt/ros/galactic /usr/bin/cmake --build /home/joshhlee/me326_ws/src/collaborative_robotics_course/build/me326_project -- -j4 -l4
[17.327s] DEBUG:colcon.colcon_core.event_handler.log_command:Invoked command in '/home/joshhlee/me326_ws/src/collaborative_robotics_course/build/me326_project' returned '2': CMAKE_PREFIX_PATH=${CMAKE_PREFIX_PATH}:/home/joshhlee/interbotix_ws/install/interbotix_xs_modules:/home/joshhlee/interbotix_ws/install/interbotix_perception_modules:/home/joshhlee/interbotix_ws/install/interbotix_common_modules:/opt/ros/galactic /usr/bin/cmake --build /home/joshhlee/me326_ws/src/collaborative_robotics_course/build/me326_project -- -j4 -l4
[17.485s] Level 1:colcon.colcon_core.environment:create_environment_scripts_only(me326_project)
[17.555s] Level 1:colcon.colcon_core.environment:checking '/home/joshhlee/me326_ws/src/collaborative_robotics_course/install/me326_project' for CMake module files
[17.555s] Level 1:colcon.colcon_core.environment:checking '/home/joshhlee/me326_ws/src/collaborative_robotics_course/install/me326_project' for CMake config files
[17.556s] Level 1:colcon.colcon_core.environment:checking '/home/joshhlee/me326_ws/src/collaborative_robotics_course/install/me326_project/bin'
[17.557s] Level 1:colcon.colcon_core.environment:checking '/home/joshhlee/me326_ws/src/collaborative_robotics_course/install/me326_project/lib/pkgconfig/me326_project.pc'
[17.557s] Level 1:colcon.colcon_core.environment:checking '/home/joshhlee/me326_ws/src/collaborative_robotics_course/install/me326_project/lib/python3.8/site-packages'
[17.557s] Level 1:colcon.colcon_core.environment:checking '/home/joshhlee/me326_ws/src/collaborative_robotics_course/install/me326_project/bin'
[17.623s] INFO:colcon.colcon_core.shell:Creating package script '/home/joshhlee/me326_ws/src/collaborative_robotics_course/install/me326_project/share/me326_project/package.ps1'
[17.625s] INFO:colcon.colcon_core.shell:Creating package descriptor '/home/joshhlee/me326_ws/src/collaborative_robotics_course/install/me326_project/share/me326_project/package.dsv'
[17.626s] INFO:colcon.colcon_core.shell:Creating package script '/home/joshhlee/me326_ws/src/collaborative_robotics_course/install/me326_project/share/me326_project/package.sh'
[17.626s] INFO:colcon.colcon_core.shell:Creating package script '/home/joshhlee/me326_ws/src/collaborative_robotics_course/install/me326_project/share/me326_project/package.bash'
[17.627s] INFO:colcon.colcon_core.shell:Creating package script '/home/joshhlee/me326_ws/src/collaborative_robotics_course/install/me326_project/share/me326_project/package.zsh'
[17.627s] Level 1:colcon.colcon_core.environment:create_file_with_runtime_dependencies(/home/joshhlee/me326_ws/src/collaborative_robotics_course/install/me326_project/share/colcon-core/packages/me326_project)
[17.638s] DEBUG:colcon.colcon_parallel_executor.executor.parallel:closing loop
[17.639s] DEBUG:colcon.colcon_parallel_executor.executor.parallel:loop closed
[17.639s] DEBUG:colcon.colcon_parallel_executor.executor.parallel:run_until_complete finished with '2'
[17.639s] DEBUG:colcon.colcon_core.event_reactor:joining thread
[17.732s] INFO:colcon.colcon_core.plugin_system:Skipping extension 'colcon_notification.desktop_notification.terminal_notifier': Not used on non-Darwin systems
[17.733s] INFO:colcon.colcon_core.plugin_system:Skipping extension 'colcon_notification.desktop_notification.win32': Not used on non-Windows systems
[17.733s] INFO:colcon.colcon_notification.desktop_notification:Sending desktop notification using 'notify2'
[17.761s] DEBUG:colcon.colcon_core.event_reactor:joined thread
[17.847s] INFO:colcon.colcon_core.shell:Creating prefix script '/home/joshhlee/me326_ws/src/collaborative_robotics_course/install/local_setup.ps1'
[17.847s] INFO:colcon.colcon_core.shell:Creating prefix util module '/home/joshhlee/me326_ws/src/collaborative_robotics_course/install/_local_setup_util_ps1.py'
[17.848s] INFO:colcon.colcon_core.shell:Creating prefix chain script '/home/joshhlee/me326_ws/src/collaborative_robotics_course/install/setup.ps1'
[17.914s] INFO:colcon.colcon_core.shell:Creating prefix script '/home/joshhlee/me326_ws/src/collaborative_robotics_course/install/local_setup.sh'
[17.915s] INFO:colcon.colcon_core.shell:Creating prefix util module '/home/joshhlee/me326_ws/src/collaborative_robotics_course/install/_local_setup_util_sh.py'
[17.915s] INFO:colcon.colcon_core.shell:Creating prefix chain script '/home/joshhlee/me326_ws/src/collaborative_robotics_course/install/setup.sh'
[17.984s] INFO:colcon.colcon_core.shell:Creating prefix script '/home/joshhlee/me326_ws/src/collaborative_robotics_course/install/local_setup.bash'
[17.984s] INFO:colcon.colcon_core.shell:Creating prefix chain script '/home/joshhlee/me326_ws/src/collaborative_robotics_course/install/setup.bash'
[18.054s] INFO:colcon.colcon_core.shell:Creating prefix script '/home/joshhlee/me326_ws/src/collaborative_robotics_course/install/local_setup.zsh'
[18.055s] INFO:colcon.colcon_core.shell:Creating prefix chain script '/home/joshhlee/me326_ws/src/collaborative_robotics_course/install/setup.zsh'
