-- Found ament_cmake: 1.1.6 (/opt/ros/galactic/share/ament_cmake/cmake)
-- Found PythonInterp: /usr/bin/python3 (found suitable version "3.8.10", minimum required is "3") 
-- Using PYTHON_EXECUTABLE: /usr/bin/python3
-- Found rclcpp: 9.2.2 (/opt/ros/galactic/share/rclcpp/cmake)
-- Using all available rosidl_typesupport_c: rosidl_typesupport_fastrtps_c;rosidl_typesupport_introspection_c
-- Found rosidl_adapter: 2.2.3 (/opt/ros/galactic/share/rosidl_adapter/cmake)
-- Using all available rosidl_typesupport_cpp: rosidl_typesupport_fastrtps_cpp;rosidl_typesupport_introspection_cpp
-- Found rmw_implementation_cmake: 3.3.1 (/opt/ros/galactic/share/rmw_implementation_cmake/cmake)
-- Found rmw_cyclonedds_cpp: 0.22.6 (/opt/ros/galactic/share/rmw_cyclonedds_cpp/cmake)
-- Using RMW implementation 'rmw_cyclonedds_cpp' as default
-- Found rclpy: 1.9.3 (/opt/ros/galactic/share/rclpy/cmake)
-- Found geometry_msgs: 2.2.4 (/opt/ros/galactic/share/geometry_msgs/cmake)
-- Found nav_msgs: 2.2.4 (/opt/ros/galactic/share/nav_msgs/cmake)
-- Found visualization_msgs: 2.2.4 (/opt/ros/galactic/share/visualization_msgs/cmake)
-- Found sensor_msgs: 2.2.4 (/opt/ros/galactic/share/sensor_msgs/cmake)
-- Found rosidl_default_generators: 1.1.1 (/opt/ros/galactic/share/rosidl_default_generators/cmake)
-- Found action_msgs: 1.0.3 (/opt/ros/galactic/share/action_msgs/cmake)
-- Found tf2: 0.17.5 (/opt/ros/galactic/share/tf2/cmake)
-- Found tf2_ros: 0.17.5 (/opt/ros/galactic/share/tf2_ros/cmake)
-- Found tf2_eigen: 0.17.5 (/opt/ros/galactic/share/tf2_eigen/cmake)
-- Found tf2_geometry_msgs: 0.17.5 (/opt/ros/galactic/share/tf2_geometry_msgs/cmake)
-- Found pcl_ros: 2.3.2 (/opt/ros/galactic/share/pcl_ros/cmake)
-- Eigen found (include: /usr/include/eigen3, version: 3.3.7)
-- The imported target "vtkParseOGLExt" references the file
   "/usr/bin/vtkParseOGLExt-7.1"
but this file does not exist.  Possible reasons include:
* The file was deleted, renamed, or moved to another location.
* An install or uninstall procedure did not complete successfully.
* The installation package was faulty and contained
   "/usr/lib/cmake/vtk-7.1/VTKTargets.cmake"
but not all the files it references.

-- The imported target "vtkRenderingPythonTkWidgets" references the file
   "/usr/lib/aarch64-linux-gnu/libvtkRenderingPythonTkWidgets.so"
but this file does not exist.  Possible reasons include:
* The file was deleted, renamed, or moved to another location.
* An install or uninstall procedure did not complete successfully.
* The installation package was faulty and contained
   "/usr/lib/cmake/vtk-7.1/VTKTargets.cmake"
but not all the files it references.

-- The imported target "vtk" references the file
   "/usr/bin/vtk"
but this file does not exist.  Possible reasons include:
* The file was deleted, renamed, or moved to another location.
* An install or uninstall procedure did not complete successfully.
* The installation package was faulty and contained
   "/usr/lib/cmake/vtk-7.1/VTKTargets.cmake"
but not all the files it references.

-- The imported target "pvtk" references the file
   "/usr/bin/pvtk"
but this file does not exist.  Possible reasons include:
* The file was deleted, renamed, or moved to another location.
* An install or uninstall procedure did not complete successfully.
* The installation package was faulty and contained
   "/usr/lib/cmake/vtk-7.1/VTKTargets.cmake"
but not all the files it references.

-- OpenNI found (include: /usr/include/ni, lib: /usr/lib/libOpenNI.so)
-- OpenNI2 found (include: /usr/include/openni2, lib: /usr/lib/libOpenNI2.so)
-- OpenNI found (include: /usr/include/ni, lib: /usr/lib/libOpenNI.so)
-- OpenNI2 found (include: /usr/include/openni2, lib: /usr/lib/libOpenNI2.so)
-- QHULL found (include: /usr/include, lib: optimized;/usr/lib/aarch64-linux-gnu/libqhull.so;debug;/usr/lib/aarch64-linux-gnu/libqhull.so)
-- OpenNI found (include: /usr/include/ni, lib: /usr/lib/libOpenNI.so)
-- Found image_geometry: 3.1.3 (/opt/ros/galactic/share/image_geometry/cmake)
-- Found image_transport: 2.5.1 (/opt/ros/galactic/share/image_transport/cmake)
-- Found cv_bridge: 3.1.3 (/opt/ros/galactic/share/cv_bridge/cmake)
-- Found la_msgs: 0.0.0 (/home/joshhlee/MK3_ws/src/install/la_msgs/share/la_msgs/cmake)
-- Found PythonInterp: /usr/bin/python3 (found version "3.8.10") 
-- Found ament_cmake_ros: 0.9.2 (/opt/ros/galactic/share/ament_cmake_ros/cmake)
-- Using all available rosidl_typesupport_c: rosidl_typesupport_fastrtps_c;rosidl_typesupport_introspection_c
-- Using all available rosidl_typesupport_cpp: rosidl_typesupport_fastrtps_cpp;rosidl_typesupport_introspection_cpp
-- Found PythonInterp: /usr/bin/python3 (found suitable version "3.8.10", minimum required is "3.5") 
-- Found python_cmake_module: 0.8.1 (/opt/ros/galactic/share/python_cmake_module/cmake)
-- Using PYTHON_EXECUTABLE: /usr/bin/python3
-- Using PYTHON_INCLUDE_DIRS: /usr/include/python3.8
-- Using PYTHON_LIBRARIES: /usr/lib/aarch64-linux-gnu/libpython3.8.so
-- Found ament_lint_auto: 0.10.7 (/opt/ros/galactic/share/ament_lint_auto/cmake)
-- Configuring done
-- Generating done
-- Build files have been written to: /home/joshhlee/me326_ws/src/collaborative_robotics_course/build/me326_project
[  3%] Built target me326_project__cpp
[  3%] Built target ament_cmake_python_copy_me326_project
[ 12%] Built target me326_project__rosidl_typesupport_fastrtps_cpp
[ 21%] Built target me326_project__rosidl_typesupport_cpp
[ 30%] Built target me326_project__rosidl_typesupport_introspection_cpp
running egg_info
writing me326_project.egg-info/PKG-INFO
writing dependency_links to me326_project.egg-info/dependency_links.txt
writing top-level names to me326_project.egg-info/top_level.txt
reading manifest file 'me326_project.egg-info/SOURCES.txt'
writing manifest file 'me326_project.egg-info/SOURCES.txt'
[ 30%] Built target ament_cmake_python_build_me326_project_egg
[ 36%] Built target visual_block_perception_srv
[ 45%] Built target me326_project__rosidl_generator_c
[ 54%] Built target me326_project__rosidl_typesupport_introspection_c
[ 63%] Built target me326_project__rosidl_typesupport_c
[ 72%] Built target me326_project__rosidl_typesupport_fastrtps_c
[ 72%] Built target me326_project
[ 75%] Built target me326_project__py
[ 81%] Built target me326_project__python
[ 87%] Built target me326_project__rosidl_typesupport_introspection_c__pyext
[ 93%] Built target me326_project__rosidl_typesupport_fastrtps_c__pyext
[100%] Built target me326_project__rosidl_typesupport_c__pyext
-- Install configuration: ""
-- Up-to-date: /home/joshhlee/me326_ws/src/collaborative_robotics_course/install/me326_project/lib/me326_project/visual_block_perception_srv
-- Up-to-date: /home/joshhlee/me326_ws/src/collaborative_robotics_course/install/me326_project/share/me326_project/environment/pythonpath.sh
-- Installing: /home/joshhlee/me326_ws/src/collaborative_robotics_course/install/me326_project/share/me326_project/environment/pythonpath.dsv
-- Up-to-date: /home/joshhlee/me326_ws/src/collaborative_robotics_course/install/me326_project/lib/python3.8/site-packages//me326_project.egg-info
-- Installing: /home/joshhlee/me326_ws/src/collaborative_robotics_course/install/me326_project/lib/python3.8/site-packages//me326_project.egg-info/dependency_links.txt
-- Installing: /home/joshhlee/me326_ws/src/collaborative_robotics_course/install/me326_project/lib/python3.8/site-packages//me326_project.egg-info/PKG-INFO
-- Installing: /home/joshhlee/me326_ws/src/collaborative_robotics_course/install/me326_project/lib/python3.8/site-packages//me326_project.egg-info/top_level.txt
-- Installing: /home/joshhlee/me326_ws/src/collaborative_robotics_course/install/me326_project/lib/python3.8/site-packages//me326_project.egg-info/SOURCES.txt
-- Up-to-date: /home/joshhlee/me326_ws/src/collaborative_robotics_course/install/me326_project/lib/python3.8/site-packages/me326_project
-- Installing: /home/joshhlee/me326_ws/src/collaborative_robotics_course/install/me326_project/lib/python3.8/site-packages/me326_project/__init__.py
-- Up-to-date: /home/joshhlee/me326_ws/src/collaborative_robotics_course/install/me326_project/lib/python3.8/site-packages/me326_project/initial_point.py
-- Up-to-date: /home/joshhlee/me326_ws/src/collaborative_robotics_course/install/me326_project/lib/python3.8/site-packages/me326_project/RRTstar.py
-- Up-to-date: /home/joshhlee/me326_ws/src/collaborative_robotics_course/install/me326_project/lib/python3.8/site-packages/me326_project/circle_motion_tracking.py
-- Up-to-date: /home/joshhlee/me326_ws/src/collaborative_robotics_course/install/me326_project/lib/python3.8/site-packages/me326_project/record_rosbag.py
-- Up-to-date: /home/joshhlee/me326_ws/src/collaborative_robotics_course/install/me326_project/lib/python3.8/site-packages/me326_project/locobot1_example_motion.py
-- Up-to-date: /home/joshhlee/me326_ws/src/collaborative_robotics_course/install/me326_project/lib/python3.8/site-packages/me326_project/move_base_client.py
-- Up-to-date: /home/joshhlee/me326_ws/src/collaborative_robotics_course/install/me326_project/lib/python3.8/site-packages/me326_project/move_locobot_base_action_server.py
-- Up-to-date: /home/joshhlee/me326_ws/src/collaborative_robotics_course/install/me326_project/lib/python3.8/site-packages/me326_project/locobot_moveitpy.py
-- Up-to-date: /home/joshhlee/me326_ws/src/collaborative_robotics_course/install/me326_project/lib/python3.8/site-packages/me326_project/go_to_point.py
-- Up-to-date: /home/joshhlee/me326_ws/src/collaborative_robotics_course/install/me326_project/lib/python3.8/site-packages/me326_project/vision_client.py
-- Up-to-date: /home/joshhlee/me326_ws/src/collaborative_robotics_course/install/me326_project/lib/python3.8/site-packages/me326_project/matching_ptcld.py
-- Up-to-date: /home/joshhlee/me326_ws/src/collaborative_robotics_course/install/me326_project/lib/python3.8/site-packages/me326_project/read_rosbag.py
-- Up-to-date: /home/joshhlee/me326_ws/src/collaborative_robotics_course/install/me326_project/lib/python3.8/site-packages/me326_project/vision_action_server.py
-- Up-to-date: /home/joshhlee/me326_ws/src/collaborative_robotics_course/install/me326_project/lib/python3.8/site-packages/me326_project/locobot_example_motion.py
-- Up-to-date: /home/joshhlee/me326_ws/src/collaborative_robotics_course/install/me326_project/lib/python3.8/site-packages/me326_project/locobot_motion_example.py
Listing '/home/joshhlee/me326_ws/src/collaborative_robotics_course/install/me326_project/lib/python3.8/site-packages/me326_project'...
Compiling '/home/joshhlee/me326_ws/src/collaborative_robotics_course/install/me326_project/lib/python3.8/site-packages/me326_project/__init__.py'...
Listing '/home/joshhlee/me326_ws/src/collaborative_robotics_course/install/me326_project/lib/python3.8/site-packages/me326_project/action'...
-- Up-to-date: /home/joshhlee/me326_ws/src/collaborative_robotics_course/install/me326_project/lib/me326_project/locobot1_example_motion.py
-- Up-to-date: /home/joshhlee/me326_ws/src/collaborative_robotics_course/install/me326_project/lib/me326_project/locobot_example_motion.py
-- Up-to-date: /home/joshhlee/me326_ws/src/collaborative_robotics_course/install/me326_project/lib/me326_project/locobot_motion_example.py
-- Up-to-date: /home/joshhlee/me326_ws/src/collaborative_robotics_course/install/me326_project/lib/me326_project/matching_ptcld.py
-- Up-to-date: /home/joshhlee/me326_ws/src/collaborative_robotics_course/install/me326_project/lib/me326_project/circle_motion_tracking.py
-- Up-to-date: /home/joshhlee/me326_ws/src/collaborative_robotics_course/install/me326_project/lib/me326_project/record_rosbag.py
-- Up-to-date: /home/joshhlee/me326_ws/src/collaborative_robotics_course/install/me326_project/lib/me326_project/locobot_moveitpy.py
-- Up-to-date: /home/joshhlee/me326_ws/src/collaborative_robotics_course/install/me326_project/lib/me326_project/RRTstar.py
-- Up-to-date: /home/joshhlee/me326_ws/src/collaborative_robotics_course/install/me326_project/lib/me326_project/go_to_point.py
-- Up-to-date: /home/joshhlee/me326_ws/src/collaborative_robotics_course/install/me326_project/lib/me326_project/initial_point.py
-- Up-to-date: /home/joshhlee/me326_ws/src/collaborative_robotics_course/install/me326_project/lib/me326_project/move_locobot_base_action_server.py
-- Up-to-date: /home/joshhlee/me326_ws/src/collaborative_robotics_course/install/me326_project/lib/me326_project/move_base_client.py
-- Installing: /home/joshhlee/me326_ws/src/collaborative_robotics_course/install/me326_project/lib/me326_project/vision_client.py
-- Up-to-date: /home/joshhlee/me326_ws/src/collaborative_robotics_course/install/me326_project/share/me326_project//launch
-- Up-to-date: /home/joshhlee/me326_ws/src/collaborative_robotics_course/install/me326_project/share/me326_project//launch/locobot_moveitpy.launch.py
-- Up-to-date: /home/joshhlee/me326_ws/src/collaborative_robotics_course/install/me326_project/share/me326_project//launch/navigation_test.launch.py
-- Up-to-date: /home/joshhlee/me326_ws/src/collaborative_robotics_course/install/me326_project/share/me326_project//launch/locobot_circle_traj.launch.py
-- Up-to-date: /home/joshhlee/me326_ws/src/collaborative_robotics_course/install/me326_project/share/me326_project//launch/spawn_cube.launch.py
-- Up-to-date: /home/joshhlee/me326_ws/src/collaborative_robotics_course/install/me326_project/share/me326_project//launch/example.launch.xml
-- Up-to-date: /home/joshhlee/me326_ws/src/collaborative_robotics_course/install/me326_project/share/ament_index/resource_index/rosidl_interfaces/me326_project
-- Up-to-date: /home/joshhlee/me326_ws/src/collaborative_robotics_course/install/me326_project/include/me326_project
-- Up-to-date: /home/joshhlee/me326_ws/src/collaborative_robotics_course/install/me326_project/include/me326_project/msg
-- Up-to-date: /home/joshhlee/me326_ws/src/collaborative_robotics_course/install/me326_project/include/me326_project/msg/rosidl_generator_c__visibility_control.h
-- Up-to-date: /home/joshhlee/me326_ws/src/collaborative_robotics_course/install/me326_project/include/me326_project/action
-- Up-to-date: /home/joshhlee/me326_ws/src/collaborative_robotics_course/install/me326_project/include/me326_project/action/detail
-- Up-to-date: /home/joshhlee/me326_ws/src/collaborative_robotics_course/install/me326_project/include/me326_project/action/detail/move_base__struct.h
-- Up-to-date: /home/joshhlee/me326_ws/src/collaborative_robotics_course/install/me326_project/include/me326_project/action/detail/move_base__functions.c
-- Up-to-date: /home/joshhlee/me326_ws/src/collaborative_robotics_course/install/me326_project/include/me326_project/action/detail/move_base__type_support.h
-- Up-to-date: /home/joshhlee/me326_ws/src/collaborative_robotics_course/install/me326_project/include/me326_project/action/detail/move_base__functions.h
-- Up-to-date: /home/joshhlee/me326_ws/src/collaborative_robotics_course/install/me326_project/include/me326_project/action/move_base.h
-- Up-to-date: /home/joshhlee/me326_ws/src/collaborative_robotics_course/install/me326_project/share/me326_project/environment/library_path.sh
-- Installing: /home/joshhlee/me326_ws/src/collaborative_robotics_course/install/me326_project/share/me326_project/environment/library_path.dsv
-- Up-to-date: /home/joshhlee/me326_ws/src/collaborative_robotics_course/install/me326_project/lib/libme326_project__rosidl_generator_c.so
-- Up-to-date: /home/joshhlee/me326_ws/src/collaborative_robotics_course/install/me326_project/include/me326_project
-- Up-to-date: /home/joshhlee/me326_ws/src/collaborative_robotics_course/install/me326_project/include/me326_project/msg
-- Up-to-date: /home/joshhlee/me326_ws/src/collaborative_robotics_course/install/me326_project/include/me326_project/msg/rosidl_typesupport_fastrtps_c__visibility_control.h
-- Up-to-date: /home/joshhlee/me326_ws/src/collaborative_robotics_course/install/me326_project/include/me326_project/action
-- Up-to-date: /home/joshhlee/me326_ws/src/collaborative_robotics_course/install/me326_project/include/me326_project/action/detail
-- Up-to-date: /home/joshhlee/me326_ws/src/collaborative_robotics_course/install/me326_project/include/me326_project/action/detail/move_base__rosidl_typesupport_fastrtps_c.h
-- Up-to-date: /home/joshhlee/me326_ws/src/collaborative_robotics_course/install/me326_project/lib/libme326_project__rosidl_typesupport_fastrtps_c.so
-- Up-to-date: /home/joshhlee/me326_ws/src/collaborative_robotics_course/install/me326_project/include/me326_project
-- Up-to-date: /home/joshhlee/me326_ws/src/collaborative_robotics_course/install/me326_project/include/me326_project/msg
-- Up-to-date: /home/joshhlee/me326_ws/src/collaborative_robotics_course/install/me326_project/include/me326_project/msg/rosidl_typesupport_fastrtps_cpp__visibility_control.h
-- Up-to-date: /home/joshhlee/me326_ws/src/collaborative_robotics_course/install/me326_project/include/me326_project/action
-- Up-to-date: /home/joshhlee/me326_ws/src/collaborative_robotics_course/install/me326_project/include/me326_project/action/detail
-- Up-to-date: /home/joshhlee/me326_ws/src/collaborative_robotics_course/install/me326_project/include/me326_project/action/detail/dds_fastrtps
-- Up-to-date: /home/joshhlee/me326_ws/src/collaborative_robotics_course/install/me326_project/include/me326_project/action/detail/move_base__rosidl_typesupport_fastrtps_cpp.hpp
-- Up-to-date: /home/joshhlee/me326_ws/src/collaborative_robotics_course/install/me326_project/lib/libme326_project__rosidl_typesupport_fastrtps_cpp.so
-- Up-to-date: /home/joshhlee/me326_ws/src/collaborative_robotics_course/install/me326_project/include/me326_project
-- Up-to-date: /home/joshhlee/me326_ws/src/collaborative_robotics_course/install/me326_project/include/me326_project/msg
-- Up-to-date: /home/joshhlee/me326_ws/src/collaborative_robotics_course/install/me326_project/include/me326_project/msg/rosidl_typesupport_introspection_c__visibility_control.h
-- Up-to-date: /home/joshhlee/me326_ws/src/collaborative_robotics_course/install/me326_project/include/me326_project/action
-- Up-to-date: /home/joshhlee/me326_ws/src/collaborative_robotics_course/install/me326_project/include/me326_project/action/detail
-- Up-to-date: /home/joshhlee/me326_ws/src/collaborative_robotics_course/install/me326_project/include/me326_project/action/detail/move_base__rosidl_typesupport_introspection_c.h
-- Up-to-date: /home/joshhlee/me326_ws/src/collaborative_robotics_course/install/me326_project/include/me326_project/action/detail/move_base__type_support.c
-- Up-to-date: /home/joshhlee/me326_ws/src/collaborative_robotics_course/install/me326_project/lib/libme326_project__rosidl_typesupport_introspection_c.so
-- Up-to-date: /home/joshhlee/me326_ws/src/collaborative_robotics_course/install/me326_project/lib/libme326_project__rosidl_typesupport_c.so
-- Up-to-date: /home/joshhlee/me326_ws/src/collaborative_robotics_course/install/me326_project/include/me326_project
-- Up-to-date: /home/joshhlee/me326_ws/src/collaborative_robotics_course/install/me326_project/include/me326_project/action
-- Up-to-date: /home/joshhlee/me326_ws/src/collaborative_robotics_course/install/me326_project/include/me326_project/action/detail
-- Up-to-date: /home/joshhlee/me326_ws/src/collaborative_robotics_course/install/me326_project/include/me326_project/action/detail/move_base__struct.hpp
-- Up-to-date: /home/joshhlee/me326_ws/src/collaborative_robotics_course/install/me326_project/include/me326_project/action/detail/move_base__builder.hpp
-- Up-to-date: /home/joshhlee/me326_ws/src/collaborative_robotics_course/install/me326_project/include/me326_project/action/detail/move_base__traits.hpp
-- Up-to-date: /home/joshhlee/me326_ws/src/collaborative_robotics_course/install/me326_project/include/me326_project/action/move_base.hpp
-- Up-to-date: /home/joshhlee/me326_ws/src/collaborative_robotics_course/install/me326_project/include/me326_project
-- Up-to-date: /home/joshhlee/me326_ws/src/collaborative_robotics_course/install/me326_project/include/me326_project/action
-- Up-to-date: /home/joshhlee/me326_ws/src/collaborative_robotics_course/install/me326_project/include/me326_project/action/detail
-- Up-to-date: /home/joshhlee/me326_ws/src/collaborative_robotics_course/install/me326_project/include/me326_project/action/detail/move_base__type_support.cpp
-- Up-to-date: /home/joshhlee/me326_ws/src/collaborative_robotics_course/install/me326_project/include/me326_project/action/detail/move_base__rosidl_typesupport_introspection_cpp.hpp
-- Up-to-date: /home/joshhlee/me326_ws/src/collaborative_robotics_course/install/me326_project/lib/libme326_project__rosidl_typesupport_introspection_cpp.so
-- Up-to-date: /home/joshhlee/me326_ws/src/collaborative_robotics_course/install/me326_project/lib/libme326_project__rosidl_typesupport_cpp.so
-- Installing: /home/joshhlee/me326_ws/src/collaborative_robotics_course/install/me326_project/lib/python3.8/site-packages/me326_project/__init__.py
Compiling '/home/joshhlee/me326_ws/src/collaborative_robotics_course/install/me326_project/lib/python3.8/site-packages/me326_project/__init__.py'...
-- Up-to-date: /home/joshhlee/me326_ws/src/collaborative_robotics_course/install/me326_project/lib/python3.8/site-packages/me326_project/action
-- Up-to-date: /home/joshhlee/me326_ws/src/collaborative_robotics_course/install/me326_project/lib/python3.8/site-packages/me326_project/action/__init__.py
-- Up-to-date: /home/joshhlee/me326_ws/src/collaborative_robotics_course/install/me326_project/lib/python3.8/site-packages/me326_project/action/_move_base_s.c
-- Up-to-date: /home/joshhlee/me326_ws/src/collaborative_robotics_course/install/me326_project/lib/python3.8/site-packages/me326_project/action/_move_base.py
-- Up-to-date: /home/joshhlee/me326_ws/src/collaborative_robotics_course/install/me326_project/lib/python3.8/site-packages/me326_project/me326_project_s__rosidl_typesupport_fastrtps_c.cpython-38-aarch64-linux-gnu.so
-- Up-to-date: /home/joshhlee/me326_ws/src/collaborative_robotics_course/install/me326_project/lib/python3.8/site-packages/me326_project/me326_project_s__rosidl_typesupport_introspection_c.cpython-38-aarch64-linux-gnu.so
-- Up-to-date: /home/joshhlee/me326_ws/src/collaborative_robotics_course/install/me326_project/lib/python3.8/site-packages/me326_project/me326_project_s__rosidl_typesupport_c.cpython-38-aarch64-linux-gnu.so
-- Up-to-date: /home/joshhlee/me326_ws/src/collaborative_robotics_course/install/me326_project/lib/libme326_project__python.so
-- Up-to-date: /home/joshhlee/me326_ws/src/collaborative_robotics_course/install/me326_project/share/me326_project/action/MoveBase.idl
-- Up-to-date: /home/joshhlee/me326_ws/src/collaborative_robotics_course/install/me326_project/share/me326_project/action/MoveBase.action
-- Up-to-date: /home/joshhlee/me326_ws/src/collaborative_robotics_course/install/me326_project/share/me326_project/model
-- Up-to-date: /home/joshhlee/me326_ws/src/collaborative_robotics_course/install/me326_project/share/me326_project/model/yellow_cube.urdf
-- Up-to-date: /home/joshhlee/me326_ws/src/collaborative_robotics_course/install/me326_project/share/me326_project/model/green_cube.urdf
-- Up-to-date: /home/joshhlee/me326_ws/src/collaborative_robotics_course/install/me326_project/share/me326_project/model/red_cube.urdf
-- Up-to-date: /home/joshhlee/me326_ws/src/collaborative_robotics_course/install/me326_project/share/me326_project/model/blue_cube.urdf
-- Up-to-date: /home/joshhlee/me326_ws/src/collaborative_robotics_course/install/me326_project/share/ament_index/resource_index/package_run_dependencies/me326_project
-- Up-to-date: /home/joshhlee/me326_ws/src/collaborative_robotics_course/install/me326_project/share/ament_index/resource_index/parent_prefix_path/me326_project
-- Up-to-date: /home/joshhlee/me326_ws/src/collaborative_robotics_course/install/me326_project/share/me326_project/environment/ament_prefix_path.sh
-- Installing: /home/joshhlee/me326_ws/src/collaborative_robotics_course/install/me326_project/share/me326_project/environment/ament_prefix_path.dsv
-- Up-to-date: /home/joshhlee/me326_ws/src/collaborative_robotics_course/install/me326_project/share/me326_project/environment/path.sh
-- Installing: /home/joshhlee/me326_ws/src/collaborative_robotics_course/install/me326_project/share/me326_project/environment/path.dsv
-- Up-to-date: /home/joshhlee/me326_ws/src/collaborative_robotics_course/install/me326_project/share/me326_project/local_setup.bash
-- Up-to-date: /home/joshhlee/me326_ws/src/collaborative_robotics_course/install/me326_project/share/me326_project/local_setup.sh
-- Up-to-date: /home/joshhlee/me326_ws/src/collaborative_robotics_course/install/me326_project/share/me326_project/local_setup.zsh
-- Installing: /home/joshhlee/me326_ws/src/collaborative_robotics_course/install/me326_project/share/me326_project/local_setup.dsv
-- Installing: /home/joshhlee/me326_ws/src/collaborative_robotics_course/install/me326_project/share/me326_project/package.dsv
-- Up-to-date: /home/joshhlee/me326_ws/src/collaborative_robotics_course/install/me326_project/share/ament_index/resource_index/packages/me326_project
-- Up-to-date: /home/joshhlee/me326_ws/src/collaborative_robotics_course/install/me326_project/share/me326_project/cmake/me326_project__rosidl_generator_cExport.cmake
-- Installing: /home/joshhlee/me326_ws/src/collaborative_robotics_course/install/me326_project/share/me326_project/cmake/me326_project__rosidl_generator_cExport-noconfig.cmake
-- Up-to-date: /home/joshhlee/me326_ws/src/collaborative_robotics_course/install/me326_project/share/me326_project/cmake/me326_project__rosidl_typesupport_introspection_cExport.cmake
-- Installing: /home/joshhlee/me326_ws/src/collaborative_robotics_course/install/me326_project/share/me326_project/cmake/me326_project__rosidl_typesupport_introspection_cExport-noconfig.cmake
-- Up-to-date: /home/joshhlee/me326_ws/src/collaborative_robotics_course/install/me326_project/share/me326_project/cmake/me326_project__rosidl_typesupport_cExport.cmake
-- Installing: /home/joshhlee/me326_ws/src/collaborative_robotics_course/install/me326_project/share/me326_project/cmake/me326_project__rosidl_typesupport_cExport-noconfig.cmake
-- Up-to-date: /home/joshhlee/me326_ws/src/collaborative_robotics_course/install/me326_project/share/me326_project/cmake/me326_project__rosidl_generator_cppExport.cmake
-- Up-to-date: /home/joshhlee/me326_ws/src/collaborative_robotics_course/install/me326_project/share/me326_project/cmake/me326_project__rosidl_typesupport_introspection_cppExport.cmake
-- Installing: /home/joshhlee/me326_ws/src/collaborative_robotics_course/install/me326_project/share/me326_project/cmake/me326_project__rosidl_typesupport_introspection_cppExport-noconfig.cmake
-- Up-to-date: /home/joshhlee/me326_ws/src/collaborative_robotics_course/install/me326_project/share/me326_project/cmake/me326_project__rosidl_typesupport_cppExport.cmake
-- Installing: /home/joshhlee/me326_ws/src/collaborative_robotics_course/install/me326_project/share/me326_project/cmake/me326_project__rosidl_typesupport_cppExport-noconfig.cmake
-- Up-to-date: /home/joshhlee/me326_ws/src/collaborative_robotics_course/install/me326_project/share/me326_project/cmake/rosidl_cmake-extras.cmake
-- Up-to-date: /home/joshhlee/me326_ws/src/collaborative_robotics_course/install/me326_project/share/me326_project/cmake/ament_cmake_export_dependencies-extras.cmake
-- Up-to-date: /home/joshhlee/me326_ws/src/collaborative_robotics_course/install/me326_project/share/me326_project/cmake/ament_cmake_export_libraries-extras.cmake
-- Up-to-date: /home/joshhlee/me326_ws/src/collaborative_robotics_course/install/me326_project/share/me326_project/cmake/ament_cmake_export_targets-extras.cmake
-- Up-to-date: /home/joshhlee/me326_ws/src/collaborative_robotics_course/install/me326_project/share/me326_project/cmake/ament_cmake_export_include_directories-extras.cmake
-- Up-to-date: /home/joshhlee/me326_ws/src/collaborative_robotics_course/install/me326_project/share/me326_project/cmake/rosidl_cmake_export_typesupport_libraries-extras.cmake
-- Up-to-date: /home/joshhlee/me326_ws/src/collaborative_robotics_course/install/me326_project/share/me326_project/cmake/rosidl_cmake_export_typesupport_targets-extras.cmake
-- Up-to-date: /home/joshhlee/me326_ws/src/collaborative_robotics_course/install/me326_project/share/me326_project/cmake/me326_projectConfig.cmake
-- Up-to-date: /home/joshhlee/me326_ws/src/collaborative_robotics_course/install/me326_project/share/me326_project/cmake/me326_projectConfig-version.cmake
-- Up-to-date: /home/joshhlee/me326_ws/src/collaborative_robotics_course/install/me326_project/share/me326_project/package.xml
