[0.279s] Invoking command in '/home/joshhlee/me326_ws/src/collaborative_robotics_course/build/me326_project': CMAKE_PREFIX_PATH=${CMAKE_PREFIX_PATH}:/home/joshhlee/interbotix_ws/install/interbotix_xs_modules:/home/joshhlee/interbotix_ws/install/interbotix_perception_modules:/home/joshhlee/interbotix_ws/install/interbotix_common_modules:/opt/ros/galactic /usr/bin/cmake --build /home/joshhlee/me326_ws/src/collaborative_robotics_course/build/me326_project -- -j4 -l4
[0.360s] -- Found ament_cmake: 1.1.6 (/opt/ros/galactic/share/ament_cmake/cmake)
[0.415s] -- Found PythonInterp: /usr/bin/python3 (found suitable version "3.8.10", minimum required is "3") 
[0.415s] -- Using PYTHON_EXECUTABLE: /usr/bin/python3
[0.472s] -- Found rclcpp: 9.2.2 (/opt/ros/galactic/share/rclcpp/cmake)
[0.512s] -- Using all available rosidl_typesupport_c: rosidl_typesupport_fastrtps_c;rosidl_typesupport_introspection_c
[0.514s] -- Found rosidl_adapter: 2.2.3 (/opt/ros/galactic/share/rosidl_adapter/cmake)
[0.640s] -- Using all available rosidl_typesupport_cpp: rosidl_typesupport_fastrtps_cpp;rosidl_typesupport_introspection_cpp
[0.695s] -- Found rmw_implementation_cmake: 3.3.1 (/opt/ros/galactic/share/rmw_implementation_cmake/cmake)
[0.698s] -- Found rmw_cyclonedds_cpp: 0.22.6 (/opt/ros/galactic/share/rmw_cyclonedds_cpp/cmake)
[0.717s] -- Using RMW implementation 'rmw_cyclonedds_cpp' as default
[0.832s] -- Found rclpy: 1.9.3 (/opt/ros/galactic/share/rclpy/cmake)
[0.832s] -- Found geometry_msgs: 2.2.4 (/opt/ros/galactic/share/geometry_msgs/cmake)
[0.856s] -- Found nav_msgs: 2.2.4 (/opt/ros/galactic/share/nav_msgs/cmake)
[0.914s] -- Found visualization_msgs: 2.2.4 (/opt/ros/galactic/share/visualization_msgs/cmake)
[0.976s] -- Found sensor_msgs: 2.2.4 (/opt/ros/galactic/share/sensor_msgs/cmake)
[1.036s] -- Found rosidl_default_generators: 1.1.1 (/opt/ros/galactic/share/rosidl_default_generators/cmake)
[1.044s] -- Found action_msgs: 1.0.3 (/opt/ros/galactic/share/action_msgs/cmake)
[1.075s] -- Found tf2: 0.17.5 (/opt/ros/galactic/share/tf2/cmake)
[1.081s] -- Found tf2_ros: 0.17.5 (/opt/ros/galactic/share/tf2_ros/cmake)
[1.312s] -- Found tf2_eigen: 0.17.5 (/opt/ros/galactic/share/tf2_eigen/cmake)
[1.321s] -- Found tf2_geometry_msgs: 0.17.5 (/opt/ros/galactic/share/tf2_geometry_msgs/cmake)
[1.357s] -- Found pcl_ros: 2.3.2 (/opt/ros/galactic/share/pcl_ros/cmake)
[1.641s] -- Eigen found (include: /usr/include/eigen3, version: 3.3.7)
[1.720s] -- The imported target "vtkParseOGLExt" references the file
[1.721s]    "/usr/bin/vtkParseOGLExt-7.1"
[1.721s] but this file does not exist.  Possible reasons include:
[1.721s] * The file was deleted, renamed, or moved to another location.
[1.721s] * An install or uninstall procedure did not complete successfully.
[1.722s] * The installation package was faulty and contained
[1.722s]    "/usr/lib/cmake/vtk-7.1/VTKTargets.cmake"
[1.722s] but not all the files it references.
[1.722s] 
[1.722s] -- The imported target "vtkRenderingPythonTkWidgets" references the file
[1.722s]    "/usr/lib/aarch64-linux-gnu/libvtkRenderingPythonTkWidgets.so"
[1.722s] but this file does not exist.  Possible reasons include:
[1.722s] * The file was deleted, renamed, or moved to another location.
[1.722s] * An install or uninstall procedure did not complete successfully.
[1.722s] * The installation package was faulty and contained
[1.722s]    "/usr/lib/cmake/vtk-7.1/VTKTargets.cmake"
[1.722s] but not all the files it references.
[1.722s] 
[1.722s] -- The imported target "vtk" references the file
[1.722s]    "/usr/bin/vtk"
[1.722s] but this file does not exist.  Possible reasons include:
[1.722s] * The file was deleted, renamed, or moved to another location.
[1.723s] * An install or uninstall procedure did not complete successfully.
[1.723s] * The installation package was faulty and contained
[1.723s]    "/usr/lib/cmake/vtk-7.1/VTKTargets.cmake"
[1.723s] but not all the files it references.
[1.723s] 
[1.723s] -- The imported target "pvtk" references the file
[1.723s]    "/usr/bin/pvtk"
[1.723s] but this file does not exist.  Possible reasons include:
[1.723s] * The file was deleted, renamed, or moved to another location.
[1.723s] * An install or uninstall procedure did not complete successfully.
[1.723s] * The installation package was faulty and contained
[1.723s]    "/usr/lib/cmake/vtk-7.1/VTKTargets.cmake"
[1.723s] but not all the files it references.
[1.723s] 
[1.746s] -- OpenNI found (include: /usr/include/ni, lib: /usr/lib/libOpenNI.so)
[1.747s] -- OpenNI2 found (include: /usr/include/openni2, lib: /usr/lib/libOpenNI2.so)
[1.769s] -- OpenNI found (include: /usr/include/ni, lib: /usr/lib/libOpenNI.so)
[1.774s] -- OpenNI2 found (include: /usr/include/openni2, lib: /usr/lib/libOpenNI2.so)
[1.786s] -- QHULL found (include: /usr/include, lib: optimized;/usr/lib/aarch64-linux-gnu/libqhull.so;debug;/usr/lib/aarch64-linux-gnu/libqhull.so)
[1.793s] -- OpenNI found (include: /usr/include/ni, lib: /usr/lib/libOpenNI.so)
[2.035s] -- Found image_geometry: 3.1.3 (/opt/ros/galactic/share/image_geometry/cmake)
[2.039s] -- Found image_transport: 2.5.1 (/opt/ros/galactic/share/image_transport/cmake)
[2.066s] -- Found cv_bridge: 3.1.3 (/opt/ros/galactic/share/cv_bridge/cmake)
[2.078s] -- Found la_msgs: 0.0.0 (/home/joshhlee/MK3_ws/src/install/la_msgs/share/la_msgs/cmake)
[2.286s] -- Found PythonInterp: /usr/bin/python3 (found version "3.8.10") 
[2.460s] -- Found ament_cmake_ros: 0.9.2 (/opt/ros/galactic/share/ament_cmake_ros/cmake)
[2.728s] -- Using all available rosidl_typesupport_c: rosidl_typesupport_fastrtps_c;rosidl_typesupport_introspection_c
[2.818s] -- Using all available rosidl_typesupport_cpp: rosidl_typesupport_fastrtps_cpp;rosidl_typesupport_introspection_cpp
[2.846s] -- Found PythonInterp: /usr/bin/python3 (found suitable version "3.8.10", minimum required is "3.5") 
[2.847s] -- Found python_cmake_module: 0.8.1 (/opt/ros/galactic/share/python_cmake_module/cmake)
[2.869s] -- Using PYTHON_EXECUTABLE: /usr/bin/python3
[2.869s] -- Using PYTHON_INCLUDE_DIRS: /usr/include/python3.8
[2.869s] -- Using PYTHON_LIBRARIES: /usr/lib/aarch64-linux-gnu/libpython3.8.so
[2.932s] -- Found ament_lint_auto: 0.10.7 (/opt/ros/galactic/share/ament_lint_auto/cmake)
[2.939s] -- Configuring done
[3.023s] -- Generating done
[3.027s] -- Build files have been written to: /home/joshhlee/me326_ws/src/collaborative_robotics_course/build/me326_project
[3.059s] [  3%] Built target me326_project__cpp
[3.088s] [  3%] Built target ament_cmake_python_copy_me326_project
[3.144s] [ 12%] Built target me326_project__rosidl_typesupport_fastrtps_cpp
[3.165s] [ 21%] Built target me326_project__rosidl_typesupport_cpp
[3.194s] [ 30%] Built target me326_project__rosidl_typesupport_introspection_cpp
[3.361s] running egg_info
[3.362s] writing me326_project.egg-info/PKG-INFO
[3.362s] writing dependency_links to me326_project.egg-info/dependency_links.txt
[3.362s] writing top-level names to me326_project.egg-info/top_level.txt
[3.383s] reading manifest file 'me326_project.egg-info/SOURCES.txt'
[3.383s] writing manifest file 'me326_project.egg-info/SOURCES.txt'
[3.403s] [ 30%] Built target ament_cmake_python_build_me326_project_egg
[3.445s] [ 36%] Built target visual_block_perception_srv
[3.466s] [ 45%] Built target me326_project__rosidl_generator_c
[3.487s] [ 54%] Built target me326_project__rosidl_typesupport_introspection_c
[3.532s] [ 63%] Built target me326_project__rosidl_typesupport_c
[3.568s] [ 72%] Built target me326_project__rosidl_typesupport_fastrtps_c
[3.620s] [ 72%] Built target me326_project
[3.640s] [ 75%] Built target me326_project__py
[3.679s] [ 81%] Built target me326_project__python
[3.704s] [ 87%] Built target me326_project__rosidl_typesupport_introspection_c__pyext
[3.738s] [ 93%] Built target me326_project__rosidl_typesupport_fastrtps_c__pyext
[3.770s] [100%] Built target me326_project__rosidl_typesupport_c__pyext
[3.781s] Invoked command in '/home/joshhlee/me326_ws/src/collaborative_robotics_course/build/me326_project' returned '0': CMAKE_PREFIX_PATH=${CMAKE_PREFIX_PATH}:/home/joshhlee/interbotix_ws/install/interbotix_xs_modules:/home/joshhlee/interbotix_ws/install/interbotix_perception_modules:/home/joshhlee/interbotix_ws/install/interbotix_common_modules:/opt/ros/galactic /usr/bin/cmake --build /home/joshhlee/me326_ws/src/collaborative_robotics_course/build/me326_project -- -j4 -l4
[3.945s] Invoking command in '/home/joshhlee/me326_ws/src/collaborative_robotics_course/build/me326_project': CMAKE_PREFIX_PATH=${CMAKE_PREFIX_PATH}:/home/joshhlee/interbotix_ws/install/interbotix_xs_modules:/home/joshhlee/interbotix_ws/install/interbotix_perception_modules:/home/joshhlee/interbotix_ws/install/interbotix_common_modules:/opt/ros/galactic /usr/bin/cmake --install /home/joshhlee/me326_ws/src/collaborative_robotics_course/build/me326_project
[3.953s] -- Install configuration: ""
[3.954s] -- Up-to-date: /home/joshhlee/me326_ws/src/collaborative_robotics_course/install/me326_project/lib/me326_project/visual_block_perception_srv
[3.955s] -- Up-to-date: /home/joshhlee/me326_ws/src/collaborative_robotics_course/install/me326_project/share/me326_project/environment/pythonpath.sh
[3.955s] -- Installing: /home/joshhlee/me326_ws/src/collaborative_robotics_course/install/me326_project/share/me326_project/environment/pythonpath.dsv
[3.956s] -- Up-to-date: /home/joshhlee/me326_ws/src/collaborative_robotics_course/install/me326_project/lib/python3.8/site-packages//me326_project.egg-info
[3.956s] -- Installing: /home/joshhlee/me326_ws/src/collaborative_robotics_course/install/me326_project/lib/python3.8/site-packages//me326_project.egg-info/dependency_links.txt
[3.956s] -- Installing: /home/joshhlee/me326_ws/src/collaborative_robotics_course/install/me326_project/lib/python3.8/site-packages//me326_project.egg-info/PKG-INFO
[3.957s] -- Installing: /home/joshhlee/me326_ws/src/collaborative_robotics_course/install/me326_project/lib/python3.8/site-packages//me326_project.egg-info/top_level.txt
[3.957s] -- Installing: /home/joshhlee/me326_ws/src/collaborative_robotics_course/install/me326_project/lib/python3.8/site-packages//me326_project.egg-info/SOURCES.txt
[3.957s] -- Up-to-date: /home/joshhlee/me326_ws/src/collaborative_robotics_course/install/me326_project/lib/python3.8/site-packages/me326_project
[3.958s] -- Installing: /home/joshhlee/me326_ws/src/collaborative_robotics_course/install/me326_project/lib/python3.8/site-packages/me326_project/__init__.py
[3.958s] -- Up-to-date: /home/joshhlee/me326_ws/src/collaborative_robotics_course/install/me326_project/lib/python3.8/site-packages/me326_project/initial_point.py
[3.958s] -- Up-to-date: /home/joshhlee/me326_ws/src/collaborative_robotics_course/install/me326_project/lib/python3.8/site-packages/me326_project/RRTstar.py
[3.958s] -- Up-to-date: /home/joshhlee/me326_ws/src/collaborative_robotics_course/install/me326_project/lib/python3.8/site-packages/me326_project/circle_motion_tracking.py
[3.958s] -- Up-to-date: /home/joshhlee/me326_ws/src/collaborative_robotics_course/install/me326_project/lib/python3.8/site-packages/me326_project/record_rosbag.py
[3.958s] -- Up-to-date: /home/joshhlee/me326_ws/src/collaborative_robotics_course/install/me326_project/lib/python3.8/site-packages/me326_project/locobot1_example_motion.py
[3.960s] -- Up-to-date: /home/joshhlee/me326_ws/src/collaborative_robotics_course/install/me326_project/lib/python3.8/site-packages/me326_project/move_base_client.py
[3.960s] -- Up-to-date: /home/joshhlee/me326_ws/src/collaborative_robotics_course/install/me326_project/lib/python3.8/site-packages/me326_project/move_locobot_base_action_server.py
[3.960s] -- Up-to-date: /home/joshhlee/me326_ws/src/collaborative_robotics_course/install/me326_project/lib/python3.8/site-packages/me326_project/locobot_moveitpy.py
[3.960s] -- Up-to-date: /home/joshhlee/me326_ws/src/collaborative_robotics_course/install/me326_project/lib/python3.8/site-packages/me326_project/go_to_point.py
[3.960s] -- Up-to-date: /home/joshhlee/me326_ws/src/collaborative_robotics_course/install/me326_project/lib/python3.8/site-packages/me326_project/vision_client.py
[3.960s] -- Up-to-date: /home/joshhlee/me326_ws/src/collaborative_robotics_course/install/me326_project/lib/python3.8/site-packages/me326_project/matching_ptcld.py
[3.960s] -- Up-to-date: /home/joshhlee/me326_ws/src/collaborative_robotics_course/install/me326_project/lib/python3.8/site-packages/me326_project/read_rosbag.py
[3.961s] -- Up-to-date: /home/joshhlee/me326_ws/src/collaborative_robotics_course/install/me326_project/lib/python3.8/site-packages/me326_project/vision_action_server.py
[3.961s] -- Up-to-date: /home/joshhlee/me326_ws/src/collaborative_robotics_course/install/me326_project/lib/python3.8/site-packages/me326_project/locobot_example_motion.py
[3.962s] -- Up-to-date: /home/joshhlee/me326_ws/src/collaborative_robotics_course/install/me326_project/lib/python3.8/site-packages/me326_project/locobot_motion_example.py
[3.993s] Listing '/home/joshhlee/me326_ws/src/collaborative_robotics_course/install/me326_project/lib/python3.8/site-packages/me326_project'...
[3.993s] Compiling '/home/joshhlee/me326_ws/src/collaborative_robotics_course/install/me326_project/lib/python3.8/site-packages/me326_project/__init__.py'...
[3.993s] Listing '/home/joshhlee/me326_ws/src/collaborative_robotics_course/install/me326_project/lib/python3.8/site-packages/me326_project/action'...
[3.995s] -- Up-to-date: /home/joshhlee/me326_ws/src/collaborative_robotics_course/install/me326_project/lib/me326_project/locobot1_example_motion.py
[3.995s] -- Up-to-date: /home/joshhlee/me326_ws/src/collaborative_robotics_course/install/me326_project/lib/me326_project/locobot_example_motion.py
[3.996s] -- Up-to-date: /home/joshhlee/me326_ws/src/collaborative_robotics_course/install/me326_project/lib/me326_project/locobot_motion_example.py
[3.996s] -- Up-to-date: /home/joshhlee/me326_ws/src/collaborative_robotics_course/install/me326_project/lib/me326_project/matching_ptcld.py
[3.996s] -- Up-to-date: /home/joshhlee/me326_ws/src/collaborative_robotics_course/install/me326_project/lib/me326_project/circle_motion_tracking.py
[3.996s] -- Up-to-date: /home/joshhlee/me326_ws/src/collaborative_robotics_course/install/me326_project/lib/me326_project/record_rosbag.py
[3.997s] -- Up-to-date: /home/joshhlee/me326_ws/src/collaborative_robotics_course/install/me326_project/lib/me326_project/locobot_moveitpy.py
[3.997s] -- Up-to-date: /home/joshhlee/me326_ws/src/collaborative_robotics_course/install/me326_project/lib/me326_project/RRTstar.py
[3.997s] -- Up-to-date: /home/joshhlee/me326_ws/src/collaborative_robotics_course/install/me326_project/lib/me326_project/go_to_point.py
[3.997s] -- Up-to-date: /home/joshhlee/me326_ws/src/collaborative_robotics_course/install/me326_project/lib/me326_project/initial_point.py
[3.997s] -- Up-to-date: /home/joshhlee/me326_ws/src/collaborative_robotics_course/install/me326_project/lib/me326_project/move_locobot_base_action_server.py
[3.997s] -- Up-to-date: /home/joshhlee/me326_ws/src/collaborative_robotics_course/install/me326_project/lib/me326_project/move_base_client.py
[3.997s] -- Installing: /home/joshhlee/me326_ws/src/collaborative_robotics_course/install/me326_project/lib/me326_project/vision_client.py
[3.997s] -- Up-to-date: /home/joshhlee/me326_ws/src/collaborative_robotics_course/install/me326_project/share/me326_project//launch
[3.997s] -- Up-to-date: /home/joshhlee/me326_ws/src/collaborative_robotics_course/install/me326_project/share/me326_project//launch/locobot_moveitpy.launch.py
[3.997s] -- Up-to-date: /home/joshhlee/me326_ws/src/collaborative_robotics_course/install/me326_project/share/me326_project//launch/navigation_test.launch.py
[3.997s] -- Up-to-date: /home/joshhlee/me326_ws/src/collaborative_robotics_course/install/me326_project/share/me326_project//launch/locobot_circle_traj.launch.py
[3.997s] -- Up-to-date: /home/joshhlee/me326_ws/src/collaborative_robotics_course/install/me326_project/share/me326_project//launch/spawn_cube.launch.py
[3.997s] -- Up-to-date: /home/joshhlee/me326_ws/src/collaborative_robotics_course/install/me326_project/share/me326_project//launch/example.launch.xml
[3.997s] -- Up-to-date: /home/joshhlee/me326_ws/src/collaborative_robotics_course/install/me326_project/share/ament_index/resource_index/rosidl_interfaces/me326_project
[3.997s] -- Up-to-date: /home/joshhlee/me326_ws/src/collaborative_robotics_course/install/me326_project/include/me326_project
[3.997s] -- Up-to-date: /home/joshhlee/me326_ws/src/collaborative_robotics_course/install/me326_project/include/me326_project/msg
[3.997s] -- Up-to-date: /home/joshhlee/me326_ws/src/collaborative_robotics_course/install/me326_project/include/me326_project/msg/rosidl_generator_c__visibility_control.h
[3.997s] -- Up-to-date: /home/joshhlee/me326_ws/src/collaborative_robotics_course/install/me326_project/include/me326_project/action
[3.997s] -- Up-to-date: /home/joshhlee/me326_ws/src/collaborative_robotics_course/install/me326_project/include/me326_project/action/detail
[3.997s] -- Up-to-date: /home/joshhlee/me326_ws/src/collaborative_robotics_course/install/me326_project/include/me326_project/action/detail/move_base__struct.h
[3.997s] -- Up-to-date: /home/joshhlee/me326_ws/src/collaborative_robotics_course/install/me326_project/include/me326_project/action/detail/move_base__functions.c
[3.997s] -- Up-to-date: /home/joshhlee/me326_ws/src/collaborative_robotics_course/install/me326_project/include/me326_project/action/detail/move_base__type_support.h
[3.997s] -- Up-to-date: /home/joshhlee/me326_ws/src/collaborative_robotics_course/install/me326_project/include/me326_project/action/detail/move_base__functions.h
[3.998s] -- Up-to-date: /home/joshhlee/me326_ws/src/collaborative_robotics_course/install/me326_project/include/me326_project/action/move_base.h
[3.998s] -- Up-to-date: /home/joshhlee/me326_ws/src/collaborative_robotics_course/install/me326_project/share/me326_project/environment/library_path.sh
[3.998s] -- Installing: /home/joshhlee/me326_ws/src/collaborative_robotics_course/install/me326_project/share/me326_project/environment/library_path.dsv
[3.998s] -- Up-to-date: /home/joshhlee/me326_ws/src/collaborative_robotics_course/install/me326_project/lib/libme326_project__rosidl_generator_c.so
[3.998s] -- Up-to-date: /home/joshhlee/me326_ws/src/collaborative_robotics_course/install/me326_project/include/me326_project
[3.998s] -- Up-to-date: /home/joshhlee/me326_ws/src/collaborative_robotics_course/install/me326_project/include/me326_project/msg
[3.998s] -- Up-to-date: /home/joshhlee/me326_ws/src/collaborative_robotics_course/install/me326_project/include/me326_project/msg/rosidl_typesupport_fastrtps_c__visibility_control.h
[3.998s] -- Up-to-date: /home/joshhlee/me326_ws/src/collaborative_robotics_course/install/me326_project/include/me326_project/action
[3.998s] -- Up-to-date: /home/joshhlee/me326_ws/src/collaborative_robotics_course/install/me326_project/include/me326_project/action/detail
[3.998s] -- Up-to-date: /home/joshhlee/me326_ws/src/collaborative_robotics_course/install/me326_project/include/me326_project/action/detail/move_base__rosidl_typesupport_fastrtps_c.h
[3.998s] -- Up-to-date: /home/joshhlee/me326_ws/src/collaborative_robotics_course/install/me326_project/lib/libme326_project__rosidl_typesupport_fastrtps_c.so
[3.998s] -- Up-to-date: /home/joshhlee/me326_ws/src/collaborative_robotics_course/install/me326_project/include/me326_project
[3.998s] -- Up-to-date: /home/joshhlee/me326_ws/src/collaborative_robotics_course/install/me326_project/include/me326_project/msg
[3.998s] -- Up-to-date: /home/joshhlee/me326_ws/src/collaborative_robotics_course/install/me326_project/include/me326_project/msg/rosidl_typesupport_fastrtps_cpp__visibility_control.h
[3.998s] -- Up-to-date: /home/joshhlee/me326_ws/src/collaborative_robotics_course/install/me326_project/include/me326_project/action
[3.998s] -- Up-to-date: /home/joshhlee/me326_ws/src/collaborative_robotics_course/install/me326_project/include/me326_project/action/detail
[3.998s] -- Up-to-date: /home/joshhlee/me326_ws/src/collaborative_robotics_course/install/me326_project/include/me326_project/action/detail/dds_fastrtps
[3.998s] -- Up-to-date: /home/joshhlee/me326_ws/src/collaborative_robotics_course/install/me326_project/include/me326_project/action/detail/move_base__rosidl_typesupport_fastrtps_cpp.hpp
[3.998s] -- Up-to-date: /home/joshhlee/me326_ws/src/collaborative_robotics_course/install/me326_project/lib/libme326_project__rosidl_typesupport_fastrtps_cpp.so
[3.998s] -- Up-to-date: /home/joshhlee/me326_ws/src/collaborative_robotics_course/install/me326_project/include/me326_project
[3.999s] -- Up-to-date: /home/joshhlee/me326_ws/src/collaborative_robotics_course/install/me326_project/include/me326_project/msg
[3.999s] -- Up-to-date: /home/joshhlee/me326_ws/src/collaborative_robotics_course/install/me326_project/include/me326_project/msg/rosidl_typesupport_introspection_c__visibility_control.h
[3.999s] -- Up-to-date: /home/joshhlee/me326_ws/src/collaborative_robotics_course/install/me326_project/include/me326_project/action
[3.999s] -- Up-to-date: /home/joshhlee/me326_ws/src/collaborative_robotics_course/install/me326_project/include/me326_project/action/detail
[3.999s] -- Up-to-date: /home/joshhlee/me326_ws/src/collaborative_robotics_course/install/me326_project/include/me326_project/action/detail/move_base__rosidl_typesupport_introspection_c.h
[3.999s] -- Up-to-date: /home/joshhlee/me326_ws/src/collaborative_robotics_course/install/me326_project/include/me326_project/action/detail/move_base__type_support.c
[3.999s] -- Up-to-date: /home/joshhlee/me326_ws/src/collaborative_robotics_course/install/me326_project/lib/libme326_project__rosidl_typesupport_introspection_c.so
[3.999s] -- Up-to-date: /home/joshhlee/me326_ws/src/collaborative_robotics_course/install/me326_project/lib/libme326_project__rosidl_typesupport_c.so
[3.999s] -- Up-to-date: /home/joshhlee/me326_ws/src/collaborative_robotics_course/install/me326_project/include/me326_project
[3.999s] -- Up-to-date: /home/joshhlee/me326_ws/src/collaborative_robotics_course/install/me326_project/include/me326_project/action
[3.999s] -- Up-to-date: /home/joshhlee/me326_ws/src/collaborative_robotics_course/install/me326_project/include/me326_project/action/detail
[3.999s] -- Up-to-date: /home/joshhlee/me326_ws/src/collaborative_robotics_course/install/me326_project/include/me326_project/action/detail/move_base__struct.hpp
[3.999s] -- Up-to-date: /home/joshhlee/me326_ws/src/collaborative_robotics_course/install/me326_project/include/me326_project/action/detail/move_base__builder.hpp
[3.999s] -- Up-to-date: /home/joshhlee/me326_ws/src/collaborative_robotics_course/install/me326_project/include/me326_project/action/detail/move_base__traits.hpp
[3.999s] -- Up-to-date: /home/joshhlee/me326_ws/src/collaborative_robotics_course/install/me326_project/include/me326_project/action/move_base.hpp
[3.999s] -- Up-to-date: /home/joshhlee/me326_ws/src/collaborative_robotics_course/install/me326_project/include/me326_project
[3.999s] -- Up-to-date: /home/joshhlee/me326_ws/src/collaborative_robotics_course/install/me326_project/include/me326_project/action
[3.999s] -- Up-to-date: /home/joshhlee/me326_ws/src/collaborative_robotics_course/install/me326_project/include/me326_project/action/detail
[3.999s] -- Up-to-date: /home/joshhlee/me326_ws/src/collaborative_robotics_course/install/me326_project/include/me326_project/action/detail/move_base__type_support.cpp
[3.999s] -- Up-to-date: /home/joshhlee/me326_ws/src/collaborative_robotics_course/install/me326_project/include/me326_project/action/detail/move_base__rosidl_typesupport_introspection_cpp.hpp
[3.999s] -- Up-to-date: /home/joshhlee/me326_ws/src/collaborative_robotics_course/install/me326_project/lib/libme326_project__rosidl_typesupport_introspection_cpp.so
[3.999s] -- Up-to-date: /home/joshhlee/me326_ws/src/collaborative_robotics_course/install/me326_project/lib/libme326_project__rosidl_typesupport_cpp.so
[3.999s] -- Installing: /home/joshhlee/me326_ws/src/collaborative_robotics_course/install/me326_project/lib/python3.8/site-packages/me326_project/__init__.py
[4.022s] Compiling '/home/joshhlee/me326_ws/src/collaborative_robotics_course/install/me326_project/lib/python3.8/site-packages/me326_project/__init__.py'...
[4.026s] -- Up-to-date: /home/joshhlee/me326_ws/src/collaborative_robotics_course/install/me326_project/lib/python3.8/site-packages/me326_project/action
[4.026s] -- Up-to-date: /home/joshhlee/me326_ws/src/collaborative_robotics_course/install/me326_project/lib/python3.8/site-packages/me326_project/action/__init__.py
[4.026s] -- Up-to-date: /home/joshhlee/me326_ws/src/collaborative_robotics_course/install/me326_project/lib/python3.8/site-packages/me326_project/action/_move_base_s.c
[4.026s] -- Up-to-date: /home/joshhlee/me326_ws/src/collaborative_robotics_course/install/me326_project/lib/python3.8/site-packages/me326_project/action/_move_base.py
[4.026s] -- Up-to-date: /home/joshhlee/me326_ws/src/collaborative_robotics_course/install/me326_project/lib/python3.8/site-packages/me326_project/me326_project_s__rosidl_typesupport_fastrtps_c.cpython-38-aarch64-linux-gnu.so
[4.027s] -- Up-to-date: /home/joshhlee/me326_ws/src/collaborative_robotics_course/install/me326_project/lib/python3.8/site-packages/me326_project/me326_project_s__rosidl_typesupport_introspection_c.cpython-38-aarch64-linux-gnu.so
[4.027s] -- Up-to-date: /home/joshhlee/me326_ws/src/collaborative_robotics_course/install/me326_project/lib/python3.8/site-packages/me326_project/me326_project_s__rosidl_typesupport_c.cpython-38-aarch64-linux-gnu.so
[4.027s] -- Up-to-date: /home/joshhlee/me326_ws/src/collaborative_robotics_course/install/me326_project/lib/libme326_project__python.so
[4.027s] -- Up-to-date: /home/joshhlee/me326_ws/src/collaborative_robotics_course/install/me326_project/share/me326_project/action/MoveBase.idl
[4.028s] -- Up-to-date: /home/joshhlee/me326_ws/src/collaborative_robotics_course/install/me326_project/share/me326_project/action/MoveBase.action
[4.028s] -- Up-to-date: /home/joshhlee/me326_ws/src/collaborative_robotics_course/install/me326_project/share/me326_project/model
[4.028s] -- Up-to-date: /home/joshhlee/me326_ws/src/collaborative_robotics_course/install/me326_project/share/me326_project/model/yellow_cube.urdf
[4.028s] -- Up-to-date: /home/joshhlee/me326_ws/src/collaborative_robotics_course/install/me326_project/share/me326_project/model/green_cube.urdf
[4.028s] -- Up-to-date: /home/joshhlee/me326_ws/src/collaborative_robotics_course/install/me326_project/share/me326_project/model/red_cube.urdf
[4.028s] -- Up-to-date: /home/joshhlee/me326_ws/src/collaborative_robotics_course/install/me326_project/share/me326_project/model/blue_cube.urdf
[4.028s] -- Up-to-date: /home/joshhlee/me326_ws/src/collaborative_robotics_course/install/me326_project/share/ament_index/resource_index/package_run_dependencies/me326_project
[4.028s] -- Up-to-date: /home/joshhlee/me326_ws/src/collaborative_robotics_course/install/me326_project/share/ament_index/resource_index/parent_prefix_path/me326_project
[4.028s] -- Up-to-date: /home/joshhlee/me326_ws/src/collaborative_robotics_course/install/me326_project/share/me326_project/environment/ament_prefix_path.sh
[4.028s] -- Installing: /home/joshhlee/me326_ws/src/collaborative_robotics_course/install/me326_project/share/me326_project/environment/ament_prefix_path.dsv
[4.028s] -- Up-to-date: /home/joshhlee/me326_ws/src/collaborative_robotics_course/install/me326_project/share/me326_project/environment/path.sh
[4.028s] -- Installing: /home/joshhlee/me326_ws/src/collaborative_robotics_course/install/me326_project/share/me326_project/environment/path.dsv
[4.028s] -- Up-to-date: /home/joshhlee/me326_ws/src/collaborative_robotics_course/install/me326_project/share/me326_project/local_setup.bash
[4.028s] -- Up-to-date: /home/joshhlee/me326_ws/src/collaborative_robotics_course/install/me326_project/share/me326_project/local_setup.sh
[4.028s] -- Up-to-date: /home/joshhlee/me326_ws/src/collaborative_robotics_course/install/me326_project/share/me326_project/local_setup.zsh
[4.029s] -- Installing: /home/joshhlee/me326_ws/src/collaborative_robotics_course/install/me326_project/share/me326_project/local_setup.dsv
[4.029s] -- Installing: /home/joshhlee/me326_ws/src/collaborative_robotics_course/install/me326_project/share/me326_project/package.dsv
[4.029s] -- Up-to-date: /home/joshhlee/me326_ws/src/collaborative_robotics_course/install/me326_project/share/ament_index/resource_index/packages/me326_project
[4.029s] -- Up-to-date: /home/joshhlee/me326_ws/src/collaborative_robotics_course/install/me326_project/share/me326_project/cmake/me326_project__rosidl_generator_cExport.cmake
[4.029s] -- Installing: /home/joshhlee/me326_ws/src/collaborative_robotics_course/install/me326_project/share/me326_project/cmake/me326_project__rosidl_generator_cExport-noconfig.cmake
[4.029s] -- Up-to-date: /home/joshhlee/me326_ws/src/collaborative_robotics_course/install/me326_project/share/me326_project/cmake/me326_project__rosidl_typesupport_introspection_cExport.cmake
[4.029s] -- Installing: /home/joshhlee/me326_ws/src/collaborative_robotics_course/install/me326_project/share/me326_project/cmake/me326_project__rosidl_typesupport_introspection_cExport-noconfig.cmake
[4.029s] -- Up-to-date: /home/joshhlee/me326_ws/src/collaborative_robotics_course/install/me326_project/share/me326_project/cmake/me326_project__rosidl_typesupport_cExport.cmake
[4.029s] -- Installing: /home/joshhlee/me326_ws/src/collaborative_robotics_course/install/me326_project/share/me326_project/cmake/me326_project__rosidl_typesupport_cExport-noconfig.cmake
[4.030s] -- Up-to-date: /home/joshhlee/me326_ws/src/collaborative_robotics_course/install/me326_project/share/me326_project/cmake/me326_project__rosidl_generator_cppExport.cmake
[4.030s] -- Up-to-date: /home/joshhlee/me326_ws/src/collaborative_robotics_course/install/me326_project/share/me326_project/cmake/me326_project__rosidl_typesupport_introspection_cppExport.cmake
[4.030s] -- Installing: /home/joshhlee/me326_ws/src/collaborative_robotics_course/install/me326_project/share/me326_project/cmake/me326_project__rosidl_typesupport_introspection_cppExport-noconfig.cmake
[4.030s] -- Up-to-date: /home/joshhlee/me326_ws/src/collaborative_robotics_course/install/me326_project/share/me326_project/cmake/me326_project__rosidl_typesupport_cppExport.cmake
[4.030s] -- Installing: /home/joshhlee/me326_ws/src/collaborative_robotics_course/install/me326_project/share/me326_project/cmake/me326_project__rosidl_typesupport_cppExport-noconfig.cmake
[4.030s] -- Up-to-date: /home/joshhlee/me326_ws/src/collaborative_robotics_course/install/me326_project/share/me326_project/cmake/rosidl_cmake-extras.cmake
[4.030s] -- Up-to-date: /home/joshhlee/me326_ws/src/collaborative_robotics_course/install/me326_project/share/me326_project/cmake/ament_cmake_export_dependencies-extras.cmake
[4.030s] -- Up-to-date: /home/joshhlee/me326_ws/src/collaborative_robotics_course/install/me326_project/share/me326_project/cmake/ament_cmake_export_libraries-extras.cmake
[4.030s] -- Up-to-date: /home/joshhlee/me326_ws/src/collaborative_robotics_course/install/me326_project/share/me326_project/cmake/ament_cmake_export_targets-extras.cmake
[4.030s] -- Up-to-date: /home/joshhlee/me326_ws/src/collaborative_robotics_course/install/me326_project/share/me326_project/cmake/ament_cmake_export_include_directories-extras.cmake
[4.031s] -- Up-to-date: /home/joshhlee/me326_ws/src/collaborative_robotics_course/install/me326_project/share/me326_project/cmake/rosidl_cmake_export_typesupport_libraries-extras.cmake
[4.031s] -- Up-to-date: /home/joshhlee/me326_ws/src/collaborative_robotics_course/install/me326_project/share/me326_project/cmake/rosidl_cmake_export_typesupport_targets-extras.cmake
[4.031s] -- Up-to-date: /home/joshhlee/me326_ws/src/collaborative_robotics_course/install/me326_project/share/me326_project/cmake/me326_projectConfig.cmake
[4.031s] -- Up-to-date: /home/joshhlee/me326_ws/src/collaborative_robotics_course/install/me326_project/share/me326_project/cmake/me326_projectConfig-version.cmake
[4.031s] -- Up-to-date: /home/joshhlee/me326_ws/src/collaborative_robotics_course/install/me326_project/share/me326_project/package.xml
[4.036s] Invoked command in '/home/joshhlee/me326_ws/src/collaborative_robotics_course/build/me326_project' returned '0': CMAKE_PREFIX_PATH=${CMAKE_PREFIX_PATH}:/home/joshhlee/interbotix_ws/install/interbotix_xs_modules:/home/joshhlee/interbotix_ws/install/interbotix_perception_modules:/home/joshhlee/interbotix_ws/install/interbotix_common_modules:/opt/ros/galactic /usr/bin/cmake --install /home/joshhlee/me326_ws/src/collaborative_robotics_course/build/me326_project
