[2.756s] DEBUG:colcon:Command line arguments: ['/usr/bin/colcon', 'build']
[2.756s] DEBUG:colcon:Parsed command line arguments: Namespace(allow_overriding=[], ament_cmake_args=None, base_paths=['.'], build_base='build', catkin_cmake_args=None, catkin_skip_building_tests=False, cmake_args=None, cmake_clean_cache=False, cmake_clean_first=False, cmake_force_configure=False, cmake_target=None, cmake_target_skip_unavailable=False, continue_on_error=False, event_handlers=None, executor='parallel', ignore_user_meta=False, install_base='install', log_base=None, log_level=None, main=<bound method BuildVerb.main of <colcon_core.verb.build.BuildVerb object at 0xffff85e35a90>>, merge_install=False, metas=['./colcon.meta'], packages_above=None, packages_above_and_dependencies=None, packages_above_depth=None, packages_end=None, packages_ignore=None, packages_ignore_regex=None, packages_select=None, packages_select_build_failed=False, packages_select_by_dep=None, packages_select_regex=None, packages_select_test_failures=False, packages_skip=None, packages_skip_build_finished=False, packages_skip_by_dep=None, packages_skip_regex=None, packages_skip_test_passed=False, packages_skip_up_to=None, packages_start=None, packages_up_to=None, packages_up_to_regex=None, parallel_workers=4, paths=None, symlink_install=False, test_result_base=None, verb_extension=<colcon_core.verb.build.BuildVerb object at 0xffff85e35a90>, verb_name='build', verb_parser=<colcon_defaults.argument_parser.defaults.DefaultArgumentsDecorator object at 0xffff85e35760>)
[2.869s] Level 1:colcon.colcon_core.package_discovery:discover_packages(colcon_meta) check parameters
[2.870s] Level 1:colcon.colcon_core.package_discovery:discover_packages(recursive) check parameters
[2.870s] Level 1:colcon.colcon_core.package_discovery:discover_packages(ignore) check parameters
[2.870s] Level 1:colcon.colcon_core.package_discovery:discover_packages(path) check parameters
[2.870s] Level 1:colcon.colcon_core.package_discovery:discover_packages(colcon_meta) discover
[2.870s] Level 1:colcon.colcon_core.package_discovery:discover_packages(recursive) discover
[2.870s] INFO:colcon.colcon_core.package_discovery:Crawling recursively for packages in '/home/joshhlee/me326_ws/src/collaborative_robotics_course'
[2.870s] Level 1:colcon.colcon_core.package_identification:_identify(.) by extensions ['ignore', 'ignore_ament_install']
[2.870s] Level 1:colcon.colcon_core.package_identification:_identify(.) by extension 'ignore'
[2.870s] Level 1:colcon.colcon_core.package_identification:_identify(.) by extension 'ignore_ament_install'
[2.870s] Level 1:colcon.colcon_core.package_identification:_identify(.) by extensions ['colcon_pkg']
[2.870s] Level 1:colcon.colcon_core.package_identification:_identify(.) by extension 'colcon_pkg'
[2.870s] Level 1:colcon.colcon_core.package_identification:_identify(.) by extensions ['colcon_meta']
[2.870s] Level 1:colcon.colcon_core.package_identification:_identify(.) by extension 'colcon_meta'
[2.870s] Level 1:colcon.colcon_core.package_identification:_identify(.) by extensions ['ros']
[2.870s] Level 1:colcon.colcon_core.package_identification:_identify(.) by extension 'ros'
[2.877s] Level 1:colcon.colcon_core.package_identification:_identify(.) by extensions ['cmake', 'python']
[2.877s] Level 1:colcon.colcon_core.package_identification:_identify(.) by extension 'cmake'
[2.877s] Level 1:colcon.colcon_core.package_identification:_identify(.) by extension 'python'
[2.877s] Level 1:colcon.colcon_core.package_identification:_identify(.) by extensions ['python_setup_py']
[2.877s] Level 1:colcon.colcon_core.package_identification:_identify(.) by extension 'python_setup_py'
[2.877s] Level 1:colcon.colcon_core.package_identification:_identify(build) by extensions ['ignore', 'ignore_ament_install']
[2.877s] Level 1:colcon.colcon_core.package_identification:_identify(build) by extension 'ignore'
[2.877s] Level 1:colcon.colcon_core.package_identification:_identify(build) ignored
[2.877s] Level 1:colcon.colcon_core.package_identification:_identify(install) by extensions ['ignore', 'ignore_ament_install']
[2.877s] Level 1:colcon.colcon_core.package_identification:_identify(install) by extension 'ignore'
[2.877s] Level 1:colcon.colcon_core.package_identification:_identify(install) ignored
[2.877s] Level 1:colcon.colcon_core.package_identification:_identify(la_msgs) by extensions ['ignore', 'ignore_ament_install']
[2.878s] Level 1:colcon.colcon_core.package_identification:_identify(la_msgs) by extension 'ignore'
[2.878s] Level 1:colcon.colcon_core.package_identification:_identify(la_msgs) by extension 'ignore_ament_install'
[2.878s] Level 1:colcon.colcon_core.package_identification:_identify(la_msgs) by extensions ['colcon_pkg']
[2.878s] Level 1:colcon.colcon_core.package_identification:_identify(la_msgs) by extension 'colcon_pkg'
[2.878s] Level 1:colcon.colcon_core.package_identification:_identify(la_msgs) by extensions ['colcon_meta']
[2.878s] Level 1:colcon.colcon_core.package_identification:_identify(la_msgs) by extension 'colcon_meta'
[2.878s] Level 1:colcon.colcon_core.package_identification:_identify(la_msgs) by extensions ['ros']
[2.878s] Level 1:colcon.colcon_core.package_identification:_identify(la_msgs) by extension 'ros'
[2.879s] DEBUG:colcon.colcon_core.package_identification:Package 'la_msgs' with type 'ros.ament_cmake' and name 'la_msgs'
[2.880s] Level 1:colcon.colcon_core.package_identification:_identify(locobot_autonomy) by extensions ['ignore', 'ignore_ament_install']
[2.880s] Level 1:colcon.colcon_core.package_identification:_identify(locobot_autonomy) by extension 'ignore'
[2.880s] Level 1:colcon.colcon_core.package_identification:_identify(locobot_autonomy) by extension 'ignore_ament_install'
[2.880s] Level 1:colcon.colcon_core.package_identification:_identify(locobot_autonomy) by extensions ['colcon_pkg']
[2.880s] Level 1:colcon.colcon_core.package_identification:_identify(locobot_autonomy) by extension 'colcon_pkg'
[2.880s] Level 1:colcon.colcon_core.package_identification:_identify(locobot_autonomy) by extensions ['colcon_meta']
[2.880s] Level 1:colcon.colcon_core.package_identification:_identify(locobot_autonomy) by extension 'colcon_meta'
[2.880s] Level 1:colcon.colcon_core.package_identification:_identify(locobot_autonomy) by extensions ['ros']
[2.880s] Level 1:colcon.colcon_core.package_identification:_identify(locobot_autonomy) by extension 'ros'
[2.881s] DEBUG:colcon.colcon_core.package_identification:Package 'locobot_autonomy' with type 'ros.ament_cmake' and name 'locobot_autonomy'
[2.881s] Level 1:colcon.colcon_core.package_identification:_identify(log) by extensions ['ignore', 'ignore_ament_install']
[2.881s] Level 1:colcon.colcon_core.package_identification:_identify(log) by extension 'ignore'
[2.881s] Level 1:colcon.colcon_core.package_identification:_identify(log) ignored
[2.881s] Level 1:colcon.colcon_core.package_identification:_identify(me326_project) by extensions ['ignore', 'ignore_ament_install']
[2.881s] Level 1:colcon.colcon_core.package_identification:_identify(me326_project) by extension 'ignore'
[2.881s] Level 1:colcon.colcon_core.package_identification:_identify(me326_project) by extension 'ignore_ament_install'
[2.881s] Level 1:colcon.colcon_core.package_identification:_identify(me326_project) by extensions ['colcon_pkg']
[2.881s] Level 1:colcon.colcon_core.package_identification:_identify(me326_project) by extension 'colcon_pkg'
[2.881s] Level 1:colcon.colcon_core.package_identification:_identify(me326_project) by extensions ['colcon_meta']
[2.881s] Level 1:colcon.colcon_core.package_identification:_identify(me326_project) by extension 'colcon_meta'
[2.881s] Level 1:colcon.colcon_core.package_identification:_identify(me326_project) by extensions ['ros']
[2.881s] Level 1:colcon.colcon_core.package_identification:_identify(me326_project) by extension 'ros'
[2.882s] DEBUG:colcon.colcon_core.package_identification:Package 'me326_project' with type 'ros.ament_cmake' and name 'me326_project'
[2.882s] Level 1:colcon.colcon_core.package_discovery:discover_packages(recursive) using defaults
[2.882s] Level 1:colcon.colcon_core.package_discovery:discover_packages(ignore) discover
[2.882s] Level 1:colcon.colcon_core.package_discovery:discover_packages(ignore) using defaults
[2.882s] Level 1:colcon.colcon_core.package_discovery:discover_packages(path) discover
[2.882s] Level 1:colcon.colcon_core.package_discovery:discover_packages(path) using defaults
[3.152s] Level 1:colcon.colcon_core.package_discovery:discover_packages(prefix_path) check parameters
[3.152s] Level 1:colcon.colcon_core.package_discovery:discover_packages(prefix_path) discover
[3.202s] WARNING:colcon.colcon_core.prefix_path.colcon:The path '/home/joshhlee/me326_ws/install' in the environment variable COLCON_PREFIX_PATH doesn't exist
[3.202s] WARNING:colcon.colcon_ros.prefix_path.ament:The path '/home/joshhlee/me326_ws/install/me326_project' in the environment variable AMENT_PREFIX_PATH doesn't exist
[3.202s] WARNING:colcon.colcon_ros.prefix_path.ament:The path '/home/joshhlee/me326_ws/install/me326_locobot_example' in the environment variable AMENT_PREFIX_PATH doesn't exist
[3.203s] WARNING:colcon.colcon_ros.prefix_path.catkin:The path '/home/joshhlee/me326_ws/install/me326_project' in the environment variable CMAKE_PREFIX_PATH doesn't exist
[3.203s] WARNING:colcon.colcon_ros.prefix_path.catkin:The path '/home/joshhlee/me326_ws/install/me326_locobot_example' in the environment variable CMAKE_PREFIX_PATH doesn't exist
[3.257s] DEBUG:colcon.colcon_installed_package_information.package_discovery:Found 2 installed packages in /home/joshhlee/me326_ws/src/collaborative_robotics_course/install
[3.309s] DEBUG:colcon.colcon_installed_package_information.package_discovery:Found 22 installed packages in /home/joshhlee/interbotix_ws/install
[3.363s] DEBUG:colcon.colcon_installed_package_information.package_discovery:Found 2 installed packages in /home/joshhlee/MK3_ws/src/install
[3.416s] DEBUG:colcon.colcon_installed_package_information.package_discovery:Found 335 installed packages in /opt/ros/galactic
[3.417s] Level 1:colcon.colcon_core.package_discovery:discover_packages(prefix_path) using defaults
[3.570s] Level 5:colcon.colcon_core.verb:set package 'la_msgs' build argument 'cmake_args' from command line to 'None'
[3.570s] Level 5:colcon.colcon_core.verb:set package 'la_msgs' build argument 'cmake_target' from command line to 'None'
[3.570s] Level 5:colcon.colcon_core.verb:set package 'la_msgs' build argument 'cmake_target_skip_unavailable' from command line to 'False'
[3.570s] Level 5:colcon.colcon_core.verb:set package 'la_msgs' build argument 'cmake_clean_cache' from command line to 'False'
[3.570s] Level 5:colcon.colcon_core.verb:set package 'la_msgs' build argument 'cmake_clean_first' from command line to 'False'
[3.570s] Level 5:colcon.colcon_core.verb:set package 'la_msgs' build argument 'cmake_force_configure' from command line to 'False'
[3.570s] Level 5:colcon.colcon_core.verb:set package 'la_msgs' build argument 'ament_cmake_args' from command line to 'None'
[3.570s] Level 5:colcon.colcon_core.verb:set package 'la_msgs' build argument 'catkin_cmake_args' from command line to 'None'
[3.570s] Level 5:colcon.colcon_core.verb:set package 'la_msgs' build argument 'catkin_skip_building_tests' from command line to 'False'
[3.570s] DEBUG:colcon.colcon_core.verb:Building package 'la_msgs' with the following arguments: {'ament_cmake_args': None, 'build_base': '/home/joshhlee/me326_ws/src/collaborative_robotics_course/build/la_msgs', 'catkin_cmake_args': None, 'catkin_skip_building_tests': False, 'cmake_args': None, 'cmake_clean_cache': False, 'cmake_clean_first': False, 'cmake_force_configure': False, 'cmake_target': None, 'cmake_target_skip_unavailable': False, 'install_base': '/home/joshhlee/me326_ws/src/collaborative_robotics_course/install/la_msgs', 'merge_install': False, 'path': '/home/joshhlee/me326_ws/src/collaborative_robotics_course/la_msgs', 'symlink_install': False, 'test_result_base': None}
[3.618s] Level 5:colcon.colcon_core.verb:set package 'me326_project' build argument 'cmake_args' from command line to 'None'
[3.618s] Level 5:colcon.colcon_core.verb:set package 'me326_project' build argument 'cmake_target' from command line to 'None'
[3.618s] Level 5:colcon.colcon_core.verb:set package 'me326_project' build argument 'cmake_target_skip_unavailable' from command line to 'False'
[3.618s] Level 5:colcon.colcon_core.verb:set package 'me326_project' build argument 'cmake_clean_cache' from command line to 'False'
[3.618s] Level 5:colcon.colcon_core.verb:set package 'me326_project' build argument 'cmake_clean_first' from command line to 'False'
[3.618s] Level 5:colcon.colcon_core.verb:set package 'me326_project' build argument 'cmake_force_configure' from command line to 'False'
[3.618s] Level 5:colcon.colcon_core.verb:set package 'me326_project' build argument 'ament_cmake_args' from command line to 'None'
[3.618s] Level 5:colcon.colcon_core.verb:set package 'me326_project' build argument 'catkin_cmake_args' from command line to 'None'
[3.618s] Level 5:colcon.colcon_core.verb:set package 'me326_project' build argument 'catkin_skip_building_tests' from command line to 'False'
[3.618s] DEBUG:colcon.colcon_core.verb:Building package 'me326_project' with the following arguments: {'ament_cmake_args': None, 'build_base': '/home/joshhlee/me326_ws/src/collaborative_robotics_course/build/me326_project', 'catkin_cmake_args': None, 'catkin_skip_building_tests': False, 'cmake_args': None, 'cmake_clean_cache': False, 'cmake_clean_first': False, 'cmake_force_configure': False, 'cmake_target': None, 'cmake_target_skip_unavailable': False, 'install_base': '/home/joshhlee/me326_ws/src/collaborative_robotics_course/install/me326_project', 'merge_install': False, 'path': '/home/joshhlee/me326_ws/src/collaborative_robotics_course/me326_project', 'symlink_install': False, 'test_result_base': None}
[3.666s] Level 5:colcon.colcon_core.verb:set package 'locobot_autonomy' build argument 'cmake_args' from command line to 'None'
[3.666s] Level 5:colcon.colcon_core.verb:set package 'locobot_autonomy' build argument 'cmake_target' from command line to 'None'
[3.666s] Level 5:colcon.colcon_core.verb:set package 'locobot_autonomy' build argument 'cmake_target_skip_unavailable' from command line to 'False'
[3.666s] Level 5:colcon.colcon_core.verb:set package 'locobot_autonomy' build argument 'cmake_clean_cache' from command line to 'False'
[3.666s] Level 5:colcon.colcon_core.verb:set package 'locobot_autonomy' build argument 'cmake_clean_first' from command line to 'False'
[3.666s] Level 5:colcon.colcon_core.verb:set package 'locobot_autonomy' build argument 'cmake_force_configure' from command line to 'False'
[3.666s] Level 5:colcon.colcon_core.verb:set package 'locobot_autonomy' build argument 'ament_cmake_args' from command line to 'None'
[3.666s] Level 5:colcon.colcon_core.verb:set package 'locobot_autonomy' build argument 'catkin_cmake_args' from command line to 'None'
[3.666s] Level 5:colcon.colcon_core.verb:set package 'locobot_autonomy' build argument 'catkin_skip_building_tests' from command line to 'False'
[3.666s] DEBUG:colcon.colcon_core.verb:Building package 'locobot_autonomy' with the following arguments: {'ament_cmake_args': None, 'build_base': '/home/joshhlee/me326_ws/src/collaborative_robotics_course/build/locobot_autonomy', 'catkin_cmake_args': None, 'catkin_skip_building_tests': False, 'cmake_args': None, 'cmake_clean_cache': False, 'cmake_clean_first': False, 'cmake_force_configure': False, 'cmake_target': None, 'cmake_target_skip_unavailable': False, 'install_base': '/home/joshhlee/me326_ws/src/collaborative_robotics_course/install/locobot_autonomy', 'merge_install': False, 'path': '/home/joshhlee/me326_ws/src/collaborative_robotics_course/locobot_autonomy', 'symlink_install': False, 'test_result_base': None}
[3.713s] INFO:colcon.colcon_core.executor:Executing jobs using 'parallel' executor
[3.760s] DEBUG:colcon.colcon_parallel_executor.executor.parallel:run_until_complete
[3.761s] INFO:colcon.colcon_ros.task.ament_cmake.build:Building ROS package in '/home/joshhlee/me326_ws/src/collaborative_robotics_course/la_msgs' with build type 'ament_cmake'
[3.761s] INFO:colcon.colcon_cmake.task.cmake.build:Building CMake package in '/home/joshhlee/me326_ws/src/collaborative_robotics_course/la_msgs'
[3.812s] INFO:colcon.colcon_core.plugin_system:Skipping extension 'colcon_core.shell.bat': Not used on non-Windows systems
[3.812s] INFO:colcon.colcon_core.shell:Skip shell extension 'powershell' for command environment: Not usable outside of PowerShell
[3.812s] DEBUG:colcon.colcon_core.shell:Skip shell extension 'dsv' for command environment
[4.069s] INFO:colcon.colcon_ros.task.ament_cmake.build:Building ROS package in '/home/joshhlee/me326_ws/src/collaborative_robotics_course/me326_project' with build type 'ament_cmake'
[4.069s] INFO:colcon.colcon_cmake.task.cmake.build:Building CMake package in '/home/joshhlee/me326_ws/src/collaborative_robotics_course/me326_project'
[4.121s] INFO:colcon.colcon_core.shell:Skip shell extension 'powershell' for command environment: Not usable outside of PowerShell
[4.122s] DEBUG:colcon.colcon_core.shell:Skip shell extension 'dsv' for command environment
[4.380s] DEBUG:colcon.colcon_core.event_handler.log_command:Invoking command in '/home/joshhlee/me326_ws/src/collaborative_robotics_course/build/la_msgs': CMAKE_PREFIX_PATH=${CMAKE_PREFIX_PATH}:/home/joshhlee/interbotix_ws/install/interbotix_xs_modules:/home/joshhlee/interbotix_ws/install/interbotix_perception_modules:/home/joshhlee/interbotix_ws/install/interbotix_common_modules:/opt/ros/galactic /usr/bin/cmake --build /home/joshhlee/me326_ws/src/collaborative_robotics_course/build/la_msgs -- -j4 -l4
[4.393s] DEBUG:colcon.colcon_core.event_handler.log_command:Invoking command in '/home/joshhlee/me326_ws/src/collaborative_robotics_course/build/me326_project': CMAKE_PREFIX_PATH=${CMAKE_PREFIX_PATH}:/home/joshhlee/interbotix_ws/install/interbotix_xs_modules:/home/joshhlee/interbotix_ws/install/interbotix_perception_modules:/home/joshhlee/interbotix_ws/install/interbotix_common_modules:/opt/ros/galactic /usr/bin/cmake /home/joshhlee/me326_ws/src/collaborative_robotics_course/me326_project -DCMAKE_INSTALL_PREFIX=/home/joshhlee/me326_ws/src/collaborative_robotics_course/install/me326_project
[4.649s] DEBUG:colcon.colcon_core.event_handler.log_command:Invoked command in '/home/joshhlee/me326_ws/src/collaborative_robotics_course/build/la_msgs' returned '0': CMAKE_PREFIX_PATH=${CMAKE_PREFIX_PATH}:/home/joshhlee/interbotix_ws/install/interbotix_xs_modules:/home/joshhlee/interbotix_ws/install/interbotix_perception_modules:/home/joshhlee/interbotix_ws/install/interbotix_common_modules:/opt/ros/galactic /usr/bin/cmake --build /home/joshhlee/me326_ws/src/collaborative_robotics_course/build/la_msgs -- -j4 -l4
[4.724s] DEBUG:colcon.colcon_core.event_handler.log_command:Invoking command in '/home/joshhlee/me326_ws/src/collaborative_robotics_course/build/la_msgs': CMAKE_PREFIX_PATH=${CMAKE_PREFIX_PATH}:/home/joshhlee/interbotix_ws/install/interbotix_xs_modules:/home/joshhlee/interbotix_ws/install/interbotix_perception_modules:/home/joshhlee/interbotix_ws/install/interbotix_common_modules:/opt/ros/galactic /usr/bin/cmake --install /home/joshhlee/me326_ws/src/collaborative_robotics_course/build/la_msgs
[4.765s] Level 1:colcon.colcon_core.environment:create_environment_scripts_only(la_msgs)
[4.765s] DEBUG:colcon.colcon_core.event_handler.log_command:Invoked command in '/home/joshhlee/me326_ws/src/collaborative_robotics_course/build/la_msgs' returned '0': CMAKE_PREFIX_PATH=${CMAKE_PREFIX_PATH}:/home/joshhlee/interbotix_ws/install/interbotix_xs_modules:/home/joshhlee/interbotix_ws/install/interbotix_perception_modules:/home/joshhlee/interbotix_ws/install/interbotix_common_modules:/opt/ros/galactic /usr/bin/cmake --install /home/joshhlee/me326_ws/src/collaborative_robotics_course/build/la_msgs
[4.820s] Level 1:colcon.colcon_core.environment:checking '/home/joshhlee/me326_ws/src/collaborative_robotics_course/install/la_msgs' for CMake module files
[4.821s] Level 1:colcon.colcon_core.environment:checking '/home/joshhlee/me326_ws/src/collaborative_robotics_course/install/la_msgs' for CMake config files
[4.821s] Level 1:colcon.colcon_core.shell:create_environment_hook('la_msgs', 'cmake_prefix_path')
[4.882s] INFO:colcon.colcon_core.shell:Creating environment hook '/home/joshhlee/me326_ws/src/collaborative_robotics_course/install/la_msgs/share/la_msgs/hook/cmake_prefix_path.ps1'
[4.883s] INFO:colcon.colcon_core.shell:Creating environment descriptor '/home/joshhlee/me326_ws/src/collaborative_robotics_course/install/la_msgs/share/la_msgs/hook/cmake_prefix_path.dsv'
[4.883s] INFO:colcon.colcon_core.shell:Creating environment hook '/home/joshhlee/me326_ws/src/collaborative_robotics_course/install/la_msgs/share/la_msgs/hook/cmake_prefix_path.sh'
[4.884s] Level 1:colcon.colcon_core.environment:checking '/home/joshhlee/me326_ws/src/collaborative_robotics_course/install/la_msgs/lib'
[4.884s] Level 1:colcon.colcon_core.shell:create_environment_hook('la_msgs', 'ld_library_path_lib')
[4.939s] INFO:colcon.colcon_core.shell:Creating environment hook '/home/joshhlee/me326_ws/src/collaborative_robotics_course/install/la_msgs/share/la_msgs/hook/ld_library_path_lib.ps1'
[4.940s] INFO:colcon.colcon_core.shell:Creating environment descriptor '/home/joshhlee/me326_ws/src/collaborative_robotics_course/install/la_msgs/share/la_msgs/hook/ld_library_path_lib.dsv'
[4.940s] INFO:colcon.colcon_core.shell:Creating environment hook '/home/joshhlee/me326_ws/src/collaborative_robotics_course/install/la_msgs/share/la_msgs/hook/ld_library_path_lib.sh'
[4.940s] Level 1:colcon.colcon_core.environment:checking '/home/joshhlee/me326_ws/src/collaborative_robotics_course/install/la_msgs/bin'
[4.940s] Level 1:colcon.colcon_core.environment:checking '/home/joshhlee/me326_ws/src/collaborative_robotics_course/install/la_msgs/lib/pkgconfig/la_msgs.pc'
[4.940s] Level 1:colcon.colcon_core.environment:checking '/home/joshhlee/me326_ws/src/collaborative_robotics_course/install/la_msgs/lib/python3.8/site-packages'
[4.940s] Level 1:colcon.colcon_core.shell:create_environment_hook('la_msgs', 'pythonpath')
[4.994s] INFO:colcon.colcon_core.shell:Creating environment hook '/home/joshhlee/me326_ws/src/collaborative_robotics_course/install/la_msgs/share/la_msgs/hook/pythonpath.ps1'
[4.994s] INFO:colcon.colcon_core.shell:Creating environment descriptor '/home/joshhlee/me326_ws/src/collaborative_robotics_course/install/la_msgs/share/la_msgs/hook/pythonpath.dsv'
[4.994s] INFO:colcon.colcon_core.shell:Creating environment hook '/home/joshhlee/me326_ws/src/collaborative_robotics_course/install/la_msgs/share/la_msgs/hook/pythonpath.sh'
[4.995s] Level 1:colcon.colcon_core.environment:checking '/home/joshhlee/me326_ws/src/collaborative_robotics_course/install/la_msgs/bin'
[5.047s] INFO:colcon.colcon_core.shell:Creating package script '/home/joshhlee/me326_ws/src/collaborative_robotics_course/install/la_msgs/share/la_msgs/package.ps1'
[5.048s] INFO:colcon.colcon_core.shell:Creating package descriptor '/home/joshhlee/me326_ws/src/collaborative_robotics_course/install/la_msgs/share/la_msgs/package.dsv'
[5.048s] INFO:colcon.colcon_core.shell:Creating package script '/home/joshhlee/me326_ws/src/collaborative_robotics_course/install/la_msgs/share/la_msgs/package.sh'
[5.048s] INFO:colcon.colcon_core.shell:Creating package script '/home/joshhlee/me326_ws/src/collaborative_robotics_course/install/la_msgs/share/la_msgs/package.bash'
[5.049s] INFO:colcon.colcon_core.shell:Creating package script '/home/joshhlee/me326_ws/src/collaborative_robotics_course/install/la_msgs/share/la_msgs/package.zsh'
[5.049s] Level 1:colcon.colcon_core.environment:create_file_with_runtime_dependencies(/home/joshhlee/me326_ws/src/collaborative_robotics_course/install/la_msgs/share/colcon-core/packages/la_msgs)
[5.163s] Level 1:colcon.colcon_core.environment:create_environment_scripts_only(la_msgs)
[5.220s] Level 1:colcon.colcon_core.environment:checking '/home/joshhlee/me326_ws/src/collaborative_robotics_course/install/la_msgs' for CMake module files
[5.220s] Level 1:colcon.colcon_core.environment:checking '/home/joshhlee/me326_ws/src/collaborative_robotics_course/install/la_msgs' for CMake config files
[5.221s] Level 1:colcon.colcon_core.shell:create_environment_hook('la_msgs', 'cmake_prefix_path')
[5.273s] INFO:colcon.colcon_core.shell:Creating environment hook '/home/joshhlee/me326_ws/src/collaborative_robotics_course/install/la_msgs/share/la_msgs/hook/cmake_prefix_path.ps1'
[5.274s] INFO:colcon.colcon_core.shell:Creating environment descriptor '/home/joshhlee/me326_ws/src/collaborative_robotics_course/install/la_msgs/share/la_msgs/hook/cmake_prefix_path.dsv'
[5.274s] INFO:colcon.colcon_core.shell:Creating environment hook '/home/joshhlee/me326_ws/src/collaborative_robotics_course/install/la_msgs/share/la_msgs/hook/cmake_prefix_path.sh'
[5.274s] Level 1:colcon.colcon_core.environment:checking '/home/joshhlee/me326_ws/src/collaborative_robotics_course/install/la_msgs/lib'
[5.274s] Level 1:colcon.colcon_core.shell:create_environment_hook('la_msgs', 'ld_library_path_lib')
[5.326s] INFO:colcon.colcon_core.shell:Creating environment hook '/home/joshhlee/me326_ws/src/collaborative_robotics_course/install/la_msgs/share/la_msgs/hook/ld_library_path_lib.ps1'
[5.327s] INFO:colcon.colcon_core.shell:Creating environment descriptor '/home/joshhlee/me326_ws/src/collaborative_robotics_course/install/la_msgs/share/la_msgs/hook/ld_library_path_lib.dsv'
[5.327s] INFO:colcon.colcon_core.shell:Creating environment hook '/home/joshhlee/me326_ws/src/collaborative_robotics_course/install/la_msgs/share/la_msgs/hook/ld_library_path_lib.sh'
[5.327s] Level 1:colcon.colcon_core.environment:checking '/home/joshhlee/me326_ws/src/collaborative_robotics_course/install/la_msgs/bin'
[5.327s] Level 1:colcon.colcon_core.environment:checking '/home/joshhlee/me326_ws/src/collaborative_robotics_course/install/la_msgs/lib/pkgconfig/la_msgs.pc'
[5.327s] Level 1:colcon.colcon_core.environment:checking '/home/joshhlee/me326_ws/src/collaborative_robotics_course/install/la_msgs/lib/python3.8/site-packages'
[5.327s] Level 1:colcon.colcon_core.shell:create_environment_hook('la_msgs', 'pythonpath')
[5.380s] INFO:colcon.colcon_core.shell:Creating environment hook '/home/joshhlee/me326_ws/src/collaborative_robotics_course/install/la_msgs/share/la_msgs/hook/pythonpath.ps1'
[5.381s] INFO:colcon.colcon_core.shell:Creating environment descriptor '/home/joshhlee/me326_ws/src/collaborative_robotics_course/install/la_msgs/share/la_msgs/hook/pythonpath.dsv'
[5.381s] INFO:colcon.colcon_core.shell:Creating environment hook '/home/joshhlee/me326_ws/src/collaborative_robotics_course/install/la_msgs/share/la_msgs/hook/pythonpath.sh'
[5.381s] Level 1:colcon.colcon_core.environment:checking '/home/joshhlee/me326_ws/src/collaborative_robotics_course/install/la_msgs/bin'
[5.433s] INFO:colcon.colcon_core.shell:Creating package script '/home/joshhlee/me326_ws/src/collaborative_robotics_course/install/la_msgs/share/la_msgs/package.ps1'
[5.433s] INFO:colcon.colcon_core.shell:Creating package descriptor '/home/joshhlee/me326_ws/src/collaborative_robotics_course/install/la_msgs/share/la_msgs/package.dsv'
[5.434s] INFO:colcon.colcon_core.shell:Creating package script '/home/joshhlee/me326_ws/src/collaborative_robotics_course/install/la_msgs/share/la_msgs/package.sh'
[5.434s] INFO:colcon.colcon_core.shell:Creating package script '/home/joshhlee/me326_ws/src/collaborative_robotics_course/install/la_msgs/share/la_msgs/package.bash'
[5.434s] INFO:colcon.colcon_core.shell:Creating package script '/home/joshhlee/me326_ws/src/collaborative_robotics_course/install/la_msgs/share/la_msgs/package.zsh'
[5.434s] Level 1:colcon.colcon_core.environment:create_file_with_runtime_dependencies(/home/joshhlee/me326_ws/src/collaborative_robotics_course/install/la_msgs/share/colcon-core/packages/la_msgs)
[5.434s] INFO:colcon.colcon_ros.task.ament_cmake.build:Building ROS package in '/home/joshhlee/me326_ws/src/collaborative_robotics_course/locobot_autonomy' with build type 'ament_cmake'
[5.435s] INFO:colcon.colcon_cmake.task.cmake.build:Building CMake package in '/home/joshhlee/me326_ws/src/collaborative_robotics_course/locobot_autonomy'
[5.493s] INFO:colcon.colcon_core.shell:Skip shell extension 'powershell' for command environment: Not usable outside of PowerShell
[5.493s] DEBUG:colcon.colcon_core.shell:Skip shell extension 'dsv' for command environment
[5.764s] DEBUG:colcon.colcon_core.event_handler.log_command:Invoking command in '/home/joshhlee/me326_ws/src/collaborative_robotics_course/build/locobot_autonomy': AMENT_PREFIX_PATH=/home/joshhlee/me326_ws/src/collaborative_robotics_course/install/la_msgs:${AMENT_PREFIX_PATH} CMAKE_PREFIX_PATH=/home/joshhlee/me326_ws/src/collaborative_robotics_course/install/la_msgs:/home/joshhlee/me326_ws/install/me326_project:/home/joshhlee/me326_ws/install/me326_locobot_example:/home/joshhlee/MK3_ws/src/install/locobot_autonomy:/home/joshhlee/MK3_ws/src/install/la_msgs:/home/joshhlee/interbotix_ws/install/interbotix_moveit_interface:/home/joshhlee/interbotix_ws/install/moveit_visual_tools:/home/joshhlee/interbotix_ws/install/interbotix_xslocobot_ros_control:/home/joshhlee/interbotix_ws/install/interbotix_xslocobot_sim:/home/joshhlee/interbotix_ws/install/interbotix_xslocobot_nav:/home/joshhlee/interbotix_ws/install/interbotix_xslocobot_control:/home/joshhlee/interbotix_ws/install/interbotix_xslocobot_descriptions:/home/joshhlee/interbotix_ws/install/interbotix_xs_toolbox:/home/joshhlee/interbotix_ws/install/interbotix_xs_rviz:/home/joshhlee/interbotix_ws/install/interbotix_xs_ros_control:/home/joshhlee/interbotix_ws/install/interbotix_perception_toolbox:/home/joshhlee/interbotix_ws/install/interbotix_perception_pipelines:/home/joshhlee/interbotix_ws/install/interbotix_xs_msgs:/home/joshhlee/interbotix_ws/install/interbotix_tf_tools:/home/joshhlee/interbotix_ws/install/interbotix_perception_msgs:/home/joshhlee/interbotix_ws/install/interbotix_moveit_interface_msgs:/home/joshhlee/interbotix_ws/install/interbotix_common_toolbox:/home/joshhlee/interbotix_ws/install/interbotix_common_sim:/home/joshhlee/interbotix_ws/install/interbotix_xs_modules:/home/joshhlee/interbotix_ws/install/interbotix_perception_modules:/home/joshhlee/interbotix_ws/install/interbotix_common_modules:/opt/ros/galactic LD_LIBRARY_PATH=/home/joshhlee/me326_ws/src/collaborative_robotics_course/install/la_msgs/lib:/home/joshhlee/me326_ws/install/me326_project/lib:/home/joshhlee/MK3_ws/src/install/locobot_autonomy/lib:/home/joshhlee/MK3_ws/src/install/la_msgs/lib:/home/joshhlee/interbotix_ws/install/moveit_visual_tools/lib:/home/joshhlee/interbotix_ws/install/interbotix_xs_rviz/lib:/home/joshhlee/interbotix_ws/install/interbotix_xs_ros_control/lib:/home/joshhlee/interbotix_ws/install/interbotix_xs_msgs/lib:/home/joshhlee/interbotix_ws/install/interbotix_tf_tools/lib:/home/joshhlee/interbotix_ws/install/interbotix_perception_msgs/lib:/home/joshhlee/interbotix_ws/install/interbotix_moveit_interface_msgs/lib:/usr/lib/aarch64-linux-gnu/gazebo-11/plugins:/opt/ros/galactic/opt/yaml_cpp_vendor/lib:/opt/ros/galactic/opt/rviz_ogre_vendor/lib:/opt/ros/galactic/lib/aarch64-linux-gnu:/opt/ros/galactic/lib:/usr/share/gazebo/../../lib/aarch64-linux-gnu/gazebo-11/plugins PYTHONPATH=/home/joshhlee/me326_ws/src/collaborative_robotics_course/install/la_msgs/lib/python3.8/site-packages:${PYTHONPATH} /usr/bin/cmake --build /home/joshhlee/me326_ws/src/collaborative_robotics_course/build/locobot_autonomy -- -j4 -l4
[6.091s] DEBUG:colcon.colcon_core.event_handler.log_command:Invoked command in '/home/joshhlee/me326_ws/src/collaborative_robotics_course/build/locobot_autonomy' returned '0': AMENT_PREFIX_PATH=/home/joshhlee/me326_ws/src/collaborative_robotics_course/install/la_msgs:${AMENT_PREFIX_PATH} CMAKE_PREFIX_PATH=/home/joshhlee/me326_ws/src/collaborative_robotics_course/install/la_msgs:/home/joshhlee/me326_ws/install/me326_project:/home/joshhlee/me326_ws/install/me326_locobot_example:/home/joshhlee/MK3_ws/src/install/locobot_autonomy:/home/joshhlee/MK3_ws/src/install/la_msgs:/home/joshhlee/interbotix_ws/install/interbotix_moveit_interface:/home/joshhlee/interbotix_ws/install/moveit_visual_tools:/home/joshhlee/interbotix_ws/install/interbotix_xslocobot_ros_control:/home/joshhlee/interbotix_ws/install/interbotix_xslocobot_sim:/home/joshhlee/interbotix_ws/install/interbotix_xslocobot_nav:/home/joshhlee/interbotix_ws/install/interbotix_xslocobot_control:/home/joshhlee/interbotix_ws/install/interbotix_xslocobot_descriptions:/home/joshhlee/interbotix_ws/install/interbotix_xs_toolbox:/home/joshhlee/interbotix_ws/install/interbotix_xs_rviz:/home/joshhlee/interbotix_ws/install/interbotix_xs_ros_control:/home/joshhlee/interbotix_ws/install/interbotix_perception_toolbox:/home/joshhlee/interbotix_ws/install/interbotix_perception_pipelines:/home/joshhlee/interbotix_ws/install/interbotix_xs_msgs:/home/joshhlee/interbotix_ws/install/interbotix_tf_tools:/home/joshhlee/interbotix_ws/install/interbotix_perception_msgs:/home/joshhlee/interbotix_ws/install/interbotix_moveit_interface_msgs:/home/joshhlee/interbotix_ws/install/interbotix_common_toolbox:/home/joshhlee/interbotix_ws/install/interbotix_common_sim:/home/joshhlee/interbotix_ws/install/interbotix_xs_modules:/home/joshhlee/interbotix_ws/install/interbotix_perception_modules:/home/joshhlee/interbotix_ws/install/interbotix_common_modules:/opt/ros/galactic LD_LIBRARY_PATH=/home/joshhlee/me326_ws/src/collaborative_robotics_course/install/la_msgs/lib:/home/joshhlee/me326_ws/install/me326_project/lib:/home/joshhlee/MK3_ws/src/install/locobot_autonomy/lib:/home/joshhlee/MK3_ws/src/install/la_msgs/lib:/home/joshhlee/interbotix_ws/install/moveit_visual_tools/lib:/home/joshhlee/interbotix_ws/install/interbotix_xs_rviz/lib:/home/joshhlee/interbotix_ws/install/interbotix_xs_ros_control/lib:/home/joshhlee/interbotix_ws/install/interbotix_xs_msgs/lib:/home/joshhlee/interbotix_ws/install/interbotix_tf_tools/lib:/home/joshhlee/interbotix_ws/install/interbotix_perception_msgs/lib:/home/joshhlee/interbotix_ws/install/interbotix_moveit_interface_msgs/lib:/usr/lib/aarch64-linux-gnu/gazebo-11/plugins:/opt/ros/galactic/opt/yaml_cpp_vendor/lib:/opt/ros/galactic/opt/rviz_ogre_vendor/lib:/opt/ros/galactic/lib/aarch64-linux-gnu:/opt/ros/galactic/lib:/usr/share/gazebo/../../lib/aarch64-linux-gnu/gazebo-11/plugins PYTHONPATH=/home/joshhlee/me326_ws/src/collaborative_robotics_course/install/la_msgs/lib/python3.8/site-packages:${PYTHONPATH} /usr/bin/cmake --build /home/joshhlee/me326_ws/src/collaborative_robotics_course/build/locobot_autonomy -- -j4 -l4
[6.132s] DEBUG:colcon.colcon_core.event_handler.log_command:Invoking command in '/home/joshhlee/me326_ws/src/collaborative_robotics_course/build/locobot_autonomy': AMENT_PREFIX_PATH=/home/joshhlee/me326_ws/src/collaborative_robotics_course/install/la_msgs:${AMENT_PREFIX_PATH} CMAKE_PREFIX_PATH=/home/joshhlee/me326_ws/src/collaborative_robotics_course/install/la_msgs:/home/joshhlee/me326_ws/install/me326_project:/home/joshhlee/me326_ws/install/me326_locobot_example:/home/joshhlee/MK3_ws/src/install/locobot_autonomy:/home/joshhlee/MK3_ws/src/install/la_msgs:/home/joshhlee/interbotix_ws/install/interbotix_moveit_interface:/home/joshhlee/interbotix_ws/install/moveit_visual_tools:/home/joshhlee/interbotix_ws/install/interbotix_xslocobot_ros_control:/home/joshhlee/interbotix_ws/install/interbotix_xslocobot_sim:/home/joshhlee/interbotix_ws/install/interbotix_xslocobot_nav:/home/joshhlee/interbotix_ws/install/interbotix_xslocobot_control:/home/joshhlee/interbotix_ws/install/interbotix_xslocobot_descriptions:/home/joshhlee/interbotix_ws/install/interbotix_xs_toolbox:/home/joshhlee/interbotix_ws/install/interbotix_xs_rviz:/home/joshhlee/interbotix_ws/install/interbotix_xs_ros_control:/home/joshhlee/interbotix_ws/install/interbotix_perception_toolbox:/home/joshhlee/interbotix_ws/install/interbotix_perception_pipelines:/home/joshhlee/interbotix_ws/install/interbotix_xs_msgs:/home/joshhlee/interbotix_ws/install/interbotix_tf_tools:/home/joshhlee/interbotix_ws/install/interbotix_perception_msgs:/home/joshhlee/interbotix_ws/install/interbotix_moveit_interface_msgs:/home/joshhlee/interbotix_ws/install/interbotix_common_toolbox:/home/joshhlee/interbotix_ws/install/interbotix_common_sim:/home/joshhlee/interbotix_ws/install/interbotix_xs_modules:/home/joshhlee/interbotix_ws/install/interbotix_perception_modules:/home/joshhlee/interbotix_ws/install/interbotix_common_modules:/opt/ros/galactic LD_LIBRARY_PATH=/home/joshhlee/me326_ws/src/collaborative_robotics_course/install/la_msgs/lib:/home/joshhlee/me326_ws/install/me326_project/lib:/home/joshhlee/MK3_ws/src/install/locobot_autonomy/lib:/home/joshhlee/MK3_ws/src/install/la_msgs/lib:/home/joshhlee/interbotix_ws/install/moveit_visual_tools/lib:/home/joshhlee/interbotix_ws/install/interbotix_xs_rviz/lib:/home/joshhlee/interbotix_ws/install/interbotix_xs_ros_control/lib:/home/joshhlee/interbotix_ws/install/interbotix_xs_msgs/lib:/home/joshhlee/interbotix_ws/install/interbotix_tf_tools/lib:/home/joshhlee/interbotix_ws/install/interbotix_perception_msgs/lib:/home/joshhlee/interbotix_ws/install/interbotix_moveit_interface_msgs/lib:/usr/lib/aarch64-linux-gnu/gazebo-11/plugins:/opt/ros/galactic/opt/yaml_cpp_vendor/lib:/opt/ros/galactic/opt/rviz_ogre_vendor/lib:/opt/ros/galactic/lib/aarch64-linux-gnu:/opt/ros/galactic/lib:/usr/share/gazebo/../../lib/aarch64-linux-gnu/gazebo-11/plugins PYTHONPATH=/home/joshhlee/me326_ws/src/collaborative_robotics_course/install/la_msgs/lib/python3.8/site-packages:${PYTHONPATH} /usr/bin/cmake --install /home/joshhlee/me326_ws/src/collaborative_robotics_course/build/locobot_autonomy
[6.198s] Level 1:colcon.colcon_core.environment:create_environment_scripts_only(locobot_autonomy)
[6.198s] DEBUG:colcon.colcon_core.event_handler.log_command:Invoked command in '/home/joshhlee/me326_ws/src/collaborative_robotics_course/build/locobot_autonomy' returned '0': AMENT_PREFIX_PATH=/home/joshhlee/me326_ws/src/collaborative_robotics_course/install/la_msgs:${AMENT_PREFIX_PATH} CMAKE_PREFIX_PATH=/home/joshhlee/me326_ws/src/collaborative_robotics_course/install/la_msgs:/home/joshhlee/me326_ws/install/me326_project:/home/joshhlee/me326_ws/install/me326_locobot_example:/home/joshhlee/MK3_ws/src/install/locobot_autonomy:/home/joshhlee/MK3_ws/src/install/la_msgs:/home/joshhlee/interbotix_ws/install/interbotix_moveit_interface:/home/joshhlee/interbotix_ws/install/moveit_visual_tools:/home/joshhlee/interbotix_ws/install/interbotix_xslocobot_ros_control:/home/joshhlee/interbotix_ws/install/interbotix_xslocobot_sim:/home/joshhlee/interbotix_ws/install/interbotix_xslocobot_nav:/home/joshhlee/interbotix_ws/install/interbotix_xslocobot_control:/home/joshhlee/interbotix_ws/install/interbotix_xslocobot_descriptions:/home/joshhlee/interbotix_ws/install/interbotix_xs_toolbox:/home/joshhlee/interbotix_ws/install/interbotix_xs_rviz:/home/joshhlee/interbotix_ws/install/interbotix_xs_ros_control:/home/joshhlee/interbotix_ws/install/interbotix_perception_toolbox:/home/joshhlee/interbotix_ws/install/interbotix_perception_pipelines:/home/joshhlee/interbotix_ws/install/interbotix_xs_msgs:/home/joshhlee/interbotix_ws/install/interbotix_tf_tools:/home/joshhlee/interbotix_ws/install/interbotix_perception_msgs:/home/joshhlee/interbotix_ws/install/interbotix_moveit_interface_msgs:/home/joshhlee/interbotix_ws/install/interbotix_common_toolbox:/home/joshhlee/interbotix_ws/install/interbotix_common_sim:/home/joshhlee/interbotix_ws/install/interbotix_xs_modules:/home/joshhlee/interbotix_ws/install/interbotix_perception_modules:/home/joshhlee/interbotix_ws/install/interbotix_common_modules:/opt/ros/galactic LD_LIBRARY_PATH=/home/joshhlee/me326_ws/src/collaborative_robotics_course/install/la_msgs/lib:/home/joshhlee/me326_ws/install/me326_project/lib:/home/joshhlee/MK3_ws/src/install/locobot_autonomy/lib:/home/joshhlee/MK3_ws/src/install/la_msgs/lib:/home/joshhlee/interbotix_ws/install/moveit_visual_tools/lib:/home/joshhlee/interbotix_ws/install/interbotix_xs_rviz/lib:/home/joshhlee/interbotix_ws/install/interbotix_xs_ros_control/lib:/home/joshhlee/interbotix_ws/install/interbotix_xs_msgs/lib:/home/joshhlee/interbotix_ws/install/interbotix_tf_tools/lib:/home/joshhlee/interbotix_ws/install/interbotix_perception_msgs/lib:/home/joshhlee/interbotix_ws/install/interbotix_moveit_interface_msgs/lib:/usr/lib/aarch64-linux-gnu/gazebo-11/plugins:/opt/ros/galactic/opt/yaml_cpp_vendor/lib:/opt/ros/galactic/opt/rviz_ogre_vendor/lib:/opt/ros/galactic/lib/aarch64-linux-gnu:/opt/ros/galactic/lib:/usr/share/gazebo/../../lib/aarch64-linux-gnu/gazebo-11/plugins PYTHONPATH=/home/joshhlee/me326_ws/src/collaborative_robotics_course/install/la_msgs/lib/python3.8/site-packages:${PYTHONPATH} /usr/bin/cmake --install /home/joshhlee/me326_ws/src/collaborative_robotics_course/build/locobot_autonomy
[6.249s] Level 1:colcon.colcon_core.environment:checking '/home/joshhlee/me326_ws/src/collaborative_robotics_course/install/locobot_autonomy' for CMake module files
[6.250s] Level 1:colcon.colcon_core.environment:checking '/home/joshhlee/me326_ws/src/collaborative_robotics_course/install/locobot_autonomy' for CMake config files
[6.250s] Level 1:colcon.colcon_core.shell:create_environment_hook('locobot_autonomy', 'cmake_prefix_path')
[6.314s] INFO:colcon.colcon_core.shell:Creating environment hook '/home/joshhlee/me326_ws/src/collaborative_robotics_course/install/locobot_autonomy/share/locobot_autonomy/hook/cmake_prefix_path.ps1'
[6.315s] INFO:colcon.colcon_core.shell:Creating environment descriptor '/home/joshhlee/me326_ws/src/collaborative_robotics_course/install/locobot_autonomy/share/locobot_autonomy/hook/cmake_prefix_path.dsv'
[6.315s] INFO:colcon.colcon_core.shell:Creating environment hook '/home/joshhlee/me326_ws/src/collaborative_robotics_course/install/locobot_autonomy/share/locobot_autonomy/hook/cmake_prefix_path.sh'
[6.315s] Level 1:colcon.colcon_core.environment:checking '/home/joshhlee/me326_ws/src/collaborative_robotics_course/install/locobot_autonomy/lib'
[6.315s] Level 1:colcon.colcon_core.shell:create_environment_hook('locobot_autonomy', 'ld_library_path_lib')
[6.369s] INFO:colcon.colcon_core.shell:Creating environment hook '/home/joshhlee/me326_ws/src/collaborative_robotics_course/install/locobot_autonomy/share/locobot_autonomy/hook/ld_library_path_lib.ps1'
[6.369s] INFO:colcon.colcon_core.shell:Creating environment descriptor '/home/joshhlee/me326_ws/src/collaborative_robotics_course/install/locobot_autonomy/share/locobot_autonomy/hook/ld_library_path_lib.dsv'
[6.369s] INFO:colcon.colcon_core.shell:Creating environment hook '/home/joshhlee/me326_ws/src/collaborative_robotics_course/install/locobot_autonomy/share/locobot_autonomy/hook/ld_library_path_lib.sh'
[6.369s] Level 1:colcon.colcon_core.environment:checking '/home/joshhlee/me326_ws/src/collaborative_robotics_course/install/locobot_autonomy/bin'
[6.369s] Level 1:colcon.colcon_core.environment:checking '/home/joshhlee/me326_ws/src/collaborative_robotics_course/install/locobot_autonomy/lib/pkgconfig/locobot_autonomy.pc'
[6.370s] Level 1:colcon.colcon_core.environment:checking '/home/joshhlee/me326_ws/src/collaborative_robotics_course/install/locobot_autonomy/lib/python3.8/site-packages'
[6.370s] Level 1:colcon.colcon_core.shell:create_environment_hook('locobot_autonomy', 'pythonpath')
[6.424s] INFO:colcon.colcon_core.shell:Creating environment hook '/home/joshhlee/me326_ws/src/collaborative_robotics_course/install/locobot_autonomy/share/locobot_autonomy/hook/pythonpath.ps1'
[6.424s] INFO:colcon.colcon_core.shell:Creating environment descriptor '/home/joshhlee/me326_ws/src/collaborative_robotics_course/install/locobot_autonomy/share/locobot_autonomy/hook/pythonpath.dsv'
[6.425s] INFO:colcon.colcon_core.shell:Creating environment hook '/home/joshhlee/me326_ws/src/collaborative_robotics_course/install/locobot_autonomy/share/locobot_autonomy/hook/pythonpath.sh'
[6.425s] Level 1:colcon.colcon_core.environment:checking '/home/joshhlee/me326_ws/src/collaborative_robotics_course/install/locobot_autonomy/bin'
[6.480s] INFO:colcon.colcon_core.shell:Creating package script '/home/joshhlee/me326_ws/src/collaborative_robotics_course/install/locobot_autonomy/share/locobot_autonomy/package.ps1'
[6.481s] INFO:colcon.colcon_core.shell:Creating package descriptor '/home/joshhlee/me326_ws/src/collaborative_robotics_course/install/locobot_autonomy/share/locobot_autonomy/package.dsv'
[6.481s] INFO:colcon.colcon_core.shell:Creating package script '/home/joshhlee/me326_ws/src/collaborative_robotics_course/install/locobot_autonomy/share/locobot_autonomy/package.sh'
[6.481s] INFO:colcon.colcon_core.shell:Creating package script '/home/joshhlee/me326_ws/src/collaborative_robotics_course/install/locobot_autonomy/share/locobot_autonomy/package.bash'
[6.481s] INFO:colcon.colcon_core.shell:Creating package script '/home/joshhlee/me326_ws/src/collaborative_robotics_course/install/locobot_autonomy/share/locobot_autonomy/package.zsh'
[6.481s] Level 1:colcon.colcon_core.environment:create_file_with_runtime_dependencies(/home/joshhlee/me326_ws/src/collaborative_robotics_course/install/locobot_autonomy/share/colcon-core/packages/locobot_autonomy)
[6.599s] Level 1:colcon.colcon_core.environment:create_environment_scripts_only(locobot_autonomy)
[6.653s] Level 1:colcon.colcon_core.environment:checking '/home/joshhlee/me326_ws/src/collaborative_robotics_course/install/locobot_autonomy' for CMake module files
[6.654s] Level 1:colcon.colcon_core.environment:checking '/home/joshhlee/me326_ws/src/collaborative_robotics_course/install/locobot_autonomy' for CMake config files
[6.654s] Level 1:colcon.colcon_core.shell:create_environment_hook('locobot_autonomy', 'cmake_prefix_path')
[6.725s] INFO:colcon.colcon_core.shell:Creating environment hook '/home/joshhlee/me326_ws/src/collaborative_robotics_course/install/locobot_autonomy/share/locobot_autonomy/hook/cmake_prefix_path.ps1'
[6.726s] INFO:colcon.colcon_core.shell:Creating environment descriptor '/home/joshhlee/me326_ws/src/collaborative_robotics_course/install/locobot_autonomy/share/locobot_autonomy/hook/cmake_prefix_path.dsv'
[6.726s] INFO:colcon.colcon_core.shell:Creating environment hook '/home/joshhlee/me326_ws/src/collaborative_robotics_course/install/locobot_autonomy/share/locobot_autonomy/hook/cmake_prefix_path.sh'
[6.726s] Level 1:colcon.colcon_core.environment:checking '/home/joshhlee/me326_ws/src/collaborative_robotics_course/install/locobot_autonomy/lib'
[6.727s] Level 1:colcon.colcon_core.shell:create_environment_hook('locobot_autonomy', 'ld_library_path_lib')
[6.835s] INFO:colcon.colcon_core.shell:Creating environment hook '/home/joshhlee/me326_ws/src/collaborative_robotics_course/install/locobot_autonomy/share/locobot_autonomy/hook/ld_library_path_lib.ps1'
[6.835s] INFO:colcon.colcon_core.shell:Creating environment descriptor '/home/joshhlee/me326_ws/src/collaborative_robotics_course/install/locobot_autonomy/share/locobot_autonomy/hook/ld_library_path_lib.dsv'
[6.836s] INFO:colcon.colcon_core.shell:Creating environment hook '/home/joshhlee/me326_ws/src/collaborative_robotics_course/install/locobot_autonomy/share/locobot_autonomy/hook/ld_library_path_lib.sh'
[6.836s] Level 1:colcon.colcon_core.environment:checking '/home/joshhlee/me326_ws/src/collaborative_robotics_course/install/locobot_autonomy/bin'
[6.836s] Level 1:colcon.colcon_core.environment:checking '/home/joshhlee/me326_ws/src/collaborative_robotics_course/install/locobot_autonomy/lib/pkgconfig/locobot_autonomy.pc'
[6.836s] Level 1:colcon.colcon_core.environment:checking '/home/joshhlee/me326_ws/src/collaborative_robotics_course/install/locobot_autonomy/lib/python3.8/site-packages'
[6.836s] Level 1:colcon.colcon_core.shell:create_environment_hook('locobot_autonomy', 'pythonpath')
[6.893s] INFO:colcon.colcon_core.shell:Creating environment hook '/home/joshhlee/me326_ws/src/collaborative_robotics_course/install/locobot_autonomy/share/locobot_autonomy/hook/pythonpath.ps1'
[6.893s] INFO:colcon.colcon_core.shell:Creating environment descriptor '/home/joshhlee/me326_ws/src/collaborative_robotics_course/install/locobot_autonomy/share/locobot_autonomy/hook/pythonpath.dsv'
[6.893s] INFO:colcon.colcon_core.shell:Creating environment hook '/home/joshhlee/me326_ws/src/collaborative_robotics_course/install/locobot_autonomy/share/locobot_autonomy/hook/pythonpath.sh'
[6.893s] Level 1:colcon.colcon_core.environment:checking '/home/joshhlee/me326_ws/src/collaborative_robotics_course/install/locobot_autonomy/bin'
[6.947s] INFO:colcon.colcon_core.shell:Creating package script '/home/joshhlee/me326_ws/src/collaborative_robotics_course/install/locobot_autonomy/share/locobot_autonomy/package.ps1'
[6.948s] INFO:colcon.colcon_core.shell:Creating package descriptor '/home/joshhlee/me326_ws/src/collaborative_robotics_course/install/locobot_autonomy/share/locobot_autonomy/package.dsv'
[6.948s] INFO:colcon.colcon_core.shell:Creating package script '/home/joshhlee/me326_ws/src/collaborative_robotics_course/install/locobot_autonomy/share/locobot_autonomy/package.sh'
[6.948s] INFO:colcon.colcon_core.shell:Creating package script '/home/joshhlee/me326_ws/src/collaborative_robotics_course/install/locobot_autonomy/share/locobot_autonomy/package.bash'
[6.949s] INFO:colcon.colcon_core.shell:Creating package script '/home/joshhlee/me326_ws/src/collaborative_robotics_course/install/locobot_autonomy/share/locobot_autonomy/package.zsh'
[6.949s] Level 1:colcon.colcon_core.environment:create_file_with_runtime_dependencies(/home/joshhlee/me326_ws/src/collaborative_robotics_course/install/locobot_autonomy/share/colcon-core/packages/locobot_autonomy)
[7.793s] DEBUG:colcon.colcon_core.event_handler.log_command:Invoked command in '/home/joshhlee/me326_ws/src/collaborative_robotics_course/build/me326_project' returned '0': CMAKE_PREFIX_PATH=${CMAKE_PREFIX_PATH}:/home/joshhlee/interbotix_ws/install/interbotix_xs_modules:/home/joshhlee/interbotix_ws/install/interbotix_perception_modules:/home/joshhlee/interbotix_ws/install/interbotix_common_modules:/opt/ros/galactic /usr/bin/cmake /home/joshhlee/me326_ws/src/collaborative_robotics_course/me326_project -DCMAKE_INSTALL_PREFIX=/home/joshhlee/me326_ws/src/collaborative_robotics_course/install/me326_project
[7.795s] DEBUG:colcon.colcon_core.event_handler.log_command:Invoking command in '/home/joshhlee/me326_ws/src/collaborative_robotics_course/build/me326_project': CMAKE_PREFIX_PATH=${CMAKE_PREFIX_PATH}:/home/joshhlee/interbotix_ws/install/interbotix_xs_modules:/home/joshhlee/interbotix_ws/install/interbotix_perception_modules:/home/joshhlee/interbotix_ws/install/interbotix_common_modules:/opt/ros/galactic /usr/bin/cmake --build /home/joshhlee/me326_ws/src/collaborative_robotics_course/build/me326_project -- -j4 -l4
[19.703s] DEBUG:colcon.colcon_core.event_handler.log_command:Invoked command in '/home/joshhlee/me326_ws/src/collaborative_robotics_course/build/me326_project' returned '0': CMAKE_PREFIX_PATH=${CMAKE_PREFIX_PATH}:/home/joshhlee/interbotix_ws/install/interbotix_xs_modules:/home/joshhlee/interbotix_ws/install/interbotix_perception_modules:/home/joshhlee/interbotix_ws/install/interbotix_common_modules:/opt/ros/galactic /usr/bin/cmake --build /home/joshhlee/me326_ws/src/collaborative_robotics_course/build/me326_project -- -j4 -l4
[19.751s] DEBUG:colcon.colcon_core.event_handler.log_command:Invoking command in '/home/joshhlee/me326_ws/src/collaborative_robotics_course/build/me326_project': CMAKE_PREFIX_PATH=${CMAKE_PREFIX_PATH}:/home/joshhlee/interbotix_ws/install/interbotix_xs_modules:/home/joshhlee/interbotix_ws/install/interbotix_perception_modules:/home/joshhlee/interbotix_ws/install/interbotix_common_modules:/opt/ros/galactic /usr/bin/cmake --install /home/joshhlee/me326_ws/src/collaborative_robotics_course/build/me326_project
[19.816s] DEBUG:colcon.colcon_core.event_handler.log_command:Invoked command in '/home/joshhlee/me326_ws/src/collaborative_robotics_course/build/me326_project' returned '1': CMAKE_PREFIX_PATH=${CMAKE_PREFIX_PATH}:/home/joshhlee/interbotix_ws/install/interbotix_xs_modules:/home/joshhlee/interbotix_ws/install/interbotix_perception_modules:/home/joshhlee/interbotix_ws/install/interbotix_common_modules:/opt/ros/galactic /usr/bin/cmake --install /home/joshhlee/me326_ws/src/collaborative_robotics_course/build/me326_project
[19.956s] Level 1:colcon.colcon_core.environment:create_environment_scripts_only(me326_project)
[20.007s] Level 1:colcon.colcon_core.environment:checking '/home/joshhlee/me326_ws/src/collaborative_robotics_course/install/me326_project' for CMake module files
[20.007s] Level 1:colcon.colcon_core.environment:checking '/home/joshhlee/me326_ws/src/collaborative_robotics_course/install/me326_project' for CMake config files
[20.008s] Level 1:colcon.colcon_core.environment:checking '/home/joshhlee/me326_ws/src/collaborative_robotics_course/install/me326_project/lib'
[20.008s] Level 1:colcon.colcon_core.environment:checking '/home/joshhlee/me326_ws/src/collaborative_robotics_course/install/me326_project/bin'
[20.008s] Level 1:colcon.colcon_core.environment:checking '/home/joshhlee/me326_ws/src/collaborative_robotics_course/install/me326_project/lib/pkgconfig/me326_project.pc'
[20.008s] Level 1:colcon.colcon_core.environment:checking '/home/joshhlee/me326_ws/src/collaborative_robotics_course/install/me326_project/lib/python3.8/site-packages'
[20.008s] Level 1:colcon.colcon_core.shell:create_environment_hook('me326_project', 'pythonpath')
[20.058s] INFO:colcon.colcon_core.shell:Creating environment hook '/home/joshhlee/me326_ws/src/collaborative_robotics_course/install/me326_project/share/me326_project/hook/pythonpath.ps1'
[20.059s] INFO:colcon.colcon_core.shell:Creating environment descriptor '/home/joshhlee/me326_ws/src/collaborative_robotics_course/install/me326_project/share/me326_project/hook/pythonpath.dsv'
[20.059s] INFO:colcon.colcon_core.shell:Creating environment hook '/home/joshhlee/me326_ws/src/collaborative_robotics_course/install/me326_project/share/me326_project/hook/pythonpath.sh'
[20.059s] Level 1:colcon.colcon_core.environment:checking '/home/joshhlee/me326_ws/src/collaborative_robotics_course/install/me326_project/bin'
[20.111s] INFO:colcon.colcon_core.shell:Creating package script '/home/joshhlee/me326_ws/src/collaborative_robotics_course/install/me326_project/share/me326_project/package.ps1'
[20.111s] INFO:colcon.colcon_core.shell:Creating package descriptor '/home/joshhlee/me326_ws/src/collaborative_robotics_course/install/me326_project/share/me326_project/package.dsv'
[20.111s] INFO:colcon.colcon_core.shell:Creating package script '/home/joshhlee/me326_ws/src/collaborative_robotics_course/install/me326_project/share/me326_project/package.sh'
[20.111s] INFO:colcon.colcon_core.shell:Creating package script '/home/joshhlee/me326_ws/src/collaborative_robotics_course/install/me326_project/share/me326_project/package.bash'
[20.112s] INFO:colcon.colcon_core.shell:Creating package script '/home/joshhlee/me326_ws/src/collaborative_robotics_course/install/me326_project/share/me326_project/package.zsh'
[20.112s] Level 1:colcon.colcon_core.environment:create_file_with_runtime_dependencies(/home/joshhlee/me326_ws/src/collaborative_robotics_course/install/me326_project/share/colcon-core/packages/me326_project)
[20.123s] DEBUG:colcon.colcon_parallel_executor.executor.parallel:closing loop
[20.123s] DEBUG:colcon.colcon_parallel_executor.executor.parallel:loop closed
[20.123s] DEBUG:colcon.colcon_parallel_executor.executor.parallel:run_until_complete finished with '1'
[20.123s] DEBUG:colcon.colcon_core.event_reactor:joining thread
[20.187s] INFO:colcon.colcon_core.plugin_system:Skipping extension 'colcon_notification.desktop_notification.terminal_notifier': Not used on non-Darwin systems
[20.187s] INFO:colcon.colcon_core.plugin_system:Skipping extension 'colcon_notification.desktop_notification.win32': Not used on non-Windows systems
[20.187s] INFO:colcon.colcon_notification.desktop_notification:Sending desktop notification using 'notify2'
[20.204s] DEBUG:colcon.colcon_core.event_reactor:joined thread
[20.260s] INFO:colcon.colcon_core.shell:Creating prefix script '/home/joshhlee/me326_ws/src/collaborative_robotics_course/install/local_setup.ps1'
[20.261s] INFO:colcon.colcon_core.shell:Creating prefix util module '/home/joshhlee/me326_ws/src/collaborative_robotics_course/install/_local_setup_util_ps1.py'
[20.262s] INFO:colcon.colcon_core.shell:Creating prefix chain script '/home/joshhlee/me326_ws/src/collaborative_robotics_course/install/setup.ps1'
[20.318s] INFO:colcon.colcon_core.shell:Creating prefix script '/home/joshhlee/me326_ws/src/collaborative_robotics_course/install/local_setup.sh'
[20.318s] INFO:colcon.colcon_core.shell:Creating prefix util module '/home/joshhlee/me326_ws/src/collaborative_robotics_course/install/_local_setup_util_sh.py'
[20.318s] INFO:colcon.colcon_core.shell:Creating prefix chain script '/home/joshhlee/me326_ws/src/collaborative_robotics_course/install/setup.sh'
[20.371s] INFO:colcon.colcon_core.shell:Creating prefix script '/home/joshhlee/me326_ws/src/collaborative_robotics_course/install/local_setup.bash'
[20.372s] INFO:colcon.colcon_core.shell:Creating prefix chain script '/home/joshhlee/me326_ws/src/collaborative_robotics_course/install/setup.bash'
[20.426s] INFO:colcon.colcon_core.shell:Creating prefix script '/home/joshhlee/me326_ws/src/collaborative_robotics_course/install/local_setup.zsh'
[20.426s] INFO:colcon.colcon_core.shell:Creating prefix chain script '/home/joshhlee/me326_ws/src/collaborative_robotics_course/install/setup.zsh'
