[0.214s] Invoking command in '/home/joshhlee/me326_ws/src/collaborative_robotics_course/build/me326_project': CMAKE_PREFIX_PATH=${CMAKE_PREFIX_PATH}:/home/joshhlee/interbotix_ws/install/interbotix_xs_modules:/home/joshhlee/interbotix_ws/install/interbotix_perception_modules:/home/joshhlee/interbotix_ws/install/interbotix_common_modules:/opt/ros/galactic /usr/bin/cmake --build /home/joshhlee/me326_ws/src/collaborative_robotics_course/build/me326_project -- -j4 -l4
[0.256s] -- Found ament_cmake: 1.1.6 (/opt/ros/galactic/share/ament_cmake/cmake)
[0.294s] -- Found PythonInterp: /usr/bin/python3 (found suitable version "3.8.10", minimum required is "3") 
[0.294s] -- Using PYTHON_EXECUTABLE: /usr/bin/python3
[0.346s] -- Found rclcpp: 9.2.2 (/opt/ros/galactic/share/rclcpp/cmake)
[0.374s] -- Using all available rosidl_typesupport_c: rosidl_typesupport_fastrtps_c;rosidl_typesupport_introspection_c
[0.376s] -- Found rosidl_adapter: 2.2.3 (/opt/ros/galactic/share/rosidl_adapter/cmake)
[0.471s] -- Using all available rosidl_typesupport_cpp: rosidl_typesupport_fastrtps_cpp;rosidl_typesupport_introspection_cpp
[0.511s] -- Found rmw_implementation_cmake: 3.3.1 (/opt/ros/galactic/share/rmw_implementation_cmake/cmake)
[0.513s] -- Found rmw_cyclonedds_cpp: 0.22.6 (/opt/ros/galactic/share/rmw_cyclonedds_cpp/cmake)
[0.527s] -- Using RMW implementation 'rmw_cyclonedds_cpp' as default
[0.631s] -- Found rclpy: 1.9.3 (/opt/ros/galactic/share/rclpy/cmake)
[0.633s] -- Found geometry_msgs: 2.2.4 (/opt/ros/galactic/share/geometry_msgs/cmake)
[0.654s] -- Found nav_msgs: 2.2.4 (/opt/ros/galactic/share/nav_msgs/cmake)
[0.708s] -- Found visualization_msgs: 2.2.4 (/opt/ros/galactic/share/visualization_msgs/cmake)
[0.761s] -- Found sensor_msgs: 2.2.4 (/opt/ros/galactic/share/sensor_msgs/cmake)
[0.818s] -- Found rosidl_default_generators: 1.1.1 (/opt/ros/galactic/share/rosidl_default_generators/cmake)
[0.825s] -- Found action_msgs: 1.0.3 (/opt/ros/galactic/share/action_msgs/cmake)
[0.858s] -- Found tf2: 0.17.5 (/opt/ros/galactic/share/tf2/cmake)
[0.860s] -- Found tf2_ros: 0.17.5 (/opt/ros/galactic/share/tf2_ros/cmake)
[1.073s] -- Found tf2_eigen: 0.17.5 (/opt/ros/galactic/share/tf2_eigen/cmake)
[1.080s] -- Found tf2_geometry_msgs: 0.17.5 (/opt/ros/galactic/share/tf2_geometry_msgs/cmake)
[1.105s] -- Found pcl_ros: 2.3.2 (/opt/ros/galactic/share/pcl_ros/cmake)
[1.325s] -- Eigen found (include: /usr/include/eigen3, version: 3.3.7)
[1.390s] -- The imported target "vtkParseOGLExt" references the file
[1.390s]    "/usr/bin/vtkParseOGLExt-7.1"
[1.390s] but this file does not exist.  Possible reasons include:
[1.390s] * The file was deleted, renamed, or moved to another location.
[1.390s] * An install or uninstall procedure did not complete successfully.
[1.390s] * The installation package was faulty and contained
[1.390s]    "/usr/lib/cmake/vtk-7.1/VTKTargets.cmake"
[1.390s] but not all the files it references.
[1.390s] 
[1.391s] -- The imported target "vtkRenderingPythonTkWidgets" references the file
[1.391s]    "/usr/lib/aarch64-linux-gnu/libvtkRenderingPythonTkWidgets.so"
[1.391s] but this file does not exist.  Possible reasons include:
[1.391s] * The file was deleted, renamed, or moved to another location.
[1.391s] * An install or uninstall procedure did not complete successfully.
[1.391s] * The installation package was faulty and contained
[1.391s]    "/usr/lib/cmake/vtk-7.1/VTKTargets.cmake"
[1.391s] but not all the files it references.
[1.391s] 
[1.391s] -- The imported target "vtk" references the file
[1.391s]    "/usr/bin/vtk"
[1.391s] but this file does not exist.  Possible reasons include:
[1.391s] * The file was deleted, renamed, or moved to another location.
[1.391s] * An install or uninstall procedure did not complete successfully.
[1.391s] * The installation package was faulty and contained
[1.391s]    "/usr/lib/cmake/vtk-7.1/VTKTargets.cmake"
[1.391s] but not all the files it references.
[1.391s] 
[1.392s] -- The imported target "pvtk" references the file
[1.392s]    "/usr/bin/pvtk"
[1.392s] but this file does not exist.  Possible reasons include:
[1.392s] * The file was deleted, renamed, or moved to another location.
[1.392s] * An install or uninstall procedure did not complete successfully.
[1.392s] * The installation package was faulty and contained
[1.392s]    "/usr/lib/cmake/vtk-7.1/VTKTargets.cmake"
[1.392s] but not all the files it references.
[1.392s] 
[1.406s] -- OpenNI found (include: /usr/include/ni, lib: /usr/lib/libOpenNI.so)
[1.411s] -- OpenNI2 found (include: /usr/include/openni2, lib: /usr/lib/libOpenNI2.so)
[1.424s] -- OpenNI found (include: /usr/include/ni, lib: /usr/lib/libOpenNI.so)
[1.428s] -- OpenNI2 found (include: /usr/include/openni2, lib: /usr/lib/libOpenNI2.so)
[1.437s] -- QHULL found (include: /usr/include, lib: optimized;/usr/lib/aarch64-linux-gnu/libqhull.so;debug;/usr/lib/aarch64-linux-gnu/libqhull.so)
[1.441s] -- OpenNI found (include: /usr/include/ni, lib: /usr/lib/libOpenNI.so)
[1.651s] -- Found image_geometry: 3.1.3 (/opt/ros/galactic/share/image_geometry/cmake)
[1.653s] -- Found image_transport: 2.5.1 (/opt/ros/galactic/share/image_transport/cmake)
[1.678s] -- Found cv_bridge: 3.1.3 (/opt/ros/galactic/share/cv_bridge/cmake)
[1.688s] -- Found la_msgs: 0.0.0 (/home/joshhlee/MK3_ws/src/install/la_msgs/share/la_msgs/cmake)
[1.857s] -- Found PythonInterp: /usr/bin/python3 (found version "3.8.10") 
[1.981s] -- Found ament_cmake_ros: 0.9.2 (/opt/ros/galactic/share/ament_cmake_ros/cmake)
[2.180s] -- Using all available rosidl_typesupport_c: rosidl_typesupport_fastrtps_c;rosidl_typesupport_introspection_c
[2.261s] -- Using all available rosidl_typesupport_cpp: rosidl_typesupport_fastrtps_cpp;rosidl_typesupport_introspection_cpp
[2.284s] -- Found PythonInterp: /usr/bin/python3 (found suitable version "3.8.10", minimum required is "3.5") 
[2.284s] -- Found python_cmake_module: 0.8.1 (/opt/ros/galactic/share/python_cmake_module/cmake)
[2.301s] -- Using PYTHON_EXECUTABLE: /usr/bin/python3
[2.301s] -- Using PYTHON_INCLUDE_DIRS: /usr/include/python3.8
[2.301s] -- Using PYTHON_LIBRARIES: /usr/lib/aarch64-linux-gnu/libpython3.8.so
[2.350s] -- Found ament_lint_auto: 0.10.7 (/opt/ros/galactic/share/ament_lint_auto/cmake)
[2.357s] -- Configuring done
[2.426s] -- Generating done
[2.430s] -- Build files have been written to: /home/joshhlee/me326_ws/src/collaborative_robotics_course/build/me326_project
[2.457s] [  3%] Built target me326_project__cpp
[2.462s] [ 12%] Built target me326_project__rosidl_generator_c
[2.482s] [ 21%] Built target me326_project__rosidl_typesupport_fastrtps_cpp
[2.482s] [ 27%] Built target visual_block_perception_srv
[2.484s] [ 27%] Built target ament_cmake_python_copy_me326_project
[2.489s] [ 36%] Built target me326_project__rosidl_typesupport_cpp
[2.508s] [ 45%] Built target me326_project__rosidl_typesupport_introspection_cpp
[2.524s] [ 54%] Built target me326_project__rosidl_typesupport_introspection_c
[2.524s] [ 63%] Built target me326_project__rosidl_typesupport_fastrtps_c
[2.524s] [ 72%] Built target me326_project__rosidl_typesupport_c
[2.538s] [ 72%] Built target me326_project
[2.550s] [ 75%] Built target me326_project__py
[2.566s] [ 81%] Built target me326_project__python
[2.587s] [ 87%] Built target me326_project__rosidl_typesupport_fastrtps_c__pyext
[2.591s] [ 93%] Built target me326_project__rosidl_typesupport_introspection_c__pyext
[2.596s] [100%] Built target me326_project__rosidl_typesupport_c__pyext
[2.634s] running egg_info
[2.634s] writing me326_project.egg-info/PKG-INFO
[2.634s] writing dependency_links to me326_project.egg-info/dependency_links.txt
[2.634s] writing top-level names to me326_project.egg-info/top_level.txt
[2.653s] reading manifest file 'me326_project.egg-info/SOURCES.txt'
[2.653s] writing manifest file 'me326_project.egg-info/SOURCES.txt'
[2.669s] [100%] Built target ament_cmake_python_build_me326_project_egg
[2.678s] Invoked command in '/home/joshhlee/me326_ws/src/collaborative_robotics_course/build/me326_project' returned '0': CMAKE_PREFIX_PATH=${CMAKE_PREFIX_PATH}:/home/joshhlee/interbotix_ws/install/interbotix_xs_modules:/home/joshhlee/interbotix_ws/install/interbotix_perception_modules:/home/joshhlee/interbotix_ws/install/interbotix_common_modules:/opt/ros/galactic /usr/bin/cmake --build /home/joshhlee/me326_ws/src/collaborative_robotics_course/build/me326_project -- -j4 -l4
[2.716s] Invoking command in '/home/joshhlee/me326_ws/src/collaborative_robotics_course/build/me326_project': CMAKE_PREFIX_PATH=${CMAKE_PREFIX_PATH}:/home/joshhlee/interbotix_ws/install/interbotix_xs_modules:/home/joshhlee/interbotix_ws/install/interbotix_perception_modules:/home/joshhlee/interbotix_ws/install/interbotix_common_modules:/opt/ros/galactic /usr/bin/cmake --install /home/joshhlee/me326_ws/src/collaborative_robotics_course/build/me326_project
[2.721s] -- Install configuration: ""
[2.721s] -- Up-to-date: /home/joshhlee/me326_ws/src/collaborative_robotics_course/install/me326_project/lib/me326_project/visual_block_perception_srv
[2.722s] -- Up-to-date: /home/joshhlee/me326_ws/src/collaborative_robotics_course/install/me326_project/share/me326_project/environment/pythonpath.sh
[2.722s] -- Installing: /home/joshhlee/me326_ws/src/collaborative_robotics_course/install/me326_project/share/me326_project/environment/pythonpath.dsv
[2.722s] -- Up-to-date: /home/joshhlee/me326_ws/src/collaborative_robotics_course/install/me326_project/lib/python3.8/site-packages//me326_project.egg-info
[2.722s] -- Installing: /home/joshhlee/me326_ws/src/collaborative_robotics_course/install/me326_project/lib/python3.8/site-packages//me326_project.egg-info/dependency_links.txt
[2.722s] -- Installing: /home/joshhlee/me326_ws/src/collaborative_robotics_course/install/me326_project/lib/python3.8/site-packages//me326_project.egg-info/PKG-INFO
[2.722s] -- Installing: /home/joshhlee/me326_ws/src/collaborative_robotics_course/install/me326_project/lib/python3.8/site-packages//me326_project.egg-info/top_level.txt
[2.723s] -- Installing: /home/joshhlee/me326_ws/src/collaborative_robotics_course/install/me326_project/lib/python3.8/site-packages//me326_project.egg-info/SOURCES.txt
[2.723s] -- Up-to-date: /home/joshhlee/me326_ws/src/collaborative_robotics_course/install/me326_project/lib/python3.8/site-packages/me326_project
[2.723s] -- Up-to-date: /home/joshhlee/me326_ws/src/collaborative_robotics_course/install/me326_project/lib/python3.8/site-packages/me326_project/__init__.py
[2.723s] -- Up-to-date: /home/joshhlee/me326_ws/src/collaborative_robotics_course/install/me326_project/lib/python3.8/site-packages/me326_project/initial_point.py
[2.723s] -- Up-to-date: /home/joshhlee/me326_ws/src/collaborative_robotics_course/install/me326_project/lib/python3.8/site-packages/me326_project/RRTstar.py
[2.723s] -- Up-to-date: /home/joshhlee/me326_ws/src/collaborative_robotics_course/install/me326_project/lib/python3.8/site-packages/me326_project/circle_motion_tracking.py
[2.723s] -- Up-to-date: /home/joshhlee/me326_ws/src/collaborative_robotics_course/install/me326_project/lib/python3.8/site-packages/me326_project/record_rosbag.py
[2.723s] -- Up-to-date: /home/joshhlee/me326_ws/src/collaborative_robotics_course/install/me326_project/lib/python3.8/site-packages/me326_project/locobot1_example_motion.py
[2.723s] -- Up-to-date: /home/joshhlee/me326_ws/src/collaborative_robotics_course/install/me326_project/lib/python3.8/site-packages/me326_project/move_base_client.py
[2.723s] -- Up-to-date: /home/joshhlee/me326_ws/src/collaborative_robotics_course/install/me326_project/lib/python3.8/site-packages/me326_project/move_locobot_base_action_server.py
[2.723s] -- Up-to-date: /home/joshhlee/me326_ws/src/collaborative_robotics_course/install/me326_project/lib/python3.8/site-packages/me326_project/locobot_moveitpy.py
[2.723s] -- Up-to-date: /home/joshhlee/me326_ws/src/collaborative_robotics_course/install/me326_project/lib/python3.8/site-packages/me326_project/go_to_point.py
[2.723s] -- Up-to-date: /home/joshhlee/me326_ws/src/collaborative_robotics_course/install/me326_project/lib/python3.8/site-packages/me326_project/matching_ptcld.py
[2.723s] -- Up-to-date: /home/joshhlee/me326_ws/src/collaborative_robotics_course/install/me326_project/lib/python3.8/site-packages/me326_project/read_rosbag.py
[2.723s] -- Up-to-date: /home/joshhlee/me326_ws/src/collaborative_robotics_course/install/me326_project/lib/python3.8/site-packages/me326_project/locobot_example_motion.py
[2.723s] -- Up-to-date: /home/joshhlee/me326_ws/src/collaborative_robotics_course/install/me326_project/lib/python3.8/site-packages/me326_project/vision_center.py
[2.723s] -- Up-to-date: /home/joshhlee/me326_ws/src/collaborative_robotics_course/install/me326_project/lib/python3.8/site-packages/me326_project/locobot_motion_example.py
[2.749s] Listing '/home/joshhlee/me326_ws/src/collaborative_robotics_course/install/me326_project/lib/python3.8/site-packages/me326_project'...
[2.751s] -- Installing: /home/joshhlee/me326_ws/src/collaborative_robotics_course/install/me326_project/lib/me326_project/locobot1_example_motion.py
[2.751s] -- Installing: /home/joshhlee/me326_ws/src/collaborative_robotics_course/install/me326_project/lib/me326_project/locobot_example_motion.py
[2.751s] -- Installing: /home/joshhlee/me326_ws/src/collaborative_robotics_course/install/me326_project/lib/me326_project/locobot_motion_example.py
[2.751s] -- Installing: /home/joshhlee/me326_ws/src/collaborative_robotics_course/install/me326_project/lib/me326_project/matching_ptcld.py
[2.752s] -- Installing: /home/joshhlee/me326_ws/src/collaborative_robotics_course/install/me326_project/lib/me326_project/circle_motion_tracking.py
[2.752s] -- Installing: /home/joshhlee/me326_ws/src/collaborative_robotics_course/install/me326_project/lib/me326_project/record_rosbag.py
[2.752s] -- Installing: /home/joshhlee/me326_ws/src/collaborative_robotics_course/install/me326_project/lib/me326_project/locobot_moveitpy.py
[2.752s] -- Installing: /home/joshhlee/me326_ws/src/collaborative_robotics_course/install/me326_project/lib/me326_project/RRTstar.py
[2.752s] -- Installing: /home/joshhlee/me326_ws/src/collaborative_robotics_course/install/me326_project/lib/me326_project/go_to_point.py
[2.752s] -- Installing: /home/joshhlee/me326_ws/src/collaborative_robotics_course/install/me326_project/lib/me326_project/initial_point.py
[2.752s] -- Installing: /home/joshhlee/me326_ws/src/collaborative_robotics_course/install/me326_project/lib/me326_project/move_locobot_base_action_server.py
[2.752s] -- Installing: /home/joshhlee/me326_ws/src/collaborative_robotics_course/install/me326_project/lib/me326_project/move_base_client.py
[2.752s] -- Installing: /home/joshhlee/me326_ws/src/collaborative_robotics_course/install/me326_project/share/me326_project//launch
[2.752s] -- Installing: /home/joshhlee/me326_ws/src/collaborative_robotics_course/install/me326_project/share/me326_project//launch/locobot_moveitpy.launch.py
[2.752s] -- Installing: /home/joshhlee/me326_ws/src/collaborative_robotics_course/install/me326_project/share/me326_project//launch/navigation_test.launch.py
[2.752s] -- Installing: /home/joshhlee/me326_ws/src/collaborative_robotics_course/install/me326_project/share/me326_project//launch/locobot_circle_traj.launch.py
[2.752s] -- Installing: /home/joshhlee/me326_ws/src/collaborative_robotics_course/install/me326_project/share/me326_project//launch/spawn_cube.launch.py
[2.752s] -- Installing: /home/joshhlee/me326_ws/src/collaborative_robotics_course/install/me326_project/share/me326_project//launch/example.launch.xml
[2.753s] -- Installing: /home/joshhlee/me326_ws/src/collaborative_robotics_course/install/me326_project/share/ament_index/resource_index/rosidl_interfaces/me326_project
[2.753s] -- Installing: /home/joshhlee/me326_ws/src/collaborative_robotics_course/install/me326_project/include/me326_project
[2.753s] -- Installing: /home/joshhlee/me326_ws/src/collaborative_robotics_course/install/me326_project/include/me326_project/msg
[2.753s] -- Installing: /home/joshhlee/me326_ws/src/collaborative_robotics_course/install/me326_project/include/me326_project/msg/rosidl_generator_c__visibility_control.h
[2.753s] -- Installing: /home/joshhlee/me326_ws/src/collaborative_robotics_course/install/me326_project/include/me326_project/action
[2.753s] -- Installing: /home/joshhlee/me326_ws/src/collaborative_robotics_course/install/me326_project/include/me326_project/action/detail
[2.753s] -- Installing: /home/joshhlee/me326_ws/src/collaborative_robotics_course/install/me326_project/include/me326_project/action/detail/move_base__struct.h
[2.753s] -- Installing: /home/joshhlee/me326_ws/src/collaborative_robotics_course/install/me326_project/include/me326_project/action/detail/move_base__functions.c
[2.753s] -- Installing: /home/joshhlee/me326_ws/src/collaborative_robotics_course/install/me326_project/include/me326_project/action/detail/move_base__type_support.h
[2.753s] -- Installing: /home/joshhlee/me326_ws/src/collaborative_robotics_course/install/me326_project/include/me326_project/action/detail/move_base__functions.h
[2.753s] -- Installing: /home/joshhlee/me326_ws/src/collaborative_robotics_course/install/me326_project/include/me326_project/action/move_base.h
[2.753s] -- Installing: /home/joshhlee/me326_ws/src/collaborative_robotics_course/install/me326_project/share/me326_project/environment/library_path.sh
[2.753s] -- Installing: /home/joshhlee/me326_ws/src/collaborative_robotics_course/install/me326_project/share/me326_project/environment/library_path.dsv
[2.753s] -- Installing: /home/joshhlee/me326_ws/src/collaborative_robotics_course/install/me326_project/lib/libme326_project__rosidl_generator_c.so
[2.754s] -- Set runtime path of "/home/joshhlee/me326_ws/src/collaborative_robotics_course/install/me326_project/lib/libme326_project__rosidl_generator_c.so" to ""
[2.754s] -- Up-to-date: /home/joshhlee/me326_ws/src/collaborative_robotics_course/install/me326_project/include/me326_project
[2.754s] -- Up-to-date: /home/joshhlee/me326_ws/src/collaborative_robotics_course/install/me326_project/include/me326_project/msg
[2.754s] -- Installing: /home/joshhlee/me326_ws/src/collaborative_robotics_course/install/me326_project/include/me326_project/msg/rosidl_typesupport_fastrtps_c__visibility_control.h
[2.754s] -- Up-to-date: /home/joshhlee/me326_ws/src/collaborative_robotics_course/install/me326_project/include/me326_project/action
[2.754s] -- Up-to-date: /home/joshhlee/me326_ws/src/collaborative_robotics_course/install/me326_project/include/me326_project/action/detail
[2.754s] -- Installing: /home/joshhlee/me326_ws/src/collaborative_robotics_course/install/me326_project/include/me326_project/action/detail/move_base__rosidl_typesupport_fastrtps_c.h
[2.754s] -- Installing: /home/joshhlee/me326_ws/src/collaborative_robotics_course/install/me326_project/lib/libme326_project__rosidl_typesupport_fastrtps_c.so
[2.754s] -- Set runtime path of "/home/joshhlee/me326_ws/src/collaborative_robotics_course/install/me326_project/lib/libme326_project__rosidl_typesupport_fastrtps_c.so" to ""
[2.754s] -- Up-to-date: /home/joshhlee/me326_ws/src/collaborative_robotics_course/install/me326_project/include/me326_project
[2.754s] -- Up-to-date: /home/joshhlee/me326_ws/src/collaborative_robotics_course/install/me326_project/include/me326_project/msg
[2.755s] -- Installing: /home/joshhlee/me326_ws/src/collaborative_robotics_course/install/me326_project/include/me326_project/msg/rosidl_typesupport_fastrtps_cpp__visibility_control.h
[2.755s] -- Up-to-date: /home/joshhlee/me326_ws/src/collaborative_robotics_course/install/me326_project/include/me326_project/action
[2.755s] -- Up-to-date: /home/joshhlee/me326_ws/src/collaborative_robotics_course/install/me326_project/include/me326_project/action/detail
[2.755s] -- Installing: /home/joshhlee/me326_ws/src/collaborative_robotics_course/install/me326_project/include/me326_project/action/detail/dds_fastrtps
[2.755s] -- Installing: /home/joshhlee/me326_ws/src/collaborative_robotics_course/install/me326_project/include/me326_project/action/detail/move_base__rosidl_typesupport_fastrtps_cpp.hpp
[2.755s] -- Installing: /home/joshhlee/me326_ws/src/collaborative_robotics_course/install/me326_project/lib/libme326_project__rosidl_typesupport_fastrtps_cpp.so
[2.755s] -- Set runtime path of "/home/joshhlee/me326_ws/src/collaborative_robotics_course/install/me326_project/lib/libme326_project__rosidl_typesupport_fastrtps_cpp.so" to ""
[2.755s] -- Up-to-date: /home/joshhlee/me326_ws/src/collaborative_robotics_course/install/me326_project/include/me326_project
[2.755s] -- Up-to-date: /home/joshhlee/me326_ws/src/collaborative_robotics_course/install/me326_project/include/me326_project/msg
[2.755s] -- Installing: /home/joshhlee/me326_ws/src/collaborative_robotics_course/install/me326_project/include/me326_project/msg/rosidl_typesupport_introspection_c__visibility_control.h
[2.756s] -- Up-to-date: /home/joshhlee/me326_ws/src/collaborative_robotics_course/install/me326_project/include/me326_project/action
[2.756s] -- Up-to-date: /home/joshhlee/me326_ws/src/collaborative_robotics_course/install/me326_project/include/me326_project/action/detail
[2.756s] -- Installing: /home/joshhlee/me326_ws/src/collaborative_robotics_course/install/me326_project/include/me326_project/action/detail/move_base__rosidl_typesupport_introspection_c.h
[2.756s] -- Installing: /home/joshhlee/me326_ws/src/collaborative_robotics_course/install/me326_project/include/me326_project/action/detail/move_base__type_support.c
[2.756s] -- Installing: /home/joshhlee/me326_ws/src/collaborative_robotics_course/install/me326_project/lib/libme326_project__rosidl_typesupport_introspection_c.so
[2.756s] -- Set runtime path of "/home/joshhlee/me326_ws/src/collaborative_robotics_course/install/me326_project/lib/libme326_project__rosidl_typesupport_introspection_c.so" to ""
[2.756s] -- Installing: /home/joshhlee/me326_ws/src/collaborative_robotics_course/install/me326_project/lib/libme326_project__rosidl_typesupport_c.so
[2.756s] -- Set runtime path of "/home/joshhlee/me326_ws/src/collaborative_robotics_course/install/me326_project/lib/libme326_project__rosidl_typesupport_c.so" to ""
[2.757s] -- Up-to-date: /home/joshhlee/me326_ws/src/collaborative_robotics_course/install/me326_project/include/me326_project
[2.757s] -- Up-to-date: /home/joshhlee/me326_ws/src/collaborative_robotics_course/install/me326_project/include/me326_project/action
[2.757s] -- Up-to-date: /home/joshhlee/me326_ws/src/collaborative_robotics_course/install/me326_project/include/me326_project/action/detail
[2.757s] -- Installing: /home/joshhlee/me326_ws/src/collaborative_robotics_course/install/me326_project/include/me326_project/action/detail/move_base__struct.hpp
[2.757s] -- Installing: /home/joshhlee/me326_ws/src/collaborative_robotics_course/install/me326_project/include/me326_project/action/detail/move_base__builder.hpp
[2.757s] -- Installing: /home/joshhlee/me326_ws/src/collaborative_robotics_course/install/me326_project/include/me326_project/action/detail/move_base__traits.hpp
[2.757s] -- Installing: /home/joshhlee/me326_ws/src/collaborative_robotics_course/install/me326_project/include/me326_project/action/move_base.hpp
[2.757s] -- Up-to-date: /home/joshhlee/me326_ws/src/collaborative_robotics_course/install/me326_project/include/me326_project
[2.757s] -- Up-to-date: /home/joshhlee/me326_ws/src/collaborative_robotics_course/install/me326_project/include/me326_project/action
[2.757s] -- Up-to-date: /home/joshhlee/me326_ws/src/collaborative_robotics_course/install/me326_project/include/me326_project/action/detail
[2.757s] -- Installing: /home/joshhlee/me326_ws/src/collaborative_robotics_course/install/me326_project/include/me326_project/action/detail/move_base__type_support.cpp
[2.757s] -- Installing: /home/joshhlee/me326_ws/src/collaborative_robotics_course/install/me326_project/include/me326_project/action/detail/move_base__rosidl_typesupport_introspection_cpp.hpp
[2.757s] -- Installing: /home/joshhlee/me326_ws/src/collaborative_robotics_course/install/me326_project/lib/libme326_project__rosidl_typesupport_introspection_cpp.so
[2.758s] -- Set runtime path of "/home/joshhlee/me326_ws/src/collaborative_robotics_course/install/me326_project/lib/libme326_project__rosidl_typesupport_introspection_cpp.so" to ""
[2.758s] -- Installing: /home/joshhlee/me326_ws/src/collaborative_robotics_course/install/me326_project/lib/libme326_project__rosidl_typesupport_cpp.so
[2.758s] -- Set runtime path of "/home/joshhlee/me326_ws/src/collaborative_robotics_course/install/me326_project/lib/libme326_project__rosidl_typesupport_cpp.so" to ""
[2.758s] -- Installing: /home/joshhlee/me326_ws/src/collaborative_robotics_course/install/me326_project/lib/python3.8/site-packages/me326_project/__init__.py
[2.778s] Compiling '/home/joshhlee/me326_ws/src/collaborative_robotics_course/install/me326_project/lib/python3.8/site-packages/me326_project/__init__.py'...
[2.780s] -- Installing: /home/joshhlee/me326_ws/src/collaborative_robotics_course/install/me326_project/lib/python3.8/site-packages/me326_project/action
[2.780s] -- Installing: /home/joshhlee/me326_ws/src/collaborative_robotics_course/install/me326_project/lib/python3.8/site-packages/me326_project/action/__init__.py
[2.780s] -- Installing: /home/joshhlee/me326_ws/src/collaborative_robotics_course/install/me326_project/lib/python3.8/site-packages/me326_project/action/_move_base_s.c
[2.780s] -- Installing: /home/joshhlee/me326_ws/src/collaborative_robotics_course/install/me326_project/lib/python3.8/site-packages/me326_project/action/_move_base.py
[2.781s] -- Installing: /home/joshhlee/me326_ws/src/collaborative_robotics_course/install/me326_project/lib/python3.8/site-packages/me326_project/me326_project_s__rosidl_typesupport_fastrtps_c.cpython-38-aarch64-linux-gnu.so
[2.781s] -- Set runtime path of "/home/joshhlee/me326_ws/src/collaborative_robotics_course/install/me326_project/lib/python3.8/site-packages/me326_project/me326_project_s__rosidl_typesupport_fastrtps_c.cpython-38-aarch64-linux-gnu.so" to ""
[2.781s] -- Installing: /home/joshhlee/me326_ws/src/collaborative_robotics_course/install/me326_project/lib/python3.8/site-packages/me326_project/me326_project_s__rosidl_typesupport_introspection_c.cpython-38-aarch64-linux-gnu.so
[2.782s] -- Set runtime path of "/home/joshhlee/me326_ws/src/collaborative_robotics_course/install/me326_project/lib/python3.8/site-packages/me326_project/me326_project_s__rosidl_typesupport_introspection_c.cpython-38-aarch64-linux-gnu.so" to ""
[2.782s] -- Installing: /home/joshhlee/me326_ws/src/collaborative_robotics_course/install/me326_project/lib/python3.8/site-packages/me326_project/me326_project_s__rosidl_typesupport_c.cpython-38-aarch64-linux-gnu.so
[2.782s] -- Set runtime path of "/home/joshhlee/me326_ws/src/collaborative_robotics_course/install/me326_project/lib/python3.8/site-packages/me326_project/me326_project_s__rosidl_typesupport_c.cpython-38-aarch64-linux-gnu.so" to ""
[2.782s] -- Installing: /home/joshhlee/me326_ws/src/collaborative_robotics_course/install/me326_project/lib/libme326_project__python.so
[2.782s] -- Set runtime path of "/home/joshhlee/me326_ws/src/collaborative_robotics_course/install/me326_project/lib/libme326_project__python.so" to ""
[2.782s] -- Installing: /home/joshhlee/me326_ws/src/collaborative_robotics_course/install/me326_project/share/me326_project/action/MoveBase.idl
[2.783s] -- Installing: /home/joshhlee/me326_ws/src/collaborative_robotics_course/install/me326_project/share/me326_project/action/MoveBase.action
[2.783s] -- Installing: /home/joshhlee/me326_ws/src/collaborative_robotics_course/install/me326_project/share/me326_project/model
[2.783s] -- Installing: /home/joshhlee/me326_ws/src/collaborative_robotics_course/install/me326_project/share/me326_project/model/yellow_cube.urdf
[2.783s] -- Installing: /home/joshhlee/me326_ws/src/collaborative_robotics_course/install/me326_project/share/me326_project/model/green_cube.urdf
[2.783s] -- Installing: /home/joshhlee/me326_ws/src/collaborative_robotics_course/install/me326_project/share/me326_project/model/red_cube.urdf
[2.783s] -- Installing: /home/joshhlee/me326_ws/src/collaborative_robotics_course/install/me326_project/share/me326_project/model/blue_cube.urdf
[2.783s] -- Installing: /home/joshhlee/me326_ws/src/collaborative_robotics_course/install/me326_project/share/ament_index/resource_index/package_run_dependencies/me326_project
[2.783s] -- Installing: /home/joshhlee/me326_ws/src/collaborative_robotics_course/install/me326_project/share/ament_index/resource_index/parent_prefix_path/me326_project
[2.783s] -- Installing: /home/joshhlee/me326_ws/src/collaborative_robotics_course/install/me326_project/share/me326_project/environment/ament_prefix_path.sh
[2.783s] -- Installing: /home/joshhlee/me326_ws/src/collaborative_robotics_course/install/me326_project/share/me326_project/environment/ament_prefix_path.dsv
[2.783s] -- Installing: /home/joshhlee/me326_ws/src/collaborative_robotics_course/install/me326_project/share/me326_project/environment/path.sh
[2.784s] -- Installing: /home/joshhlee/me326_ws/src/collaborative_robotics_course/install/me326_project/share/me326_project/environment/path.dsv
[2.784s] -- Installing: /home/joshhlee/me326_ws/src/collaborative_robotics_course/install/me326_project/share/me326_project/local_setup.bash
[2.784s] -- Installing: /home/joshhlee/me326_ws/src/collaborative_robotics_course/install/me326_project/share/me326_project/local_setup.sh
[2.784s] -- Installing: /home/joshhlee/me326_ws/src/collaborative_robotics_course/install/me326_project/share/me326_project/local_setup.zsh
[2.784s] -- Installing: /home/joshhlee/me326_ws/src/collaborative_robotics_course/install/me326_project/share/me326_project/local_setup.dsv
[2.784s] -- Installing: /home/joshhlee/me326_ws/src/collaborative_robotics_course/install/me326_project/share/me326_project/package.dsv
[2.784s] -- Installing: /home/joshhlee/me326_ws/src/collaborative_robotics_course/install/me326_project/share/ament_index/resource_index/packages/me326_project
[2.784s] -- Installing: /home/joshhlee/me326_ws/src/collaborative_robotics_course/install/me326_project/share/me326_project/cmake/me326_project__rosidl_generator_cExport.cmake
[2.784s] -- Installing: /home/joshhlee/me326_ws/src/collaborative_robotics_course/install/me326_project/share/me326_project/cmake/me326_project__rosidl_generator_cExport-noconfig.cmake
[2.784s] -- Installing: /home/joshhlee/me326_ws/src/collaborative_robotics_course/install/me326_project/share/me326_project/cmake/me326_project__rosidl_typesupport_introspection_cExport.cmake
[2.784s] -- Installing: /home/joshhlee/me326_ws/src/collaborative_robotics_course/install/me326_project/share/me326_project/cmake/me326_project__rosidl_typesupport_introspection_cExport-noconfig.cmake
[2.785s] -- Installing: /home/joshhlee/me326_ws/src/collaborative_robotics_course/install/me326_project/share/me326_project/cmake/me326_project__rosidl_typesupport_cExport.cmake
[2.785s] -- Installing: /home/joshhlee/me326_ws/src/collaborative_robotics_course/install/me326_project/share/me326_project/cmake/me326_project__rosidl_typesupport_cExport-noconfig.cmake
[2.785s] -- Installing: /home/joshhlee/me326_ws/src/collaborative_robotics_course/install/me326_project/share/me326_project/cmake/me326_project__rosidl_generator_cppExport.cmake
[2.785s] -- Installing: /home/joshhlee/me326_ws/src/collaborative_robotics_course/install/me326_project/share/me326_project/cmake/me326_project__rosidl_typesupport_introspection_cppExport.cmake
[2.785s] -- Installing: /home/joshhlee/me326_ws/src/collaborative_robotics_course/install/me326_project/share/me326_project/cmake/me326_project__rosidl_typesupport_introspection_cppExport-noconfig.cmake
[2.785s] -- Installing: /home/joshhlee/me326_ws/src/collaborative_robotics_course/install/me326_project/share/me326_project/cmake/me326_project__rosidl_typesupport_cppExport.cmake
[2.785s] -- Installing: /home/joshhlee/me326_ws/src/collaborative_robotics_course/install/me326_project/share/me326_project/cmake/me326_project__rosidl_typesupport_cppExport-noconfig.cmake
[2.785s] -- Installing: /home/joshhlee/me326_ws/src/collaborative_robotics_course/install/me326_project/share/me326_project/cmake/rosidl_cmake-extras.cmake
[2.785s] -- Installing: /home/joshhlee/me326_ws/src/collaborative_robotics_course/install/me326_project/share/me326_project/cmake/ament_cmake_export_dependencies-extras.cmake
[2.786s] -- Installing: /home/joshhlee/me326_ws/src/collaborative_robotics_course/install/me326_project/share/me326_project/cmake/ament_cmake_export_libraries-extras.cmake
[2.786s] -- Installing: /home/joshhlee/me326_ws/src/collaborative_robotics_course/install/me326_project/share/me326_project/cmake/ament_cmake_export_targets-extras.cmake
[2.786s] -- Installing: /home/joshhlee/me326_ws/src/collaborative_robotics_course/install/me326_project/share/me326_project/cmake/ament_cmake_export_include_directories-extras.cmake
[2.786s] -- Installing: /home/joshhlee/me326_ws/src/collaborative_robotics_course/install/me326_project/share/me326_project/cmake/rosidl_cmake_export_typesupport_libraries-extras.cmake
[2.786s] -- Installing: /home/joshhlee/me326_ws/src/collaborative_robotics_course/install/me326_project/share/me326_project/cmake/rosidl_cmake_export_typesupport_targets-extras.cmake
[2.786s] -- Installing: /home/joshhlee/me326_ws/src/collaborative_robotics_course/install/me326_project/share/me326_project/cmake/me326_projectConfig.cmake
[2.786s] -- Installing: /home/joshhlee/me326_ws/src/collaborative_robotics_course/install/me326_project/share/me326_project/cmake/me326_projectConfig-version.cmake
[2.786s] -- Installing: /home/joshhlee/me326_ws/src/collaborative_robotics_course/install/me326_project/share/me326_project/package.xml
[2.788s] Invoked command in '/home/joshhlee/me326_ws/src/collaborative_robotics_course/build/me326_project' returned '0': CMAKE_PREFIX_PATH=${CMAKE_PREFIX_PATH}:/home/joshhlee/interbotix_ws/install/interbotix_xs_modules:/home/joshhlee/interbotix_ws/install/interbotix_perception_modules:/home/joshhlee/interbotix_ws/install/interbotix_common_modules:/opt/ros/galactic /usr/bin/cmake --install /home/joshhlee/me326_ws/src/collaborative_robotics_course/build/me326_project
