[4.644s] DEBUG:colcon:Command line arguments: ['/usr/bin/colcon', 'build']
[4.644s] DEBUG:colcon:Parsed command line arguments: Namespace(allow_overriding=[], ament_cmake_args=None, base_paths=['.'], build_base='build', catkin_cmake_args=None, catkin_skip_building_tests=False, cmake_args=None, cmake_clean_cache=False, cmake_clean_first=False, cmake_force_configure=False, cmake_target=None, cmake_target_skip_unavailable=False, continue_on_error=False, event_handlers=None, executor='parallel', ignore_user_meta=False, install_base='install', log_base=None, log_level=None, main=<bound method BuildVerb.main of <colcon_core.verb.build.BuildVerb object at 0xffffa1a888b0>>, merge_install=False, metas=['./colcon.meta'], packages_above=None, packages_above_and_dependencies=None, packages_above_depth=None, packages_end=None, packages_ignore=None, packages_ignore_regex=None, packages_select=None, packages_select_build_failed=False, packages_select_by_dep=None, packages_select_regex=None, packages_select_test_failures=False, packages_skip=None, packages_skip_build_finished=False, packages_skip_by_dep=None, packages_skip_regex=None, packages_skip_test_passed=False, packages_skip_up_to=None, packages_start=None, packages_up_to=None, packages_up_to_regex=None, parallel_workers=4, paths=None, symlink_install=False, test_result_base=None, verb_extension=<colcon_core.verb.build.BuildVerb object at 0xffffa1a888b0>, verb_name='build', verb_parser=<colcon_defaults.argument_parser.defaults.DefaultArgumentsDecorator object at 0xffffa1a74b50>)
[4.819s] Level 1:colcon.colcon_core.package_discovery:discover_packages(colcon_meta) check parameters
[4.819s] Level 1:colcon.colcon_core.package_discovery:discover_packages(recursive) check parameters
[4.819s] Level 1:colcon.colcon_core.package_discovery:discover_packages(ignore) check parameters
[4.819s] Level 1:colcon.colcon_core.package_discovery:discover_packages(path) check parameters
[4.819s] Level 1:colcon.colcon_core.package_discovery:discover_packages(colcon_meta) discover
[4.819s] Level 1:colcon.colcon_core.package_discovery:discover_packages(recursive) discover
[4.819s] INFO:colcon.colcon_core.package_discovery:Crawling recursively for packages in '/home/joshhlee/me326_ws/src/collab_robotics'
[4.819s] Level 1:colcon.colcon_core.package_identification:_identify(.) by extensions ['ignore', 'ignore_ament_install']
[4.819s] Level 1:colcon.colcon_core.package_identification:_identify(.) by extension 'ignore'
[4.819s] Level 1:colcon.colcon_core.package_identification:_identify(.) by extension 'ignore_ament_install'
[4.819s] Level 1:colcon.colcon_core.package_identification:_identify(.) by extensions ['colcon_pkg']
[4.819s] Level 1:colcon.colcon_core.package_identification:_identify(.) by extension 'colcon_pkg'
[4.819s] Level 1:colcon.colcon_core.package_identification:_identify(.) by extensions ['colcon_meta']
[4.819s] Level 1:colcon.colcon_core.package_identification:_identify(.) by extension 'colcon_meta'
[4.819s] Level 1:colcon.colcon_core.package_identification:_identify(.) by extensions ['ros']
[4.819s] Level 1:colcon.colcon_core.package_identification:_identify(.) by extension 'ros'
[4.829s] Level 1:colcon.colcon_core.package_identification:_identify(.) by extensions ['cmake', 'python']
[4.829s] Level 1:colcon.colcon_core.package_identification:_identify(.) by extension 'cmake'
[4.829s] Level 1:colcon.colcon_core.package_identification:_identify(.) by extension 'python'
[4.830s] Level 1:colcon.colcon_core.package_identification:_identify(.) by extensions ['python_setup_py']
[4.830s] Level 1:colcon.colcon_core.package_identification:_identify(.) by extension 'python_setup_py'
[4.830s] Level 1:colcon.colcon_core.package_identification:_identify(build) by extensions ['ignore', 'ignore_ament_install']
[4.830s] Level 1:colcon.colcon_core.package_identification:_identify(build) by extension 'ignore'
[4.830s] Level 1:colcon.colcon_core.package_identification:_identify(build) ignored
[4.830s] Level 1:colcon.colcon_core.package_identification:_identify(install) by extensions ['ignore', 'ignore_ament_install']
[4.830s] Level 1:colcon.colcon_core.package_identification:_identify(install) by extension 'ignore'
[4.830s] Level 1:colcon.colcon_core.package_identification:_identify(install) ignored
[4.830s] Level 1:colcon.colcon_core.package_identification:_identify(la_msgs) by extensions ['ignore', 'ignore_ament_install']
[4.830s] Level 1:colcon.colcon_core.package_identification:_identify(la_msgs) by extension 'ignore'
[4.830s] Level 1:colcon.colcon_core.package_identification:_identify(la_msgs) by extension 'ignore_ament_install'
[4.830s] Level 1:colcon.colcon_core.package_identification:_identify(la_msgs) by extensions ['colcon_pkg']
[4.830s] Level 1:colcon.colcon_core.package_identification:_identify(la_msgs) by extension 'colcon_pkg'
[4.830s] Level 1:colcon.colcon_core.package_identification:_identify(la_msgs) by extensions ['colcon_meta']
[4.830s] Level 1:colcon.colcon_core.package_identification:_identify(la_msgs) by extension 'colcon_meta'
[4.830s] Level 1:colcon.colcon_core.package_identification:_identify(la_msgs) by extensions ['ros']
[4.830s] Level 1:colcon.colcon_core.package_identification:_identify(la_msgs) by extension 'ros'
[4.832s] DEBUG:colcon.colcon_core.package_identification:Package 'la_msgs' with type 'ros.ament_cmake' and name 'la_msgs'
[4.832s] Level 1:colcon.colcon_core.package_identification:_identify(locobot_interfaces) by extensions ['ignore', 'ignore_ament_install']
[4.832s] Level 1:colcon.colcon_core.package_identification:_identify(locobot_interfaces) by extension 'ignore'
[4.833s] Level 1:colcon.colcon_core.package_identification:_identify(locobot_interfaces) by extension 'ignore_ament_install'
[4.833s] Level 1:colcon.colcon_core.package_identification:_identify(locobot_interfaces) by extensions ['colcon_pkg']
[4.833s] Level 1:colcon.colcon_core.package_identification:_identify(locobot_interfaces) by extension 'colcon_pkg'
[4.833s] Level 1:colcon.colcon_core.package_identification:_identify(locobot_interfaces) by extensions ['colcon_meta']
[4.833s] Level 1:colcon.colcon_core.package_identification:_identify(locobot_interfaces) by extension 'colcon_meta'
[4.833s] Level 1:colcon.colcon_core.package_identification:_identify(locobot_interfaces) by extensions ['ros']
[4.833s] Level 1:colcon.colcon_core.package_identification:_identify(locobot_interfaces) by extension 'ros'
[4.833s] DEBUG:colcon.colcon_core.package_identification:Package 'locobot_interfaces' with type 'ros.ament_cmake' and name 'locobot_interfaces'
[4.833s] Level 1:colcon.colcon_core.package_identification:_identify(log) by extensions ['ignore', 'ignore_ament_install']
[4.833s] Level 1:colcon.colcon_core.package_identification:_identify(log) by extension 'ignore'
[4.833s] Level 1:colcon.colcon_core.package_identification:_identify(log) ignored
[4.833s] Level 1:colcon.colcon_core.package_identification:_identify(me326_project) by extensions ['ignore', 'ignore_ament_install']
[4.833s] Level 1:colcon.colcon_core.package_identification:_identify(me326_project) by extension 'ignore'
[4.833s] Level 1:colcon.colcon_core.package_identification:_identify(me326_project) by extension 'ignore_ament_install'
[4.833s] Level 1:colcon.colcon_core.package_identification:_identify(me326_project) by extensions ['colcon_pkg']
[4.833s] Level 1:colcon.colcon_core.package_identification:_identify(me326_project) by extension 'colcon_pkg'
[4.833s] Level 1:colcon.colcon_core.package_identification:_identify(me326_project) by extensions ['colcon_meta']
[4.833s] Level 1:colcon.colcon_core.package_identification:_identify(me326_project) by extension 'colcon_meta'
[4.833s] Level 1:colcon.colcon_core.package_identification:_identify(me326_project) by extensions ['ros']
[4.833s] Level 1:colcon.colcon_core.package_identification:_identify(me326_project) by extension 'ros'
[4.834s] DEBUG:colcon.colcon_core.package_identification:Package 'me326_project' with type 'ros.ament_cmake' and name 'me326_project'
[4.835s] Level 1:colcon.colcon_core.package_discovery:discover_packages(recursive) using defaults
[4.835s] Level 1:colcon.colcon_core.package_discovery:discover_packages(ignore) discover
[4.835s] Level 1:colcon.colcon_core.package_discovery:discover_packages(ignore) using defaults
[4.835s] Level 1:colcon.colcon_core.package_discovery:discover_packages(path) discover
[4.835s] Level 1:colcon.colcon_core.package_discovery:discover_packages(path) using defaults
[5.228s] Level 1:colcon.colcon_core.package_discovery:discover_packages(prefix_path) check parameters
[5.228s] Level 1:colcon.colcon_core.package_discovery:discover_packages(prefix_path) discover
[5.417s] DEBUG:colcon.colcon_installed_package_information.package_discovery:Found 10 installed packages in /home/joshhlee/me326_ws/install
[5.519s] DEBUG:colcon.colcon_installed_package_information.package_discovery:Found 22 installed packages in /home/joshhlee/interbotix_ws/install
[5.606s] DEBUG:colcon.colcon_installed_package_information.package_discovery:Found 335 installed packages in /opt/ros/galactic
[5.607s] Level 1:colcon.colcon_core.package_discovery:discover_packages(prefix_path) using defaults
[5.825s] Level 5:colcon.colcon_core.verb:set package 'la_msgs' build argument 'cmake_args' from command line to 'None'
[5.825s] Level 5:colcon.colcon_core.verb:set package 'la_msgs' build argument 'cmake_target' from command line to 'None'
[5.825s] Level 5:colcon.colcon_core.verb:set package 'la_msgs' build argument 'cmake_target_skip_unavailable' from command line to 'False'
[5.825s] Level 5:colcon.colcon_core.verb:set package 'la_msgs' build argument 'cmake_clean_cache' from command line to 'False'
[5.825s] Level 5:colcon.colcon_core.verb:set package 'la_msgs' build argument 'cmake_clean_first' from command line to 'False'
[5.825s] Level 5:colcon.colcon_core.verb:set package 'la_msgs' build argument 'cmake_force_configure' from command line to 'False'
[5.825s] Level 5:colcon.colcon_core.verb:set package 'la_msgs' build argument 'ament_cmake_args' from command line to 'None'
[5.825s] Level 5:colcon.colcon_core.verb:set package 'la_msgs' build argument 'catkin_cmake_args' from command line to 'None'
[5.825s] Level 5:colcon.colcon_core.verb:set package 'la_msgs' build argument 'catkin_skip_building_tests' from command line to 'False'
[5.825s] DEBUG:colcon.colcon_core.verb:Building package 'la_msgs' with the following arguments: {'ament_cmake_args': None, 'build_base': '/home/joshhlee/me326_ws/src/collab_robotics/build/la_msgs', 'catkin_cmake_args': None, 'catkin_skip_building_tests': False, 'cmake_args': None, 'cmake_clean_cache': False, 'cmake_clean_first': False, 'cmake_force_configure': False, 'cmake_target': None, 'cmake_target_skip_unavailable': False, 'install_base': '/home/joshhlee/me326_ws/src/collab_robotics/install/la_msgs', 'merge_install': False, 'path': '/home/joshhlee/me326_ws/src/collab_robotics/la_msgs', 'symlink_install': False, 'test_result_base': None}
[5.894s] Level 5:colcon.colcon_core.verb:set package 'locobot_interfaces' build argument 'cmake_args' from command line to 'None'
[5.894s] Level 5:colcon.colcon_core.verb:set package 'locobot_interfaces' build argument 'cmake_target' from command line to 'None'
[5.894s] Level 5:colcon.colcon_core.verb:set package 'locobot_interfaces' build argument 'cmake_target_skip_unavailable' from command line to 'False'
[5.894s] Level 5:colcon.colcon_core.verb:set package 'locobot_interfaces' build argument 'cmake_clean_cache' from command line to 'False'
[5.894s] Level 5:colcon.colcon_core.verb:set package 'locobot_interfaces' build argument 'cmake_clean_first' from command line to 'False'
[5.894s] Level 5:colcon.colcon_core.verb:set package 'locobot_interfaces' build argument 'cmake_force_configure' from command line to 'False'
[5.894s] Level 5:colcon.colcon_core.verb:set package 'locobot_interfaces' build argument 'ament_cmake_args' from command line to 'None'
[5.894s] Level 5:colcon.colcon_core.verb:set package 'locobot_interfaces' build argument 'catkin_cmake_args' from command line to 'None'
[5.894s] Level 5:colcon.colcon_core.verb:set package 'locobot_interfaces' build argument 'catkin_skip_building_tests' from command line to 'False'
[5.894s] DEBUG:colcon.colcon_core.verb:Building package 'locobot_interfaces' with the following arguments: {'ament_cmake_args': None, 'build_base': '/home/joshhlee/me326_ws/src/collab_robotics/build/locobot_interfaces', 'catkin_cmake_args': None, 'catkin_skip_building_tests': False, 'cmake_args': None, 'cmake_clean_cache': False, 'cmake_clean_first': False, 'cmake_force_configure': False, 'cmake_target': None, 'cmake_target_skip_unavailable': False, 'install_base': '/home/joshhlee/me326_ws/src/collab_robotics/install/locobot_interfaces', 'merge_install': False, 'path': '/home/joshhlee/me326_ws/src/collab_robotics/locobot_interfaces', 'symlink_install': False, 'test_result_base': None}
[5.966s] Level 5:colcon.colcon_core.verb:set package 'me326_project' build argument 'cmake_args' from command line to 'None'
[5.966s] Level 5:colcon.colcon_core.verb:set package 'me326_project' build argument 'cmake_target' from command line to 'None'
[5.966s] Level 5:colcon.colcon_core.verb:set package 'me326_project' build argument 'cmake_target_skip_unavailable' from command line to 'False'
[5.966s] Level 5:colcon.colcon_core.verb:set package 'me326_project' build argument 'cmake_clean_cache' from command line to 'False'
[5.966s] Level 5:colcon.colcon_core.verb:set package 'me326_project' build argument 'cmake_clean_first' from command line to 'False'
[5.966s] Level 5:colcon.colcon_core.verb:set package 'me326_project' build argument 'cmake_force_configure' from command line to 'False'
[5.966s] Level 5:colcon.colcon_core.verb:set package 'me326_project' build argument 'ament_cmake_args' from command line to 'None'
[5.966s] Level 5:colcon.colcon_core.verb:set package 'me326_project' build argument 'catkin_cmake_args' from command line to 'None'
[5.966s] Level 5:colcon.colcon_core.verb:set package 'me326_project' build argument 'catkin_skip_building_tests' from command line to 'False'
[5.966s] DEBUG:colcon.colcon_core.verb:Building package 'me326_project' with the following arguments: {'ament_cmake_args': None, 'build_base': '/home/joshhlee/me326_ws/src/collab_robotics/build/me326_project', 'catkin_cmake_args': None, 'catkin_skip_building_tests': False, 'cmake_args': None, 'cmake_clean_cache': False, 'cmake_clean_first': False, 'cmake_force_configure': False, 'cmake_target': None, 'cmake_target_skip_unavailable': False, 'install_base': '/home/joshhlee/me326_ws/src/collab_robotics/install/me326_project', 'merge_install': False, 'path': '/home/joshhlee/me326_ws/src/collab_robotics/me326_project', 'symlink_install': False, 'test_result_base': None}
[6.037s] INFO:colcon.colcon_core.executor:Executing jobs using 'parallel' executor
[6.116s] DEBUG:colcon.colcon_parallel_executor.executor.parallel:run_until_complete
[6.116s] INFO:colcon.colcon_ros.task.ament_cmake.build:Building ROS package in '/home/joshhlee/me326_ws/src/collab_robotics/la_msgs' with build type 'ament_cmake'
[6.116s] INFO:colcon.colcon_cmake.task.cmake.build:Building CMake package in '/home/joshhlee/me326_ws/src/collab_robotics/la_msgs'
[6.202s] INFO:colcon.colcon_core.plugin_system:Skipping extension 'colcon_core.shell.bat': Not used on non-Windows systems
[6.202s] INFO:colcon.colcon_core.shell:Skip shell extension 'powershell' for command environment: Not usable outside of PowerShell
[6.202s] DEBUG:colcon.colcon_core.shell:Skip shell extension 'dsv' for command environment
[6.496s] INFO:colcon.colcon_ros.task.ament_cmake.build:Building ROS package in '/home/joshhlee/me326_ws/src/collab_robotics/locobot_interfaces' with build type 'ament_cmake'
[6.497s] INFO:colcon.colcon_cmake.task.cmake.build:Building CMake package in '/home/joshhlee/me326_ws/src/collab_robotics/locobot_interfaces'
[6.569s] INFO:colcon.colcon_core.shell:Skip shell extension 'powershell' for command environment: Not usable outside of PowerShell
[6.570s] DEBUG:colcon.colcon_core.shell:Skip shell extension 'dsv' for command environment
[6.877s] INFO:colcon.colcon_ros.task.ament_cmake.build:Building ROS package in '/home/joshhlee/me326_ws/src/collab_robotics/me326_project' with build type 'ament_cmake'
[6.877s] INFO:colcon.colcon_cmake.task.cmake.build:Building CMake package in '/home/joshhlee/me326_ws/src/collab_robotics/me326_project'
[6.957s] INFO:colcon.colcon_core.shell:Skip shell extension 'powershell' for command environment: Not usable outside of PowerShell
[6.957s] DEBUG:colcon.colcon_core.shell:Skip shell extension 'dsv' for command environment
[7.324s] DEBUG:colcon.colcon_core.event_handler.log_command:Invoking command in '/home/joshhlee/me326_ws/src/collab_robotics/build/la_msgs': CMAKE_PREFIX_PATH=${CMAKE_PREFIX_PATH}:/home/joshhlee/interbotix_ws/install/interbotix_xs_modules:/home/joshhlee/interbotix_ws/install/interbotix_perception_modules:/home/joshhlee/interbotix_ws/install/interbotix_common_modules:/home/joshhlee/me326_ws/install/opencv_tests:/opt/ros/galactic /usr/bin/cmake --build /home/joshhlee/me326_ws/src/collab_robotics/build/la_msgs -- -j4 -l4
[7.348s] DEBUG:colcon.colcon_core.event_handler.log_command:Invoking command in '/home/joshhlee/me326_ws/src/collab_robotics/build/locobot_interfaces': CMAKE_PREFIX_PATH=${CMAKE_PREFIX_PATH}:/home/joshhlee/interbotix_ws/install/interbotix_xs_modules:/home/joshhlee/interbotix_ws/install/interbotix_perception_modules:/home/joshhlee/interbotix_ws/install/interbotix_common_modules:/home/joshhlee/me326_ws/install/opencv_tests:/opt/ros/galactic /usr/bin/cmake --build /home/joshhlee/me326_ws/src/collab_robotics/build/locobot_interfaces -- -j4 -l4
[7.373s] DEBUG:colcon.colcon_core.event_handler.log_command:Invoking command in '/home/joshhlee/me326_ws/src/collab_robotics/build/me326_project': CMAKE_PREFIX_PATH=${CMAKE_PREFIX_PATH}:/home/joshhlee/interbotix_ws/install/interbotix_xs_modules:/home/joshhlee/interbotix_ws/install/interbotix_perception_modules:/home/joshhlee/interbotix_ws/install/interbotix_common_modules:/home/joshhlee/me326_ws/install/opencv_tests:/opt/ros/galactic /usr/bin/cmake --build /home/joshhlee/me326_ws/src/collab_robotics/build/me326_project -- -j4 -l4
[8.961s] DEBUG:colcon.colcon_core.event_handler.log_command:Invoked command in '/home/joshhlee/me326_ws/src/collab_robotics/build/la_msgs' returned '0': CMAKE_PREFIX_PATH=${CMAKE_PREFIX_PATH}:/home/joshhlee/interbotix_ws/install/interbotix_xs_modules:/home/joshhlee/interbotix_ws/install/interbotix_perception_modules:/home/joshhlee/interbotix_ws/install/interbotix_common_modules:/home/joshhlee/me326_ws/install/opencv_tests:/opt/ros/galactic /usr/bin/cmake --build /home/joshhlee/me326_ws/src/collab_robotics/build/la_msgs -- -j4 -l4
[9.941s] DEBUG:colcon.colcon_core.event_handler.log_command:Invoking command in '/home/joshhlee/me326_ws/src/collab_robotics/build/la_msgs': CMAKE_PREFIX_PATH=${CMAKE_PREFIX_PATH}:/home/joshhlee/interbotix_ws/install/interbotix_xs_modules:/home/joshhlee/interbotix_ws/install/interbotix_perception_modules:/home/joshhlee/interbotix_ws/install/interbotix_common_modules:/home/joshhlee/me326_ws/install/opencv_tests:/opt/ros/galactic /usr/bin/cmake --install /home/joshhlee/me326_ws/src/collab_robotics/build/la_msgs
[10.153s] Level 1:colcon.colcon_core.environment:create_environment_scripts_only(la_msgs)
[10.160s] DEBUG:colcon.colcon_core.event_handler.log_command:Invoked command in '/home/joshhlee/me326_ws/src/collab_robotics/build/la_msgs' returned '0': CMAKE_PREFIX_PATH=${CMAKE_PREFIX_PATH}:/home/joshhlee/interbotix_ws/install/interbotix_xs_modules:/home/joshhlee/interbotix_ws/install/interbotix_perception_modules:/home/joshhlee/interbotix_ws/install/interbotix_common_modules:/home/joshhlee/me326_ws/install/opencv_tests:/opt/ros/galactic /usr/bin/cmake --install /home/joshhlee/me326_ws/src/collab_robotics/build/la_msgs
[10.342s] Level 1:colcon.colcon_core.environment:checking '/home/joshhlee/me326_ws/src/collab_robotics/install/la_msgs' for CMake module files
[10.344s] Level 1:colcon.colcon_core.environment:checking '/home/joshhlee/me326_ws/src/collab_robotics/install/la_msgs' for CMake config files
[10.345s] Level 1:colcon.colcon_core.shell:create_environment_hook('la_msgs', 'cmake_prefix_path')
[10.456s] INFO:colcon.colcon_core.shell:Creating environment hook '/home/joshhlee/me326_ws/src/collab_robotics/install/la_msgs/share/la_msgs/hook/cmake_prefix_path.ps1'
[10.457s] INFO:colcon.colcon_core.shell:Creating environment descriptor '/home/joshhlee/me326_ws/src/collab_robotics/install/la_msgs/share/la_msgs/hook/cmake_prefix_path.dsv'
[10.459s] INFO:colcon.colcon_core.shell:Creating environment hook '/home/joshhlee/me326_ws/src/collab_robotics/install/la_msgs/share/la_msgs/hook/cmake_prefix_path.sh'
[10.459s] Level 1:colcon.colcon_core.environment:checking '/home/joshhlee/me326_ws/src/collab_robotics/install/la_msgs/lib'
[10.460s] Level 1:colcon.colcon_core.shell:create_environment_hook('la_msgs', 'ld_library_path_lib')
[10.560s] INFO:colcon.colcon_core.shell:Creating environment hook '/home/joshhlee/me326_ws/src/collab_robotics/install/la_msgs/share/la_msgs/hook/ld_library_path_lib.ps1'
[10.560s] INFO:colcon.colcon_core.shell:Creating environment descriptor '/home/joshhlee/me326_ws/src/collab_robotics/install/la_msgs/share/la_msgs/hook/ld_library_path_lib.dsv'
[10.560s] INFO:colcon.colcon_core.shell:Creating environment hook '/home/joshhlee/me326_ws/src/collab_robotics/install/la_msgs/share/la_msgs/hook/ld_library_path_lib.sh'
[10.561s] Level 1:colcon.colcon_core.environment:checking '/home/joshhlee/me326_ws/src/collab_robotics/install/la_msgs/bin'
[10.561s] Level 1:colcon.colcon_core.environment:checking '/home/joshhlee/me326_ws/src/collab_robotics/install/la_msgs/lib/pkgconfig/la_msgs.pc'
[10.561s] Level 1:colcon.colcon_core.environment:checking '/home/joshhlee/me326_ws/src/collab_robotics/install/la_msgs/lib/python3.8/site-packages'
[10.561s] Level 1:colcon.colcon_core.shell:create_environment_hook('la_msgs', 'pythonpath')
[10.654s] INFO:colcon.colcon_core.shell:Creating environment hook '/home/joshhlee/me326_ws/src/collab_robotics/install/la_msgs/share/la_msgs/hook/pythonpath.ps1'
[10.655s] INFO:colcon.colcon_core.shell:Creating environment descriptor '/home/joshhlee/me326_ws/src/collab_robotics/install/la_msgs/share/la_msgs/hook/pythonpath.dsv'
[10.655s] INFO:colcon.colcon_core.shell:Creating environment hook '/home/joshhlee/me326_ws/src/collab_robotics/install/la_msgs/share/la_msgs/hook/pythonpath.sh'
[10.655s] Level 1:colcon.colcon_core.environment:checking '/home/joshhlee/me326_ws/src/collab_robotics/install/la_msgs/bin'
[10.754s] INFO:colcon.colcon_core.shell:Creating package script '/home/joshhlee/me326_ws/src/collab_robotics/install/la_msgs/share/la_msgs/package.ps1'
[10.755s] INFO:colcon.colcon_core.shell:Creating package descriptor '/home/joshhlee/me326_ws/src/collab_robotics/install/la_msgs/share/la_msgs/package.dsv'
[10.755s] INFO:colcon.colcon_core.shell:Creating package script '/home/joshhlee/me326_ws/src/collab_robotics/install/la_msgs/share/la_msgs/package.sh'
[10.756s] INFO:colcon.colcon_core.shell:Creating package script '/home/joshhlee/me326_ws/src/collab_robotics/install/la_msgs/share/la_msgs/package.bash'
[10.756s] INFO:colcon.colcon_core.shell:Creating package script '/home/joshhlee/me326_ws/src/collab_robotics/install/la_msgs/share/la_msgs/package.zsh'
[10.757s] Level 1:colcon.colcon_core.environment:create_file_with_runtime_dependencies(/home/joshhlee/me326_ws/src/collab_robotics/install/la_msgs/share/colcon-core/packages/la_msgs)
[11.552s] Level 1:colcon.colcon_core.environment:create_environment_scripts_only(la_msgs)
[11.767s] Level 1:colcon.colcon_core.environment:checking '/home/joshhlee/me326_ws/src/collab_robotics/install/la_msgs' for CMake module files
[11.768s] Level 1:colcon.colcon_core.environment:checking '/home/joshhlee/me326_ws/src/collab_robotics/install/la_msgs' for CMake config files
[11.769s] Level 1:colcon.colcon_core.shell:create_environment_hook('la_msgs', 'cmake_prefix_path')
[11.991s] INFO:colcon.colcon_core.shell:Creating environment hook '/home/joshhlee/me326_ws/src/collab_robotics/install/la_msgs/share/la_msgs/hook/cmake_prefix_path.ps1'
[11.992s] INFO:colcon.colcon_core.shell:Creating environment descriptor '/home/joshhlee/me326_ws/src/collab_robotics/install/la_msgs/share/la_msgs/hook/cmake_prefix_path.dsv'
[11.993s] INFO:colcon.colcon_core.shell:Creating environment hook '/home/joshhlee/me326_ws/src/collab_robotics/install/la_msgs/share/la_msgs/hook/cmake_prefix_path.sh'
[11.994s] Level 1:colcon.colcon_core.environment:checking '/home/joshhlee/me326_ws/src/collab_robotics/install/la_msgs/lib'
[11.994s] Level 1:colcon.colcon_core.shell:create_environment_hook('la_msgs', 'ld_library_path_lib')
[12.203s] INFO:colcon.colcon_core.shell:Creating environment hook '/home/joshhlee/me326_ws/src/collab_robotics/install/la_msgs/share/la_msgs/hook/ld_library_path_lib.ps1'
[12.203s] INFO:colcon.colcon_core.shell:Creating environment descriptor '/home/joshhlee/me326_ws/src/collab_robotics/install/la_msgs/share/la_msgs/hook/ld_library_path_lib.dsv'
[12.204s] INFO:colcon.colcon_core.shell:Creating environment hook '/home/joshhlee/me326_ws/src/collab_robotics/install/la_msgs/share/la_msgs/hook/ld_library_path_lib.sh'
[12.204s] Level 1:colcon.colcon_core.environment:checking '/home/joshhlee/me326_ws/src/collab_robotics/install/la_msgs/bin'
[12.204s] Level 1:colcon.colcon_core.environment:checking '/home/joshhlee/me326_ws/src/collab_robotics/install/la_msgs/lib/pkgconfig/la_msgs.pc'
[12.205s] Level 1:colcon.colcon_core.environment:checking '/home/joshhlee/me326_ws/src/collab_robotics/install/la_msgs/lib/python3.8/site-packages'
[12.205s] Level 1:colcon.colcon_core.shell:create_environment_hook('la_msgs', 'pythonpath')
[12.376s] INFO:colcon.colcon_core.shell:Creating environment hook '/home/joshhlee/me326_ws/src/collab_robotics/install/la_msgs/share/la_msgs/hook/pythonpath.ps1'
[12.377s] INFO:colcon.colcon_core.shell:Creating environment descriptor '/home/joshhlee/me326_ws/src/collab_robotics/install/la_msgs/share/la_msgs/hook/pythonpath.dsv'
[12.377s] INFO:colcon.colcon_core.shell:Creating environment hook '/home/joshhlee/me326_ws/src/collab_robotics/install/la_msgs/share/la_msgs/hook/pythonpath.sh'
[12.379s] Level 1:colcon.colcon_core.environment:checking '/home/joshhlee/me326_ws/src/collab_robotics/install/la_msgs/bin'
[12.560s] INFO:colcon.colcon_core.shell:Creating package script '/home/joshhlee/me326_ws/src/collab_robotics/install/la_msgs/share/la_msgs/package.ps1'
[12.560s] INFO:colcon.colcon_core.shell:Creating package descriptor '/home/joshhlee/me326_ws/src/collab_robotics/install/la_msgs/share/la_msgs/package.dsv'
[12.561s] INFO:colcon.colcon_core.shell:Creating package script '/home/joshhlee/me326_ws/src/collab_robotics/install/la_msgs/share/la_msgs/package.sh'
[12.561s] INFO:colcon.colcon_core.shell:Creating package script '/home/joshhlee/me326_ws/src/collab_robotics/install/la_msgs/share/la_msgs/package.bash'
[12.562s] INFO:colcon.colcon_core.shell:Creating package script '/home/joshhlee/me326_ws/src/collab_robotics/install/la_msgs/share/la_msgs/package.zsh'
[12.562s] Level 1:colcon.colcon_core.environment:create_file_with_runtime_dependencies(/home/joshhlee/me326_ws/src/collab_robotics/install/la_msgs/share/colcon-core/packages/la_msgs)
[20.130s] DEBUG:colcon.colcon_parallel_executor.executor.parallel:run_until_complete was interrupted
[20.133s] DEBUG:colcon.colcon_parallel_executor.executor.parallel:run_until_complete again
[20.187s] DEBUG:colcon.colcon_core.event_handler.log_command:Invoked command in '/home/joshhlee/me326_ws/src/collab_robotics/build/me326_project' returned '-2': CMAKE_PREFIX_PATH=${CMAKE_PREFIX_PATH}:/home/joshhlee/interbotix_ws/install/interbotix_xs_modules:/home/joshhlee/interbotix_ws/install/interbotix_perception_modules:/home/joshhlee/interbotix_ws/install/interbotix_common_modules:/home/joshhlee/me326_ws/install/opencv_tests:/opt/ros/galactic /usr/bin/cmake --build /home/joshhlee/me326_ws/src/collab_robotics/build/me326_project -- -j4 -l4
[20.205s] DEBUG:colcon.colcon_core.event_handler.log_command:Invoked command in '/home/joshhlee/me326_ws/src/collab_robotics/build/locobot_interfaces' returned '-2': CMAKE_PREFIX_PATH=${CMAKE_PREFIX_PATH}:/home/joshhlee/interbotix_ws/install/interbotix_xs_modules:/home/joshhlee/interbotix_ws/install/interbotix_perception_modules:/home/joshhlee/interbotix_ws/install/interbotix_common_modules:/home/joshhlee/me326_ws/install/opencv_tests:/opt/ros/galactic /usr/bin/cmake --build /home/joshhlee/me326_ws/src/collab_robotics/build/locobot_interfaces -- -j4 -l4
[20.385s] Level 1:colcon.colcon_core.environment:create_environment_scripts_only(me326_project)
[20.475s] Level 1:colcon.colcon_core.environment:checking '/home/joshhlee/me326_ws/src/collab_robotics/install/me326_project' for CMake module files
[20.476s] Level 1:colcon.colcon_core.environment:checking '/home/joshhlee/me326_ws/src/collab_robotics/install/me326_project' for CMake config files
[20.476s] Level 1:colcon.colcon_core.shell:create_environment_hook('me326_project', 'cmake_prefix_path')
[20.550s] INFO:colcon.colcon_core.shell:Creating environment hook '/home/joshhlee/me326_ws/src/collab_robotics/install/me326_project/share/me326_project/hook/cmake_prefix_path.ps1'
[20.551s] INFO:colcon.colcon_core.shell:Creating environment descriptor '/home/joshhlee/me326_ws/src/collab_robotics/install/me326_project/share/me326_project/hook/cmake_prefix_path.dsv'
[20.551s] INFO:colcon.colcon_core.shell:Creating environment hook '/home/joshhlee/me326_ws/src/collab_robotics/install/me326_project/share/me326_project/hook/cmake_prefix_path.sh'
[20.552s] Level 1:colcon.colcon_core.environment:checking '/home/joshhlee/me326_ws/src/collab_robotics/install/me326_project/lib'
[20.552s] Level 1:colcon.colcon_core.environment:checking '/home/joshhlee/me326_ws/src/collab_robotics/install/me326_project/bin'
[20.552s] Level 1:colcon.colcon_core.environment:checking '/home/joshhlee/me326_ws/src/collab_robotics/install/me326_project/lib/pkgconfig/me326_project.pc'
[20.552s] Level 1:colcon.colcon_core.environment:checking '/home/joshhlee/me326_ws/src/collab_robotics/install/me326_project/lib/python3.8/site-packages'
[20.552s] Level 1:colcon.colcon_core.environment:checking '/home/joshhlee/me326_ws/src/collab_robotics/install/me326_project/bin'
[20.627s] INFO:colcon.colcon_core.shell:Creating package script '/home/joshhlee/me326_ws/src/collab_robotics/install/me326_project/share/me326_project/package.ps1'
[20.628s] INFO:colcon.colcon_core.shell:Creating package descriptor '/home/joshhlee/me326_ws/src/collab_robotics/install/me326_project/share/me326_project/package.dsv'
[20.629s] INFO:colcon.colcon_core.shell:Creating package script '/home/joshhlee/me326_ws/src/collab_robotics/install/me326_project/share/me326_project/package.sh'
[20.629s] INFO:colcon.colcon_core.shell:Creating package script '/home/joshhlee/me326_ws/src/collab_robotics/install/me326_project/share/me326_project/package.bash'
[20.629s] INFO:colcon.colcon_core.shell:Creating package script '/home/joshhlee/me326_ws/src/collab_robotics/install/me326_project/share/me326_project/package.zsh'
[20.629s] Level 1:colcon.colcon_core.environment:create_file_with_runtime_dependencies(/home/joshhlee/me326_ws/src/collab_robotics/install/me326_project/share/colcon-core/packages/me326_project)
[20.641s] DEBUG:colcon.colcon_parallel_executor.executor.parallel:run_until_complete finished
[20.641s] DEBUG:colcon.colcon_parallel_executor.executor.parallel:closing loop
[20.642s] DEBUG:colcon.colcon_parallel_executor.executor.parallel:loop closed
[20.646s] DEBUG:colcon.colcon_core.event_reactor:joining thread
[20.784s] INFO:colcon.colcon_core.plugin_system:Skipping extension 'colcon_notification.desktop_notification.terminal_notifier': Not used on non-Darwin systems
[20.784s] INFO:colcon.colcon_core.plugin_system:Skipping extension 'colcon_notification.desktop_notification.win32': Not used on non-Windows systems
[20.785s] INFO:colcon.colcon_notification.desktop_notification:Sending desktop notification using 'notify2'
[20.855s] DEBUG:colcon.colcon_core.event_reactor:joined thread
[21.019s] INFO:colcon.colcon_core.shell:Creating prefix script '/home/joshhlee/me326_ws/src/collab_robotics/install/local_setup.ps1'
[21.021s] INFO:colcon.colcon_core.shell:Creating prefix util module '/home/joshhlee/me326_ws/src/collab_robotics/install/_local_setup_util_ps1.py'
[21.024s] INFO:colcon.colcon_core.shell:Creating prefix chain script '/home/joshhlee/me326_ws/src/collab_robotics/install/setup.ps1'
[21.139s] INFO:colcon.colcon_core.shell:Creating prefix script '/home/joshhlee/me326_ws/src/collab_robotics/install/local_setup.sh'
[21.140s] INFO:colcon.colcon_core.shell:Creating prefix util module '/home/joshhlee/me326_ws/src/collab_robotics/install/_local_setup_util_sh.py'
[21.140s] INFO:colcon.colcon_core.shell:Creating prefix chain script '/home/joshhlee/me326_ws/src/collab_robotics/install/setup.sh'
[21.417s] INFO:colcon.colcon_core.shell:Creating prefix script '/home/joshhlee/me326_ws/src/collab_robotics/install/local_setup.bash'
[21.417s] INFO:colcon.colcon_core.shell:Creating prefix chain script '/home/joshhlee/me326_ws/src/collab_robotics/install/setup.bash'
[21.521s] INFO:colcon.colcon_core.shell:Creating prefix script '/home/joshhlee/me326_ws/src/collab_robotics/install/local_setup.zsh'
[21.522s] INFO:colcon.colcon_core.shell:Creating prefix chain script '/home/joshhlee/me326_ws/src/collab_robotics/install/setup.zsh'
