[2.870s] DEBUG:colcon:Command line arguments: ['/usr/bin/colcon', 'build']
[2.870s] DEBUG:colcon:Parsed command line arguments: Namespace(allow_overriding=[], ament_cmake_args=None, base_paths=['.'], build_base='build', catkin_cmake_args=None, catkin_skip_building_tests=False, cmake_args=None, cmake_clean_cache=False, cmake_clean_first=False, cmake_force_configure=False, cmake_target=None, cmake_target_skip_unavailable=False, continue_on_error=False, event_handlers=None, executor='parallel', ignore_user_meta=False, install_base='install', log_base=None, log_level=None, main=<bound method BuildVerb.main of <colcon_core.verb.build.BuildVerb object at 0xffff8159bd30>>, merge_install=False, metas=['./colcon.meta'], packages_above=None, packages_above_and_dependencies=None, packages_above_depth=None, packages_end=None, packages_ignore=None, packages_ignore_regex=None, packages_select=None, packages_select_build_failed=False, packages_select_by_dep=None, packages_select_regex=None, packages_select_test_failures=False, packages_skip=None, packages_skip_build_finished=False, packages_skip_by_dep=None, packages_skip_regex=None, packages_skip_test_passed=False, packages_skip_up_to=None, packages_start=None, packages_up_to=None, packages_up_to_regex=None, parallel_workers=4, paths=None, symlink_install=False, test_result_base=None, verb_extension=<colcon_core.verb.build.BuildVerb object at 0xffff8159bd30>, verb_name='build', verb_parser=<colcon_defaults.argument_parser.defaults.DefaultArgumentsDecorator object at 0xffff8159b790>)
[2.986s] Level 1:colcon.colcon_core.package_discovery:discover_packages(colcon_meta) check parameters
[2.986s] Level 1:colcon.colcon_core.package_discovery:discover_packages(recursive) check parameters
[2.986s] Level 1:colcon.colcon_core.package_discovery:discover_packages(ignore) check parameters
[2.986s] Level 1:colcon.colcon_core.package_discovery:discover_packages(path) check parameters
[2.986s] Level 1:colcon.colcon_core.package_discovery:discover_packages(colcon_meta) discover
[2.986s] Level 1:colcon.colcon_core.package_discovery:discover_packages(recursive) discover
[2.986s] INFO:colcon.colcon_core.package_discovery:Crawling recursively for packages in '/home/joshhlee/me326_ws/src/collaborative_robotics_course'
[2.987s] Level 1:colcon.colcon_core.package_identification:_identify(.) by extensions ['ignore', 'ignore_ament_install']
[2.987s] Level 1:colcon.colcon_core.package_identification:_identify(.) by extension 'ignore'
[2.987s] Level 1:colcon.colcon_core.package_identification:_identify(.) by extension 'ignore_ament_install'
[2.987s] Level 1:colcon.colcon_core.package_identification:_identify(.) by extensions ['colcon_pkg']
[2.987s] Level 1:colcon.colcon_core.package_identification:_identify(.) by extension 'colcon_pkg'
[2.987s] Level 1:colcon.colcon_core.package_identification:_identify(.) by extensions ['colcon_meta']
[2.987s] Level 1:colcon.colcon_core.package_identification:_identify(.) by extension 'colcon_meta'
[2.987s] Level 1:colcon.colcon_core.package_identification:_identify(.) by extensions ['ros']
[2.987s] Level 1:colcon.colcon_core.package_identification:_identify(.) by extension 'ros'
[2.994s] Level 1:colcon.colcon_core.package_identification:_identify(.) by extensions ['cmake', 'python']
[2.994s] Level 1:colcon.colcon_core.package_identification:_identify(.) by extension 'cmake'
[2.994s] Level 1:colcon.colcon_core.package_identification:_identify(.) by extension 'python'
[2.994s] Level 1:colcon.colcon_core.package_identification:_identify(.) by extensions ['python_setup_py']
[2.994s] Level 1:colcon.colcon_core.package_identification:_identify(.) by extension 'python_setup_py'
[2.994s] Level 1:colcon.colcon_core.package_identification:_identify(build) by extensions ['ignore', 'ignore_ament_install']
[2.994s] Level 1:colcon.colcon_core.package_identification:_identify(build) by extension 'ignore'
[2.994s] Level 1:colcon.colcon_core.package_identification:_identify(build) ignored
[2.994s] Level 1:colcon.colcon_core.package_identification:_identify(install) by extensions ['ignore', 'ignore_ament_install']
[2.994s] Level 1:colcon.colcon_core.package_identification:_identify(install) by extension 'ignore'
[2.994s] Level 1:colcon.colcon_core.package_identification:_identify(install) ignored
[2.994s] Level 1:colcon.colcon_core.package_identification:_identify(la_msgs) by extensions ['ignore', 'ignore_ament_install']
[2.994s] Level 1:colcon.colcon_core.package_identification:_identify(la_msgs) by extension 'ignore'
[2.994s] Level 1:colcon.colcon_core.package_identification:_identify(la_msgs) by extension 'ignore_ament_install'
[2.994s] Level 1:colcon.colcon_core.package_identification:_identify(la_msgs) by extensions ['colcon_pkg']
[2.994s] Level 1:colcon.colcon_core.package_identification:_identify(la_msgs) by extension 'colcon_pkg'
[2.994s] Level 1:colcon.colcon_core.package_identification:_identify(la_msgs) by extensions ['colcon_meta']
[2.994s] Level 1:colcon.colcon_core.package_identification:_identify(la_msgs) by extension 'colcon_meta'
[2.994s] Level 1:colcon.colcon_core.package_identification:_identify(la_msgs) by extensions ['ros']
[2.994s] Level 1:colcon.colcon_core.package_identification:_identify(la_msgs) by extension 'ros'
[2.996s] DEBUG:colcon.colcon_core.package_identification:Package 'la_msgs' with type 'ros.ament_cmake' and name 'la_msgs'
[2.996s] Level 1:colcon.colcon_core.package_identification:_identify(locobot_autonomy) by extensions ['ignore', 'ignore_ament_install']
[2.996s] Level 1:colcon.colcon_core.package_identification:_identify(locobot_autonomy) by extension 'ignore'
[2.996s] Level 1:colcon.colcon_core.package_identification:_identify(locobot_autonomy) by extension 'ignore_ament_install'
[2.996s] Level 1:colcon.colcon_core.package_identification:_identify(locobot_autonomy) by extensions ['colcon_pkg']
[2.996s] Level 1:colcon.colcon_core.package_identification:_identify(locobot_autonomy) by extension 'colcon_pkg'
[2.996s] Level 1:colcon.colcon_core.package_identification:_identify(locobot_autonomy) by extensions ['colcon_meta']
[2.996s] Level 1:colcon.colcon_core.package_identification:_identify(locobot_autonomy) by extension 'colcon_meta'
[2.996s] Level 1:colcon.colcon_core.package_identification:_identify(locobot_autonomy) by extensions ['ros']
[2.996s] Level 1:colcon.colcon_core.package_identification:_identify(locobot_autonomy) by extension 'ros'
[2.997s] DEBUG:colcon.colcon_core.package_identification:Package 'locobot_autonomy' with type 'ros.ament_cmake' and name 'locobot_autonomy'
[2.997s] Level 1:colcon.colcon_core.package_identification:_identify(log) by extensions ['ignore', 'ignore_ament_install']
[2.997s] Level 1:colcon.colcon_core.package_identification:_identify(log) by extension 'ignore'
[2.997s] Level 1:colcon.colcon_core.package_identification:_identify(log) ignored
[2.997s] Level 1:colcon.colcon_core.package_discovery:discover_packages(recursive) using defaults
[2.998s] Level 1:colcon.colcon_core.package_discovery:discover_packages(ignore) discover
[2.998s] Level 1:colcon.colcon_core.package_discovery:discover_packages(ignore) using defaults
[2.998s] Level 1:colcon.colcon_core.package_discovery:discover_packages(path) discover
[2.998s] Level 1:colcon.colcon_core.package_discovery:discover_packages(path) using defaults
[3.267s] Level 1:colcon.colcon_core.package_discovery:discover_packages(prefix_path) check parameters
[3.267s] Level 1:colcon.colcon_core.package_discovery:discover_packages(prefix_path) discover
[3.334s] WARNING:colcon.colcon_core.prefix_path.colcon:The path '/home/joshhlee/me326_ws/install' in the environment variable COLCON_PREFIX_PATH doesn't exist
[3.334s] WARNING:colcon.colcon_ros.prefix_path.ament:The path '/home/joshhlee/me326_ws/install/me326_project' in the environment variable AMENT_PREFIX_PATH doesn't exist
[3.334s] WARNING:colcon.colcon_ros.prefix_path.ament:The path '/home/joshhlee/me326_ws/install/me326_locobot_example' in the environment variable AMENT_PREFIX_PATH doesn't exist
[3.335s] WARNING:colcon.colcon_ros.prefix_path.catkin:The path '/home/joshhlee/me326_ws/install/me326_project' in the environment variable CMAKE_PREFIX_PATH doesn't exist
[3.335s] WARNING:colcon.colcon_ros.prefix_path.catkin:The path '/home/joshhlee/me326_ws/install/me326_locobot_example' in the environment variable CMAKE_PREFIX_PATH doesn't exist
[3.391s] DEBUG:colcon.colcon_installed_package_information.package_discovery:Found 0 installed packages in /home/joshhlee/me326_ws/src/collaborative_robotics_course/install
[3.443s] DEBUG:colcon.colcon_installed_package_information.package_discovery:Found 22 installed packages in /home/joshhlee/interbotix_ws/install
[3.502s] DEBUG:colcon.colcon_installed_package_information.package_discovery:Found 2 installed packages in /home/joshhlee/MK3_ws/src/install
[3.571s] DEBUG:colcon.colcon_installed_package_information.package_discovery:Found 335 installed packages in /opt/ros/galactic
[3.572s] Level 1:colcon.colcon_core.package_discovery:discover_packages(prefix_path) using defaults
[3.738s] Level 5:colcon.colcon_core.verb:set package 'la_msgs' build argument 'cmake_args' from command line to 'None'
[3.738s] Level 5:colcon.colcon_core.verb:set package 'la_msgs' build argument 'cmake_target' from command line to 'None'
[3.738s] Level 5:colcon.colcon_core.verb:set package 'la_msgs' build argument 'cmake_target_skip_unavailable' from command line to 'False'
[3.738s] Level 5:colcon.colcon_core.verb:set package 'la_msgs' build argument 'cmake_clean_cache' from command line to 'False'
[3.738s] Level 5:colcon.colcon_core.verb:set package 'la_msgs' build argument 'cmake_clean_first' from command line to 'False'
[3.738s] Level 5:colcon.colcon_core.verb:set package 'la_msgs' build argument 'cmake_force_configure' from command line to 'False'
[3.738s] Level 5:colcon.colcon_core.verb:set package 'la_msgs' build argument 'ament_cmake_args' from command line to 'None'
[3.738s] Level 5:colcon.colcon_core.verb:set package 'la_msgs' build argument 'catkin_cmake_args' from command line to 'None'
[3.738s] Level 5:colcon.colcon_core.verb:set package 'la_msgs' build argument 'catkin_skip_building_tests' from command line to 'False'
[3.738s] DEBUG:colcon.colcon_core.verb:Building package 'la_msgs' with the following arguments: {'ament_cmake_args': None, 'build_base': '/home/joshhlee/me326_ws/src/collaborative_robotics_course/build/la_msgs', 'catkin_cmake_args': None, 'catkin_skip_building_tests': False, 'cmake_args': None, 'cmake_clean_cache': False, 'cmake_clean_first': False, 'cmake_force_configure': False, 'cmake_target': None, 'cmake_target_skip_unavailable': False, 'install_base': '/home/joshhlee/me326_ws/src/collaborative_robotics_course/install/la_msgs', 'merge_install': False, 'path': '/home/joshhlee/me326_ws/src/collaborative_robotics_course/la_msgs', 'symlink_install': False, 'test_result_base': None}
[3.785s] Level 5:colcon.colcon_core.verb:set package 'locobot_autonomy' build argument 'cmake_args' from command line to 'None'
[3.785s] Level 5:colcon.colcon_core.verb:set package 'locobot_autonomy' build argument 'cmake_target' from command line to 'None'
[3.785s] Level 5:colcon.colcon_core.verb:set package 'locobot_autonomy' build argument 'cmake_target_skip_unavailable' from command line to 'False'
[3.785s] Level 5:colcon.colcon_core.verb:set package 'locobot_autonomy' build argument 'cmake_clean_cache' from command line to 'False'
[3.785s] Level 5:colcon.colcon_core.verb:set package 'locobot_autonomy' build argument 'cmake_clean_first' from command line to 'False'
[3.785s] Level 5:colcon.colcon_core.verb:set package 'locobot_autonomy' build argument 'cmake_force_configure' from command line to 'False'
[3.785s] Level 5:colcon.colcon_core.verb:set package 'locobot_autonomy' build argument 'ament_cmake_args' from command line to 'None'
[3.785s] Level 5:colcon.colcon_core.verb:set package 'locobot_autonomy' build argument 'catkin_cmake_args' from command line to 'None'
[3.785s] Level 5:colcon.colcon_core.verb:set package 'locobot_autonomy' build argument 'catkin_skip_building_tests' from command line to 'False'
[3.785s] DEBUG:colcon.colcon_core.verb:Building package 'locobot_autonomy' with the following arguments: {'ament_cmake_args': None, 'build_base': '/home/joshhlee/me326_ws/src/collaborative_robotics_course/build/locobot_autonomy', 'catkin_cmake_args': None, 'catkin_skip_building_tests': False, 'cmake_args': None, 'cmake_clean_cache': False, 'cmake_clean_first': False, 'cmake_force_configure': False, 'cmake_target': None, 'cmake_target_skip_unavailable': False, 'install_base': '/home/joshhlee/me326_ws/src/collaborative_robotics_course/install/locobot_autonomy', 'merge_install': False, 'path': '/home/joshhlee/me326_ws/src/collaborative_robotics_course/locobot_autonomy', 'symlink_install': False, 'test_result_base': None}
[3.832s] INFO:colcon.colcon_core.executor:Executing jobs using 'parallel' executor
[3.881s] DEBUG:colcon.colcon_parallel_executor.executor.parallel:run_until_complete
[3.881s] INFO:colcon.colcon_ros.task.ament_cmake.build:Building ROS package in '/home/joshhlee/me326_ws/src/collaborative_robotics_course/la_msgs' with build type 'ament_cmake'
[3.881s] INFO:colcon.colcon_cmake.task.cmake.build:Building CMake package in '/home/joshhlee/me326_ws/src/collaborative_robotics_course/la_msgs'
[3.934s] INFO:colcon.colcon_core.plugin_system:Skipping extension 'colcon_core.shell.bat': Not used on non-Windows systems
[3.934s] INFO:colcon.colcon_core.shell:Skip shell extension 'powershell' for command environment: Not usable outside of PowerShell
[3.934s] DEBUG:colcon.colcon_core.shell:Skip shell extension 'dsv' for command environment
[4.194s] DEBUG:colcon.colcon_core.event_handler.log_command:Invoking command in '/home/joshhlee/me326_ws/src/collaborative_robotics_course/build/la_msgs': CMAKE_PREFIX_PATH=${CMAKE_PREFIX_PATH}:/home/joshhlee/interbotix_ws/install/interbotix_xs_modules:/home/joshhlee/interbotix_ws/install/interbotix_perception_modules:/home/joshhlee/interbotix_ws/install/interbotix_common_modules:/opt/ros/galactic /usr/bin/cmake /home/joshhlee/me326_ws/src/collaborative_robotics_course/la_msgs -DCMAKE_INSTALL_PREFIX=/home/joshhlee/me326_ws/src/collaborative_robotics_course/install/la_msgs
[6.074s] DEBUG:colcon.colcon_core.event_handler.log_command:Invoked command in '/home/joshhlee/me326_ws/src/collaborative_robotics_course/build/la_msgs' returned '0': CMAKE_PREFIX_PATH=${CMAKE_PREFIX_PATH}:/home/joshhlee/interbotix_ws/install/interbotix_xs_modules:/home/joshhlee/interbotix_ws/install/interbotix_perception_modules:/home/joshhlee/interbotix_ws/install/interbotix_common_modules:/opt/ros/galactic /usr/bin/cmake /home/joshhlee/me326_ws/src/collaborative_robotics_course/la_msgs -DCMAKE_INSTALL_PREFIX=/home/joshhlee/me326_ws/src/collaborative_robotics_course/install/la_msgs
[6.075s] DEBUG:colcon.colcon_core.event_handler.log_command:Invoking command in '/home/joshhlee/me326_ws/src/collaborative_robotics_course/build/la_msgs': CMAKE_PREFIX_PATH=${CMAKE_PREFIX_PATH}:/home/joshhlee/interbotix_ws/install/interbotix_xs_modules:/home/joshhlee/interbotix_ws/install/interbotix_perception_modules:/home/joshhlee/interbotix_ws/install/interbotix_common_modules:/opt/ros/galactic /usr/bin/cmake --build /home/joshhlee/me326_ws/src/collaborative_robotics_course/build/la_msgs -- -j4 -l4
[8.910s] DEBUG:colcon.colcon_core.event_handler.log_command:Invoked command in '/home/joshhlee/me326_ws/src/collaborative_robotics_course/build/la_msgs' returned '0': CMAKE_PREFIX_PATH=${CMAKE_PREFIX_PATH}:/home/joshhlee/interbotix_ws/install/interbotix_xs_modules:/home/joshhlee/interbotix_ws/install/interbotix_perception_modules:/home/joshhlee/interbotix_ws/install/interbotix_common_modules:/opt/ros/galactic /usr/bin/cmake --build /home/joshhlee/me326_ws/src/collaborative_robotics_course/build/la_msgs -- -j4 -l4
[8.965s] DEBUG:colcon.colcon_core.event_handler.log_command:Invoking command in '/home/joshhlee/me326_ws/src/collaborative_robotics_course/build/la_msgs': CMAKE_PREFIX_PATH=${CMAKE_PREFIX_PATH}:/home/joshhlee/interbotix_ws/install/interbotix_xs_modules:/home/joshhlee/interbotix_ws/install/interbotix_perception_modules:/home/joshhlee/interbotix_ws/install/interbotix_common_modules:/opt/ros/galactic /usr/bin/cmake --install /home/joshhlee/me326_ws/src/collaborative_robotics_course/build/la_msgs
[9.006s] Level 1:colcon.colcon_core.environment:create_environment_scripts_only(la_msgs)
[9.007s] DEBUG:colcon.colcon_core.event_handler.log_command:Invoked command in '/home/joshhlee/me326_ws/src/collaborative_robotics_course/build/la_msgs' returned '0': CMAKE_PREFIX_PATH=${CMAKE_PREFIX_PATH}:/home/joshhlee/interbotix_ws/install/interbotix_xs_modules:/home/joshhlee/interbotix_ws/install/interbotix_perception_modules:/home/joshhlee/interbotix_ws/install/interbotix_common_modules:/opt/ros/galactic /usr/bin/cmake --install /home/joshhlee/me326_ws/src/collaborative_robotics_course/build/la_msgs
[9.061s] Level 1:colcon.colcon_core.environment:checking '/home/joshhlee/me326_ws/src/collaborative_robotics_course/install/la_msgs' for CMake module files
[9.062s] Level 1:colcon.colcon_core.environment:checking '/home/joshhlee/me326_ws/src/collaborative_robotics_course/install/la_msgs' for CMake config files
[9.062s] Level 1:colcon.colcon_core.shell:create_environment_hook('la_msgs', 'cmake_prefix_path')
[9.119s] INFO:colcon.colcon_core.shell:Creating environment hook '/home/joshhlee/me326_ws/src/collaborative_robotics_course/install/la_msgs/share/la_msgs/hook/cmake_prefix_path.ps1'
[9.119s] INFO:colcon.colcon_core.shell:Creating environment descriptor '/home/joshhlee/me326_ws/src/collaborative_robotics_course/install/la_msgs/share/la_msgs/hook/cmake_prefix_path.dsv'
[9.119s] INFO:colcon.colcon_core.shell:Creating environment hook '/home/joshhlee/me326_ws/src/collaborative_robotics_course/install/la_msgs/share/la_msgs/hook/cmake_prefix_path.sh'
[9.120s] Level 1:colcon.colcon_core.environment:checking '/home/joshhlee/me326_ws/src/collaborative_robotics_course/install/la_msgs/lib'
[9.120s] Level 1:colcon.colcon_core.shell:create_environment_hook('la_msgs', 'ld_library_path_lib')
[9.179s] INFO:colcon.colcon_core.shell:Creating environment hook '/home/joshhlee/me326_ws/src/collaborative_robotics_course/install/la_msgs/share/la_msgs/hook/ld_library_path_lib.ps1'
[9.180s] INFO:colcon.colcon_core.shell:Creating environment descriptor '/home/joshhlee/me326_ws/src/collaborative_robotics_course/install/la_msgs/share/la_msgs/hook/ld_library_path_lib.dsv'
[9.180s] INFO:colcon.colcon_core.shell:Creating environment hook '/home/joshhlee/me326_ws/src/collaborative_robotics_course/install/la_msgs/share/la_msgs/hook/ld_library_path_lib.sh'
[9.180s] Level 1:colcon.colcon_core.environment:checking '/home/joshhlee/me326_ws/src/collaborative_robotics_course/install/la_msgs/bin'
[9.180s] Level 1:colcon.colcon_core.environment:checking '/home/joshhlee/me326_ws/src/collaborative_robotics_course/install/la_msgs/lib/pkgconfig/la_msgs.pc'
[9.181s] Level 1:colcon.colcon_core.environment:checking '/home/joshhlee/me326_ws/src/collaborative_robotics_course/install/la_msgs/lib/python3.8/site-packages'
[9.181s] Level 1:colcon.colcon_core.shell:create_environment_hook('la_msgs', 'pythonpath')
[9.233s] INFO:colcon.colcon_core.shell:Creating environment hook '/home/joshhlee/me326_ws/src/collaborative_robotics_course/install/la_msgs/share/la_msgs/hook/pythonpath.ps1'
[9.233s] INFO:colcon.colcon_core.shell:Creating environment descriptor '/home/joshhlee/me326_ws/src/collaborative_robotics_course/install/la_msgs/share/la_msgs/hook/pythonpath.dsv'
[9.234s] INFO:colcon.colcon_core.shell:Creating environment hook '/home/joshhlee/me326_ws/src/collaborative_robotics_course/install/la_msgs/share/la_msgs/hook/pythonpath.sh'
[9.234s] Level 1:colcon.colcon_core.environment:checking '/home/joshhlee/me326_ws/src/collaborative_robotics_course/install/la_msgs/bin'
[9.285s] INFO:colcon.colcon_core.shell:Creating package script '/home/joshhlee/me326_ws/src/collaborative_robotics_course/install/la_msgs/share/la_msgs/package.ps1'
[9.286s] INFO:colcon.colcon_core.shell:Creating package descriptor '/home/joshhlee/me326_ws/src/collaborative_robotics_course/install/la_msgs/share/la_msgs/package.dsv'
[9.286s] INFO:colcon.colcon_core.shell:Creating package script '/home/joshhlee/me326_ws/src/collaborative_robotics_course/install/la_msgs/share/la_msgs/package.sh'
[9.286s] INFO:colcon.colcon_core.shell:Creating package script '/home/joshhlee/me326_ws/src/collaborative_robotics_course/install/la_msgs/share/la_msgs/package.bash'
[9.287s] INFO:colcon.colcon_core.shell:Creating package script '/home/joshhlee/me326_ws/src/collaborative_robotics_course/install/la_msgs/share/la_msgs/package.zsh'
[9.287s] Level 1:colcon.colcon_core.environment:create_file_with_runtime_dependencies(/home/joshhlee/me326_ws/src/collaborative_robotics_course/install/la_msgs/share/colcon-core/packages/la_msgs)
[9.404s] Level 1:colcon.colcon_core.environment:create_environment_scripts_only(la_msgs)
[9.454s] Level 1:colcon.colcon_core.environment:checking '/home/joshhlee/me326_ws/src/collaborative_robotics_course/install/la_msgs' for CMake module files
[9.454s] Level 1:colcon.colcon_core.environment:checking '/home/joshhlee/me326_ws/src/collaborative_robotics_course/install/la_msgs' for CMake config files
[9.454s] Level 1:colcon.colcon_core.shell:create_environment_hook('la_msgs', 'cmake_prefix_path')
[9.508s] INFO:colcon.colcon_core.shell:Creating environment hook '/home/joshhlee/me326_ws/src/collaborative_robotics_course/install/la_msgs/share/la_msgs/hook/cmake_prefix_path.ps1'
[9.508s] INFO:colcon.colcon_core.shell:Creating environment descriptor '/home/joshhlee/me326_ws/src/collaborative_robotics_course/install/la_msgs/share/la_msgs/hook/cmake_prefix_path.dsv'
[9.508s] INFO:colcon.colcon_core.shell:Creating environment hook '/home/joshhlee/me326_ws/src/collaborative_robotics_course/install/la_msgs/share/la_msgs/hook/cmake_prefix_path.sh'
[9.509s] Level 1:colcon.colcon_core.environment:checking '/home/joshhlee/me326_ws/src/collaborative_robotics_course/install/la_msgs/lib'
[9.509s] Level 1:colcon.colcon_core.shell:create_environment_hook('la_msgs', 'ld_library_path_lib')
[9.563s] INFO:colcon.colcon_core.shell:Creating environment hook '/home/joshhlee/me326_ws/src/collaborative_robotics_course/install/la_msgs/share/la_msgs/hook/ld_library_path_lib.ps1'
[9.563s] INFO:colcon.colcon_core.shell:Creating environment descriptor '/home/joshhlee/me326_ws/src/collaborative_robotics_course/install/la_msgs/share/la_msgs/hook/ld_library_path_lib.dsv'
[9.563s] INFO:colcon.colcon_core.shell:Creating environment hook '/home/joshhlee/me326_ws/src/collaborative_robotics_course/install/la_msgs/share/la_msgs/hook/ld_library_path_lib.sh'
[9.564s] Level 1:colcon.colcon_core.environment:checking '/home/joshhlee/me326_ws/src/collaborative_robotics_course/install/la_msgs/bin'
[9.564s] Level 1:colcon.colcon_core.environment:checking '/home/joshhlee/me326_ws/src/collaborative_robotics_course/install/la_msgs/lib/pkgconfig/la_msgs.pc'
[9.564s] Level 1:colcon.colcon_core.environment:checking '/home/joshhlee/me326_ws/src/collaborative_robotics_course/install/la_msgs/lib/python3.8/site-packages'
[9.564s] Level 1:colcon.colcon_core.shell:create_environment_hook('la_msgs', 'pythonpath')
[9.614s] INFO:colcon.colcon_core.shell:Creating environment hook '/home/joshhlee/me326_ws/src/collaborative_robotics_course/install/la_msgs/share/la_msgs/hook/pythonpath.ps1'
[9.614s] INFO:colcon.colcon_core.shell:Creating environment descriptor '/home/joshhlee/me326_ws/src/collaborative_robotics_course/install/la_msgs/share/la_msgs/hook/pythonpath.dsv'
[9.615s] INFO:colcon.colcon_core.shell:Creating environment hook '/home/joshhlee/me326_ws/src/collaborative_robotics_course/install/la_msgs/share/la_msgs/hook/pythonpath.sh'
[9.615s] Level 1:colcon.colcon_core.environment:checking '/home/joshhlee/me326_ws/src/collaborative_robotics_course/install/la_msgs/bin'
[9.665s] INFO:colcon.colcon_core.shell:Creating package script '/home/joshhlee/me326_ws/src/collaborative_robotics_course/install/la_msgs/share/la_msgs/package.ps1'
[9.665s] INFO:colcon.colcon_core.shell:Creating package descriptor '/home/joshhlee/me326_ws/src/collaborative_robotics_course/install/la_msgs/share/la_msgs/package.dsv'
[9.665s] INFO:colcon.colcon_core.shell:Creating package script '/home/joshhlee/me326_ws/src/collaborative_robotics_course/install/la_msgs/share/la_msgs/package.sh'
[9.665s] INFO:colcon.colcon_core.shell:Creating package script '/home/joshhlee/me326_ws/src/collaborative_robotics_course/install/la_msgs/share/la_msgs/package.bash'
[9.666s] INFO:colcon.colcon_core.shell:Creating package script '/home/joshhlee/me326_ws/src/collaborative_robotics_course/install/la_msgs/share/la_msgs/package.zsh'
[9.666s] Level 1:colcon.colcon_core.environment:create_file_with_runtime_dependencies(/home/joshhlee/me326_ws/src/collaborative_robotics_course/install/la_msgs/share/colcon-core/packages/la_msgs)
[9.666s] INFO:colcon.colcon_ros.task.ament_cmake.build:Building ROS package in '/home/joshhlee/me326_ws/src/collaborative_robotics_course/locobot_autonomy' with build type 'ament_cmake'
[9.667s] INFO:colcon.colcon_cmake.task.cmake.build:Building CMake package in '/home/joshhlee/me326_ws/src/collaborative_robotics_course/locobot_autonomy'
[9.720s] INFO:colcon.colcon_core.shell:Skip shell extension 'powershell' for command environment: Not usable outside of PowerShell
[9.720s] DEBUG:colcon.colcon_core.shell:Skip shell extension 'dsv' for command environment
[9.982s] DEBUG:colcon.colcon_core.event_handler.log_command:Invoking command in '/home/joshhlee/me326_ws/src/collaborative_robotics_course/build/locobot_autonomy': AMENT_PREFIX_PATH=/home/joshhlee/me326_ws/src/collaborative_robotics_course/install/la_msgs:${AMENT_PREFIX_PATH} CMAKE_PREFIX_PATH=/home/joshhlee/me326_ws/src/collaborative_robotics_course/install/la_msgs:/home/joshhlee/me326_ws/install/me326_project:/home/joshhlee/me326_ws/install/me326_locobot_example:/home/joshhlee/MK3_ws/src/install/locobot_autonomy:/home/joshhlee/MK3_ws/src/install/la_msgs:/home/joshhlee/interbotix_ws/install/interbotix_moveit_interface:/home/joshhlee/interbotix_ws/install/moveit_visual_tools:/home/joshhlee/interbotix_ws/install/interbotix_xslocobot_ros_control:/home/joshhlee/interbotix_ws/install/interbotix_xslocobot_sim:/home/joshhlee/interbotix_ws/install/interbotix_xslocobot_nav:/home/joshhlee/interbotix_ws/install/interbotix_xslocobot_control:/home/joshhlee/interbotix_ws/install/interbotix_xslocobot_descriptions:/home/joshhlee/interbotix_ws/install/interbotix_xs_toolbox:/home/joshhlee/interbotix_ws/install/interbotix_xs_rviz:/home/joshhlee/interbotix_ws/install/interbotix_xs_ros_control:/home/joshhlee/interbotix_ws/install/interbotix_perception_toolbox:/home/joshhlee/interbotix_ws/install/interbotix_perception_pipelines:/home/joshhlee/interbotix_ws/install/interbotix_xs_msgs:/home/joshhlee/interbotix_ws/install/interbotix_tf_tools:/home/joshhlee/interbotix_ws/install/interbotix_perception_msgs:/home/joshhlee/interbotix_ws/install/interbotix_moveit_interface_msgs:/home/joshhlee/interbotix_ws/install/interbotix_common_toolbox:/home/joshhlee/interbotix_ws/install/interbotix_common_sim:/home/joshhlee/interbotix_ws/install/interbotix_xs_modules:/home/joshhlee/interbotix_ws/install/interbotix_perception_modules:/home/joshhlee/interbotix_ws/install/interbotix_common_modules:/opt/ros/galactic LD_LIBRARY_PATH=/home/joshhlee/me326_ws/src/collaborative_robotics_course/install/la_msgs/lib:/home/joshhlee/me326_ws/install/me326_project/lib:/home/joshhlee/MK3_ws/src/install/locobot_autonomy/lib:/home/joshhlee/MK3_ws/src/install/la_msgs/lib:/home/joshhlee/interbotix_ws/install/moveit_visual_tools/lib:/home/joshhlee/interbotix_ws/install/interbotix_xs_rviz/lib:/home/joshhlee/interbotix_ws/install/interbotix_xs_ros_control/lib:/home/joshhlee/interbotix_ws/install/interbotix_xs_msgs/lib:/home/joshhlee/interbotix_ws/install/interbotix_tf_tools/lib:/home/joshhlee/interbotix_ws/install/interbotix_perception_msgs/lib:/home/joshhlee/interbotix_ws/install/interbotix_moveit_interface_msgs/lib:/usr/lib/aarch64-linux-gnu/gazebo-11/plugins:/opt/ros/galactic/opt/yaml_cpp_vendor/lib:/opt/ros/galactic/opt/rviz_ogre_vendor/lib:/opt/ros/galactic/lib/aarch64-linux-gnu:/opt/ros/galactic/lib:/usr/share/gazebo/../../lib/aarch64-linux-gnu/gazebo-11/plugins PYTHONPATH=/home/joshhlee/me326_ws/src/collaborative_robotics_course/install/la_msgs/lib/python3.8/site-packages:${PYTHONPATH} /usr/bin/cmake /home/joshhlee/me326_ws/src/collaborative_robotics_course/locobot_autonomy -DCMAKE_INSTALL_PREFIX=/home/joshhlee/me326_ws/src/collaborative_robotics_course/install/locobot_autonomy
[13.170s] DEBUG:colcon.colcon_core.event_handler.log_command:Invoked command in '/home/joshhlee/me326_ws/src/collaborative_robotics_course/build/locobot_autonomy' returned '0': AMENT_PREFIX_PATH=/home/joshhlee/me326_ws/src/collaborative_robotics_course/install/la_msgs:${AMENT_PREFIX_PATH} CMAKE_PREFIX_PATH=/home/joshhlee/me326_ws/src/collaborative_robotics_course/install/la_msgs:/home/joshhlee/me326_ws/install/me326_project:/home/joshhlee/me326_ws/install/me326_locobot_example:/home/joshhlee/MK3_ws/src/install/locobot_autonomy:/home/joshhlee/MK3_ws/src/install/la_msgs:/home/joshhlee/interbotix_ws/install/interbotix_moveit_interface:/home/joshhlee/interbotix_ws/install/moveit_visual_tools:/home/joshhlee/interbotix_ws/install/interbotix_xslocobot_ros_control:/home/joshhlee/interbotix_ws/install/interbotix_xslocobot_sim:/home/joshhlee/interbotix_ws/install/interbotix_xslocobot_nav:/home/joshhlee/interbotix_ws/install/interbotix_xslocobot_control:/home/joshhlee/interbotix_ws/install/interbotix_xslocobot_descriptions:/home/joshhlee/interbotix_ws/install/interbotix_xs_toolbox:/home/joshhlee/interbotix_ws/install/interbotix_xs_rviz:/home/joshhlee/interbotix_ws/install/interbotix_xs_ros_control:/home/joshhlee/interbotix_ws/install/interbotix_perception_toolbox:/home/joshhlee/interbotix_ws/install/interbotix_perception_pipelines:/home/joshhlee/interbotix_ws/install/interbotix_xs_msgs:/home/joshhlee/interbotix_ws/install/interbotix_tf_tools:/home/joshhlee/interbotix_ws/install/interbotix_perception_msgs:/home/joshhlee/interbotix_ws/install/interbotix_moveit_interface_msgs:/home/joshhlee/interbotix_ws/install/interbotix_common_toolbox:/home/joshhlee/interbotix_ws/install/interbotix_common_sim:/home/joshhlee/interbotix_ws/install/interbotix_xs_modules:/home/joshhlee/interbotix_ws/install/interbotix_perception_modules:/home/joshhlee/interbotix_ws/install/interbotix_common_modules:/opt/ros/galactic LD_LIBRARY_PATH=/home/joshhlee/me326_ws/src/collaborative_robotics_course/install/la_msgs/lib:/home/joshhlee/me326_ws/install/me326_project/lib:/home/joshhlee/MK3_ws/src/install/locobot_autonomy/lib:/home/joshhlee/MK3_ws/src/install/la_msgs/lib:/home/joshhlee/interbotix_ws/install/moveit_visual_tools/lib:/home/joshhlee/interbotix_ws/install/interbotix_xs_rviz/lib:/home/joshhlee/interbotix_ws/install/interbotix_xs_ros_control/lib:/home/joshhlee/interbotix_ws/install/interbotix_xs_msgs/lib:/home/joshhlee/interbotix_ws/install/interbotix_tf_tools/lib:/home/joshhlee/interbotix_ws/install/interbotix_perception_msgs/lib:/home/joshhlee/interbotix_ws/install/interbotix_moveit_interface_msgs/lib:/usr/lib/aarch64-linux-gnu/gazebo-11/plugins:/opt/ros/galactic/opt/yaml_cpp_vendor/lib:/opt/ros/galactic/opt/rviz_ogre_vendor/lib:/opt/ros/galactic/lib/aarch64-linux-gnu:/opt/ros/galactic/lib:/usr/share/gazebo/../../lib/aarch64-linux-gnu/gazebo-11/plugins PYTHONPATH=/home/joshhlee/me326_ws/src/collaborative_robotics_course/install/la_msgs/lib/python3.8/site-packages:${PYTHONPATH} /usr/bin/cmake /home/joshhlee/me326_ws/src/collaborative_robotics_course/locobot_autonomy -DCMAKE_INSTALL_PREFIX=/home/joshhlee/me326_ws/src/collaborative_robotics_course/install/locobot_autonomy
[13.173s] DEBUG:colcon.colcon_core.event_handler.log_command:Invoking command in '/home/joshhlee/me326_ws/src/collaborative_robotics_course/build/locobot_autonomy': AMENT_PREFIX_PATH=/home/joshhlee/me326_ws/src/collaborative_robotics_course/install/la_msgs:${AMENT_PREFIX_PATH} CMAKE_PREFIX_PATH=/home/joshhlee/me326_ws/src/collaborative_robotics_course/install/la_msgs:/home/joshhlee/me326_ws/install/me326_project:/home/joshhlee/me326_ws/install/me326_locobot_example:/home/joshhlee/MK3_ws/src/install/locobot_autonomy:/home/joshhlee/MK3_ws/src/install/la_msgs:/home/joshhlee/interbotix_ws/install/interbotix_moveit_interface:/home/joshhlee/interbotix_ws/install/moveit_visual_tools:/home/joshhlee/interbotix_ws/install/interbotix_xslocobot_ros_control:/home/joshhlee/interbotix_ws/install/interbotix_xslocobot_sim:/home/joshhlee/interbotix_ws/install/interbotix_xslocobot_nav:/home/joshhlee/interbotix_ws/install/interbotix_xslocobot_control:/home/joshhlee/interbotix_ws/install/interbotix_xslocobot_descriptions:/home/joshhlee/interbotix_ws/install/interbotix_xs_toolbox:/home/joshhlee/interbotix_ws/install/interbotix_xs_rviz:/home/joshhlee/interbotix_ws/install/interbotix_xs_ros_control:/home/joshhlee/interbotix_ws/install/interbotix_perception_toolbox:/home/joshhlee/interbotix_ws/install/interbotix_perception_pipelines:/home/joshhlee/interbotix_ws/install/interbotix_xs_msgs:/home/joshhlee/interbotix_ws/install/interbotix_tf_tools:/home/joshhlee/interbotix_ws/install/interbotix_perception_msgs:/home/joshhlee/interbotix_ws/install/interbotix_moveit_interface_msgs:/home/joshhlee/interbotix_ws/install/interbotix_common_toolbox:/home/joshhlee/interbotix_ws/install/interbotix_common_sim:/home/joshhlee/interbotix_ws/install/interbotix_xs_modules:/home/joshhlee/interbotix_ws/install/interbotix_perception_modules:/home/joshhlee/interbotix_ws/install/interbotix_common_modules:/opt/ros/galactic LD_LIBRARY_PATH=/home/joshhlee/me326_ws/src/collaborative_robotics_course/install/la_msgs/lib:/home/joshhlee/me326_ws/install/me326_project/lib:/home/joshhlee/MK3_ws/src/install/locobot_autonomy/lib:/home/joshhlee/MK3_ws/src/install/la_msgs/lib:/home/joshhlee/interbotix_ws/install/moveit_visual_tools/lib:/home/joshhlee/interbotix_ws/install/interbotix_xs_rviz/lib:/home/joshhlee/interbotix_ws/install/interbotix_xs_ros_control/lib:/home/joshhlee/interbotix_ws/install/interbotix_xs_msgs/lib:/home/joshhlee/interbotix_ws/install/interbotix_tf_tools/lib:/home/joshhlee/interbotix_ws/install/interbotix_perception_msgs/lib:/home/joshhlee/interbotix_ws/install/interbotix_moveit_interface_msgs/lib:/usr/lib/aarch64-linux-gnu/gazebo-11/plugins:/opt/ros/galactic/opt/yaml_cpp_vendor/lib:/opt/ros/galactic/opt/rviz_ogre_vendor/lib:/opt/ros/galactic/lib/aarch64-linux-gnu:/opt/ros/galactic/lib:/usr/share/gazebo/../../lib/aarch64-linux-gnu/gazebo-11/plugins PYTHONPATH=/home/joshhlee/me326_ws/src/collaborative_robotics_course/install/la_msgs/lib/python3.8/site-packages:${PYTHONPATH} /usr/bin/cmake --build /home/joshhlee/me326_ws/src/collaborative_robotics_course/build/locobot_autonomy -- -j4 -l4
[24.041s] DEBUG:colcon.colcon_core.event_handler.log_command:Invoked command in '/home/joshhlee/me326_ws/src/collaborative_robotics_course/build/locobot_autonomy' returned '0': AMENT_PREFIX_PATH=/home/joshhlee/me326_ws/src/collaborative_robotics_course/install/la_msgs:${AMENT_PREFIX_PATH} CMAKE_PREFIX_PATH=/home/joshhlee/me326_ws/src/collaborative_robotics_course/install/la_msgs:/home/joshhlee/me326_ws/install/me326_project:/home/joshhlee/me326_ws/install/me326_locobot_example:/home/joshhlee/MK3_ws/src/install/locobot_autonomy:/home/joshhlee/MK3_ws/src/install/la_msgs:/home/joshhlee/interbotix_ws/install/interbotix_moveit_interface:/home/joshhlee/interbotix_ws/install/moveit_visual_tools:/home/joshhlee/interbotix_ws/install/interbotix_xslocobot_ros_control:/home/joshhlee/interbotix_ws/install/interbotix_xslocobot_sim:/home/joshhlee/interbotix_ws/install/interbotix_xslocobot_nav:/home/joshhlee/interbotix_ws/install/interbotix_xslocobot_control:/home/joshhlee/interbotix_ws/install/interbotix_xslocobot_descriptions:/home/joshhlee/interbotix_ws/install/interbotix_xs_toolbox:/home/joshhlee/interbotix_ws/install/interbotix_xs_rviz:/home/joshhlee/interbotix_ws/install/interbotix_xs_ros_control:/home/joshhlee/interbotix_ws/install/interbotix_perception_toolbox:/home/joshhlee/interbotix_ws/install/interbotix_perception_pipelines:/home/joshhlee/interbotix_ws/install/interbotix_xs_msgs:/home/joshhlee/interbotix_ws/install/interbotix_tf_tools:/home/joshhlee/interbotix_ws/install/interbotix_perception_msgs:/home/joshhlee/interbotix_ws/install/interbotix_moveit_interface_msgs:/home/joshhlee/interbotix_ws/install/interbotix_common_toolbox:/home/joshhlee/interbotix_ws/install/interbotix_common_sim:/home/joshhlee/interbotix_ws/install/interbotix_xs_modules:/home/joshhlee/interbotix_ws/install/interbotix_perception_modules:/home/joshhlee/interbotix_ws/install/interbotix_common_modules:/opt/ros/galactic LD_LIBRARY_PATH=/home/joshhlee/me326_ws/src/collaborative_robotics_course/install/la_msgs/lib:/home/joshhlee/me326_ws/install/me326_project/lib:/home/joshhlee/MK3_ws/src/install/locobot_autonomy/lib:/home/joshhlee/MK3_ws/src/install/la_msgs/lib:/home/joshhlee/interbotix_ws/install/moveit_visual_tools/lib:/home/joshhlee/interbotix_ws/install/interbotix_xs_rviz/lib:/home/joshhlee/interbotix_ws/install/interbotix_xs_ros_control/lib:/home/joshhlee/interbotix_ws/install/interbotix_xs_msgs/lib:/home/joshhlee/interbotix_ws/install/interbotix_tf_tools/lib:/home/joshhlee/interbotix_ws/install/interbotix_perception_msgs/lib:/home/joshhlee/interbotix_ws/install/interbotix_moveit_interface_msgs/lib:/usr/lib/aarch64-linux-gnu/gazebo-11/plugins:/opt/ros/galactic/opt/yaml_cpp_vendor/lib:/opt/ros/galactic/opt/rviz_ogre_vendor/lib:/opt/ros/galactic/lib/aarch64-linux-gnu:/opt/ros/galactic/lib:/usr/share/gazebo/../../lib/aarch64-linux-gnu/gazebo-11/plugins PYTHONPATH=/home/joshhlee/me326_ws/src/collaborative_robotics_course/install/la_msgs/lib/python3.8/site-packages:${PYTHONPATH} /usr/bin/cmake --build /home/joshhlee/me326_ws/src/collaborative_robotics_course/build/locobot_autonomy -- -j4 -l4
[24.104s] DEBUG:colcon.colcon_core.event_handler.log_command:Invoking command in '/home/joshhlee/me326_ws/src/collaborative_robotics_course/build/locobot_autonomy': AMENT_PREFIX_PATH=/home/joshhlee/me326_ws/src/collaborative_robotics_course/install/la_msgs:${AMENT_PREFIX_PATH} CMAKE_PREFIX_PATH=/home/joshhlee/me326_ws/src/collaborative_robotics_course/install/la_msgs:/home/joshhlee/me326_ws/install/me326_project:/home/joshhlee/me326_ws/install/me326_locobot_example:/home/joshhlee/MK3_ws/src/install/locobot_autonomy:/home/joshhlee/MK3_ws/src/install/la_msgs:/home/joshhlee/interbotix_ws/install/interbotix_moveit_interface:/home/joshhlee/interbotix_ws/install/moveit_visual_tools:/home/joshhlee/interbotix_ws/install/interbotix_xslocobot_ros_control:/home/joshhlee/interbotix_ws/install/interbotix_xslocobot_sim:/home/joshhlee/interbotix_ws/install/interbotix_xslocobot_nav:/home/joshhlee/interbotix_ws/install/interbotix_xslocobot_control:/home/joshhlee/interbotix_ws/install/interbotix_xslocobot_descriptions:/home/joshhlee/interbotix_ws/install/interbotix_xs_toolbox:/home/joshhlee/interbotix_ws/install/interbotix_xs_rviz:/home/joshhlee/interbotix_ws/install/interbotix_xs_ros_control:/home/joshhlee/interbotix_ws/install/interbotix_perception_toolbox:/home/joshhlee/interbotix_ws/install/interbotix_perception_pipelines:/home/joshhlee/interbotix_ws/install/interbotix_xs_msgs:/home/joshhlee/interbotix_ws/install/interbotix_tf_tools:/home/joshhlee/interbotix_ws/install/interbotix_perception_msgs:/home/joshhlee/interbotix_ws/install/interbotix_moveit_interface_msgs:/home/joshhlee/interbotix_ws/install/interbotix_common_toolbox:/home/joshhlee/interbotix_ws/install/interbotix_common_sim:/home/joshhlee/interbotix_ws/install/interbotix_xs_modules:/home/joshhlee/interbotix_ws/install/interbotix_perception_modules:/home/joshhlee/interbotix_ws/install/interbotix_common_modules:/opt/ros/galactic LD_LIBRARY_PATH=/home/joshhlee/me326_ws/src/collaborative_robotics_course/install/la_msgs/lib:/home/joshhlee/me326_ws/install/me326_project/lib:/home/joshhlee/MK3_ws/src/install/locobot_autonomy/lib:/home/joshhlee/MK3_ws/src/install/la_msgs/lib:/home/joshhlee/interbotix_ws/install/moveit_visual_tools/lib:/home/joshhlee/interbotix_ws/install/interbotix_xs_rviz/lib:/home/joshhlee/interbotix_ws/install/interbotix_xs_ros_control/lib:/home/joshhlee/interbotix_ws/install/interbotix_xs_msgs/lib:/home/joshhlee/interbotix_ws/install/interbotix_tf_tools/lib:/home/joshhlee/interbotix_ws/install/interbotix_perception_msgs/lib:/home/joshhlee/interbotix_ws/install/interbotix_moveit_interface_msgs/lib:/usr/lib/aarch64-linux-gnu/gazebo-11/plugins:/opt/ros/galactic/opt/yaml_cpp_vendor/lib:/opt/ros/galactic/opt/rviz_ogre_vendor/lib:/opt/ros/galactic/lib/aarch64-linux-gnu:/opt/ros/galactic/lib:/usr/share/gazebo/../../lib/aarch64-linux-gnu/gazebo-11/plugins PYTHONPATH=/home/joshhlee/me326_ws/src/collaborative_robotics_course/install/la_msgs/lib/python3.8/site-packages:${PYTHONPATH} /usr/bin/cmake --install /home/joshhlee/me326_ws/src/collaborative_robotics_course/build/locobot_autonomy
[24.182s] Level 1:colcon.colcon_core.environment:create_environment_scripts_only(locobot_autonomy)
[24.183s] DEBUG:colcon.colcon_core.event_handler.log_command:Invoked command in '/home/joshhlee/me326_ws/src/collaborative_robotics_course/build/locobot_autonomy' returned '0': AMENT_PREFIX_PATH=/home/joshhlee/me326_ws/src/collaborative_robotics_course/install/la_msgs:${AMENT_PREFIX_PATH} CMAKE_PREFIX_PATH=/home/joshhlee/me326_ws/src/collaborative_robotics_course/install/la_msgs:/home/joshhlee/me326_ws/install/me326_project:/home/joshhlee/me326_ws/install/me326_locobot_example:/home/joshhlee/MK3_ws/src/install/locobot_autonomy:/home/joshhlee/MK3_ws/src/install/la_msgs:/home/joshhlee/interbotix_ws/install/interbotix_moveit_interface:/home/joshhlee/interbotix_ws/install/moveit_visual_tools:/home/joshhlee/interbotix_ws/install/interbotix_xslocobot_ros_control:/home/joshhlee/interbotix_ws/install/interbotix_xslocobot_sim:/home/joshhlee/interbotix_ws/install/interbotix_xslocobot_nav:/home/joshhlee/interbotix_ws/install/interbotix_xslocobot_control:/home/joshhlee/interbotix_ws/install/interbotix_xslocobot_descriptions:/home/joshhlee/interbotix_ws/install/interbotix_xs_toolbox:/home/joshhlee/interbotix_ws/install/interbotix_xs_rviz:/home/joshhlee/interbotix_ws/install/interbotix_xs_ros_control:/home/joshhlee/interbotix_ws/install/interbotix_perception_toolbox:/home/joshhlee/interbotix_ws/install/interbotix_perception_pipelines:/home/joshhlee/interbotix_ws/install/interbotix_xs_msgs:/home/joshhlee/interbotix_ws/install/interbotix_tf_tools:/home/joshhlee/interbotix_ws/install/interbotix_perception_msgs:/home/joshhlee/interbotix_ws/install/interbotix_moveit_interface_msgs:/home/joshhlee/interbotix_ws/install/interbotix_common_toolbox:/home/joshhlee/interbotix_ws/install/interbotix_common_sim:/home/joshhlee/interbotix_ws/install/interbotix_xs_modules:/home/joshhlee/interbotix_ws/install/interbotix_perception_modules:/home/joshhlee/interbotix_ws/install/interbotix_common_modules:/opt/ros/galactic LD_LIBRARY_PATH=/home/joshhlee/me326_ws/src/collaborative_robotics_course/install/la_msgs/lib:/home/joshhlee/me326_ws/install/me326_project/lib:/home/joshhlee/MK3_ws/src/install/locobot_autonomy/lib:/home/joshhlee/MK3_ws/src/install/la_msgs/lib:/home/joshhlee/interbotix_ws/install/moveit_visual_tools/lib:/home/joshhlee/interbotix_ws/install/interbotix_xs_rviz/lib:/home/joshhlee/interbotix_ws/install/interbotix_xs_ros_control/lib:/home/joshhlee/interbotix_ws/install/interbotix_xs_msgs/lib:/home/joshhlee/interbotix_ws/install/interbotix_tf_tools/lib:/home/joshhlee/interbotix_ws/install/interbotix_perception_msgs/lib:/home/joshhlee/interbotix_ws/install/interbotix_moveit_interface_msgs/lib:/usr/lib/aarch64-linux-gnu/gazebo-11/plugins:/opt/ros/galactic/opt/yaml_cpp_vendor/lib:/opt/ros/galactic/opt/rviz_ogre_vendor/lib:/opt/ros/galactic/lib/aarch64-linux-gnu:/opt/ros/galactic/lib:/usr/share/gazebo/../../lib/aarch64-linux-gnu/gazebo-11/plugins PYTHONPATH=/home/joshhlee/me326_ws/src/collaborative_robotics_course/install/la_msgs/lib/python3.8/site-packages:${PYTHONPATH} /usr/bin/cmake --install /home/joshhlee/me326_ws/src/collaborative_robotics_course/build/locobot_autonomy
[24.248s] Level 1:colcon.colcon_core.environment:checking '/home/joshhlee/me326_ws/src/collaborative_robotics_course/install/locobot_autonomy' for CMake module files
[24.249s] Level 1:colcon.colcon_core.environment:checking '/home/joshhlee/me326_ws/src/collaborative_robotics_course/install/locobot_autonomy' for CMake config files
[24.249s] Level 1:colcon.colcon_core.shell:create_environment_hook('locobot_autonomy', 'cmake_prefix_path')
[24.299s] INFO:colcon.colcon_core.shell:Creating environment hook '/home/joshhlee/me326_ws/src/collaborative_robotics_course/install/locobot_autonomy/share/locobot_autonomy/hook/cmake_prefix_path.ps1'
[24.300s] INFO:colcon.colcon_core.shell:Creating environment descriptor '/home/joshhlee/me326_ws/src/collaborative_robotics_course/install/locobot_autonomy/share/locobot_autonomy/hook/cmake_prefix_path.dsv'
[24.300s] INFO:colcon.colcon_core.shell:Creating environment hook '/home/joshhlee/me326_ws/src/collaborative_robotics_course/install/locobot_autonomy/share/locobot_autonomy/hook/cmake_prefix_path.sh'
[24.301s] Level 1:colcon.colcon_core.environment:checking '/home/joshhlee/me326_ws/src/collaborative_robotics_course/install/locobot_autonomy/lib'
[24.301s] Level 1:colcon.colcon_core.shell:create_environment_hook('locobot_autonomy', 'ld_library_path_lib')
[24.355s] INFO:colcon.colcon_core.shell:Creating environment hook '/home/joshhlee/me326_ws/src/collaborative_robotics_course/install/locobot_autonomy/share/locobot_autonomy/hook/ld_library_path_lib.ps1'
[24.356s] INFO:colcon.colcon_core.shell:Creating environment descriptor '/home/joshhlee/me326_ws/src/collaborative_robotics_course/install/locobot_autonomy/share/locobot_autonomy/hook/ld_library_path_lib.dsv'
[24.356s] INFO:colcon.colcon_core.shell:Creating environment hook '/home/joshhlee/me326_ws/src/collaborative_robotics_course/install/locobot_autonomy/share/locobot_autonomy/hook/ld_library_path_lib.sh'
[24.356s] Level 1:colcon.colcon_core.environment:checking '/home/joshhlee/me326_ws/src/collaborative_robotics_course/install/locobot_autonomy/bin'
[24.356s] Level 1:colcon.colcon_core.environment:checking '/home/joshhlee/me326_ws/src/collaborative_robotics_course/install/locobot_autonomy/lib/pkgconfig/locobot_autonomy.pc'
[24.357s] Level 1:colcon.colcon_core.environment:checking '/home/joshhlee/me326_ws/src/collaborative_robotics_course/install/locobot_autonomy/lib/python3.8/site-packages'
[24.357s] Level 1:colcon.colcon_core.shell:create_environment_hook('locobot_autonomy', 'pythonpath')
[24.418s] INFO:colcon.colcon_core.shell:Creating environment hook '/home/joshhlee/me326_ws/src/collaborative_robotics_course/install/locobot_autonomy/share/locobot_autonomy/hook/pythonpath.ps1'
[24.418s] INFO:colcon.colcon_core.shell:Creating environment descriptor '/home/joshhlee/me326_ws/src/collaborative_robotics_course/install/locobot_autonomy/share/locobot_autonomy/hook/pythonpath.dsv'
[24.418s] INFO:colcon.colcon_core.shell:Creating environment hook '/home/joshhlee/me326_ws/src/collaborative_robotics_course/install/locobot_autonomy/share/locobot_autonomy/hook/pythonpath.sh'
[24.419s] Level 1:colcon.colcon_core.environment:checking '/home/joshhlee/me326_ws/src/collaborative_robotics_course/install/locobot_autonomy/bin'
[24.485s] INFO:colcon.colcon_core.shell:Creating package script '/home/joshhlee/me326_ws/src/collaborative_robotics_course/install/locobot_autonomy/share/locobot_autonomy/package.ps1'
[24.486s] INFO:colcon.colcon_core.shell:Creating package descriptor '/home/joshhlee/me326_ws/src/collaborative_robotics_course/install/locobot_autonomy/share/locobot_autonomy/package.dsv'
[24.486s] INFO:colcon.colcon_core.shell:Creating package script '/home/joshhlee/me326_ws/src/collaborative_robotics_course/install/locobot_autonomy/share/locobot_autonomy/package.sh'
[24.486s] INFO:colcon.colcon_core.shell:Creating package script '/home/joshhlee/me326_ws/src/collaborative_robotics_course/install/locobot_autonomy/share/locobot_autonomy/package.bash'
[24.487s] INFO:colcon.colcon_core.shell:Creating package script '/home/joshhlee/me326_ws/src/collaborative_robotics_course/install/locobot_autonomy/share/locobot_autonomy/package.zsh'
[24.487s] Level 1:colcon.colcon_core.environment:create_file_with_runtime_dependencies(/home/joshhlee/me326_ws/src/collaborative_robotics_course/install/locobot_autonomy/share/colcon-core/packages/locobot_autonomy)
[24.597s] Level 1:colcon.colcon_core.environment:create_environment_scripts_only(locobot_autonomy)
[24.646s] Level 1:colcon.colcon_core.environment:checking '/home/joshhlee/me326_ws/src/collaborative_robotics_course/install/locobot_autonomy' for CMake module files
[24.647s] Level 1:colcon.colcon_core.environment:checking '/home/joshhlee/me326_ws/src/collaborative_robotics_course/install/locobot_autonomy' for CMake config files
[24.647s] Level 1:colcon.colcon_core.shell:create_environment_hook('locobot_autonomy', 'cmake_prefix_path')
[24.696s] INFO:colcon.colcon_core.shell:Creating environment hook '/home/joshhlee/me326_ws/src/collaborative_robotics_course/install/locobot_autonomy/share/locobot_autonomy/hook/cmake_prefix_path.ps1'
[24.697s] INFO:colcon.colcon_core.shell:Creating environment descriptor '/home/joshhlee/me326_ws/src/collaborative_robotics_course/install/locobot_autonomy/share/locobot_autonomy/hook/cmake_prefix_path.dsv'
[24.697s] INFO:colcon.colcon_core.shell:Creating environment hook '/home/joshhlee/me326_ws/src/collaborative_robotics_course/install/locobot_autonomy/share/locobot_autonomy/hook/cmake_prefix_path.sh'
[24.697s] Level 1:colcon.colcon_core.environment:checking '/home/joshhlee/me326_ws/src/collaborative_robotics_course/install/locobot_autonomy/lib'
[24.697s] Level 1:colcon.colcon_core.shell:create_environment_hook('locobot_autonomy', 'ld_library_path_lib')
[24.747s] INFO:colcon.colcon_core.shell:Creating environment hook '/home/joshhlee/me326_ws/src/collaborative_robotics_course/install/locobot_autonomy/share/locobot_autonomy/hook/ld_library_path_lib.ps1'
[24.747s] INFO:colcon.colcon_core.shell:Creating environment descriptor '/home/joshhlee/me326_ws/src/collaborative_robotics_course/install/locobot_autonomy/share/locobot_autonomy/hook/ld_library_path_lib.dsv'
[24.747s] INFO:colcon.colcon_core.shell:Creating environment hook '/home/joshhlee/me326_ws/src/collaborative_robotics_course/install/locobot_autonomy/share/locobot_autonomy/hook/ld_library_path_lib.sh'
[24.747s] Level 1:colcon.colcon_core.environment:checking '/home/joshhlee/me326_ws/src/collaborative_robotics_course/install/locobot_autonomy/bin'
[24.748s] Level 1:colcon.colcon_core.environment:checking '/home/joshhlee/me326_ws/src/collaborative_robotics_course/install/locobot_autonomy/lib/pkgconfig/locobot_autonomy.pc'
[24.748s] Level 1:colcon.colcon_core.environment:checking '/home/joshhlee/me326_ws/src/collaborative_robotics_course/install/locobot_autonomy/lib/python3.8/site-packages'
[24.748s] Level 1:colcon.colcon_core.shell:create_environment_hook('locobot_autonomy', 'pythonpath')
[24.798s] INFO:colcon.colcon_core.shell:Creating environment hook '/home/joshhlee/me326_ws/src/collaborative_robotics_course/install/locobot_autonomy/share/locobot_autonomy/hook/pythonpath.ps1'
[24.798s] INFO:colcon.colcon_core.shell:Creating environment descriptor '/home/joshhlee/me326_ws/src/collaborative_robotics_course/install/locobot_autonomy/share/locobot_autonomy/hook/pythonpath.dsv'
[24.798s] INFO:colcon.colcon_core.shell:Creating environment hook '/home/joshhlee/me326_ws/src/collaborative_robotics_course/install/locobot_autonomy/share/locobot_autonomy/hook/pythonpath.sh'
[24.798s] Level 1:colcon.colcon_core.environment:checking '/home/joshhlee/me326_ws/src/collaborative_robotics_course/install/locobot_autonomy/bin'
[24.849s] INFO:colcon.colcon_core.shell:Creating package script '/home/joshhlee/me326_ws/src/collaborative_robotics_course/install/locobot_autonomy/share/locobot_autonomy/package.ps1'
[24.849s] INFO:colcon.colcon_core.shell:Creating package descriptor '/home/joshhlee/me326_ws/src/collaborative_robotics_course/install/locobot_autonomy/share/locobot_autonomy/package.dsv'
[24.850s] INFO:colcon.colcon_core.shell:Creating package script '/home/joshhlee/me326_ws/src/collaborative_robotics_course/install/locobot_autonomy/share/locobot_autonomy/package.sh'
[24.850s] INFO:colcon.colcon_core.shell:Creating package script '/home/joshhlee/me326_ws/src/collaborative_robotics_course/install/locobot_autonomy/share/locobot_autonomy/package.bash'
[24.850s] INFO:colcon.colcon_core.shell:Creating package script '/home/joshhlee/me326_ws/src/collaborative_robotics_course/install/locobot_autonomy/share/locobot_autonomy/package.zsh'
[24.850s] Level 1:colcon.colcon_core.environment:create_file_with_runtime_dependencies(/home/joshhlee/me326_ws/src/collaborative_robotics_course/install/locobot_autonomy/share/colcon-core/packages/locobot_autonomy)
[24.851s] DEBUG:colcon.colcon_parallel_executor.executor.parallel:closing loop
[24.851s] DEBUG:colcon.colcon_parallel_executor.executor.parallel:loop closed
[24.851s] DEBUG:colcon.colcon_parallel_executor.executor.parallel:run_until_complete finished with '0'
[24.852s] DEBUG:colcon.colcon_core.event_reactor:joining thread
[24.924s] INFO:colcon.colcon_core.plugin_system:Skipping extension 'colcon_notification.desktop_notification.terminal_notifier': Not used on non-Darwin systems
[24.924s] INFO:colcon.colcon_core.plugin_system:Skipping extension 'colcon_notification.desktop_notification.win32': Not used on non-Windows systems
[24.924s] INFO:colcon.colcon_notification.desktop_notification:Sending desktop notification using 'notify2'
[24.971s] DEBUG:colcon.colcon_core.event_reactor:joined thread
[25.025s] INFO:colcon.colcon_core.shell:Creating prefix script '/home/joshhlee/me326_ws/src/collaborative_robotics_course/install/local_setup.ps1'
[25.026s] INFO:colcon.colcon_core.shell:Creating prefix util module '/home/joshhlee/me326_ws/src/collaborative_robotics_course/install/_local_setup_util_ps1.py'
[25.027s] INFO:colcon.colcon_core.shell:Creating prefix chain script '/home/joshhlee/me326_ws/src/collaborative_robotics_course/install/setup.ps1'
[25.077s] INFO:colcon.colcon_core.shell:Creating prefix script '/home/joshhlee/me326_ws/src/collaborative_robotics_course/install/local_setup.sh'
[25.078s] INFO:colcon.colcon_core.shell:Creating prefix util module '/home/joshhlee/me326_ws/src/collaborative_robotics_course/install/_local_setup_util_sh.py'
[25.078s] INFO:colcon.colcon_core.shell:Creating prefix chain script '/home/joshhlee/me326_ws/src/collaborative_robotics_course/install/setup.sh'
[25.129s] INFO:colcon.colcon_core.shell:Creating prefix script '/home/joshhlee/me326_ws/src/collaborative_robotics_course/install/local_setup.bash'
[25.129s] INFO:colcon.colcon_core.shell:Creating prefix chain script '/home/joshhlee/me326_ws/src/collaborative_robotics_course/install/setup.bash'
[25.180s] INFO:colcon.colcon_core.shell:Creating prefix script '/home/joshhlee/me326_ws/src/collaborative_robotics_course/install/local_setup.zsh'
[25.180s] INFO:colcon.colcon_core.shell:Creating prefix chain script '/home/joshhlee/me326_ws/src/collaborative_robotics_course/install/setup.zsh'
