[0.585s] Invoking command in '/home/joshhlee/me326_ws/src/collaborative_robotics_course/build/la_msgs': CMAKE_PREFIX_PATH=${CMAKE_PREFIX_PATH}:/home/joshhlee/interbotix_ws/install/interbotix_xs_modules:/home/joshhlee/interbotix_ws/install/interbotix_perception_modules:/home/joshhlee/interbotix_ws/install/interbotix_common_modules:/opt/ros/galactic /usr/bin/cmake --build /home/joshhlee/me326_ws/src/collaborative_robotics_course/build/la_msgs -- -j4 -l4
[0.676s] [  2%] Built target la_msgs__cpp
[0.705s] [ 12%] Built target la_msgs__rosidl_generator_c
[0.741s] [ 23%] Built target la_msgs__rosidl_typesupport_fastrtps_cpp
[0.775s] [ 33%] Built target la_msgs__rosidl_typesupport_c
[0.810s] [ 43%] Built target la_msgs__rosidl_typesupport_introspection_c
[0.850s] [ 53%] Built target la_msgs__rosidl_typesupport_fastrtps_c
[0.872s] [ 64%] Built target la_msgs__rosidl_typesupport_introspection_cpp
[0.897s] [ 74%] Built target la_msgs__rosidl_typesupport_cpp
[0.927s] [ 74%] Built target la_msgs
[0.983s] [ 76%] Built target la_msgs__py
[1.023s] [ 84%] Built target la_msgs__python
[1.066s] [ 89%] Built target la_msgs__rosidl_typesupport_c__pyext
[1.092s] [ 94%] Built target la_msgs__rosidl_typesupport_fastrtps_c__pyext
[1.130s] [100%] Built target la_msgs__rosidl_typesupport_introspection_c__pyext
[1.159s] Invoked command in '/home/joshhlee/me326_ws/src/collaborative_robotics_course/build/la_msgs' returned '0': CMAKE_PREFIX_PATH=${CMAKE_PREFIX_PATH}:/home/joshhlee/interbotix_ws/install/interbotix_xs_modules:/home/joshhlee/interbotix_ws/install/interbotix_perception_modules:/home/joshhlee/interbotix_ws/install/interbotix_common_modules:/opt/ros/galactic /usr/bin/cmake --build /home/joshhlee/me326_ws/src/collaborative_robotics_course/build/la_msgs -- -j4 -l4
[1.309s] Invoking command in '/home/joshhlee/me326_ws/src/collaborative_robotics_course/build/la_msgs': CMAKE_PREFIX_PATH=${CMAKE_PREFIX_PATH}:/home/joshhlee/interbotix_ws/install/interbotix_xs_modules:/home/joshhlee/interbotix_ws/install/interbotix_perception_modules:/home/joshhlee/interbotix_ws/install/interbotix_common_modules:/opt/ros/galactic /usr/bin/cmake --install /home/joshhlee/me326_ws/src/collaborative_robotics_course/build/la_msgs
[1.326s] -- Install configuration: ""
[1.327s] -- Up-to-date: /home/joshhlee/me326_ws/src/collaborative_robotics_course/install/la_msgs/share/ament_index/resource_index/rosidl_interfaces/la_msgs
[1.328s] -- Up-to-date: /home/joshhlee/me326_ws/src/collaborative_robotics_course/install/la_msgs/include/la_msgs
[1.328s] -- Up-to-date: /home/joshhlee/me326_ws/src/collaborative_robotics_course/install/la_msgs/include/la_msgs/msg
[1.328s] -- Up-to-date: /home/joshhlee/me326_ws/src/collaborative_robotics_course/install/la_msgs/include/la_msgs/msg/rosidl_generator_c__visibility_control.h
[1.329s] -- Up-to-date: /home/joshhlee/me326_ws/src/collaborative_robotics_course/install/la_msgs/include/la_msgs/srv
[1.329s] -- Up-to-date: /home/joshhlee/me326_ws/src/collaborative_robotics_course/install/la_msgs/include/la_msgs/srv/detail
[1.329s] -- Up-to-date: /home/joshhlee/me326_ws/src/collaborative_robotics_course/install/la_msgs/include/la_msgs/srv/detail/ptps__struct.h
[1.329s] -- Up-to-date: /home/joshhlee/me326_ws/src/collaborative_robotics_course/install/la_msgs/include/la_msgs/srv/detail/ptps__functions.c
[1.329s] -- Up-to-date: /home/joshhlee/me326_ws/src/collaborative_robotics_course/install/la_msgs/include/la_msgs/srv/detail/ptps__type_support.h
[1.329s] -- Up-to-date: /home/joshhlee/me326_ws/src/collaborative_robotics_course/install/la_msgs/include/la_msgs/srv/detail/ptps__functions.h
[1.329s] -- Up-to-date: /home/joshhlee/me326_ws/src/collaborative_robotics_course/install/la_msgs/include/la_msgs/srv/ptps.h
[1.329s] -- Up-to-date: /home/joshhlee/me326_ws/src/collaborative_robotics_course/install/la_msgs/include/la_msgs/action
[1.329s] -- Up-to-date: /home/joshhlee/me326_ws/src/collaborative_robotics_course/install/la_msgs/include/la_msgs/action/detail
[1.329s] -- Up-to-date: /home/joshhlee/me326_ws/src/collaborative_robotics_course/install/la_msgs/include/la_msgs/action/detail/move_base__struct.h
[1.329s] -- Up-to-date: /home/joshhlee/me326_ws/src/collaborative_robotics_course/install/la_msgs/include/la_msgs/action/detail/move_base__functions.c
[1.329s] -- Up-to-date: /home/joshhlee/me326_ws/src/collaborative_robotics_course/install/la_msgs/include/la_msgs/action/detail/move_base__type_support.h
[1.329s] -- Up-to-date: /home/joshhlee/me326_ws/src/collaborative_robotics_course/install/la_msgs/include/la_msgs/action/detail/move_base__functions.h
[1.329s] -- Up-to-date: /home/joshhlee/me326_ws/src/collaborative_robotics_course/install/la_msgs/include/la_msgs/action/move_base.h
[1.329s] -- Up-to-date: /home/joshhlee/me326_ws/src/collaborative_robotics_course/install/la_msgs/share/la_msgs/environment/library_path.sh
[1.329s] -- Up-to-date: /home/joshhlee/me326_ws/src/collaborative_robotics_course/install/la_msgs/share/la_msgs/environment/library_path.dsv
[1.329s] -- Up-to-date: /home/joshhlee/me326_ws/src/collaborative_robotics_course/install/la_msgs/lib/libla_msgs__rosidl_generator_c.so
[1.329s] -- Up-to-date: /home/joshhlee/me326_ws/src/collaborative_robotics_course/install/la_msgs/include/la_msgs
[1.329s] -- Up-to-date: /home/joshhlee/me326_ws/src/collaborative_robotics_course/install/la_msgs/include/la_msgs/msg
[1.329s] -- Up-to-date: /home/joshhlee/me326_ws/src/collaborative_robotics_course/install/la_msgs/include/la_msgs/msg/rosidl_typesupport_fastrtps_c__visibility_control.h
[1.329s] -- Up-to-date: /home/joshhlee/me326_ws/src/collaborative_robotics_course/install/la_msgs/include/la_msgs/srv
[1.329s] -- Up-to-date: /home/joshhlee/me326_ws/src/collaborative_robotics_course/install/la_msgs/include/la_msgs/srv/detail
[1.329s] -- Up-to-date: /home/joshhlee/me326_ws/src/collaborative_robotics_course/install/la_msgs/include/la_msgs/srv/detail/ptps__rosidl_typesupport_fastrtps_c.h
[1.329s] -- Up-to-date: /home/joshhlee/me326_ws/src/collaborative_robotics_course/install/la_msgs/include/la_msgs/action
[1.329s] -- Up-to-date: /home/joshhlee/me326_ws/src/collaborative_robotics_course/install/la_msgs/include/la_msgs/action/detail
[1.330s] -- Up-to-date: /home/joshhlee/me326_ws/src/collaborative_robotics_course/install/la_msgs/include/la_msgs/action/detail/move_base__rosidl_typesupport_fastrtps_c.h
[1.330s] -- Up-to-date: /home/joshhlee/me326_ws/src/collaborative_robotics_course/install/la_msgs/lib/libla_msgs__rosidl_typesupport_fastrtps_c.so
[1.330s] -- Up-to-date: /home/joshhlee/me326_ws/src/collaborative_robotics_course/install/la_msgs/include/la_msgs
[1.330s] -- Up-to-date: /home/joshhlee/me326_ws/src/collaborative_robotics_course/install/la_msgs/include/la_msgs/msg
[1.330s] -- Up-to-date: /home/joshhlee/me326_ws/src/collaborative_robotics_course/install/la_msgs/include/la_msgs/msg/rosidl_typesupport_fastrtps_cpp__visibility_control.h
[1.330s] -- Up-to-date: /home/joshhlee/me326_ws/src/collaborative_robotics_course/install/la_msgs/include/la_msgs/srv
[1.330s] -- Up-to-date: /home/joshhlee/me326_ws/src/collaborative_robotics_course/install/la_msgs/include/la_msgs/srv/detail
[1.330s] -- Up-to-date: /home/joshhlee/me326_ws/src/collaborative_robotics_course/install/la_msgs/include/la_msgs/srv/detail/ptps__rosidl_typesupport_fastrtps_cpp.hpp
[1.330s] -- Up-to-date: /home/joshhlee/me326_ws/src/collaborative_robotics_course/install/la_msgs/include/la_msgs/srv/detail/dds_fastrtps
[1.330s] -- Up-to-date: /home/joshhlee/me326_ws/src/collaborative_robotics_course/install/la_msgs/include/la_msgs/action
[1.330s] -- Up-to-date: /home/joshhlee/me326_ws/src/collaborative_robotics_course/install/la_msgs/include/la_msgs/action/detail
[1.330s] -- Up-to-date: /home/joshhlee/me326_ws/src/collaborative_robotics_course/install/la_msgs/include/la_msgs/action/detail/dds_fastrtps
[1.330s] -- Up-to-date: /home/joshhlee/me326_ws/src/collaborative_robotics_course/install/la_msgs/include/la_msgs/action/detail/move_base__rosidl_typesupport_fastrtps_cpp.hpp
[1.330s] -- Up-to-date: /home/joshhlee/me326_ws/src/collaborative_robotics_course/install/la_msgs/lib/libla_msgs__rosidl_typesupport_fastrtps_cpp.so
[1.332s] -- Up-to-date: /home/joshhlee/me326_ws/src/collaborative_robotics_course/install/la_msgs/include/la_msgs
[1.332s] -- Up-to-date: /home/joshhlee/me326_ws/src/collaborative_robotics_course/install/la_msgs/include/la_msgs/msg
[1.332s] -- Up-to-date: /home/joshhlee/me326_ws/src/collaborative_robotics_course/install/la_msgs/include/la_msgs/msg/rosidl_typesupport_introspection_c__visibility_control.h
[1.332s] -- Up-to-date: /home/joshhlee/me326_ws/src/collaborative_robotics_course/install/la_msgs/include/la_msgs/srv
[1.332s] -- Up-to-date: /home/joshhlee/me326_ws/src/collaborative_robotics_course/install/la_msgs/include/la_msgs/srv/detail
[1.332s] -- Up-to-date: /home/joshhlee/me326_ws/src/collaborative_robotics_course/install/la_msgs/include/la_msgs/srv/detail/ptps__type_support.c
[1.332s] -- Up-to-date: /home/joshhlee/me326_ws/src/collaborative_robotics_course/install/la_msgs/include/la_msgs/srv/detail/ptps__rosidl_typesupport_introspection_c.h
[1.332s] -- Up-to-date: /home/joshhlee/me326_ws/src/collaborative_robotics_course/install/la_msgs/include/la_msgs/action
[1.332s] -- Up-to-date: /home/joshhlee/me326_ws/src/collaborative_robotics_course/install/la_msgs/include/la_msgs/action/detail
[1.332s] -- Up-to-date: /home/joshhlee/me326_ws/src/collaborative_robotics_course/install/la_msgs/include/la_msgs/action/detail/move_base__rosidl_typesupport_introspection_c.h
[1.332s] -- Up-to-date: /home/joshhlee/me326_ws/src/collaborative_robotics_course/install/la_msgs/include/la_msgs/action/detail/move_base__type_support.c
[1.335s] -- Up-to-date: /home/joshhlee/me326_ws/src/collaborative_robotics_course/install/la_msgs/lib/libla_msgs__rosidl_typesupport_introspection_c.so
[1.335s] -- Up-to-date: /home/joshhlee/me326_ws/src/collaborative_robotics_course/install/la_msgs/lib/libla_msgs__rosidl_typesupport_c.so
[1.335s] -- Up-to-date: /home/joshhlee/me326_ws/src/collaborative_robotics_course/install/la_msgs/include/la_msgs
[1.335s] -- Up-to-date: /home/joshhlee/me326_ws/src/collaborative_robotics_course/install/la_msgs/include/la_msgs/srv
[1.335s] -- Up-to-date: /home/joshhlee/me326_ws/src/collaborative_robotics_course/install/la_msgs/include/la_msgs/srv/detail
[1.335s] -- Up-to-date: /home/joshhlee/me326_ws/src/collaborative_robotics_course/install/la_msgs/include/la_msgs/srv/detail/ptps__builder.hpp
[1.335s] -- Up-to-date: /home/joshhlee/me326_ws/src/collaborative_robotics_course/install/la_msgs/include/la_msgs/srv/detail/ptps__struct.hpp
[1.335s] -- Up-to-date: /home/joshhlee/me326_ws/src/collaborative_robotics_course/install/la_msgs/include/la_msgs/srv/detail/ptps__traits.hpp
[1.335s] -- Up-to-date: /home/joshhlee/me326_ws/src/collaborative_robotics_course/install/la_msgs/include/la_msgs/srv/ptps.hpp
[1.335s] -- Up-to-date: /home/joshhlee/me326_ws/src/collaborative_robotics_course/install/la_msgs/include/la_msgs/action
[1.335s] -- Up-to-date: /home/joshhlee/me326_ws/src/collaborative_robotics_course/install/la_msgs/include/la_msgs/action/detail
[1.335s] -- Up-to-date: /home/joshhlee/me326_ws/src/collaborative_robotics_course/install/la_msgs/include/la_msgs/action/detail/move_base__struct.hpp
[1.335s] -- Up-to-date: /home/joshhlee/me326_ws/src/collaborative_robotics_course/install/la_msgs/include/la_msgs/action/detail/move_base__builder.hpp
[1.335s] -- Up-to-date: /home/joshhlee/me326_ws/src/collaborative_robotics_course/install/la_msgs/include/la_msgs/action/detail/move_base__traits.hpp
[1.335s] -- Up-to-date: /home/joshhlee/me326_ws/src/collaborative_robotics_course/install/la_msgs/include/la_msgs/action/move_base.hpp
[1.335s] -- Up-to-date: /home/joshhlee/me326_ws/src/collaborative_robotics_course/install/la_msgs/include/la_msgs
[1.335s] -- Up-to-date: /home/joshhlee/me326_ws/src/collaborative_robotics_course/install/la_msgs/include/la_msgs/srv
[1.335s] -- Up-to-date: /home/joshhlee/me326_ws/src/collaborative_robotics_course/install/la_msgs/include/la_msgs/srv/detail
[1.336s] -- Up-to-date: /home/joshhlee/me326_ws/src/collaborative_robotics_course/install/la_msgs/include/la_msgs/srv/detail/ptps__rosidl_typesupport_introspection_cpp.hpp
[1.336s] -- Up-to-date: /home/joshhlee/me326_ws/src/collaborative_robotics_course/install/la_msgs/include/la_msgs/srv/detail/ptps__type_support.cpp
[1.336s] -- Up-to-date: /home/joshhlee/me326_ws/src/collaborative_robotics_course/install/la_msgs/include/la_msgs/action
[1.336s] -- Up-to-date: /home/joshhlee/me326_ws/src/collaborative_robotics_course/install/la_msgs/include/la_msgs/action/detail
[1.336s] -- Up-to-date: /home/joshhlee/me326_ws/src/collaborative_robotics_course/install/la_msgs/include/la_msgs/action/detail/move_base__type_support.cpp
[1.336s] -- Up-to-date: /home/joshhlee/me326_ws/src/collaborative_robotics_course/install/la_msgs/include/la_msgs/action/detail/move_base__rosidl_typesupport_introspection_cpp.hpp
[1.336s] -- Up-to-date: /home/joshhlee/me326_ws/src/collaborative_robotics_course/install/la_msgs/lib/libla_msgs__rosidl_typesupport_introspection_cpp.so
[1.336s] -- Up-to-date: /home/joshhlee/me326_ws/src/collaborative_robotics_course/install/la_msgs/lib/libla_msgs__rosidl_typesupport_cpp.so
[1.336s] -- Up-to-date: /home/joshhlee/me326_ws/src/collaborative_robotics_course/install/la_msgs/share/la_msgs/environment/pythonpath.sh
[1.336s] -- Up-to-date: /home/joshhlee/me326_ws/src/collaborative_robotics_course/install/la_msgs/share/la_msgs/environment/pythonpath.dsv
[1.336s] -- Up-to-date: /home/joshhlee/me326_ws/src/collaborative_robotics_course/install/la_msgs/lib/python3.8/site-packages/la_msgs/__init__.py
[1.415s] -- Up-to-date: /home/joshhlee/me326_ws/src/collaborative_robotics_course/install/la_msgs/lib/python3.8/site-packages/la_msgs/action
[1.415s] -- Up-to-date: /home/joshhlee/me326_ws/src/collaborative_robotics_course/install/la_msgs/lib/python3.8/site-packages/la_msgs/action/__init__.py
[1.415s] -- Up-to-date: /home/joshhlee/me326_ws/src/collaborative_robotics_course/install/la_msgs/lib/python3.8/site-packages/la_msgs/action/_move_base_s.c
[1.415s] -- Up-to-date: /home/joshhlee/me326_ws/src/collaborative_robotics_course/install/la_msgs/lib/python3.8/site-packages/la_msgs/action/_move_base.py
[1.415s] -- Up-to-date: /home/joshhlee/me326_ws/src/collaborative_robotics_course/install/la_msgs/lib/python3.8/site-packages/la_msgs/srv
[1.415s] -- Up-to-date: /home/joshhlee/me326_ws/src/collaborative_robotics_course/install/la_msgs/lib/python3.8/site-packages/la_msgs/srv/__init__.py
[1.415s] -- Up-to-date: /home/joshhlee/me326_ws/src/collaborative_robotics_course/install/la_msgs/lib/python3.8/site-packages/la_msgs/srv/_ptps_s.c
[1.415s] -- Up-to-date: /home/joshhlee/me326_ws/src/collaborative_robotics_course/install/la_msgs/lib/python3.8/site-packages/la_msgs/srv/_ptps.py
[1.415s] -- Up-to-date: /home/joshhlee/me326_ws/src/collaborative_robotics_course/install/la_msgs/lib/python3.8/site-packages/la_msgs/la_msgs_s__rosidl_typesupport_fastrtps_c.cpython-38-aarch64-linux-gnu.so
[1.415s] -- Up-to-date: /home/joshhlee/me326_ws/src/collaborative_robotics_course/install/la_msgs/lib/python3.8/site-packages/la_msgs/la_msgs_s__rosidl_typesupport_introspection_c.cpython-38-aarch64-linux-gnu.so
[1.415s] -- Up-to-date: /home/joshhlee/me326_ws/src/collaborative_robotics_course/install/la_msgs/lib/python3.8/site-packages/la_msgs/la_msgs_s__rosidl_typesupport_c.cpython-38-aarch64-linux-gnu.so
[1.415s] -- Up-to-date: /home/joshhlee/me326_ws/src/collaborative_robotics_course/install/la_msgs/lib/libla_msgs__python.so
[1.415s] -- Up-to-date: /home/joshhlee/me326_ws/src/collaborative_robotics_course/install/la_msgs/share/la_msgs/action/MoveBase.idl
[1.415s] -- Up-to-date: /home/joshhlee/me326_ws/src/collaborative_robotics_course/install/la_msgs/share/la_msgs/srv/Ptps.idl
[1.416s] -- Up-to-date: /home/joshhlee/me326_ws/src/collaborative_robotics_course/install/la_msgs/share/la_msgs/action/MoveBase.action
[1.416s] -- Up-to-date: /home/joshhlee/me326_ws/src/collaborative_robotics_course/install/la_msgs/share/la_msgs/srv/Ptps.srv
[1.416s] -- Up-to-date: /home/joshhlee/me326_ws/src/collaborative_robotics_course/install/la_msgs/share/la_msgs/srv/Ptps_Request.msg
[1.416s] -- Up-to-date: /home/joshhlee/me326_ws/src/collaborative_robotics_course/install/la_msgs/share/la_msgs/srv/Ptps_Response.msg
[1.416s] -- Up-to-date: /home/joshhlee/me326_ws/src/collaborative_robotics_course/install/la_msgs/share/ament_index/resource_index/package_run_dependencies/la_msgs
[1.416s] -- Up-to-date: /home/joshhlee/me326_ws/src/collaborative_robotics_course/install/la_msgs/share/ament_index/resource_index/parent_prefix_path/la_msgs
[1.416s] -- Up-to-date: /home/joshhlee/me326_ws/src/collaborative_robotics_course/install/la_msgs/share/la_msgs/environment/ament_prefix_path.sh
[1.416s] -- Up-to-date: /home/joshhlee/me326_ws/src/collaborative_robotics_course/install/la_msgs/share/la_msgs/environment/ament_prefix_path.dsv
[1.416s] -- Up-to-date: /home/joshhlee/me326_ws/src/collaborative_robotics_course/install/la_msgs/share/la_msgs/environment/path.sh
[1.416s] -- Up-to-date: /home/joshhlee/me326_ws/src/collaborative_robotics_course/install/la_msgs/share/la_msgs/environment/path.dsv
[1.416s] -- Up-to-date: /home/joshhlee/me326_ws/src/collaborative_robotics_course/install/la_msgs/share/la_msgs/local_setup.bash
[1.416s] -- Up-to-date: /home/joshhlee/me326_ws/src/collaborative_robotics_course/install/la_msgs/share/la_msgs/local_setup.sh
[1.416s] -- Up-to-date: /home/joshhlee/me326_ws/src/collaborative_robotics_course/install/la_msgs/share/la_msgs/local_setup.zsh
[1.416s] -- Up-to-date: /home/joshhlee/me326_ws/src/collaborative_robotics_course/install/la_msgs/share/la_msgs/local_setup.dsv
[1.416s] -- Installing: /home/joshhlee/me326_ws/src/collaborative_robotics_course/install/la_msgs/share/la_msgs/package.dsv
[1.416s] -- Up-to-date: /home/joshhlee/me326_ws/src/collaborative_robotics_course/install/la_msgs/share/ament_index/resource_index/packages/la_msgs
[1.416s] -- Up-to-date: /home/joshhlee/me326_ws/src/collaborative_robotics_course/install/la_msgs/share/la_msgs/cmake/la_msgs__rosidl_generator_cExport.cmake
[1.416s] -- Up-to-date: /home/joshhlee/me326_ws/src/collaborative_robotics_course/install/la_msgs/share/la_msgs/cmake/la_msgs__rosidl_generator_cExport-noconfig.cmake
[1.416s] -- Up-to-date: /home/joshhlee/me326_ws/src/collaborative_robotics_course/install/la_msgs/share/la_msgs/cmake/la_msgs__rosidl_typesupport_introspection_cExport.cmake
[1.416s] -- Up-to-date: /home/joshhlee/me326_ws/src/collaborative_robotics_course/install/la_msgs/share/la_msgs/cmake/la_msgs__rosidl_typesupport_introspection_cExport-noconfig.cmake
[1.416s] -- Up-to-date: /home/joshhlee/me326_ws/src/collaborative_robotics_course/install/la_msgs/share/la_msgs/cmake/la_msgs__rosidl_typesupport_cExport.cmake
[1.416s] -- Up-to-date: /home/joshhlee/me326_ws/src/collaborative_robotics_course/install/la_msgs/share/la_msgs/cmake/la_msgs__rosidl_typesupport_cExport-noconfig.cmake
[1.416s] -- Up-to-date: /home/joshhlee/me326_ws/src/collaborative_robotics_course/install/la_msgs/share/la_msgs/cmake/la_msgs__rosidl_generator_cppExport.cmake
[1.416s] -- Up-to-date: /home/joshhlee/me326_ws/src/collaborative_robotics_course/install/la_msgs/share/la_msgs/cmake/la_msgs__rosidl_typesupport_introspection_cppExport.cmake
[1.416s] -- Up-to-date: /home/joshhlee/me326_ws/src/collaborative_robotics_course/install/la_msgs/share/la_msgs/cmake/la_msgs__rosidl_typesupport_introspection_cppExport-noconfig.cmake
[1.416s] -- Up-to-date: /home/joshhlee/me326_ws/src/collaborative_robotics_course/install/la_msgs/share/la_msgs/cmake/la_msgs__rosidl_typesupport_cppExport.cmake
[1.416s] -- Up-to-date: /home/joshhlee/me326_ws/src/collaborative_robotics_course/install/la_msgs/share/la_msgs/cmake/la_msgs__rosidl_typesupport_cppExport-noconfig.cmake
[1.416s] -- Up-to-date: /home/joshhlee/me326_ws/src/collaborative_robotics_course/install/la_msgs/share/la_msgs/cmake/rosidl_cmake-extras.cmake
[1.416s] -- Up-to-date: /home/joshhlee/me326_ws/src/collaborative_robotics_course/install/la_msgs/share/la_msgs/cmake/ament_cmake_export_dependencies-extras.cmake
[1.416s] -- Up-to-date: /home/joshhlee/me326_ws/src/collaborative_robotics_course/install/la_msgs/share/la_msgs/cmake/ament_cmake_export_libraries-extras.cmake
[1.416s] -- Up-to-date: /home/joshhlee/me326_ws/src/collaborative_robotics_course/install/la_msgs/share/la_msgs/cmake/ament_cmake_export_targets-extras.cmake
[1.416s] -- Up-to-date: /home/joshhlee/me326_ws/src/collaborative_robotics_course/install/la_msgs/share/la_msgs/cmake/ament_cmake_export_include_directories-extras.cmake
[1.416s] -- Up-to-date: /home/joshhlee/me326_ws/src/collaborative_robotics_course/install/la_msgs/share/la_msgs/cmake/rosidl_cmake_export_typesupport_libraries-extras.cmake
[1.417s] -- Up-to-date: /home/joshhlee/me326_ws/src/collaborative_robotics_course/install/la_msgs/share/la_msgs/cmake/rosidl_cmake_export_typesupport_targets-extras.cmake
[1.417s] -- Up-to-date: /home/joshhlee/me326_ws/src/collaborative_robotics_course/install/la_msgs/share/la_msgs/cmake/la_msgsConfig.cmake
[1.417s] -- Up-to-date: /home/joshhlee/me326_ws/src/collaborative_robotics_course/install/la_msgs/share/la_msgs/cmake/la_msgsConfig-version.cmake
[1.417s] -- Up-to-date: /home/joshhlee/me326_ws/src/collaborative_robotics_course/install/la_msgs/share/la_msgs/package.xml
[1.426s] Invoked command in '/home/joshhlee/me326_ws/src/collaborative_robotics_course/build/la_msgs' returned '0': CMAKE_PREFIX_PATH=${CMAKE_PREFIX_PATH}:/home/joshhlee/interbotix_ws/install/interbotix_xs_modules:/home/joshhlee/interbotix_ws/install/interbotix_perception_modules:/home/joshhlee/interbotix_ws/install/interbotix_common_modules:/opt/ros/galactic /usr/bin/cmake --install /home/joshhlee/me326_ws/src/collaborative_robotics_course/build/la_msgs
