[  9%] Built target locobot_autonomy__rosidl_generator_c
[ 12%] Built target locobot_autonomy__cpp
[ 12%] Built target ament_cmake_python_copy_locobot_autonomy
[ 18%] Built target visual_block_perception_srv
[ 27%] Built target locobot_autonomy__rosidl_typesupport_fastrtps_cpp
[ 36%] Built target locobot_autonomy__rosidl_typesupport_cpp
[ 45%] Built target locobot_autonomy__rosidl_typesupport_introspection_cpp
[ 54%] Built target locobot_autonomy__rosidl_typesupport_c
[ 63%] Built target locobot_autonomy__rosidl_typesupport_introspection_c
[ 72%] Built target locobot_autonomy__rosidl_typesupport_fastrtps_c
[ 72%] Built target locobot_autonomy
[ 75%] Built target locobot_autonomy__py
[ 81%] Built target locobot_autonomy__python
[ 87%] Built target locobot_autonomy__rosidl_typesupport_introspection_c__pyext
[ 93%] Built target locobot_autonomy__rosidl_typesupport_c__pyext
[100%] Built target locobot_autonomy__rosidl_typesupport_fastrtps_c__pyext
running egg_info
writing locobot_autonomy.egg-info/PKG-INFO
writing dependency_links to locobot_autonomy.egg-info/dependency_links.txt
writing top-level names to locobot_autonomy.egg-info/top_level.txt
reading manifest file 'locobot_autonomy.egg-info/SOURCES.txt'
writing manifest file 'locobot_autonomy.egg-info/SOURCES.txt'
[100%] Built target ament_cmake_python_build_locobot_autonomy_egg
-- Install configuration: ""
-- Up-to-date: /home/joshhlee/me326_ws/src/collaborative_robotics_course/install/locobot_autonomy/lib/locobot_autonomy/visual_block_perception_srv
-- Up-to-date: /home/joshhlee/me326_ws/src/collaborative_robotics_course/install/locobot_autonomy/share/locobot_autonomy/environment/pythonpath.sh
-- Up-to-date: /home/joshhlee/me326_ws/src/collaborative_robotics_course/install/locobot_autonomy/share/locobot_autonomy/environment/pythonpath.dsv
-- Up-to-date: /home/joshhlee/me326_ws/src/collaborative_robotics_course/install/locobot_autonomy/lib/python3.8/site-packages//locobot_autonomy.egg-info
-- Installing: /home/joshhlee/me326_ws/src/collaborative_robotics_course/install/locobot_autonomy/lib/python3.8/site-packages//locobot_autonomy.egg-info/dependency_links.txt
-- Installing: /home/joshhlee/me326_ws/src/collaborative_robotics_course/install/locobot_autonomy/lib/python3.8/site-packages//locobot_autonomy.egg-info/PKG-INFO
-- Installing: /home/joshhlee/me326_ws/src/collaborative_robotics_course/install/locobot_autonomy/lib/python3.8/site-packages//locobot_autonomy.egg-info/top_level.txt
-- Installing: /home/joshhlee/me326_ws/src/collaborative_robotics_course/install/locobot_autonomy/lib/python3.8/site-packages//locobot_autonomy.egg-info/SOURCES.txt
-- Up-to-date: /home/joshhlee/me326_ws/src/collaborative_robotics_course/install/locobot_autonomy/lib/python3.8/site-packages/locobot_autonomy
-- Installing: /home/joshhlee/me326_ws/src/collaborative_robotics_course/install/locobot_autonomy/lib/python3.8/site-packages/locobot_autonomy/__init__.py
-- Up-to-date: /home/joshhlee/me326_ws/src/collaborative_robotics_course/install/locobot_autonomy/lib/python3.8/site-packages/locobot_autonomy/move_locobot_base_action_server.py
-- Up-to-date: /home/joshhlee/me326_ws/src/collaborative_robotics_course/install/locobot_autonomy/lib/python3.8/site-packages/locobot_autonomy/move_A_to_B_py.py
Listing '/home/joshhlee/me326_ws/src/collaborative_robotics_course/install/locobot_autonomy/lib/python3.8/site-packages/locobot_autonomy'...
Compiling '/home/joshhlee/me326_ws/src/collaborative_robotics_course/install/locobot_autonomy/lib/python3.8/site-packages/locobot_autonomy/__init__.py'...
Listing '/home/joshhlee/me326_ws/src/collaborative_robotics_course/install/locobot_autonomy/lib/python3.8/site-packages/locobot_autonomy/action'...
Compiling '/home/joshhlee/me326_ws/src/collaborative_robotics_course/install/locobot_autonomy/lib/python3.8/site-packages/locobot_autonomy/action/__init__.py'...
Compiling '/home/joshhlee/me326_ws/src/collaborative_robotics_course/install/locobot_autonomy/lib/python3.8/site-packages/locobot_autonomy/action/_move_base.py'...
-- Up-to-date: /home/joshhlee/me326_ws/src/collaborative_robotics_course/install/locobot_autonomy/lib/locobot_autonomy/move_A_to_B_py.py
-- Up-to-date: /home/joshhlee/me326_ws/src/collaborative_robotics_course/install/locobot_autonomy/lib/locobot_autonomy/move_locobot_base_action_server.py
-- Up-to-date: /home/joshhlee/me326_ws/src/collaborative_robotics_course/install/locobot_autonomy/share/locobot_autonomy//launch
-- Up-to-date: /home/joshhlee/me326_ws/src/collaborative_robotics_course/install/locobot_autonomy/share/locobot_autonomy//launch/simple_move_a_to_b_launch.py
-- Up-to-date: /home/joshhlee/me326_ws/src/collaborative_robotics_course/install/locobot_autonomy/share/locobot_autonomy//launch/spawn_cube_launch.py
-- Up-to-date: /home/joshhlee/me326_ws/src/collaborative_robotics_course/install/locobot_autonomy/share/locobot_autonomy//launch/__pycache__
-- Up-to-date: /home/joshhlee/me326_ws/src/collaborative_robotics_course/install/locobot_autonomy/share/locobot_autonomy//launch/__pycache__/simple_move_a_to_b_launch.cpython-38.pyc
-- Up-to-date: /home/joshhlee/me326_ws/src/collaborative_robotics_course/install/locobot_autonomy/share/locobot_autonomy//launch/__pycache__/spawn_cube_launch.cpython-38.pyc
-- Up-to-date: /home/joshhlee/me326_ws/src/collaborative_robotics_course/install/locobot_autonomy/share/ament_index/resource_index/rosidl_interfaces/locobot_autonomy
-- Up-to-date: /home/joshhlee/me326_ws/src/collaborative_robotics_course/install/locobot_autonomy/include/locobot_autonomy
-- Up-to-date: /home/joshhlee/me326_ws/src/collaborative_robotics_course/install/locobot_autonomy/include/locobot_autonomy/msg
-- Up-to-date: /home/joshhlee/me326_ws/src/collaborative_robotics_course/install/locobot_autonomy/include/locobot_autonomy/msg/rosidl_generator_c__visibility_control.h
-- Up-to-date: /home/joshhlee/me326_ws/src/collaborative_robotics_course/install/locobot_autonomy/include/locobot_autonomy/action
-- Up-to-date: /home/joshhlee/me326_ws/src/collaborative_robotics_course/install/locobot_autonomy/include/locobot_autonomy/action/detail
-- Up-to-date: /home/joshhlee/me326_ws/src/collaborative_robotics_course/install/locobot_autonomy/include/locobot_autonomy/action/detail/move_base__struct.h
-- Up-to-date: /home/joshhlee/me326_ws/src/collaborative_robotics_course/install/locobot_autonomy/include/locobot_autonomy/action/detail/move_base__functions.c
-- Up-to-date: /home/joshhlee/me326_ws/src/collaborative_robotics_course/install/locobot_autonomy/include/locobot_autonomy/action/detail/move_base__type_support.h
-- Up-to-date: /home/joshhlee/me326_ws/src/collaborative_robotics_course/install/locobot_autonomy/include/locobot_autonomy/action/detail/move_base__functions.h
-- Up-to-date: /home/joshhlee/me326_ws/src/collaborative_robotics_course/install/locobot_autonomy/include/locobot_autonomy/action/move_base.h
-- Up-to-date: /home/joshhlee/me326_ws/src/collaborative_robotics_course/install/locobot_autonomy/share/locobot_autonomy/environment/library_path.sh
-- Up-to-date: /home/joshhlee/me326_ws/src/collaborative_robotics_course/install/locobot_autonomy/share/locobot_autonomy/environment/library_path.dsv
-- Up-to-date: /home/joshhlee/me326_ws/src/collaborative_robotics_course/install/locobot_autonomy/lib/liblocobot_autonomy__rosidl_generator_c.so
-- Up-to-date: /home/joshhlee/me326_ws/src/collaborative_robotics_course/install/locobot_autonomy/include/locobot_autonomy
-- Up-to-date: /home/joshhlee/me326_ws/src/collaborative_robotics_course/install/locobot_autonomy/include/locobot_autonomy/msg
-- Up-to-date: /home/joshhlee/me326_ws/src/collaborative_robotics_course/install/locobot_autonomy/include/locobot_autonomy/msg/rosidl_typesupport_fastrtps_c__visibility_control.h
-- Up-to-date: /home/joshhlee/me326_ws/src/collaborative_robotics_course/install/locobot_autonomy/include/locobot_autonomy/action
-- Up-to-date: /home/joshhlee/me326_ws/src/collaborative_robotics_course/install/locobot_autonomy/include/locobot_autonomy/action/detail
-- Up-to-date: /home/joshhlee/me326_ws/src/collaborative_robotics_course/install/locobot_autonomy/include/locobot_autonomy/action/detail/move_base__rosidl_typesupport_fastrtps_c.h
-- Up-to-date: /home/joshhlee/me326_ws/src/collaborative_robotics_course/install/locobot_autonomy/lib/liblocobot_autonomy__rosidl_typesupport_fastrtps_c.so
-- Up-to-date: /home/joshhlee/me326_ws/src/collaborative_robotics_course/install/locobot_autonomy/include/locobot_autonomy
-- Up-to-date: /home/joshhlee/me326_ws/src/collaborative_robotics_course/install/locobot_autonomy/include/locobot_autonomy/msg
-- Up-to-date: /home/joshhlee/me326_ws/src/collaborative_robotics_course/install/locobot_autonomy/include/locobot_autonomy/msg/rosidl_typesupport_fastrtps_cpp__visibility_control.h
-- Up-to-date: /home/joshhlee/me326_ws/src/collaborative_robotics_course/install/locobot_autonomy/include/locobot_autonomy/action
-- Up-to-date: /home/joshhlee/me326_ws/src/collaborative_robotics_course/install/locobot_autonomy/include/locobot_autonomy/action/detail
-- Up-to-date: /home/joshhlee/me326_ws/src/collaborative_robotics_course/install/locobot_autonomy/include/locobot_autonomy/action/detail/dds_fastrtps
-- Up-to-date: /home/joshhlee/me326_ws/src/collaborative_robotics_course/install/locobot_autonomy/include/locobot_autonomy/action/detail/move_base__rosidl_typesupport_fastrtps_cpp.hpp
-- Up-to-date: /home/joshhlee/me326_ws/src/collaborative_robotics_course/install/locobot_autonomy/lib/liblocobot_autonomy__rosidl_typesupport_fastrtps_cpp.so
-- Up-to-date: /home/joshhlee/me326_ws/src/collaborative_robotics_course/install/locobot_autonomy/include/locobot_autonomy
-- Up-to-date: /home/joshhlee/me326_ws/src/collaborative_robotics_course/install/locobot_autonomy/include/locobot_autonomy/msg
-- Up-to-date: /home/joshhlee/me326_ws/src/collaborative_robotics_course/install/locobot_autonomy/include/locobot_autonomy/msg/rosidl_typesupport_introspection_c__visibility_control.h
-- Up-to-date: /home/joshhlee/me326_ws/src/collaborative_robotics_course/install/locobot_autonomy/include/locobot_autonomy/action
-- Up-to-date: /home/joshhlee/me326_ws/src/collaborative_robotics_course/install/locobot_autonomy/include/locobot_autonomy/action/detail
-- Up-to-date: /home/joshhlee/me326_ws/src/collaborative_robotics_course/install/locobot_autonomy/include/locobot_autonomy/action/detail/move_base__rosidl_typesupport_introspection_c.h
-- Up-to-date: /home/joshhlee/me326_ws/src/collaborative_robotics_course/install/locobot_autonomy/include/locobot_autonomy/action/detail/move_base__type_support.c
-- Up-to-date: /home/joshhlee/me326_ws/src/collaborative_robotics_course/install/locobot_autonomy/lib/liblocobot_autonomy__rosidl_typesupport_introspection_c.so
-- Up-to-date: /home/joshhlee/me326_ws/src/collaborative_robotics_course/install/locobot_autonomy/lib/liblocobot_autonomy__rosidl_typesupport_c.so
-- Up-to-date: /home/joshhlee/me326_ws/src/collaborative_robotics_course/install/locobot_autonomy/include/locobot_autonomy
-- Up-to-date: /home/joshhlee/me326_ws/src/collaborative_robotics_course/install/locobot_autonomy/include/locobot_autonomy/action
-- Up-to-date: /home/joshhlee/me326_ws/src/collaborative_robotics_course/install/locobot_autonomy/include/locobot_autonomy/action/detail
-- Up-to-date: /home/joshhlee/me326_ws/src/collaborative_robotics_course/install/locobot_autonomy/include/locobot_autonomy/action/detail/move_base__struct.hpp
-- Up-to-date: /home/joshhlee/me326_ws/src/collaborative_robotics_course/install/locobot_autonomy/include/locobot_autonomy/action/detail/move_base__builder.hpp
-- Up-to-date: /home/joshhlee/me326_ws/src/collaborative_robotics_course/install/locobot_autonomy/include/locobot_autonomy/action/detail/move_base__traits.hpp
-- Up-to-date: /home/joshhlee/me326_ws/src/collaborative_robotics_course/install/locobot_autonomy/include/locobot_autonomy/action/move_base.hpp
-- Up-to-date: /home/joshhlee/me326_ws/src/collaborative_robotics_course/install/locobot_autonomy/include/locobot_autonomy
-- Up-to-date: /home/joshhlee/me326_ws/src/collaborative_robotics_course/install/locobot_autonomy/include/locobot_autonomy/action
-- Up-to-date: /home/joshhlee/me326_ws/src/collaborative_robotics_course/install/locobot_autonomy/include/locobot_autonomy/action/detail
-- Up-to-date: /home/joshhlee/me326_ws/src/collaborative_robotics_course/install/locobot_autonomy/include/locobot_autonomy/action/detail/move_base__type_support.cpp
-- Up-to-date: /home/joshhlee/me326_ws/src/collaborative_robotics_course/install/locobot_autonomy/include/locobot_autonomy/action/detail/move_base__rosidl_typesupport_introspection_cpp.hpp
-- Up-to-date: /home/joshhlee/me326_ws/src/collaborative_robotics_course/install/locobot_autonomy/lib/liblocobot_autonomy__rosidl_typesupport_introspection_cpp.so
-- Up-to-date: /home/joshhlee/me326_ws/src/collaborative_robotics_course/install/locobot_autonomy/lib/liblocobot_autonomy__rosidl_typesupport_cpp.so
-- Installing: /home/joshhlee/me326_ws/src/collaborative_robotics_course/install/locobot_autonomy/lib/python3.8/site-packages/locobot_autonomy/__init__.py
Compiling '/home/joshhlee/me326_ws/src/collaborative_robotics_course/install/locobot_autonomy/lib/python3.8/site-packages/locobot_autonomy/__init__.py'...
-- Up-to-date: /home/joshhlee/me326_ws/src/collaborative_robotics_course/install/locobot_autonomy/lib/python3.8/site-packages/locobot_autonomy/action
-- Up-to-date: /home/joshhlee/me326_ws/src/collaborative_robotics_course/install/locobot_autonomy/lib/python3.8/site-packages/locobot_autonomy/action/__init__.py
-- Up-to-date: /home/joshhlee/me326_ws/src/collaborative_robotics_course/install/locobot_autonomy/lib/python3.8/site-packages/locobot_autonomy/action/_move_base_s.c
-- Up-to-date: /home/joshhlee/me326_ws/src/collaborative_robotics_course/install/locobot_autonomy/lib/python3.8/site-packages/locobot_autonomy/action/_move_base.py
-- Up-to-date: /home/joshhlee/me326_ws/src/collaborative_robotics_course/install/locobot_autonomy/lib/python3.8/site-packages/locobot_autonomy/locobot_autonomy_s__rosidl_typesupport_fastrtps_c.cpython-38-aarch64-linux-gnu.so
-- Up-to-date: /home/joshhlee/me326_ws/src/collaborative_robotics_course/install/locobot_autonomy/lib/python3.8/site-packages/locobot_autonomy/locobot_autonomy_s__rosidl_typesupport_introspection_c.cpython-38-aarch64-linux-gnu.so
-- Up-to-date: /home/joshhlee/me326_ws/src/collaborative_robotics_course/install/locobot_autonomy/lib/python3.8/site-packages/locobot_autonomy/locobot_autonomy_s__rosidl_typesupport_c.cpython-38-aarch64-linux-gnu.so
-- Up-to-date: /home/joshhlee/me326_ws/src/collaborative_robotics_course/install/locobot_autonomy/lib/liblocobot_autonomy__python.so
-- Up-to-date: /home/joshhlee/me326_ws/src/collaborative_robotics_course/install/locobot_autonomy/share/locobot_autonomy/action/MoveBase.idl
-- Up-to-date: /home/joshhlee/me326_ws/src/collaborative_robotics_course/install/locobot_autonomy/share/locobot_autonomy/action/MoveBase.action
-- Up-to-date: /home/joshhlee/me326_ws/src/collaborative_robotics_course/install/locobot_autonomy/share/locobot_autonomy/model
-- Up-to-date: /home/joshhlee/me326_ws/src/collaborative_robotics_course/install/locobot_autonomy/share/locobot_autonomy/model/yellow_cube.urdf
-- Up-to-date: /home/joshhlee/me326_ws/src/collaborative_robotics_course/install/locobot_autonomy/share/locobot_autonomy/model/green_cube.urdf
-- Up-to-date: /home/joshhlee/me326_ws/src/collaborative_robotics_course/install/locobot_autonomy/share/locobot_autonomy/model/red_cube.urdf
-- Up-to-date: /home/joshhlee/me326_ws/src/collaborative_robotics_course/install/locobot_autonomy/share/locobot_autonomy/model/blue_cube.urdf
-- Up-to-date: /home/joshhlee/me326_ws/src/collaborative_robotics_course/install/locobot_autonomy/share/ament_index/resource_index/package_run_dependencies/locobot_autonomy
-- Up-to-date: /home/joshhlee/me326_ws/src/collaborative_robotics_course/install/locobot_autonomy/share/ament_index/resource_index/parent_prefix_path/locobot_autonomy
-- Up-to-date: /home/joshhlee/me326_ws/src/collaborative_robotics_course/install/locobot_autonomy/share/locobot_autonomy/environment/ament_prefix_path.sh
-- Up-to-date: /home/joshhlee/me326_ws/src/collaborative_robotics_course/install/locobot_autonomy/share/locobot_autonomy/environment/ament_prefix_path.dsv
-- Up-to-date: /home/joshhlee/me326_ws/src/collaborative_robotics_course/install/locobot_autonomy/share/locobot_autonomy/environment/path.sh
-- Up-to-date: /home/joshhlee/me326_ws/src/collaborative_robotics_course/install/locobot_autonomy/share/locobot_autonomy/environment/path.dsv
-- Up-to-date: /home/joshhlee/me326_ws/src/collaborative_robotics_course/install/locobot_autonomy/share/locobot_autonomy/local_setup.bash
-- Up-to-date: /home/joshhlee/me326_ws/src/collaborative_robotics_course/install/locobot_autonomy/share/locobot_autonomy/local_setup.sh
-- Up-to-date: /home/joshhlee/me326_ws/src/collaborative_robotics_course/install/locobot_autonomy/share/locobot_autonomy/local_setup.zsh
-- Up-to-date: /home/joshhlee/me326_ws/src/collaborative_robotics_course/install/locobot_autonomy/share/locobot_autonomy/local_setup.dsv
-- Installing: /home/joshhlee/me326_ws/src/collaborative_robotics_course/install/locobot_autonomy/share/locobot_autonomy/package.dsv
-- Up-to-date: /home/joshhlee/me326_ws/src/collaborative_robotics_course/install/locobot_autonomy/share/ament_index/resource_index/packages/locobot_autonomy
-- Up-to-date: /home/joshhlee/me326_ws/src/collaborative_robotics_course/install/locobot_autonomy/share/locobot_autonomy/cmake/locobot_autonomy__rosidl_generator_cExport.cmake
-- Up-to-date: /home/joshhlee/me326_ws/src/collaborative_robotics_course/install/locobot_autonomy/share/locobot_autonomy/cmake/locobot_autonomy__rosidl_generator_cExport-noconfig.cmake
-- Up-to-date: /home/joshhlee/me326_ws/src/collaborative_robotics_course/install/locobot_autonomy/share/locobot_autonomy/cmake/locobot_autonomy__rosidl_typesupport_introspection_cExport.cmake
-- Up-to-date: /home/joshhlee/me326_ws/src/collaborative_robotics_course/install/locobot_autonomy/share/locobot_autonomy/cmake/locobot_autonomy__rosidl_typesupport_introspection_cExport-noconfig.cmake
-- Up-to-date: /home/joshhlee/me326_ws/src/collaborative_robotics_course/install/locobot_autonomy/share/locobot_autonomy/cmake/locobot_autonomy__rosidl_typesupport_cExport.cmake
-- Up-to-date: /home/joshhlee/me326_ws/src/collaborative_robotics_course/install/locobot_autonomy/share/locobot_autonomy/cmake/locobot_autonomy__rosidl_typesupport_cExport-noconfig.cmake
-- Up-to-date: /home/joshhlee/me326_ws/src/collaborative_robotics_course/install/locobot_autonomy/share/locobot_autonomy/cmake/locobot_autonomy__rosidl_generator_cppExport.cmake
-- Up-to-date: /home/joshhlee/me326_ws/src/collaborative_robotics_course/install/locobot_autonomy/share/locobot_autonomy/cmake/locobot_autonomy__rosidl_typesupport_introspection_cppExport.cmake
-- Up-to-date: /home/joshhlee/me326_ws/src/collaborative_robotics_course/install/locobot_autonomy/share/locobot_autonomy/cmake/locobot_autonomy__rosidl_typesupport_introspection_cppExport-noconfig.cmake
-- Up-to-date: /home/joshhlee/me326_ws/src/collaborative_robotics_course/install/locobot_autonomy/share/locobot_autonomy/cmake/locobot_autonomy__rosidl_typesupport_cppExport.cmake
-- Up-to-date: /home/joshhlee/me326_ws/src/collaborative_robotics_course/install/locobot_autonomy/share/locobot_autonomy/cmake/locobot_autonomy__rosidl_typesupport_cppExport-noconfig.cmake
-- Up-to-date: /home/joshhlee/me326_ws/src/collaborative_robotics_course/install/locobot_autonomy/share/locobot_autonomy/cmake/rosidl_cmake-extras.cmake
-- Up-to-date: /home/joshhlee/me326_ws/src/collaborative_robotics_course/install/locobot_autonomy/share/locobot_autonomy/cmake/ament_cmake_export_dependencies-extras.cmake
-- Up-to-date: /home/joshhlee/me326_ws/src/collaborative_robotics_course/install/locobot_autonomy/share/locobot_autonomy/cmake/ament_cmake_export_libraries-extras.cmake
-- Up-to-date: /home/joshhlee/me326_ws/src/collaborative_robotics_course/install/locobot_autonomy/share/locobot_autonomy/cmake/ament_cmake_export_targets-extras.cmake
-- Up-to-date: /home/joshhlee/me326_ws/src/collaborative_robotics_course/install/locobot_autonomy/share/locobot_autonomy/cmake/ament_cmake_export_include_directories-extras.cmake
-- Up-to-date: /home/joshhlee/me326_ws/src/collaborative_robotics_course/install/locobot_autonomy/share/locobot_autonomy/cmake/rosidl_cmake_export_typesupport_libraries-extras.cmake
-- Up-to-date: /home/joshhlee/me326_ws/src/collaborative_robotics_course/install/locobot_autonomy/share/locobot_autonomy/cmake/rosidl_cmake_export_typesupport_targets-extras.cmake
-- Up-to-date: /home/joshhlee/me326_ws/src/collaborative_robotics_course/install/locobot_autonomy/share/locobot_autonomy/cmake/locobot_autonomyConfig.cmake
-- Up-to-date: /home/joshhlee/me326_ws/src/collaborative_robotics_course/install/locobot_autonomy/share/locobot_autonomy/cmake/locobot_autonomyConfig-version.cmake
-- Up-to-date: /home/joshhlee/me326_ws/src/collaborative_robotics_course/install/locobot_autonomy/share/locobot_autonomy/package.xml
