[0.328s] Invoking command in '/home/joshhlee/me326_ws/src/collaborative_robotics_course/build/locobot_autonomy': AMENT_PREFIX_PATH=/home/joshhlee/me326_ws/src/collaborative_robotics_course/install/la_msgs:${AMENT_PREFIX_PATH} CMAKE_PREFIX_PATH=/home/joshhlee/me326_ws/src/collaborative_robotics_course/install/la_msgs:/home/joshhlee/me326_ws/install/me326_project:/home/joshhlee/me326_ws/install/me326_locobot_example:/home/joshhlee/MK3_ws/src/install/locobot_autonomy:/home/joshhlee/MK3_ws/src/install/la_msgs:/home/joshhlee/interbotix_ws/install/interbotix_moveit_interface:/home/joshhlee/interbotix_ws/install/moveit_visual_tools:/home/joshhlee/interbotix_ws/install/interbotix_xslocobot_ros_control:/home/joshhlee/interbotix_ws/install/interbotix_xslocobot_sim:/home/joshhlee/interbotix_ws/install/interbotix_xslocobot_nav:/home/joshhlee/interbotix_ws/install/interbotix_xslocobot_control:/home/joshhlee/interbotix_ws/install/interbotix_xslocobot_descriptions:/home/joshhlee/interbotix_ws/install/interbotix_xs_toolbox:/home/joshhlee/interbotix_ws/install/interbotix_xs_rviz:/home/joshhlee/interbotix_ws/install/interbotix_xs_ros_control:/home/joshhlee/interbotix_ws/install/interbotix_perception_toolbox:/home/joshhlee/interbotix_ws/install/interbotix_perception_pipelines:/home/joshhlee/interbotix_ws/install/interbotix_xs_msgs:/home/joshhlee/interbotix_ws/install/interbotix_tf_tools:/home/joshhlee/interbotix_ws/install/interbotix_perception_msgs:/home/joshhlee/interbotix_ws/install/interbotix_moveit_interface_msgs:/home/joshhlee/interbotix_ws/install/interbotix_common_toolbox:/home/joshhlee/interbotix_ws/install/interbotix_common_sim:/home/joshhlee/interbotix_ws/install/interbotix_xs_modules:/home/joshhlee/interbotix_ws/install/interbotix_perception_modules:/home/joshhlee/interbotix_ws/install/interbotix_common_modules:/opt/ros/galactic LD_LIBRARY_PATH=/home/joshhlee/me326_ws/src/collaborative_robotics_course/install/la_msgs/lib:/home/joshhlee/me326_ws/install/me326_project/lib:/home/joshhlee/MK3_ws/src/install/locobot_autonomy/lib:/home/joshhlee/MK3_ws/src/install/la_msgs/lib:/home/joshhlee/interbotix_ws/install/moveit_visual_tools/lib:/home/joshhlee/interbotix_ws/install/interbotix_xs_rviz/lib:/home/joshhlee/interbotix_ws/install/interbotix_xs_ros_control/lib:/home/joshhlee/interbotix_ws/install/interbotix_xs_msgs/lib:/home/joshhlee/interbotix_ws/install/interbotix_tf_tools/lib:/home/joshhlee/interbotix_ws/install/interbotix_perception_msgs/lib:/home/joshhlee/interbotix_ws/install/interbotix_moveit_interface_msgs/lib:/usr/lib/aarch64-linux-gnu/gazebo-11/plugins:/opt/ros/galactic/opt/yaml_cpp_vendor/lib:/opt/ros/galactic/opt/rviz_ogre_vendor/lib:/opt/ros/galactic/lib/aarch64-linux-gnu:/opt/ros/galactic/lib:/usr/share/gazebo/../../lib/aarch64-linux-gnu/gazebo-11/plugins PYTHONPATH=/home/joshhlee/me326_ws/src/collaborative_robotics_course/install/la_msgs/lib/python3.8/site-packages:${PYTHONPATH} /usr/bin/cmake --build /home/joshhlee/me326_ws/src/collaborative_robotics_course/build/locobot_autonomy -- -j4 -l4
[0.382s] [  9%] Built target locobot_autonomy__rosidl_generator_c
[0.387s] [ 12%] Built target locobot_autonomy__cpp
[0.407s] [ 12%] Built target ament_cmake_python_copy_locobot_autonomy
[0.412s] [ 18%] Built target visual_block_perception_srv
[0.442s] [ 27%] Built target locobot_autonomy__rosidl_typesupport_fastrtps_cpp
[0.445s] [ 36%] Built target locobot_autonomy__rosidl_typesupport_cpp
[0.447s] [ 45%] Built target locobot_autonomy__rosidl_typesupport_introspection_cpp
[0.456s] [ 54%] Built target locobot_autonomy__rosidl_typesupport_c
[0.489s] [ 63%] Built target locobot_autonomy__rosidl_typesupport_introspection_c
[0.497s] [ 72%] Built target locobot_autonomy__rosidl_typesupport_fastrtps_c
[0.515s] [ 72%] Built target locobot_autonomy
[0.536s] [ 75%] Built target locobot_autonomy__py
[0.557s] [ 81%] Built target locobot_autonomy__python
[0.600s] [ 87%] Built target locobot_autonomy__rosidl_typesupport_introspection_c__pyext
[0.605s] [ 93%] Built target locobot_autonomy__rosidl_typesupport_c__pyext
[0.611s] [100%] Built target locobot_autonomy__rosidl_typesupport_fastrtps_c__pyext
[0.613s] running egg_info
[0.613s] writing locobot_autonomy.egg-info/PKG-INFO
[0.614s] writing dependency_links to locobot_autonomy.egg-info/dependency_links.txt
[0.614s] writing top-level names to locobot_autonomy.egg-info/top_level.txt
[0.634s] reading manifest file 'locobot_autonomy.egg-info/SOURCES.txt'
[0.634s] writing manifest file 'locobot_autonomy.egg-info/SOURCES.txt'
[0.649s] [100%] Built target ament_cmake_python_build_locobot_autonomy_egg
[0.656s] Invoked command in '/home/joshhlee/me326_ws/src/collaborative_robotics_course/build/locobot_autonomy' returned '0': AMENT_PREFIX_PATH=/home/joshhlee/me326_ws/src/collaborative_robotics_course/install/la_msgs:${AMENT_PREFIX_PATH} CMAKE_PREFIX_PATH=/home/joshhlee/me326_ws/src/collaborative_robotics_course/install/la_msgs:/home/joshhlee/me326_ws/install/me326_project:/home/joshhlee/me326_ws/install/me326_locobot_example:/home/joshhlee/MK3_ws/src/install/locobot_autonomy:/home/joshhlee/MK3_ws/src/install/la_msgs:/home/joshhlee/interbotix_ws/install/interbotix_moveit_interface:/home/joshhlee/interbotix_ws/install/moveit_visual_tools:/home/joshhlee/interbotix_ws/install/interbotix_xslocobot_ros_control:/home/joshhlee/interbotix_ws/install/interbotix_xslocobot_sim:/home/joshhlee/interbotix_ws/install/interbotix_xslocobot_nav:/home/joshhlee/interbotix_ws/install/interbotix_xslocobot_control:/home/joshhlee/interbotix_ws/install/interbotix_xslocobot_descriptions:/home/joshhlee/interbotix_ws/install/interbotix_xs_toolbox:/home/joshhlee/interbotix_ws/install/interbotix_xs_rviz:/home/joshhlee/interbotix_ws/install/interbotix_xs_ros_control:/home/joshhlee/interbotix_ws/install/interbotix_perception_toolbox:/home/joshhlee/interbotix_ws/install/interbotix_perception_pipelines:/home/joshhlee/interbotix_ws/install/interbotix_xs_msgs:/home/joshhlee/interbotix_ws/install/interbotix_tf_tools:/home/joshhlee/interbotix_ws/install/interbotix_perception_msgs:/home/joshhlee/interbotix_ws/install/interbotix_moveit_interface_msgs:/home/joshhlee/interbotix_ws/install/interbotix_common_toolbox:/home/joshhlee/interbotix_ws/install/interbotix_common_sim:/home/joshhlee/interbotix_ws/install/interbotix_xs_modules:/home/joshhlee/interbotix_ws/install/interbotix_perception_modules:/home/joshhlee/interbotix_ws/install/interbotix_common_modules:/opt/ros/galactic LD_LIBRARY_PATH=/home/joshhlee/me326_ws/src/collaborative_robotics_course/install/la_msgs/lib:/home/joshhlee/me326_ws/install/me326_project/lib:/home/joshhlee/MK3_ws/src/install/locobot_autonomy/lib:/home/joshhlee/MK3_ws/src/install/la_msgs/lib:/home/joshhlee/interbotix_ws/install/moveit_visual_tools/lib:/home/joshhlee/interbotix_ws/install/interbotix_xs_rviz/lib:/home/joshhlee/interbotix_ws/install/interbotix_xs_ros_control/lib:/home/joshhlee/interbotix_ws/install/interbotix_xs_msgs/lib:/home/joshhlee/interbotix_ws/install/interbotix_tf_tools/lib:/home/joshhlee/interbotix_ws/install/interbotix_perception_msgs/lib:/home/joshhlee/interbotix_ws/install/interbotix_moveit_interface_msgs/lib:/usr/lib/aarch64-linux-gnu/gazebo-11/plugins:/opt/ros/galactic/opt/yaml_cpp_vendor/lib:/opt/ros/galactic/opt/rviz_ogre_vendor/lib:/opt/ros/galactic/lib/aarch64-linux-gnu:/opt/ros/galactic/lib:/usr/share/gazebo/../../lib/aarch64-linux-gnu/gazebo-11/plugins PYTHONPATH=/home/joshhlee/me326_ws/src/collaborative_robotics_course/install/la_msgs/lib/python3.8/site-packages:${PYTHONPATH} /usr/bin/cmake --build /home/joshhlee/me326_ws/src/collaborative_robotics_course/build/locobot_autonomy -- -j4 -l4
[0.696s] Invoking command in '/home/joshhlee/me326_ws/src/collaborative_robotics_course/build/locobot_autonomy': AMENT_PREFIX_PATH=/home/joshhlee/me326_ws/src/collaborative_robotics_course/install/la_msgs:${AMENT_PREFIX_PATH} CMAKE_PREFIX_PATH=/home/joshhlee/me326_ws/src/collaborative_robotics_course/install/la_msgs:/home/joshhlee/me326_ws/install/me326_project:/home/joshhlee/me326_ws/install/me326_locobot_example:/home/joshhlee/MK3_ws/src/install/locobot_autonomy:/home/joshhlee/MK3_ws/src/install/la_msgs:/home/joshhlee/interbotix_ws/install/interbotix_moveit_interface:/home/joshhlee/interbotix_ws/install/moveit_visual_tools:/home/joshhlee/interbotix_ws/install/interbotix_xslocobot_ros_control:/home/joshhlee/interbotix_ws/install/interbotix_xslocobot_sim:/home/joshhlee/interbotix_ws/install/interbotix_xslocobot_nav:/home/joshhlee/interbotix_ws/install/interbotix_xslocobot_control:/home/joshhlee/interbotix_ws/install/interbotix_xslocobot_descriptions:/home/joshhlee/interbotix_ws/install/interbotix_xs_toolbox:/home/joshhlee/interbotix_ws/install/interbotix_xs_rviz:/home/joshhlee/interbotix_ws/install/interbotix_xs_ros_control:/home/joshhlee/interbotix_ws/install/interbotix_perception_toolbox:/home/joshhlee/interbotix_ws/install/interbotix_perception_pipelines:/home/joshhlee/interbotix_ws/install/interbotix_xs_msgs:/home/joshhlee/interbotix_ws/install/interbotix_tf_tools:/home/joshhlee/interbotix_ws/install/interbotix_perception_msgs:/home/joshhlee/interbotix_ws/install/interbotix_moveit_interface_msgs:/home/joshhlee/interbotix_ws/install/interbotix_common_toolbox:/home/joshhlee/interbotix_ws/install/interbotix_common_sim:/home/joshhlee/interbotix_ws/install/interbotix_xs_modules:/home/joshhlee/interbotix_ws/install/interbotix_perception_modules:/home/joshhlee/interbotix_ws/install/interbotix_common_modules:/opt/ros/galactic LD_LIBRARY_PATH=/home/joshhlee/me326_ws/src/collaborative_robotics_course/install/la_msgs/lib:/home/joshhlee/me326_ws/install/me326_project/lib:/home/joshhlee/MK3_ws/src/install/locobot_autonomy/lib:/home/joshhlee/MK3_ws/src/install/la_msgs/lib:/home/joshhlee/interbotix_ws/install/moveit_visual_tools/lib:/home/joshhlee/interbotix_ws/install/interbotix_xs_rviz/lib:/home/joshhlee/interbotix_ws/install/interbotix_xs_ros_control/lib:/home/joshhlee/interbotix_ws/install/interbotix_xs_msgs/lib:/home/joshhlee/interbotix_ws/install/interbotix_tf_tools/lib:/home/joshhlee/interbotix_ws/install/interbotix_perception_msgs/lib:/home/joshhlee/interbotix_ws/install/interbotix_moveit_interface_msgs/lib:/usr/lib/aarch64-linux-gnu/gazebo-11/plugins:/opt/ros/galactic/opt/yaml_cpp_vendor/lib:/opt/ros/galactic/opt/rviz_ogre_vendor/lib:/opt/ros/galactic/lib/aarch64-linux-gnu:/opt/ros/galactic/lib:/usr/share/gazebo/../../lib/aarch64-linux-gnu/gazebo-11/plugins PYTHONPATH=/home/joshhlee/me326_ws/src/collaborative_robotics_course/install/la_msgs/lib/python3.8/site-packages:${PYTHONPATH} /usr/bin/cmake --install /home/joshhlee/me326_ws/src/collaborative_robotics_course/build/locobot_autonomy
[0.702s] -- Install configuration: ""
[0.702s] -- Up-to-date: /home/joshhlee/me326_ws/src/collaborative_robotics_course/install/locobot_autonomy/lib/locobot_autonomy/visual_block_perception_srv
[0.703s] -- Up-to-date: /home/joshhlee/me326_ws/src/collaborative_robotics_course/install/locobot_autonomy/share/locobot_autonomy/environment/pythonpath.sh
[0.703s] -- Up-to-date: /home/joshhlee/me326_ws/src/collaborative_robotics_course/install/locobot_autonomy/share/locobot_autonomy/environment/pythonpath.dsv
[0.703s] -- Up-to-date: /home/joshhlee/me326_ws/src/collaborative_robotics_course/install/locobot_autonomy/lib/python3.8/site-packages//locobot_autonomy.egg-info
[0.703s] -- Installing: /home/joshhlee/me326_ws/src/collaborative_robotics_course/install/locobot_autonomy/lib/python3.8/site-packages//locobot_autonomy.egg-info/dependency_links.txt
[0.703s] -- Installing: /home/joshhlee/me326_ws/src/collaborative_robotics_course/install/locobot_autonomy/lib/python3.8/site-packages//locobot_autonomy.egg-info/PKG-INFO
[0.703s] -- Installing: /home/joshhlee/me326_ws/src/collaborative_robotics_course/install/locobot_autonomy/lib/python3.8/site-packages//locobot_autonomy.egg-info/top_level.txt
[0.703s] -- Installing: /home/joshhlee/me326_ws/src/collaborative_robotics_course/install/locobot_autonomy/lib/python3.8/site-packages//locobot_autonomy.egg-info/SOURCES.txt
[0.703s] -- Up-to-date: /home/joshhlee/me326_ws/src/collaborative_robotics_course/install/locobot_autonomy/lib/python3.8/site-packages/locobot_autonomy
[0.703s] -- Installing: /home/joshhlee/me326_ws/src/collaborative_robotics_course/install/locobot_autonomy/lib/python3.8/site-packages/locobot_autonomy/__init__.py
[0.703s] -- Up-to-date: /home/joshhlee/me326_ws/src/collaborative_robotics_course/install/locobot_autonomy/lib/python3.8/site-packages/locobot_autonomy/move_locobot_base_action_server.py
[0.703s] -- Up-to-date: /home/joshhlee/me326_ws/src/collaborative_robotics_course/install/locobot_autonomy/lib/python3.8/site-packages/locobot_autonomy/move_A_to_B_py.py
[0.727s] Listing '/home/joshhlee/me326_ws/src/collaborative_robotics_course/install/locobot_autonomy/lib/python3.8/site-packages/locobot_autonomy'...
[0.727s] Compiling '/home/joshhlee/me326_ws/src/collaborative_robotics_course/install/locobot_autonomy/lib/python3.8/site-packages/locobot_autonomy/__init__.py'...
[0.727s] Listing '/home/joshhlee/me326_ws/src/collaborative_robotics_course/install/locobot_autonomy/lib/python3.8/site-packages/locobot_autonomy/action'...
[0.727s] Compiling '/home/joshhlee/me326_ws/src/collaborative_robotics_course/install/locobot_autonomy/lib/python3.8/site-packages/locobot_autonomy/action/__init__.py'...
[0.727s] Compiling '/home/joshhlee/me326_ws/src/collaborative_robotics_course/install/locobot_autonomy/lib/python3.8/site-packages/locobot_autonomy/action/_move_base.py'...
[0.729s] -- Up-to-date: /home/joshhlee/me326_ws/src/collaborative_robotics_course/install/locobot_autonomy/lib/locobot_autonomy/move_A_to_B_py.py
[0.729s] -- Up-to-date: /home/joshhlee/me326_ws/src/collaborative_robotics_course/install/locobot_autonomy/lib/locobot_autonomy/move_locobot_base_action_server.py
[0.729s] -- Up-to-date: /home/joshhlee/me326_ws/src/collaborative_robotics_course/install/locobot_autonomy/share/locobot_autonomy//launch
[0.729s] -- Up-to-date: /home/joshhlee/me326_ws/src/collaborative_robotics_course/install/locobot_autonomy/share/locobot_autonomy//launch/simple_move_a_to_b_launch.py
[0.730s] -- Up-to-date: /home/joshhlee/me326_ws/src/collaborative_robotics_course/install/locobot_autonomy/share/locobot_autonomy//launch/spawn_cube_launch.py
[0.730s] -- Up-to-date: /home/joshhlee/me326_ws/src/collaborative_robotics_course/install/locobot_autonomy/share/locobot_autonomy//launch/__pycache__
[0.731s] -- Up-to-date: /home/joshhlee/me326_ws/src/collaborative_robotics_course/install/locobot_autonomy/share/locobot_autonomy//launch/__pycache__/simple_move_a_to_b_launch.cpython-38.pyc
[0.731s] -- Up-to-date: /home/joshhlee/me326_ws/src/collaborative_robotics_course/install/locobot_autonomy/share/locobot_autonomy//launch/__pycache__/spawn_cube_launch.cpython-38.pyc
[0.731s] -- Up-to-date: /home/joshhlee/me326_ws/src/collaborative_robotics_course/install/locobot_autonomy/share/ament_index/resource_index/rosidl_interfaces/locobot_autonomy
[0.731s] -- Up-to-date: /home/joshhlee/me326_ws/src/collaborative_robotics_course/install/locobot_autonomy/include/locobot_autonomy
[0.731s] -- Up-to-date: /home/joshhlee/me326_ws/src/collaborative_robotics_course/install/locobot_autonomy/include/locobot_autonomy/msg
[0.732s] -- Up-to-date: /home/joshhlee/me326_ws/src/collaborative_robotics_course/install/locobot_autonomy/include/locobot_autonomy/msg/rosidl_generator_c__visibility_control.h
[0.732s] -- Up-to-date: /home/joshhlee/me326_ws/src/collaborative_robotics_course/install/locobot_autonomy/include/locobot_autonomy/action
[0.732s] -- Up-to-date: /home/joshhlee/me326_ws/src/collaborative_robotics_course/install/locobot_autonomy/include/locobot_autonomy/action/detail
[0.732s] -- Up-to-date: /home/joshhlee/me326_ws/src/collaborative_robotics_course/install/locobot_autonomy/include/locobot_autonomy/action/detail/move_base__struct.h
[0.732s] -- Up-to-date: /home/joshhlee/me326_ws/src/collaborative_robotics_course/install/locobot_autonomy/include/locobot_autonomy/action/detail/move_base__functions.c
[0.732s] -- Up-to-date: /home/joshhlee/me326_ws/src/collaborative_robotics_course/install/locobot_autonomy/include/locobot_autonomy/action/detail/move_base__type_support.h
[0.732s] -- Up-to-date: /home/joshhlee/me326_ws/src/collaborative_robotics_course/install/locobot_autonomy/include/locobot_autonomy/action/detail/move_base__functions.h
[0.732s] -- Up-to-date: /home/joshhlee/me326_ws/src/collaborative_robotics_course/install/locobot_autonomy/include/locobot_autonomy/action/move_base.h
[0.732s] -- Up-to-date: /home/joshhlee/me326_ws/src/collaborative_robotics_course/install/locobot_autonomy/share/locobot_autonomy/environment/library_path.sh
[0.732s] -- Up-to-date: /home/joshhlee/me326_ws/src/collaborative_robotics_course/install/locobot_autonomy/share/locobot_autonomy/environment/library_path.dsv
[0.732s] -- Up-to-date: /home/joshhlee/me326_ws/src/collaborative_robotics_course/install/locobot_autonomy/lib/liblocobot_autonomy__rosidl_generator_c.so
[0.732s] -- Up-to-date: /home/joshhlee/me326_ws/src/collaborative_robotics_course/install/locobot_autonomy/include/locobot_autonomy
[0.732s] -- Up-to-date: /home/joshhlee/me326_ws/src/collaborative_robotics_course/install/locobot_autonomy/include/locobot_autonomy/msg
[0.732s] -- Up-to-date: /home/joshhlee/me326_ws/src/collaborative_robotics_course/install/locobot_autonomy/include/locobot_autonomy/msg/rosidl_typesupport_fastrtps_c__visibility_control.h
[0.732s] -- Up-to-date: /home/joshhlee/me326_ws/src/collaborative_robotics_course/install/locobot_autonomy/include/locobot_autonomy/action
[0.732s] -- Up-to-date: /home/joshhlee/me326_ws/src/collaborative_robotics_course/install/locobot_autonomy/include/locobot_autonomy/action/detail
[0.733s] -- Up-to-date: /home/joshhlee/me326_ws/src/collaborative_robotics_course/install/locobot_autonomy/include/locobot_autonomy/action/detail/move_base__rosidl_typesupport_fastrtps_c.h
[0.733s] -- Up-to-date: /home/joshhlee/me326_ws/src/collaborative_robotics_course/install/locobot_autonomy/lib/liblocobot_autonomy__rosidl_typesupport_fastrtps_c.so
[0.733s] -- Up-to-date: /home/joshhlee/me326_ws/src/collaborative_robotics_course/install/locobot_autonomy/include/locobot_autonomy
[0.733s] -- Up-to-date: /home/joshhlee/me326_ws/src/collaborative_robotics_course/install/locobot_autonomy/include/locobot_autonomy/msg
[0.733s] -- Up-to-date: /home/joshhlee/me326_ws/src/collaborative_robotics_course/install/locobot_autonomy/include/locobot_autonomy/msg/rosidl_typesupport_fastrtps_cpp__visibility_control.h
[0.733s] -- Up-to-date: /home/joshhlee/me326_ws/src/collaborative_robotics_course/install/locobot_autonomy/include/locobot_autonomy/action
[0.733s] -- Up-to-date: /home/joshhlee/me326_ws/src/collaborative_robotics_course/install/locobot_autonomy/include/locobot_autonomy/action/detail
[0.733s] -- Up-to-date: /home/joshhlee/me326_ws/src/collaborative_robotics_course/install/locobot_autonomy/include/locobot_autonomy/action/detail/dds_fastrtps
[0.733s] -- Up-to-date: /home/joshhlee/me326_ws/src/collaborative_robotics_course/install/locobot_autonomy/include/locobot_autonomy/action/detail/move_base__rosidl_typesupport_fastrtps_cpp.hpp
[0.733s] -- Up-to-date: /home/joshhlee/me326_ws/src/collaborative_robotics_course/install/locobot_autonomy/lib/liblocobot_autonomy__rosidl_typesupport_fastrtps_cpp.so
[0.733s] -- Up-to-date: /home/joshhlee/me326_ws/src/collaborative_robotics_course/install/locobot_autonomy/include/locobot_autonomy
[0.733s] -- Up-to-date: /home/joshhlee/me326_ws/src/collaborative_robotics_course/install/locobot_autonomy/include/locobot_autonomy/msg
[0.733s] -- Up-to-date: /home/joshhlee/me326_ws/src/collaborative_robotics_course/install/locobot_autonomy/include/locobot_autonomy/msg/rosidl_typesupport_introspection_c__visibility_control.h
[0.733s] -- Up-to-date: /home/joshhlee/me326_ws/src/collaborative_robotics_course/install/locobot_autonomy/include/locobot_autonomy/action
[0.733s] -- Up-to-date: /home/joshhlee/me326_ws/src/collaborative_robotics_course/install/locobot_autonomy/include/locobot_autonomy/action/detail
[0.733s] -- Up-to-date: /home/joshhlee/me326_ws/src/collaborative_robotics_course/install/locobot_autonomy/include/locobot_autonomy/action/detail/move_base__rosidl_typesupport_introspection_c.h
[0.733s] -- Up-to-date: /home/joshhlee/me326_ws/src/collaborative_robotics_course/install/locobot_autonomy/include/locobot_autonomy/action/detail/move_base__type_support.c
[0.733s] -- Up-to-date: /home/joshhlee/me326_ws/src/collaborative_robotics_course/install/locobot_autonomy/lib/liblocobot_autonomy__rosidl_typesupport_introspection_c.so
[0.733s] -- Up-to-date: /home/joshhlee/me326_ws/src/collaborative_robotics_course/install/locobot_autonomy/lib/liblocobot_autonomy__rosidl_typesupport_c.so
[0.733s] -- Up-to-date: /home/joshhlee/me326_ws/src/collaborative_robotics_course/install/locobot_autonomy/include/locobot_autonomy
[0.734s] -- Up-to-date: /home/joshhlee/me326_ws/src/collaborative_robotics_course/install/locobot_autonomy/include/locobot_autonomy/action
[0.734s] -- Up-to-date: /home/joshhlee/me326_ws/src/collaborative_robotics_course/install/locobot_autonomy/include/locobot_autonomy/action/detail
[0.734s] -- Up-to-date: /home/joshhlee/me326_ws/src/collaborative_robotics_course/install/locobot_autonomy/include/locobot_autonomy/action/detail/move_base__struct.hpp
[0.734s] -- Up-to-date: /home/joshhlee/me326_ws/src/collaborative_robotics_course/install/locobot_autonomy/include/locobot_autonomy/action/detail/move_base__builder.hpp
[0.734s] -- Up-to-date: /home/joshhlee/me326_ws/src/collaborative_robotics_course/install/locobot_autonomy/include/locobot_autonomy/action/detail/move_base__traits.hpp
[0.734s] -- Up-to-date: /home/joshhlee/me326_ws/src/collaborative_robotics_course/install/locobot_autonomy/include/locobot_autonomy/action/move_base.hpp
[0.734s] -- Up-to-date: /home/joshhlee/me326_ws/src/collaborative_robotics_course/install/locobot_autonomy/include/locobot_autonomy
[0.734s] -- Up-to-date: /home/joshhlee/me326_ws/src/collaborative_robotics_course/install/locobot_autonomy/include/locobot_autonomy/action
[0.734s] -- Up-to-date: /home/joshhlee/me326_ws/src/collaborative_robotics_course/install/locobot_autonomy/include/locobot_autonomy/action/detail
[0.734s] -- Up-to-date: /home/joshhlee/me326_ws/src/collaborative_robotics_course/install/locobot_autonomy/include/locobot_autonomy/action/detail/move_base__type_support.cpp
[0.734s] -- Up-to-date: /home/joshhlee/me326_ws/src/collaborative_robotics_course/install/locobot_autonomy/include/locobot_autonomy/action/detail/move_base__rosidl_typesupport_introspection_cpp.hpp
[0.734s] -- Up-to-date: /home/joshhlee/me326_ws/src/collaborative_robotics_course/install/locobot_autonomy/lib/liblocobot_autonomy__rosidl_typesupport_introspection_cpp.so
[0.734s] -- Up-to-date: /home/joshhlee/me326_ws/src/collaborative_robotics_course/install/locobot_autonomy/lib/liblocobot_autonomy__rosidl_typesupport_cpp.so
[0.734s] -- Installing: /home/joshhlee/me326_ws/src/collaborative_robotics_course/install/locobot_autonomy/lib/python3.8/site-packages/locobot_autonomy/__init__.py
[0.755s] Compiling '/home/joshhlee/me326_ws/src/collaborative_robotics_course/install/locobot_autonomy/lib/python3.8/site-packages/locobot_autonomy/__init__.py'...
[0.758s] -- Up-to-date: /home/joshhlee/me326_ws/src/collaborative_robotics_course/install/locobot_autonomy/lib/python3.8/site-packages/locobot_autonomy/action
[0.758s] -- Up-to-date: /home/joshhlee/me326_ws/src/collaborative_robotics_course/install/locobot_autonomy/lib/python3.8/site-packages/locobot_autonomy/action/__init__.py
[0.758s] -- Up-to-date: /home/joshhlee/me326_ws/src/collaborative_robotics_course/install/locobot_autonomy/lib/python3.8/site-packages/locobot_autonomy/action/_move_base_s.c
[0.758s] -- Up-to-date: /home/joshhlee/me326_ws/src/collaborative_robotics_course/install/locobot_autonomy/lib/python3.8/site-packages/locobot_autonomy/action/_move_base.py
[0.758s] -- Up-to-date: /home/joshhlee/me326_ws/src/collaborative_robotics_course/install/locobot_autonomy/lib/python3.8/site-packages/locobot_autonomy/locobot_autonomy_s__rosidl_typesupport_fastrtps_c.cpython-38-aarch64-linux-gnu.so
[0.759s] -- Up-to-date: /home/joshhlee/me326_ws/src/collaborative_robotics_course/install/locobot_autonomy/lib/python3.8/site-packages/locobot_autonomy/locobot_autonomy_s__rosidl_typesupport_introspection_c.cpython-38-aarch64-linux-gnu.so
[0.759s] -- Up-to-date: /home/joshhlee/me326_ws/src/collaborative_robotics_course/install/locobot_autonomy/lib/python3.8/site-packages/locobot_autonomy/locobot_autonomy_s__rosidl_typesupport_c.cpython-38-aarch64-linux-gnu.so
[0.759s] -- Up-to-date: /home/joshhlee/me326_ws/src/collaborative_robotics_course/install/locobot_autonomy/lib/liblocobot_autonomy__python.so
[0.760s] -- Up-to-date: /home/joshhlee/me326_ws/src/collaborative_robotics_course/install/locobot_autonomy/share/locobot_autonomy/action/MoveBase.idl
[0.760s] -- Up-to-date: /home/joshhlee/me326_ws/src/collaborative_robotics_course/install/locobot_autonomy/share/locobot_autonomy/action/MoveBase.action
[0.760s] -- Up-to-date: /home/joshhlee/me326_ws/src/collaborative_robotics_course/install/locobot_autonomy/share/locobot_autonomy/model
[0.760s] -- Up-to-date: /home/joshhlee/me326_ws/src/collaborative_robotics_course/install/locobot_autonomy/share/locobot_autonomy/model/yellow_cube.urdf
[0.760s] -- Up-to-date: /home/joshhlee/me326_ws/src/collaborative_robotics_course/install/locobot_autonomy/share/locobot_autonomy/model/green_cube.urdf
[0.760s] -- Up-to-date: /home/joshhlee/me326_ws/src/collaborative_robotics_course/install/locobot_autonomy/share/locobot_autonomy/model/red_cube.urdf
[0.760s] -- Up-to-date: /home/joshhlee/me326_ws/src/collaborative_robotics_course/install/locobot_autonomy/share/locobot_autonomy/model/blue_cube.urdf
[0.760s] -- Up-to-date: /home/joshhlee/me326_ws/src/collaborative_robotics_course/install/locobot_autonomy/share/ament_index/resource_index/package_run_dependencies/locobot_autonomy
[0.760s] -- Up-to-date: /home/joshhlee/me326_ws/src/collaborative_robotics_course/install/locobot_autonomy/share/ament_index/resource_index/parent_prefix_path/locobot_autonomy
[0.760s] -- Up-to-date: /home/joshhlee/me326_ws/src/collaborative_robotics_course/install/locobot_autonomy/share/locobot_autonomy/environment/ament_prefix_path.sh
[0.760s] -- Up-to-date: /home/joshhlee/me326_ws/src/collaborative_robotics_course/install/locobot_autonomy/share/locobot_autonomy/environment/ament_prefix_path.dsv
[0.760s] -- Up-to-date: /home/joshhlee/me326_ws/src/collaborative_robotics_course/install/locobot_autonomy/share/locobot_autonomy/environment/path.sh
[0.760s] -- Up-to-date: /home/joshhlee/me326_ws/src/collaborative_robotics_course/install/locobot_autonomy/share/locobot_autonomy/environment/path.dsv
[0.760s] -- Up-to-date: /home/joshhlee/me326_ws/src/collaborative_robotics_course/install/locobot_autonomy/share/locobot_autonomy/local_setup.bash
[0.760s] -- Up-to-date: /home/joshhlee/me326_ws/src/collaborative_robotics_course/install/locobot_autonomy/share/locobot_autonomy/local_setup.sh
[0.760s] -- Up-to-date: /home/joshhlee/me326_ws/src/collaborative_robotics_course/install/locobot_autonomy/share/locobot_autonomy/local_setup.zsh
[0.760s] -- Up-to-date: /home/joshhlee/me326_ws/src/collaborative_robotics_course/install/locobot_autonomy/share/locobot_autonomy/local_setup.dsv
[0.760s] -- Installing: /home/joshhlee/me326_ws/src/collaborative_robotics_course/install/locobot_autonomy/share/locobot_autonomy/package.dsv
[0.760s] -- Up-to-date: /home/joshhlee/me326_ws/src/collaborative_robotics_course/install/locobot_autonomy/share/ament_index/resource_index/packages/locobot_autonomy
[0.760s] -- Up-to-date: /home/joshhlee/me326_ws/src/collaborative_robotics_course/install/locobot_autonomy/share/locobot_autonomy/cmake/locobot_autonomy__rosidl_generator_cExport.cmake
[0.760s] -- Up-to-date: /home/joshhlee/me326_ws/src/collaborative_robotics_course/install/locobot_autonomy/share/locobot_autonomy/cmake/locobot_autonomy__rosidl_generator_cExport-noconfig.cmake
[0.761s] -- Up-to-date: /home/joshhlee/me326_ws/src/collaborative_robotics_course/install/locobot_autonomy/share/locobot_autonomy/cmake/locobot_autonomy__rosidl_typesupport_introspection_cExport.cmake
[0.761s] -- Up-to-date: /home/joshhlee/me326_ws/src/collaborative_robotics_course/install/locobot_autonomy/share/locobot_autonomy/cmake/locobot_autonomy__rosidl_typesupport_introspection_cExport-noconfig.cmake
[0.761s] -- Up-to-date: /home/joshhlee/me326_ws/src/collaborative_robotics_course/install/locobot_autonomy/share/locobot_autonomy/cmake/locobot_autonomy__rosidl_typesupport_cExport.cmake
[0.761s] -- Up-to-date: /home/joshhlee/me326_ws/src/collaborative_robotics_course/install/locobot_autonomy/share/locobot_autonomy/cmake/locobot_autonomy__rosidl_typesupport_cExport-noconfig.cmake
[0.761s] -- Up-to-date: /home/joshhlee/me326_ws/src/collaborative_robotics_course/install/locobot_autonomy/share/locobot_autonomy/cmake/locobot_autonomy__rosidl_generator_cppExport.cmake
[0.761s] -- Up-to-date: /home/joshhlee/me326_ws/src/collaborative_robotics_course/install/locobot_autonomy/share/locobot_autonomy/cmake/locobot_autonomy__rosidl_typesupport_introspection_cppExport.cmake
[0.761s] -- Up-to-date: /home/joshhlee/me326_ws/src/collaborative_robotics_course/install/locobot_autonomy/share/locobot_autonomy/cmake/locobot_autonomy__rosidl_typesupport_introspection_cppExport-noconfig.cmake
[0.761s] -- Up-to-date: /home/joshhlee/me326_ws/src/collaborative_robotics_course/install/locobot_autonomy/share/locobot_autonomy/cmake/locobot_autonomy__rosidl_typesupport_cppExport.cmake
[0.761s] -- Up-to-date: /home/joshhlee/me326_ws/src/collaborative_robotics_course/install/locobot_autonomy/share/locobot_autonomy/cmake/locobot_autonomy__rosidl_typesupport_cppExport-noconfig.cmake
[0.761s] -- Up-to-date: /home/joshhlee/me326_ws/src/collaborative_robotics_course/install/locobot_autonomy/share/locobot_autonomy/cmake/rosidl_cmake-extras.cmake
[0.761s] -- Up-to-date: /home/joshhlee/me326_ws/src/collaborative_robotics_course/install/locobot_autonomy/share/locobot_autonomy/cmake/ament_cmake_export_dependencies-extras.cmake
[0.761s] -- Up-to-date: /home/joshhlee/me326_ws/src/collaborative_robotics_course/install/locobot_autonomy/share/locobot_autonomy/cmake/ament_cmake_export_libraries-extras.cmake
[0.762s] -- Up-to-date: /home/joshhlee/me326_ws/src/collaborative_robotics_course/install/locobot_autonomy/share/locobot_autonomy/cmake/ament_cmake_export_targets-extras.cmake
[0.762s] -- Up-to-date: /home/joshhlee/me326_ws/src/collaborative_robotics_course/install/locobot_autonomy/share/locobot_autonomy/cmake/ament_cmake_export_include_directories-extras.cmake
[0.762s] -- Up-to-date: /home/joshhlee/me326_ws/src/collaborative_robotics_course/install/locobot_autonomy/share/locobot_autonomy/cmake/rosidl_cmake_export_typesupport_libraries-extras.cmake
[0.762s] -- Up-to-date: /home/joshhlee/me326_ws/src/collaborative_robotics_course/install/locobot_autonomy/share/locobot_autonomy/cmake/rosidl_cmake_export_typesupport_targets-extras.cmake
[0.762s] -- Up-to-date: /home/joshhlee/me326_ws/src/collaborative_robotics_course/install/locobot_autonomy/share/locobot_autonomy/cmake/locobot_autonomyConfig.cmake
[0.762s] -- Up-to-date: /home/joshhlee/me326_ws/src/collaborative_robotics_course/install/locobot_autonomy/share/locobot_autonomy/cmake/locobot_autonomyConfig-version.cmake
[0.762s] -- Up-to-date: /home/joshhlee/me326_ws/src/collaborative_robotics_course/install/locobot_autonomy/share/locobot_autonomy/package.xml
[0.763s] Invoked command in '/home/joshhlee/me326_ws/src/collaborative_robotics_course/build/locobot_autonomy' returned '0': AMENT_PREFIX_PATH=/home/joshhlee/me326_ws/src/collaborative_robotics_course/install/la_msgs:${AMENT_PREFIX_PATH} CMAKE_PREFIX_PATH=/home/joshhlee/me326_ws/src/collaborative_robotics_course/install/la_msgs:/home/joshhlee/me326_ws/install/me326_project:/home/joshhlee/me326_ws/install/me326_locobot_example:/home/joshhlee/MK3_ws/src/install/locobot_autonomy:/home/joshhlee/MK3_ws/src/install/la_msgs:/home/joshhlee/interbotix_ws/install/interbotix_moveit_interface:/home/joshhlee/interbotix_ws/install/moveit_visual_tools:/home/joshhlee/interbotix_ws/install/interbotix_xslocobot_ros_control:/home/joshhlee/interbotix_ws/install/interbotix_xslocobot_sim:/home/joshhlee/interbotix_ws/install/interbotix_xslocobot_nav:/home/joshhlee/interbotix_ws/install/interbotix_xslocobot_control:/home/joshhlee/interbotix_ws/install/interbotix_xslocobot_descriptions:/home/joshhlee/interbotix_ws/install/interbotix_xs_toolbox:/home/joshhlee/interbotix_ws/install/interbotix_xs_rviz:/home/joshhlee/interbotix_ws/install/interbotix_xs_ros_control:/home/joshhlee/interbotix_ws/install/interbotix_perception_toolbox:/home/joshhlee/interbotix_ws/install/interbotix_perception_pipelines:/home/joshhlee/interbotix_ws/install/interbotix_xs_msgs:/home/joshhlee/interbotix_ws/install/interbotix_tf_tools:/home/joshhlee/interbotix_ws/install/interbotix_perception_msgs:/home/joshhlee/interbotix_ws/install/interbotix_moveit_interface_msgs:/home/joshhlee/interbotix_ws/install/interbotix_common_toolbox:/home/joshhlee/interbotix_ws/install/interbotix_common_sim:/home/joshhlee/interbotix_ws/install/interbotix_xs_modules:/home/joshhlee/interbotix_ws/install/interbotix_perception_modules:/home/joshhlee/interbotix_ws/install/interbotix_common_modules:/opt/ros/galactic LD_LIBRARY_PATH=/home/joshhlee/me326_ws/src/collaborative_robotics_course/install/la_msgs/lib:/home/joshhlee/me326_ws/install/me326_project/lib:/home/joshhlee/MK3_ws/src/install/locobot_autonomy/lib:/home/joshhlee/MK3_ws/src/install/la_msgs/lib:/home/joshhlee/interbotix_ws/install/moveit_visual_tools/lib:/home/joshhlee/interbotix_ws/install/interbotix_xs_rviz/lib:/home/joshhlee/interbotix_ws/install/interbotix_xs_ros_control/lib:/home/joshhlee/interbotix_ws/install/interbotix_xs_msgs/lib:/home/joshhlee/interbotix_ws/install/interbotix_tf_tools/lib:/home/joshhlee/interbotix_ws/install/interbotix_perception_msgs/lib:/home/joshhlee/interbotix_ws/install/interbotix_moveit_interface_msgs/lib:/usr/lib/aarch64-linux-gnu/gazebo-11/plugins:/opt/ros/galactic/opt/yaml_cpp_vendor/lib:/opt/ros/galactic/opt/rviz_ogre_vendor/lib:/opt/ros/galactic/lib/aarch64-linux-gnu:/opt/ros/galactic/lib:/usr/share/gazebo/../../lib/aarch64-linux-gnu/gazebo-11/plugins PYTHONPATH=/home/joshhlee/me326_ws/src/collaborative_robotics_course/install/la_msgs/lib/python3.8/site-packages:${PYTHONPATH} /usr/bin/cmake --install /home/joshhlee/me326_ws/src/collaborative_robotics_course/build/locobot_autonomy
