[4.610s] DEBUG:colcon:Command line arguments: ['/usr/bin/colcon', 'build']
[4.610s] DEBUG:colcon:Parsed command line arguments: Namespace(allow_overriding=[], ament_cmake_args=None, base_paths=['.'], build_base='build', catkin_cmake_args=None, catkin_skip_building_tests=False, cmake_args=None, cmake_clean_cache=False, cmake_clean_first=False, cmake_force_configure=False, cmake_target=None, cmake_target_skip_unavailable=False, continue_on_error=False, event_handlers=None, executor='parallel', ignore_user_meta=False, install_base='install', log_base=None, log_level=None, main=<bound method BuildVerb.main of <colcon_core.verb.build.BuildVerb object at 0xffffadf23310>>, merge_install=False, metas=['./colcon.meta'], packages_above=None, packages_above_and_dependencies=None, packages_above_depth=None, packages_end=None, packages_ignore=None, packages_ignore_regex=None, packages_select=None, packages_select_build_failed=False, packages_select_by_dep=None, packages_select_regex=None, packages_select_test_failures=False, packages_skip=None, packages_skip_build_finished=False, packages_skip_by_dep=None, packages_skip_regex=None, packages_skip_test_passed=False, packages_skip_up_to=None, packages_start=None, packages_up_to=None, packages_up_to_regex=None, parallel_workers=4, paths=None, symlink_install=False, test_result_base=None, verb_extension=<colcon_core.verb.build.BuildVerb object at 0xffffadf23310>, verb_name='build', verb_parser=<colcon_defaults.argument_parser.defaults.DefaultArgumentsDecorator object at 0xffffadf239a0>)
[4.775s] Level 1:colcon.colcon_core.package_discovery:discover_packages(colcon_meta) check parameters
[4.775s] Level 1:colcon.colcon_core.package_discovery:discover_packages(recursive) check parameters
[4.775s] Level 1:colcon.colcon_core.package_discovery:discover_packages(ignore) check parameters
[4.775s] Level 1:colcon.colcon_core.package_discovery:discover_packages(path) check parameters
[4.775s] Level 1:colcon.colcon_core.package_discovery:discover_packages(colcon_meta) discover
[4.775s] Level 1:colcon.colcon_core.package_discovery:discover_packages(recursive) discover
[4.775s] INFO:colcon.colcon_core.package_discovery:Crawling recursively for packages in '/home/joshhlee/me326_ws/src/collab_robotics'
[4.775s] Level 1:colcon.colcon_core.package_identification:_identify(.) by extensions ['ignore', 'ignore_ament_install']
[4.775s] Level 1:colcon.colcon_core.package_identification:_identify(.) by extension 'ignore'
[4.775s] Level 1:colcon.colcon_core.package_identification:_identify(.) by extension 'ignore_ament_install'
[4.775s] Level 1:colcon.colcon_core.package_identification:_identify(.) by extensions ['colcon_pkg']
[4.776s] Level 1:colcon.colcon_core.package_identification:_identify(.) by extension 'colcon_pkg'
[4.776s] Level 1:colcon.colcon_core.package_identification:_identify(.) by extensions ['colcon_meta']
[4.776s] Level 1:colcon.colcon_core.package_identification:_identify(.) by extension 'colcon_meta'
[4.776s] Level 1:colcon.colcon_core.package_identification:_identify(.) by extensions ['ros']
[4.776s] Level 1:colcon.colcon_core.package_identification:_identify(.) by extension 'ros'
[4.784s] Level 1:colcon.colcon_core.package_identification:_identify(.) by extensions ['cmake', 'python']
[4.784s] Level 1:colcon.colcon_core.package_identification:_identify(.) by extension 'cmake'
[4.784s] Level 1:colcon.colcon_core.package_identification:_identify(.) by extension 'python'
[4.784s] Level 1:colcon.colcon_core.package_identification:_identify(.) by extensions ['python_setup_py']
[4.784s] Level 1:colcon.colcon_core.package_identification:_identify(.) by extension 'python_setup_py'
[4.784s] Level 1:colcon.colcon_core.package_identification:_identify(build) by extensions ['ignore', 'ignore_ament_install']
[4.785s] Level 1:colcon.colcon_core.package_identification:_identify(build) by extension 'ignore'
[4.785s] Level 1:colcon.colcon_core.package_identification:_identify(build) ignored
[4.785s] Level 1:colcon.colcon_core.package_identification:_identify(install) by extensions ['ignore', 'ignore_ament_install']
[4.785s] Level 1:colcon.colcon_core.package_identification:_identify(install) by extension 'ignore'
[4.785s] Level 1:colcon.colcon_core.package_identification:_identify(install) ignored
[4.785s] Level 1:colcon.colcon_core.package_identification:_identify(la_msgs) by extensions ['ignore', 'ignore_ament_install']
[4.785s] Level 1:colcon.colcon_core.package_identification:_identify(la_msgs) by extension 'ignore'
[4.785s] Level 1:colcon.colcon_core.package_identification:_identify(la_msgs) by extension 'ignore_ament_install'
[4.785s] Level 1:colcon.colcon_core.package_identification:_identify(la_msgs) by extensions ['colcon_pkg']
[4.785s] Level 1:colcon.colcon_core.package_identification:_identify(la_msgs) by extension 'colcon_pkg'
[4.785s] Level 1:colcon.colcon_core.package_identification:_identify(la_msgs) by extensions ['colcon_meta']
[4.785s] Level 1:colcon.colcon_core.package_identification:_identify(la_msgs) by extension 'colcon_meta'
[4.785s] Level 1:colcon.colcon_core.package_identification:_identify(la_msgs) by extensions ['ros']
[4.785s] Level 1:colcon.colcon_core.package_identification:_identify(la_msgs) by extension 'ros'
[4.789s] DEBUG:colcon.colcon_core.package_identification:Package 'la_msgs' with type 'ros.ament_cmake' and name 'la_msgs'
[4.789s] Level 1:colcon.colcon_core.package_identification:_identify(locobot_interfaces) by extensions ['ignore', 'ignore_ament_install']
[4.789s] Level 1:colcon.colcon_core.package_identification:_identify(locobot_interfaces) by extension 'ignore'
[4.789s] Level 1:colcon.colcon_core.package_identification:_identify(locobot_interfaces) by extension 'ignore_ament_install'
[4.789s] Level 1:colcon.colcon_core.package_identification:_identify(locobot_interfaces) by extensions ['colcon_pkg']
[4.789s] Level 1:colcon.colcon_core.package_identification:_identify(locobot_interfaces) by extension 'colcon_pkg'
[4.789s] Level 1:colcon.colcon_core.package_identification:_identify(locobot_interfaces) by extensions ['colcon_meta']
[4.789s] Level 1:colcon.colcon_core.package_identification:_identify(locobot_interfaces) by extension 'colcon_meta'
[4.789s] Level 1:colcon.colcon_core.package_identification:_identify(locobot_interfaces) by extensions ['ros']
[4.789s] Level 1:colcon.colcon_core.package_identification:_identify(locobot_interfaces) by extension 'ros'
[4.790s] DEBUG:colcon.colcon_core.package_identification:Package 'locobot_interfaces' with type 'ros.ament_cmake' and name 'locobot_interfaces'
[4.790s] Level 1:colcon.colcon_core.package_identification:_identify(log) by extensions ['ignore', 'ignore_ament_install']
[4.790s] Level 1:colcon.colcon_core.package_identification:_identify(log) by extension 'ignore'
[4.790s] Level 1:colcon.colcon_core.package_identification:_identify(log) ignored
[4.790s] Level 1:colcon.colcon_core.package_identification:_identify(me326_project) by extensions ['ignore', 'ignore_ament_install']
[4.790s] Level 1:colcon.colcon_core.package_identification:_identify(me326_project) by extension 'ignore'
[4.790s] Level 1:colcon.colcon_core.package_identification:_identify(me326_project) by extension 'ignore_ament_install'
[4.791s] Level 1:colcon.colcon_core.package_identification:_identify(me326_project) by extensions ['colcon_pkg']
[4.791s] Level 1:colcon.colcon_core.package_identification:_identify(me326_project) by extension 'colcon_pkg'
[4.791s] Level 1:colcon.colcon_core.package_identification:_identify(me326_project) by extensions ['colcon_meta']
[4.791s] Level 1:colcon.colcon_core.package_identification:_identify(me326_project) by extension 'colcon_meta'
[4.791s] Level 1:colcon.colcon_core.package_identification:_identify(me326_project) by extensions ['ros']
[4.791s] Level 1:colcon.colcon_core.package_identification:_identify(me326_project) by extension 'ros'
[4.792s] DEBUG:colcon.colcon_core.package_identification:Package 'me326_project' with type 'ros.ament_cmake' and name 'me326_project'
[4.792s] Level 1:colcon.colcon_core.package_discovery:discover_packages(recursive) using defaults
[4.792s] Level 1:colcon.colcon_core.package_discovery:discover_packages(ignore) discover
[4.792s] Level 1:colcon.colcon_core.package_discovery:discover_packages(ignore) using defaults
[4.792s] Level 1:colcon.colcon_core.package_discovery:discover_packages(path) discover
[4.792s] Level 1:colcon.colcon_core.package_discovery:discover_packages(path) using defaults
[5.140s] Level 1:colcon.colcon_core.package_discovery:discover_packages(prefix_path) check parameters
[5.140s] Level 1:colcon.colcon_core.package_discovery:discover_packages(prefix_path) discover
[5.283s] DEBUG:colcon.colcon_installed_package_information.package_discovery:Found 10 installed packages in /home/joshhlee/me326_ws/install
[5.351s] DEBUG:colcon.colcon_installed_package_information.package_discovery:Found 22 installed packages in /home/joshhlee/interbotix_ws/install
[5.416s] DEBUG:colcon.colcon_installed_package_information.package_discovery:Found 335 installed packages in /opt/ros/galactic
[5.418s] Level 1:colcon.colcon_core.package_discovery:discover_packages(prefix_path) using defaults
[5.641s] Level 5:colcon.colcon_core.verb:set package 'la_msgs' build argument 'cmake_args' from command line to 'None'
[5.641s] Level 5:colcon.colcon_core.verb:set package 'la_msgs' build argument 'cmake_target' from command line to 'None'
[5.641s] Level 5:colcon.colcon_core.verb:set package 'la_msgs' build argument 'cmake_target_skip_unavailable' from command line to 'False'
[5.641s] Level 5:colcon.colcon_core.verb:set package 'la_msgs' build argument 'cmake_clean_cache' from command line to 'False'
[5.641s] Level 5:colcon.colcon_core.verb:set package 'la_msgs' build argument 'cmake_clean_first' from command line to 'False'
[5.641s] Level 5:colcon.colcon_core.verb:set package 'la_msgs' build argument 'cmake_force_configure' from command line to 'False'
[5.641s] Level 5:colcon.colcon_core.verb:set package 'la_msgs' build argument 'ament_cmake_args' from command line to 'None'
[5.641s] Level 5:colcon.colcon_core.verb:set package 'la_msgs' build argument 'catkin_cmake_args' from command line to 'None'
[5.641s] Level 5:colcon.colcon_core.verb:set package 'la_msgs' build argument 'catkin_skip_building_tests' from command line to 'False'
[5.641s] DEBUG:colcon.colcon_core.verb:Building package 'la_msgs' with the following arguments: {'ament_cmake_args': None, 'build_base': '/home/joshhlee/me326_ws/src/collab_robotics/build/la_msgs', 'catkin_cmake_args': None, 'catkin_skip_building_tests': False, 'cmake_args': None, 'cmake_clean_cache': False, 'cmake_clean_first': False, 'cmake_force_configure': False, 'cmake_target': None, 'cmake_target_skip_unavailable': False, 'install_base': '/home/joshhlee/me326_ws/src/collab_robotics/install/la_msgs', 'merge_install': False, 'path': '/home/joshhlee/me326_ws/src/collab_robotics/la_msgs', 'symlink_install': False, 'test_result_base': None}
[5.702s] Level 5:colcon.colcon_core.verb:set package 'locobot_interfaces' build argument 'cmake_args' from command line to 'None'
[5.702s] Level 5:colcon.colcon_core.verb:set package 'locobot_interfaces' build argument 'cmake_target' from command line to 'None'
[5.702s] Level 5:colcon.colcon_core.verb:set package 'locobot_interfaces' build argument 'cmake_target_skip_unavailable' from command line to 'False'
[5.702s] Level 5:colcon.colcon_core.verb:set package 'locobot_interfaces' build argument 'cmake_clean_cache' from command line to 'False'
[5.702s] Level 5:colcon.colcon_core.verb:set package 'locobot_interfaces' build argument 'cmake_clean_first' from command line to 'False'
[5.702s] Level 5:colcon.colcon_core.verb:set package 'locobot_interfaces' build argument 'cmake_force_configure' from command line to 'False'
[5.702s] Level 5:colcon.colcon_core.verb:set package 'locobot_interfaces' build argument 'ament_cmake_args' from command line to 'None'
[5.702s] Level 5:colcon.colcon_core.verb:set package 'locobot_interfaces' build argument 'catkin_cmake_args' from command line to 'None'
[5.702s] Level 5:colcon.colcon_core.verb:set package 'locobot_interfaces' build argument 'catkin_skip_building_tests' from command line to 'False'
[5.702s] DEBUG:colcon.colcon_core.verb:Building package 'locobot_interfaces' with the following arguments: {'ament_cmake_args': None, 'build_base': '/home/joshhlee/me326_ws/src/collab_robotics/build/locobot_interfaces', 'catkin_cmake_args': None, 'catkin_skip_building_tests': False, 'cmake_args': None, 'cmake_clean_cache': False, 'cmake_clean_first': False, 'cmake_force_configure': False, 'cmake_target': None, 'cmake_target_skip_unavailable': False, 'install_base': '/home/joshhlee/me326_ws/src/collab_robotics/install/locobot_interfaces', 'merge_install': False, 'path': '/home/joshhlee/me326_ws/src/collab_robotics/locobot_interfaces', 'symlink_install': False, 'test_result_base': None}
[5.767s] Level 5:colcon.colcon_core.verb:set package 'me326_project' build argument 'cmake_args' from command line to 'None'
[5.767s] Level 5:colcon.colcon_core.verb:set package 'me326_project' build argument 'cmake_target' from command line to 'None'
[5.767s] Level 5:colcon.colcon_core.verb:set package 'me326_project' build argument 'cmake_target_skip_unavailable' from command line to 'False'
[5.767s] Level 5:colcon.colcon_core.verb:set package 'me326_project' build argument 'cmake_clean_cache' from command line to 'False'
[5.767s] Level 5:colcon.colcon_core.verb:set package 'me326_project' build argument 'cmake_clean_first' from command line to 'False'
[5.767s] Level 5:colcon.colcon_core.verb:set package 'me326_project' build argument 'cmake_force_configure' from command line to 'False'
[5.767s] Level 5:colcon.colcon_core.verb:set package 'me326_project' build argument 'ament_cmake_args' from command line to 'None'
[5.767s] Level 5:colcon.colcon_core.verb:set package 'me326_project' build argument 'catkin_cmake_args' from command line to 'None'
[5.767s] Level 5:colcon.colcon_core.verb:set package 'me326_project' build argument 'catkin_skip_building_tests' from command line to 'False'
[5.767s] DEBUG:colcon.colcon_core.verb:Building package 'me326_project' with the following arguments: {'ament_cmake_args': None, 'build_base': '/home/joshhlee/me326_ws/src/collab_robotics/build/me326_project', 'catkin_cmake_args': None, 'catkin_skip_building_tests': False, 'cmake_args': None, 'cmake_clean_cache': False, 'cmake_clean_first': False, 'cmake_force_configure': False, 'cmake_target': None, 'cmake_target_skip_unavailable': False, 'install_base': '/home/joshhlee/me326_ws/src/collab_robotics/install/me326_project', 'merge_install': False, 'path': '/home/joshhlee/me326_ws/src/collab_robotics/me326_project', 'symlink_install': False, 'test_result_base': None}
[5.831s] INFO:colcon.colcon_core.executor:Executing jobs using 'parallel' executor
[5.895s] DEBUG:colcon.colcon_parallel_executor.executor.parallel:run_until_complete
[5.895s] INFO:colcon.colcon_ros.task.ament_cmake.build:Building ROS package in '/home/joshhlee/me326_ws/src/collab_robotics/la_msgs' with build type 'ament_cmake'
[5.895s] INFO:colcon.colcon_cmake.task.cmake.build:Building CMake package in '/home/joshhlee/me326_ws/src/collab_robotics/la_msgs'
[5.966s] INFO:colcon.colcon_core.plugin_system:Skipping extension 'colcon_core.shell.bat': Not used on non-Windows systems
[5.967s] INFO:colcon.colcon_core.shell:Skip shell extension 'powershell' for command environment: Not usable outside of PowerShell
[5.967s] DEBUG:colcon.colcon_core.shell:Skip shell extension 'dsv' for command environment
[6.240s] INFO:colcon.colcon_ros.task.ament_cmake.build:Building ROS package in '/home/joshhlee/me326_ws/src/collab_robotics/locobot_interfaces' with build type 'ament_cmake'
[6.241s] INFO:colcon.colcon_cmake.task.cmake.build:Building CMake package in '/home/joshhlee/me326_ws/src/collab_robotics/locobot_interfaces'
[6.309s] INFO:colcon.colcon_core.shell:Skip shell extension 'powershell' for command environment: Not usable outside of PowerShell
[6.309s] DEBUG:colcon.colcon_core.shell:Skip shell extension 'dsv' for command environment
[6.596s] INFO:colcon.colcon_ros.task.ament_cmake.build:Building ROS package in '/home/joshhlee/me326_ws/src/collab_robotics/me326_project' with build type 'ament_cmake'
[6.596s] INFO:colcon.colcon_cmake.task.cmake.build:Building CMake package in '/home/joshhlee/me326_ws/src/collab_robotics/me326_project'
[6.665s] INFO:colcon.colcon_core.shell:Skip shell extension 'powershell' for command environment: Not usable outside of PowerShell
[6.665s] DEBUG:colcon.colcon_core.shell:Skip shell extension 'dsv' for command environment
[6.931s] DEBUG:colcon.colcon_core.event_handler.log_command:Invoking command in '/home/joshhlee/me326_ws/src/collab_robotics/build/la_msgs': CMAKE_PREFIX_PATH=${CMAKE_PREFIX_PATH}:/home/joshhlee/me326_ws/install/opencv_tests:/home/joshhlee/interbotix_ws/install/interbotix_xs_modules:/home/joshhlee/interbotix_ws/install/interbotix_perception_modules:/home/joshhlee/interbotix_ws/install/interbotix_common_modules:/opt/ros/galactic /usr/bin/cmake /home/joshhlee/me326_ws/src/collab_robotics/la_msgs -DCMAKE_INSTALL_PREFIX=/home/joshhlee/me326_ws/src/collab_robotics/install/la_msgs
[6.940s] DEBUG:colcon.colcon_core.event_handler.log_command:Invoking command in '/home/joshhlee/me326_ws/src/collab_robotics/build/locobot_interfaces': CMAKE_PREFIX_PATH=${CMAKE_PREFIX_PATH}:/home/joshhlee/me326_ws/install/opencv_tests:/home/joshhlee/interbotix_ws/install/interbotix_xs_modules:/home/joshhlee/interbotix_ws/install/interbotix_perception_modules:/home/joshhlee/interbotix_ws/install/interbotix_common_modules:/opt/ros/galactic /usr/bin/cmake /home/joshhlee/me326_ws/src/collab_robotics/locobot_interfaces -DCMAKE_INSTALL_PREFIX=/home/joshhlee/me326_ws/src/collab_robotics/install/locobot_interfaces
[6.945s] DEBUG:colcon.colcon_core.event_handler.log_command:Invoking command in '/home/joshhlee/me326_ws/src/collab_robotics/build/me326_project': CMAKE_PREFIX_PATH=${CMAKE_PREFIX_PATH}:/home/joshhlee/me326_ws/install/opencv_tests:/home/joshhlee/interbotix_ws/install/interbotix_xs_modules:/home/joshhlee/interbotix_ws/install/interbotix_perception_modules:/home/joshhlee/interbotix_ws/install/interbotix_common_modules:/opt/ros/galactic /usr/bin/cmake /home/joshhlee/me326_ws/src/collab_robotics/me326_project -DCMAKE_INSTALL_PREFIX=/home/joshhlee/me326_ws/src/collab_robotics/install/me326_project
[9.059s] DEBUG:colcon.colcon_core.event_handler.log_command:Invoked command in '/home/joshhlee/me326_ws/src/collab_robotics/build/locobot_interfaces' returned '0': CMAKE_PREFIX_PATH=${CMAKE_PREFIX_PATH}:/home/joshhlee/me326_ws/install/opencv_tests:/home/joshhlee/interbotix_ws/install/interbotix_xs_modules:/home/joshhlee/interbotix_ws/install/interbotix_perception_modules:/home/joshhlee/interbotix_ws/install/interbotix_common_modules:/opt/ros/galactic /usr/bin/cmake /home/joshhlee/me326_ws/src/collab_robotics/locobot_interfaces -DCMAKE_INSTALL_PREFIX=/home/joshhlee/me326_ws/src/collab_robotics/install/locobot_interfaces
[9.059s] DEBUG:colcon.colcon_core.event_handler.log_command:Invoking command in '/home/joshhlee/me326_ws/src/collab_robotics/build/locobot_interfaces': CMAKE_PREFIX_PATH=${CMAKE_PREFIX_PATH}:/home/joshhlee/me326_ws/install/opencv_tests:/home/joshhlee/interbotix_ws/install/interbotix_xs_modules:/home/joshhlee/interbotix_ws/install/interbotix_perception_modules:/home/joshhlee/interbotix_ws/install/interbotix_common_modules:/opt/ros/galactic /usr/bin/cmake --build /home/joshhlee/me326_ws/src/collab_robotics/build/locobot_interfaces -- -j4 -l4
[9.524s] DEBUG:colcon.colcon_core.event_handler.log_command:Invoked command in '/home/joshhlee/me326_ws/src/collab_robotics/build/la_msgs' returned '0': CMAKE_PREFIX_PATH=${CMAKE_PREFIX_PATH}:/home/joshhlee/me326_ws/install/opencv_tests:/home/joshhlee/interbotix_ws/install/interbotix_xs_modules:/home/joshhlee/interbotix_ws/install/interbotix_perception_modules:/home/joshhlee/interbotix_ws/install/interbotix_common_modules:/opt/ros/galactic /usr/bin/cmake /home/joshhlee/me326_ws/src/collab_robotics/la_msgs -DCMAKE_INSTALL_PREFIX=/home/joshhlee/me326_ws/src/collab_robotics/install/la_msgs
[9.525s] DEBUG:colcon.colcon_core.event_handler.log_command:Invoking command in '/home/joshhlee/me326_ws/src/collab_robotics/build/la_msgs': CMAKE_PREFIX_PATH=${CMAKE_PREFIX_PATH}:/home/joshhlee/me326_ws/install/opencv_tests:/home/joshhlee/interbotix_ws/install/interbotix_xs_modules:/home/joshhlee/interbotix_ws/install/interbotix_perception_modules:/home/joshhlee/interbotix_ws/install/interbotix_common_modules:/opt/ros/galactic /usr/bin/cmake --build /home/joshhlee/me326_ws/src/collab_robotics/build/la_msgs -- -j4 -l4
[14.840s] DEBUG:colcon.colcon_core.event_handler.log_command:Invoked command in '/home/joshhlee/me326_ws/src/collab_robotics/build/me326_project' returned '0': CMAKE_PREFIX_PATH=${CMAKE_PREFIX_PATH}:/home/joshhlee/me326_ws/install/opencv_tests:/home/joshhlee/interbotix_ws/install/interbotix_xs_modules:/home/joshhlee/interbotix_ws/install/interbotix_perception_modules:/home/joshhlee/interbotix_ws/install/interbotix_common_modules:/opt/ros/galactic /usr/bin/cmake /home/joshhlee/me326_ws/src/collab_robotics/me326_project -DCMAKE_INSTALL_PREFIX=/home/joshhlee/me326_ws/src/collab_robotics/install/me326_project
[14.842s] DEBUG:colcon.colcon_core.event_handler.log_command:Invoking command in '/home/joshhlee/me326_ws/src/collab_robotics/build/me326_project': CMAKE_PREFIX_PATH=${CMAKE_PREFIX_PATH}:/home/joshhlee/me326_ws/install/opencv_tests:/home/joshhlee/interbotix_ws/install/interbotix_xs_modules:/home/joshhlee/interbotix_ws/install/interbotix_perception_modules:/home/joshhlee/interbotix_ws/install/interbotix_common_modules:/opt/ros/galactic /usr/bin/cmake --build /home/joshhlee/me326_ws/src/collab_robotics/build/me326_project -- -j4 -l4
[16.574s] DEBUG:colcon.colcon_core.event_handler.log_command:Invoked command in '/home/joshhlee/me326_ws/src/collab_robotics/build/la_msgs' returned '0': CMAKE_PREFIX_PATH=${CMAKE_PREFIX_PATH}:/home/joshhlee/me326_ws/install/opencv_tests:/home/joshhlee/interbotix_ws/install/interbotix_xs_modules:/home/joshhlee/interbotix_ws/install/interbotix_perception_modules:/home/joshhlee/interbotix_ws/install/interbotix_common_modules:/opt/ros/galactic /usr/bin/cmake --build /home/joshhlee/me326_ws/src/collab_robotics/build/la_msgs -- -j4 -l4
[16.657s] DEBUG:colcon.colcon_core.event_handler.log_command:Invoking command in '/home/joshhlee/me326_ws/src/collab_robotics/build/la_msgs': CMAKE_PREFIX_PATH=${CMAKE_PREFIX_PATH}:/home/joshhlee/me326_ws/install/opencv_tests:/home/joshhlee/interbotix_ws/install/interbotix_xs_modules:/home/joshhlee/interbotix_ws/install/interbotix_perception_modules:/home/joshhlee/interbotix_ws/install/interbotix_common_modules:/opt/ros/galactic /usr/bin/cmake --install /home/joshhlee/me326_ws/src/collab_robotics/build/la_msgs
[16.723s] Level 1:colcon.colcon_core.environment:create_environment_scripts_only(la_msgs)
[16.724s] DEBUG:colcon.colcon_core.event_handler.log_command:Invoked command in '/home/joshhlee/me326_ws/src/collab_robotics/build/la_msgs' returned '0': CMAKE_PREFIX_PATH=${CMAKE_PREFIX_PATH}:/home/joshhlee/me326_ws/install/opencv_tests:/home/joshhlee/interbotix_ws/install/interbotix_xs_modules:/home/joshhlee/interbotix_ws/install/interbotix_perception_modules:/home/joshhlee/interbotix_ws/install/interbotix_common_modules:/opt/ros/galactic /usr/bin/cmake --install /home/joshhlee/me326_ws/src/collab_robotics/build/la_msgs
[16.799s] Level 1:colcon.colcon_core.environment:checking '/home/joshhlee/me326_ws/src/collab_robotics/install/la_msgs' for CMake module files
[16.800s] Level 1:colcon.colcon_core.environment:checking '/home/joshhlee/me326_ws/src/collab_robotics/install/la_msgs' for CMake config files
[16.800s] Level 1:colcon.colcon_core.shell:create_environment_hook('la_msgs', 'cmake_prefix_path')
[16.867s] INFO:colcon.colcon_core.shell:Creating environment hook '/home/joshhlee/me326_ws/src/collab_robotics/install/la_msgs/share/la_msgs/hook/cmake_prefix_path.ps1'
[16.869s] INFO:colcon.colcon_core.shell:Creating environment descriptor '/home/joshhlee/me326_ws/src/collab_robotics/install/la_msgs/share/la_msgs/hook/cmake_prefix_path.dsv'
[16.869s] INFO:colcon.colcon_core.shell:Creating environment hook '/home/joshhlee/me326_ws/src/collab_robotics/install/la_msgs/share/la_msgs/hook/cmake_prefix_path.sh'
[16.870s] Level 1:colcon.colcon_core.environment:checking '/home/joshhlee/me326_ws/src/collab_robotics/install/la_msgs/lib'
[16.870s] Level 1:colcon.colcon_core.shell:create_environment_hook('la_msgs', 'ld_library_path_lib')
[16.940s] INFO:colcon.colcon_core.shell:Creating environment hook '/home/joshhlee/me326_ws/src/collab_robotics/install/la_msgs/share/la_msgs/hook/ld_library_path_lib.ps1'
[16.941s] INFO:colcon.colcon_core.shell:Creating environment descriptor '/home/joshhlee/me326_ws/src/collab_robotics/install/la_msgs/share/la_msgs/hook/ld_library_path_lib.dsv'
[16.941s] INFO:colcon.colcon_core.shell:Creating environment hook '/home/joshhlee/me326_ws/src/collab_robotics/install/la_msgs/share/la_msgs/hook/ld_library_path_lib.sh'
[16.941s] Level 1:colcon.colcon_core.environment:checking '/home/joshhlee/me326_ws/src/collab_robotics/install/la_msgs/bin'
[16.941s] Level 1:colcon.colcon_core.environment:checking '/home/joshhlee/me326_ws/src/collab_robotics/install/la_msgs/lib/pkgconfig/la_msgs.pc'
[16.941s] Level 1:colcon.colcon_core.environment:checking '/home/joshhlee/me326_ws/src/collab_robotics/install/la_msgs/lib/python3.8/site-packages'
[16.941s] Level 1:colcon.colcon_core.shell:create_environment_hook('la_msgs', 'pythonpath')
[17.008s] INFO:colcon.colcon_core.shell:Creating environment hook '/home/joshhlee/me326_ws/src/collab_robotics/install/la_msgs/share/la_msgs/hook/pythonpath.ps1'
[17.008s] INFO:colcon.colcon_core.shell:Creating environment descriptor '/home/joshhlee/me326_ws/src/collab_robotics/install/la_msgs/share/la_msgs/hook/pythonpath.dsv'
[17.008s] INFO:colcon.colcon_core.shell:Creating environment hook '/home/joshhlee/me326_ws/src/collab_robotics/install/la_msgs/share/la_msgs/hook/pythonpath.sh'
[17.009s] Level 1:colcon.colcon_core.environment:checking '/home/joshhlee/me326_ws/src/collab_robotics/install/la_msgs/bin'
[17.078s] INFO:colcon.colcon_core.shell:Creating package script '/home/joshhlee/me326_ws/src/collab_robotics/install/la_msgs/share/la_msgs/package.ps1'
[17.080s] INFO:colcon.colcon_core.shell:Creating package descriptor '/home/joshhlee/me326_ws/src/collab_robotics/install/la_msgs/share/la_msgs/package.dsv'
[17.081s] INFO:colcon.colcon_core.shell:Creating package script '/home/joshhlee/me326_ws/src/collab_robotics/install/la_msgs/share/la_msgs/package.sh'
[17.082s] INFO:colcon.colcon_core.shell:Creating package script '/home/joshhlee/me326_ws/src/collab_robotics/install/la_msgs/share/la_msgs/package.bash'
[17.082s] INFO:colcon.colcon_core.shell:Creating package script '/home/joshhlee/me326_ws/src/collab_robotics/install/la_msgs/share/la_msgs/package.zsh'
[17.083s] Level 1:colcon.colcon_core.environment:create_file_with_runtime_dependencies(/home/joshhlee/me326_ws/src/collab_robotics/install/la_msgs/share/colcon-core/packages/la_msgs)
[17.251s] Level 1:colcon.colcon_core.environment:create_environment_scripts_only(la_msgs)
[17.318s] Level 1:colcon.colcon_core.environment:checking '/home/joshhlee/me326_ws/src/collab_robotics/install/la_msgs' for CMake module files
[17.318s] Level 1:colcon.colcon_core.environment:checking '/home/joshhlee/me326_ws/src/collab_robotics/install/la_msgs' for CMake config files
[17.319s] Level 1:colcon.colcon_core.shell:create_environment_hook('la_msgs', 'cmake_prefix_path')
[17.386s] INFO:colcon.colcon_core.shell:Creating environment hook '/home/joshhlee/me326_ws/src/collab_robotics/install/la_msgs/share/la_msgs/hook/cmake_prefix_path.ps1'
[17.387s] INFO:colcon.colcon_core.shell:Creating environment descriptor '/home/joshhlee/me326_ws/src/collab_robotics/install/la_msgs/share/la_msgs/hook/cmake_prefix_path.dsv'
[17.387s] INFO:colcon.colcon_core.shell:Creating environment hook '/home/joshhlee/me326_ws/src/collab_robotics/install/la_msgs/share/la_msgs/hook/cmake_prefix_path.sh'
[17.388s] Level 1:colcon.colcon_core.environment:checking '/home/joshhlee/me326_ws/src/collab_robotics/install/la_msgs/lib'
[17.388s] Level 1:colcon.colcon_core.shell:create_environment_hook('la_msgs', 'ld_library_path_lib')
[17.463s] INFO:colcon.colcon_core.shell:Creating environment hook '/home/joshhlee/me326_ws/src/collab_robotics/install/la_msgs/share/la_msgs/hook/ld_library_path_lib.ps1'
[17.463s] INFO:colcon.colcon_core.shell:Creating environment descriptor '/home/joshhlee/me326_ws/src/collab_robotics/install/la_msgs/share/la_msgs/hook/ld_library_path_lib.dsv'
[17.463s] INFO:colcon.colcon_core.shell:Creating environment hook '/home/joshhlee/me326_ws/src/collab_robotics/install/la_msgs/share/la_msgs/hook/ld_library_path_lib.sh'
[17.464s] Level 1:colcon.colcon_core.environment:checking '/home/joshhlee/me326_ws/src/collab_robotics/install/la_msgs/bin'
[17.464s] Level 1:colcon.colcon_core.environment:checking '/home/joshhlee/me326_ws/src/collab_robotics/install/la_msgs/lib/pkgconfig/la_msgs.pc'
[17.464s] Level 1:colcon.colcon_core.environment:checking '/home/joshhlee/me326_ws/src/collab_robotics/install/la_msgs/lib/python3.8/site-packages'
[17.464s] Level 1:colcon.colcon_core.shell:create_environment_hook('la_msgs', 'pythonpath')
[17.530s] INFO:colcon.colcon_core.shell:Creating environment hook '/home/joshhlee/me326_ws/src/collab_robotics/install/la_msgs/share/la_msgs/hook/pythonpath.ps1'
[17.531s] INFO:colcon.colcon_core.shell:Creating environment descriptor '/home/joshhlee/me326_ws/src/collab_robotics/install/la_msgs/share/la_msgs/hook/pythonpath.dsv'
[17.531s] INFO:colcon.colcon_core.shell:Creating environment hook '/home/joshhlee/me326_ws/src/collab_robotics/install/la_msgs/share/la_msgs/hook/pythonpath.sh'
[17.531s] Level 1:colcon.colcon_core.environment:checking '/home/joshhlee/me326_ws/src/collab_robotics/install/la_msgs/bin'
[17.598s] INFO:colcon.colcon_core.shell:Creating package script '/home/joshhlee/me326_ws/src/collab_robotics/install/la_msgs/share/la_msgs/package.ps1'
[17.598s] INFO:colcon.colcon_core.shell:Creating package descriptor '/home/joshhlee/me326_ws/src/collab_robotics/install/la_msgs/share/la_msgs/package.dsv'
[17.599s] INFO:colcon.colcon_core.shell:Creating package script '/home/joshhlee/me326_ws/src/collab_robotics/install/la_msgs/share/la_msgs/package.sh'
[17.599s] INFO:colcon.colcon_core.shell:Creating package script '/home/joshhlee/me326_ws/src/collab_robotics/install/la_msgs/share/la_msgs/package.bash'
[17.599s] INFO:colcon.colcon_core.shell:Creating package script '/home/joshhlee/me326_ws/src/collab_robotics/install/la_msgs/share/la_msgs/package.zsh'
[17.599s] Level 1:colcon.colcon_core.environment:create_file_with_runtime_dependencies(/home/joshhlee/me326_ws/src/collab_robotics/install/la_msgs/share/colcon-core/packages/la_msgs)
[22.104s] DEBUG:colcon.colcon_core.event_handler.log_command:Invoked command in '/home/joshhlee/me326_ws/src/collab_robotics/build/locobot_interfaces' returned '0': CMAKE_PREFIX_PATH=${CMAKE_PREFIX_PATH}:/home/joshhlee/me326_ws/install/opencv_tests:/home/joshhlee/interbotix_ws/install/interbotix_xs_modules:/home/joshhlee/interbotix_ws/install/interbotix_perception_modules:/home/joshhlee/interbotix_ws/install/interbotix_common_modules:/opt/ros/galactic /usr/bin/cmake --build /home/joshhlee/me326_ws/src/collab_robotics/build/locobot_interfaces -- -j4 -l4
[22.195s] DEBUG:colcon.colcon_core.event_handler.log_command:Invoking command in '/home/joshhlee/me326_ws/src/collab_robotics/build/locobot_interfaces': CMAKE_PREFIX_PATH=${CMAKE_PREFIX_PATH}:/home/joshhlee/me326_ws/install/opencv_tests:/home/joshhlee/interbotix_ws/install/interbotix_xs_modules:/home/joshhlee/interbotix_ws/install/interbotix_perception_modules:/home/joshhlee/interbotix_ws/install/interbotix_common_modules:/opt/ros/galactic /usr/bin/cmake --install /home/joshhlee/me326_ws/src/collab_robotics/build/locobot_interfaces
[22.253s] Level 1:colcon.colcon_core.environment:create_environment_scripts_only(locobot_interfaces)
[22.254s] DEBUG:colcon.colcon_core.event_handler.log_command:Invoked command in '/home/joshhlee/me326_ws/src/collab_robotics/build/locobot_interfaces' returned '0': CMAKE_PREFIX_PATH=${CMAKE_PREFIX_PATH}:/home/joshhlee/me326_ws/install/opencv_tests:/home/joshhlee/interbotix_ws/install/interbotix_xs_modules:/home/joshhlee/interbotix_ws/install/interbotix_perception_modules:/home/joshhlee/interbotix_ws/install/interbotix_common_modules:/opt/ros/galactic /usr/bin/cmake --install /home/joshhlee/me326_ws/src/collab_robotics/build/locobot_interfaces
[22.323s] Level 1:colcon.colcon_core.environment:checking '/home/joshhlee/me326_ws/src/collab_robotics/install/locobot_interfaces' for CMake module files
[22.323s] Level 1:colcon.colcon_core.environment:checking '/home/joshhlee/me326_ws/src/collab_robotics/install/locobot_interfaces' for CMake config files
[22.324s] Level 1:colcon.colcon_core.shell:create_environment_hook('locobot_interfaces', 'cmake_prefix_path')
[22.405s] INFO:colcon.colcon_core.shell:Creating environment hook '/home/joshhlee/me326_ws/src/collab_robotics/install/locobot_interfaces/share/locobot_interfaces/hook/cmake_prefix_path.ps1'
[22.406s] INFO:colcon.colcon_core.shell:Creating environment descriptor '/home/joshhlee/me326_ws/src/collab_robotics/install/locobot_interfaces/share/locobot_interfaces/hook/cmake_prefix_path.dsv'
[22.406s] INFO:colcon.colcon_core.shell:Creating environment hook '/home/joshhlee/me326_ws/src/collab_robotics/install/locobot_interfaces/share/locobot_interfaces/hook/cmake_prefix_path.sh'
[22.407s] Level 1:colcon.colcon_core.environment:checking '/home/joshhlee/me326_ws/src/collab_robotics/install/locobot_interfaces/lib'
[22.407s] Level 1:colcon.colcon_core.shell:create_environment_hook('locobot_interfaces', 'ld_library_path_lib')
[22.483s] INFO:colcon.colcon_core.shell:Creating environment hook '/home/joshhlee/me326_ws/src/collab_robotics/install/locobot_interfaces/share/locobot_interfaces/hook/ld_library_path_lib.ps1'
[22.483s] INFO:colcon.colcon_core.shell:Creating environment descriptor '/home/joshhlee/me326_ws/src/collab_robotics/install/locobot_interfaces/share/locobot_interfaces/hook/ld_library_path_lib.dsv'
[22.484s] INFO:colcon.colcon_core.shell:Creating environment hook '/home/joshhlee/me326_ws/src/collab_robotics/install/locobot_interfaces/share/locobot_interfaces/hook/ld_library_path_lib.sh'
[22.484s] Level 1:colcon.colcon_core.environment:checking '/home/joshhlee/me326_ws/src/collab_robotics/install/locobot_interfaces/bin'
[22.484s] Level 1:colcon.colcon_core.environment:checking '/home/joshhlee/me326_ws/src/collab_robotics/install/locobot_interfaces/lib/pkgconfig/locobot_interfaces.pc'
[22.484s] Level 1:colcon.colcon_core.environment:checking '/home/joshhlee/me326_ws/src/collab_robotics/install/locobot_interfaces/lib/python3.8/site-packages'
[22.484s] Level 1:colcon.colcon_core.shell:create_environment_hook('locobot_interfaces', 'pythonpath')
[22.551s] INFO:colcon.colcon_core.shell:Creating environment hook '/home/joshhlee/me326_ws/src/collab_robotics/install/locobot_interfaces/share/locobot_interfaces/hook/pythonpath.ps1'
[22.551s] INFO:colcon.colcon_core.shell:Creating environment descriptor '/home/joshhlee/me326_ws/src/collab_robotics/install/locobot_interfaces/share/locobot_interfaces/hook/pythonpath.dsv'
[22.552s] INFO:colcon.colcon_core.shell:Creating environment hook '/home/joshhlee/me326_ws/src/collab_robotics/install/locobot_interfaces/share/locobot_interfaces/hook/pythonpath.sh'
[22.552s] Level 1:colcon.colcon_core.environment:checking '/home/joshhlee/me326_ws/src/collab_robotics/install/locobot_interfaces/bin'
[22.618s] INFO:colcon.colcon_core.shell:Creating package script '/home/joshhlee/me326_ws/src/collab_robotics/install/locobot_interfaces/share/locobot_interfaces/package.ps1'
[22.619s] INFO:colcon.colcon_core.shell:Creating package descriptor '/home/joshhlee/me326_ws/src/collab_robotics/install/locobot_interfaces/share/locobot_interfaces/package.dsv'
[22.619s] INFO:colcon.colcon_core.shell:Creating package script '/home/joshhlee/me326_ws/src/collab_robotics/install/locobot_interfaces/share/locobot_interfaces/package.sh'
[22.619s] INFO:colcon.colcon_core.shell:Creating package script '/home/joshhlee/me326_ws/src/collab_robotics/install/locobot_interfaces/share/locobot_interfaces/package.bash'
[22.620s] INFO:colcon.colcon_core.shell:Creating package script '/home/joshhlee/me326_ws/src/collab_robotics/install/locobot_interfaces/share/locobot_interfaces/package.zsh'
[22.620s] Level 1:colcon.colcon_core.environment:create_file_with_runtime_dependencies(/home/joshhlee/me326_ws/src/collab_robotics/install/locobot_interfaces/share/colcon-core/packages/locobot_interfaces)
[22.805s] Level 1:colcon.colcon_core.environment:create_environment_scripts_only(locobot_interfaces)
[22.874s] Level 1:colcon.colcon_core.environment:checking '/home/joshhlee/me326_ws/src/collab_robotics/install/locobot_interfaces' for CMake module files
[22.875s] Level 1:colcon.colcon_core.environment:checking '/home/joshhlee/me326_ws/src/collab_robotics/install/locobot_interfaces' for CMake config files
[22.875s] Level 1:colcon.colcon_core.shell:create_environment_hook('locobot_interfaces', 'cmake_prefix_path')
[22.953s] INFO:colcon.colcon_core.shell:Creating environment hook '/home/joshhlee/me326_ws/src/collab_robotics/install/locobot_interfaces/share/locobot_interfaces/hook/cmake_prefix_path.ps1'
[22.954s] INFO:colcon.colcon_core.shell:Creating environment descriptor '/home/joshhlee/me326_ws/src/collab_robotics/install/locobot_interfaces/share/locobot_interfaces/hook/cmake_prefix_path.dsv'
[22.954s] INFO:colcon.colcon_core.shell:Creating environment hook '/home/joshhlee/me326_ws/src/collab_robotics/install/locobot_interfaces/share/locobot_interfaces/hook/cmake_prefix_path.sh'
[22.955s] Level 1:colcon.colcon_core.environment:checking '/home/joshhlee/me326_ws/src/collab_robotics/install/locobot_interfaces/lib'
[22.955s] Level 1:colcon.colcon_core.shell:create_environment_hook('locobot_interfaces', 'ld_library_path_lib')
[23.025s] INFO:colcon.colcon_core.shell:Creating environment hook '/home/joshhlee/me326_ws/src/collab_robotics/install/locobot_interfaces/share/locobot_interfaces/hook/ld_library_path_lib.ps1'
[23.025s] INFO:colcon.colcon_core.shell:Creating environment descriptor '/home/joshhlee/me326_ws/src/collab_robotics/install/locobot_interfaces/share/locobot_interfaces/hook/ld_library_path_lib.dsv'
[23.025s] INFO:colcon.colcon_core.shell:Creating environment hook '/home/joshhlee/me326_ws/src/collab_robotics/install/locobot_interfaces/share/locobot_interfaces/hook/ld_library_path_lib.sh'
[23.025s] Level 1:colcon.colcon_core.environment:checking '/home/joshhlee/me326_ws/src/collab_robotics/install/locobot_interfaces/bin'
[23.025s] Level 1:colcon.colcon_core.environment:checking '/home/joshhlee/me326_ws/src/collab_robotics/install/locobot_interfaces/lib/pkgconfig/locobot_interfaces.pc'
[23.026s] Level 1:colcon.colcon_core.environment:checking '/home/joshhlee/me326_ws/src/collab_robotics/install/locobot_interfaces/lib/python3.8/site-packages'
[23.026s] Level 1:colcon.colcon_core.shell:create_environment_hook('locobot_interfaces', 'pythonpath')
[23.093s] INFO:colcon.colcon_core.shell:Creating environment hook '/home/joshhlee/me326_ws/src/collab_robotics/install/locobot_interfaces/share/locobot_interfaces/hook/pythonpath.ps1'
[23.093s] INFO:colcon.colcon_core.shell:Creating environment descriptor '/home/joshhlee/me326_ws/src/collab_robotics/install/locobot_interfaces/share/locobot_interfaces/hook/pythonpath.dsv'
[23.093s] INFO:colcon.colcon_core.shell:Creating environment hook '/home/joshhlee/me326_ws/src/collab_robotics/install/locobot_interfaces/share/locobot_interfaces/hook/pythonpath.sh'
[23.093s] Level 1:colcon.colcon_core.environment:checking '/home/joshhlee/me326_ws/src/collab_robotics/install/locobot_interfaces/bin'
[23.159s] INFO:colcon.colcon_core.shell:Creating package script '/home/joshhlee/me326_ws/src/collab_robotics/install/locobot_interfaces/share/locobot_interfaces/package.ps1'
[23.159s] INFO:colcon.colcon_core.shell:Creating package descriptor '/home/joshhlee/me326_ws/src/collab_robotics/install/locobot_interfaces/share/locobot_interfaces/package.dsv'
[23.160s] INFO:colcon.colcon_core.shell:Creating package script '/home/joshhlee/me326_ws/src/collab_robotics/install/locobot_interfaces/share/locobot_interfaces/package.sh'
[23.160s] INFO:colcon.colcon_core.shell:Creating package script '/home/joshhlee/me326_ws/src/collab_robotics/install/locobot_interfaces/share/locobot_interfaces/package.bash'
[23.160s] INFO:colcon.colcon_core.shell:Creating package script '/home/joshhlee/me326_ws/src/collab_robotics/install/locobot_interfaces/share/locobot_interfaces/package.zsh'
[23.161s] Level 1:colcon.colcon_core.environment:create_file_with_runtime_dependencies(/home/joshhlee/me326_ws/src/collab_robotics/install/locobot_interfaces/share/colcon-core/packages/locobot_interfaces)
[30.956s] DEBUG:colcon.colcon_core.event_handler.log_command:Invoked command in '/home/joshhlee/me326_ws/src/collab_robotics/build/me326_project' returned '0': CMAKE_PREFIX_PATH=${CMAKE_PREFIX_PATH}:/home/joshhlee/me326_ws/install/opencv_tests:/home/joshhlee/interbotix_ws/install/interbotix_xs_modules:/home/joshhlee/interbotix_ws/install/interbotix_perception_modules:/home/joshhlee/interbotix_ws/install/interbotix_common_modules:/opt/ros/galactic /usr/bin/cmake --build /home/joshhlee/me326_ws/src/collab_robotics/build/me326_project -- -j4 -l4
[30.982s] DEBUG:colcon.colcon_core.event_handler.log_command:Invoking command in '/home/joshhlee/me326_ws/src/collab_robotics/build/me326_project': CMAKE_PREFIX_PATH=${CMAKE_PREFIX_PATH}:/home/joshhlee/me326_ws/install/opencv_tests:/home/joshhlee/interbotix_ws/install/interbotix_xs_modules:/home/joshhlee/interbotix_ws/install/interbotix_perception_modules:/home/joshhlee/interbotix_ws/install/interbotix_common_modules:/opt/ros/galactic /usr/bin/cmake --install /home/joshhlee/me326_ws/src/collab_robotics/build/me326_project
[31.003s] Level 1:colcon.colcon_core.environment:create_environment_scripts_only(me326_project)
[31.004s] DEBUG:colcon.colcon_core.event_handler.log_command:Invoked command in '/home/joshhlee/me326_ws/src/collab_robotics/build/me326_project' returned '0': CMAKE_PREFIX_PATH=${CMAKE_PREFIX_PATH}:/home/joshhlee/me326_ws/install/opencv_tests:/home/joshhlee/interbotix_ws/install/interbotix_xs_modules:/home/joshhlee/interbotix_ws/install/interbotix_perception_modules:/home/joshhlee/interbotix_ws/install/interbotix_common_modules:/opt/ros/galactic /usr/bin/cmake --install /home/joshhlee/me326_ws/src/collab_robotics/build/me326_project
[31.069s] Level 1:colcon.colcon_core.environment:checking '/home/joshhlee/me326_ws/src/collab_robotics/install/me326_project' for CMake module files
[31.070s] Level 1:colcon.colcon_core.environment:checking '/home/joshhlee/me326_ws/src/collab_robotics/install/me326_project' for CMake config files
[31.070s] Level 1:colcon.colcon_core.shell:create_environment_hook('me326_project', 'cmake_prefix_path')
[31.132s] INFO:colcon.colcon_core.shell:Creating environment hook '/home/joshhlee/me326_ws/src/collab_robotics/install/me326_project/share/me326_project/hook/cmake_prefix_path.ps1'
[31.133s] INFO:colcon.colcon_core.shell:Creating environment descriptor '/home/joshhlee/me326_ws/src/collab_robotics/install/me326_project/share/me326_project/hook/cmake_prefix_path.dsv'
[31.133s] INFO:colcon.colcon_core.shell:Creating environment hook '/home/joshhlee/me326_ws/src/collab_robotics/install/me326_project/share/me326_project/hook/cmake_prefix_path.sh'
[31.133s] Level 1:colcon.colcon_core.environment:checking '/home/joshhlee/me326_ws/src/collab_robotics/install/me326_project/lib'
[31.133s] Level 1:colcon.colcon_core.environment:checking '/home/joshhlee/me326_ws/src/collab_robotics/install/me326_project/bin'
[31.134s] Level 1:colcon.colcon_core.environment:checking '/home/joshhlee/me326_ws/src/collab_robotics/install/me326_project/lib/pkgconfig/me326_project.pc'
[31.134s] Level 1:colcon.colcon_core.environment:checking '/home/joshhlee/me326_ws/src/collab_robotics/install/me326_project/lib/python3.8/site-packages'
[31.134s] Level 1:colcon.colcon_core.environment:checking '/home/joshhlee/me326_ws/src/collab_robotics/install/me326_project/bin'
[31.197s] INFO:colcon.colcon_core.shell:Creating package script '/home/joshhlee/me326_ws/src/collab_robotics/install/me326_project/share/me326_project/package.ps1'
[31.197s] INFO:colcon.colcon_core.shell:Creating package descriptor '/home/joshhlee/me326_ws/src/collab_robotics/install/me326_project/share/me326_project/package.dsv'
[31.197s] INFO:colcon.colcon_core.shell:Creating package script '/home/joshhlee/me326_ws/src/collab_robotics/install/me326_project/share/me326_project/package.sh'
[31.198s] INFO:colcon.colcon_core.shell:Creating package script '/home/joshhlee/me326_ws/src/collab_robotics/install/me326_project/share/me326_project/package.bash'
[31.198s] INFO:colcon.colcon_core.shell:Creating package script '/home/joshhlee/me326_ws/src/collab_robotics/install/me326_project/share/me326_project/package.zsh'
[31.198s] Level 1:colcon.colcon_core.environment:create_file_with_runtime_dependencies(/home/joshhlee/me326_ws/src/collab_robotics/install/me326_project/share/colcon-core/packages/me326_project)
[31.288s] Level 1:colcon.colcon_core.environment:create_environment_scripts_only(me326_project)
[31.352s] Level 1:colcon.colcon_core.environment:checking '/home/joshhlee/me326_ws/src/collab_robotics/install/me326_project' for CMake module files
[31.352s] Level 1:colcon.colcon_core.environment:checking '/home/joshhlee/me326_ws/src/collab_robotics/install/me326_project' for CMake config files
[31.352s] Level 1:colcon.colcon_core.shell:create_environment_hook('me326_project', 'cmake_prefix_path')
[31.416s] INFO:colcon.colcon_core.shell:Creating environment hook '/home/joshhlee/me326_ws/src/collab_robotics/install/me326_project/share/me326_project/hook/cmake_prefix_path.ps1'
[31.416s] INFO:colcon.colcon_core.shell:Creating environment descriptor '/home/joshhlee/me326_ws/src/collab_robotics/install/me326_project/share/me326_project/hook/cmake_prefix_path.dsv'
[31.416s] INFO:colcon.colcon_core.shell:Creating environment hook '/home/joshhlee/me326_ws/src/collab_robotics/install/me326_project/share/me326_project/hook/cmake_prefix_path.sh'
[31.417s] Level 1:colcon.colcon_core.environment:checking '/home/joshhlee/me326_ws/src/collab_robotics/install/me326_project/lib'
[31.417s] Level 1:colcon.colcon_core.environment:checking '/home/joshhlee/me326_ws/src/collab_robotics/install/me326_project/bin'
[31.417s] Level 1:colcon.colcon_core.environment:checking '/home/joshhlee/me326_ws/src/collab_robotics/install/me326_project/lib/pkgconfig/me326_project.pc'
[31.417s] Level 1:colcon.colcon_core.environment:checking '/home/joshhlee/me326_ws/src/collab_robotics/install/me326_project/lib/python3.8/site-packages'
[31.417s] Level 1:colcon.colcon_core.environment:checking '/home/joshhlee/me326_ws/src/collab_robotics/install/me326_project/bin'
[31.480s] INFO:colcon.colcon_core.shell:Creating package script '/home/joshhlee/me326_ws/src/collab_robotics/install/me326_project/share/me326_project/package.ps1'
[31.480s] INFO:colcon.colcon_core.shell:Creating package descriptor '/home/joshhlee/me326_ws/src/collab_robotics/install/me326_project/share/me326_project/package.dsv'
[31.480s] INFO:colcon.colcon_core.shell:Creating package script '/home/joshhlee/me326_ws/src/collab_robotics/install/me326_project/share/me326_project/package.sh'
[31.481s] INFO:colcon.colcon_core.shell:Creating package script '/home/joshhlee/me326_ws/src/collab_robotics/install/me326_project/share/me326_project/package.bash'
[31.481s] INFO:colcon.colcon_core.shell:Creating package script '/home/joshhlee/me326_ws/src/collab_robotics/install/me326_project/share/me326_project/package.zsh'
[31.481s] Level 1:colcon.colcon_core.environment:create_file_with_runtime_dependencies(/home/joshhlee/me326_ws/src/collab_robotics/install/me326_project/share/colcon-core/packages/me326_project)
[31.481s] DEBUG:colcon.colcon_parallel_executor.executor.parallel:closing loop
[31.482s] DEBUG:colcon.colcon_parallel_executor.executor.parallel:loop closed
[31.482s] DEBUG:colcon.colcon_parallel_executor.executor.parallel:run_until_complete finished with '0'
[31.482s] DEBUG:colcon.colcon_core.event_reactor:joining thread
[31.569s] INFO:colcon.colcon_core.plugin_system:Skipping extension 'colcon_notification.desktop_notification.terminal_notifier': Not used on non-Darwin systems
[31.569s] INFO:colcon.colcon_core.plugin_system:Skipping extension 'colcon_notification.desktop_notification.win32': Not used on non-Windows systems
[31.569s] INFO:colcon.colcon_notification.desktop_notification:Sending desktop notification using 'notify2'
[31.593s] DEBUG:colcon.colcon_core.event_reactor:joined thread
[31.673s] INFO:colcon.colcon_core.shell:Creating prefix script '/home/joshhlee/me326_ws/src/collab_robotics/install/local_setup.ps1'
[31.676s] INFO:colcon.colcon_core.shell:Creating prefix util module '/home/joshhlee/me326_ws/src/collab_robotics/install/_local_setup_util_ps1.py'
[31.677s] INFO:colcon.colcon_core.shell:Creating prefix chain script '/home/joshhlee/me326_ws/src/collab_robotics/install/setup.ps1'
[31.754s] INFO:colcon.colcon_core.shell:Creating prefix script '/home/joshhlee/me326_ws/src/collab_robotics/install/local_setup.sh'
[31.755s] INFO:colcon.colcon_core.shell:Creating prefix util module '/home/joshhlee/me326_ws/src/collab_robotics/install/_local_setup_util_sh.py'
[31.756s] INFO:colcon.colcon_core.shell:Creating prefix chain script '/home/joshhlee/me326_ws/src/collab_robotics/install/setup.sh'
[31.822s] INFO:colcon.colcon_core.shell:Creating prefix script '/home/joshhlee/me326_ws/src/collab_robotics/install/local_setup.bash'
[31.824s] INFO:colcon.colcon_core.shell:Creating prefix chain script '/home/joshhlee/me326_ws/src/collab_robotics/install/setup.bash'
[31.888s] INFO:colcon.colcon_core.shell:Creating prefix script '/home/joshhlee/me326_ws/src/collab_robotics/install/local_setup.zsh'
[31.889s] INFO:colcon.colcon_core.shell:Creating prefix chain script '/home/joshhlee/me326_ws/src/collab_robotics/install/setup.zsh'
