[0.315s] Invoking command in '/home/joshhlee/me326_ws/src/collaborative_robotics_course/build/me326_project': CMAKE_PREFIX_PATH=${CMAKE_PREFIX_PATH}:/home/joshhlee/interbotix_ws/install/interbotix_xs_modules:/home/joshhlee/interbotix_ws/install/interbotix_perception_modules:/home/joshhlee/interbotix_ws/install/interbotix_common_modules:/opt/ros/galactic /usr/bin/cmake --build /home/joshhlee/me326_ws/src/collaborative_robotics_course/build/me326_project -- -j4 -l4
[0.396s] [  9%] Built target me326_project__rosidl_generator_c
[0.414s] [ 12%] Built target me326_project__cpp
[0.452s] [ 12%] Built target ament_cmake_python_copy_me326_project
[0.458s] [ 21%] Built target me326_project__rosidl_typesupport_introspection_c
[0.481s] [ 30%] Built target me326_project__rosidl_typesupport_c
[0.515s] [ 39%] Built target me326_project__rosidl_typesupport_fastrtps_cpp
[0.533s] [ 48%] Built target me326_project__rosidl_typesupport_cpp
[0.559s] [ 57%] Built target me326_project__rosidl_typesupport_introspection_cpp
[0.601s] [ 66%] Built target me326_project__rosidl_typesupport_fastrtps_c
[0.677s] [ 72%] Built target visual_block_perception_srv
[0.702s] [ 72%] Built target me326_project
[0.706s] running egg_info
[0.707s] writing me326_project.egg-info/PKG-INFO
[0.707s] writing dependency_links to me326_project.egg-info/dependency_links.txt
[0.707s] writing top-level names to me326_project.egg-info/top_level.txt
[0.727s] reading manifest file 'me326_project.egg-info/SOURCES.txt'
[0.727s] writing manifest file 'me326_project.egg-info/SOURCES.txt'
[0.733s] [ 75%] Built target me326_project__py
[0.748s] [ 75%] Built target ament_cmake_python_build_me326_project_egg
[0.768s] [ 81%] Built target me326_project__python
[0.810s] [ 87%] Built target me326_project__rosidl_typesupport_introspection_c__pyext
[0.836s] [ 93%] Built target me326_project__rosidl_typesupport_fastrtps_c__pyext
[0.858s] [100%] Built target me326_project__rosidl_typesupport_c__pyext
[0.871s] Invoked command in '/home/joshhlee/me326_ws/src/collaborative_robotics_course/build/me326_project' returned '0': CMAKE_PREFIX_PATH=${CMAKE_PREFIX_PATH}:/home/joshhlee/interbotix_ws/install/interbotix_xs_modules:/home/joshhlee/interbotix_ws/install/interbotix_perception_modules:/home/joshhlee/interbotix_ws/install/interbotix_common_modules:/opt/ros/galactic /usr/bin/cmake --build /home/joshhlee/me326_ws/src/collaborative_robotics_course/build/me326_project -- -j4 -l4
[0.959s] Invoking command in '/home/joshhlee/me326_ws/src/collaborative_robotics_course/build/me326_project': CMAKE_PREFIX_PATH=${CMAKE_PREFIX_PATH}:/home/joshhlee/interbotix_ws/install/interbotix_xs_modules:/home/joshhlee/interbotix_ws/install/interbotix_perception_modules:/home/joshhlee/interbotix_ws/install/interbotix_common_modules:/opt/ros/galactic /usr/bin/cmake --install /home/joshhlee/me326_ws/src/collaborative_robotics_course/build/me326_project
[0.982s] -- Install configuration: ""
[0.984s] -- Up-to-date: /home/joshhlee/me326_ws/src/collaborative_robotics_course/install/me326_project/lib/me326_project/visual_block_perception_srv
[0.984s] -- Up-to-date: /home/joshhlee/me326_ws/src/collaborative_robotics_course/install/me326_project/share/me326_project/environment/pythonpath.sh
[0.984s] -- Up-to-date: /home/joshhlee/me326_ws/src/collaborative_robotics_course/install/me326_project/share/me326_project/environment/pythonpath.dsv
[0.984s] -- Up-to-date: /home/joshhlee/me326_ws/src/collaborative_robotics_course/install/me326_project/lib/python3.8/site-packages//me326_project.egg-info
[0.984s] -- Installing: /home/joshhlee/me326_ws/src/collaborative_robotics_course/install/me326_project/lib/python3.8/site-packages//me326_project.egg-info/dependency_links.txt
[0.984s] -- Installing: /home/joshhlee/me326_ws/src/collaborative_robotics_course/install/me326_project/lib/python3.8/site-packages//me326_project.egg-info/PKG-INFO
[0.984s] -- Installing: /home/joshhlee/me326_ws/src/collaborative_robotics_course/install/me326_project/lib/python3.8/site-packages//me326_project.egg-info/top_level.txt
[0.984s] -- Installing: /home/joshhlee/me326_ws/src/collaborative_robotics_course/install/me326_project/lib/python3.8/site-packages//me326_project.egg-info/SOURCES.txt
[0.985s] -- Up-to-date: /home/joshhlee/me326_ws/src/collaborative_robotics_course/install/me326_project/lib/python3.8/site-packages/me326_project
[0.985s] -- Installing: /home/joshhlee/me326_ws/src/collaborative_robotics_course/install/me326_project/lib/python3.8/site-packages/me326_project/__init__.py
[0.985s] -- Up-to-date: /home/joshhlee/me326_ws/src/collaborative_robotics_course/install/me326_project/lib/python3.8/site-packages/me326_project/initial_point.py
[0.985s] -- Up-to-date: /home/joshhlee/me326_ws/src/collaborative_robotics_course/install/me326_project/lib/python3.8/site-packages/me326_project/RRTstar.py
[0.985s] -- Up-to-date: /home/joshhlee/me326_ws/src/collaborative_robotics_course/install/me326_project/lib/python3.8/site-packages/me326_project/circle_motion_tracking.py
[0.985s] -- Up-to-date: /home/joshhlee/me326_ws/src/collaborative_robotics_course/install/me326_project/lib/python3.8/site-packages/me326_project/record_rosbag.py
[0.985s] -- Up-to-date: /home/joshhlee/me326_ws/src/collaborative_robotics_course/install/me326_project/lib/python3.8/site-packages/me326_project/locobot1_example_motion.py
[0.985s] -- Up-to-date: /home/joshhlee/me326_ws/src/collaborative_robotics_course/install/me326_project/lib/python3.8/site-packages/me326_project/move_base_client.py
[0.985s] -- Up-to-date: /home/joshhlee/me326_ws/src/collaborative_robotics_course/install/me326_project/lib/python3.8/site-packages/me326_project/move_locobot_base_action_server.py
[0.985s] -- Up-to-date: /home/joshhlee/me326_ws/src/collaborative_robotics_course/install/me326_project/lib/python3.8/site-packages/me326_project/locobot_moveitpy.py
[0.985s] -- Up-to-date: /home/joshhlee/me326_ws/src/collaborative_robotics_course/install/me326_project/lib/python3.8/site-packages/me326_project/go_to_point.py
[0.985s] -- Installing: /home/joshhlee/me326_ws/src/collaborative_robotics_course/install/me326_project/lib/python3.8/site-packages/me326_project/vision_client.py
[0.985s] -- Up-to-date: /home/joshhlee/me326_ws/src/collaborative_robotics_course/install/me326_project/lib/python3.8/site-packages/me326_project/matching_ptcld.py
[0.985s] -- Up-to-date: /home/joshhlee/me326_ws/src/collaborative_robotics_course/install/me326_project/lib/python3.8/site-packages/me326_project/read_rosbag.py
[0.985s] -- Up-to-date: /home/joshhlee/me326_ws/src/collaborative_robotics_course/install/me326_project/lib/python3.8/site-packages/me326_project/vision_action_server.py
[0.985s] -- Up-to-date: /home/joshhlee/me326_ws/src/collaborative_robotics_course/install/me326_project/lib/python3.8/site-packages/me326_project/search_node.py
[0.985s] -- Up-to-date: /home/joshhlee/me326_ws/src/collaborative_robotics_course/install/me326_project/lib/python3.8/site-packages/me326_project/locobot_example_motion.py
[0.985s] -- Up-to-date: /home/joshhlee/me326_ws/src/collaborative_robotics_course/install/me326_project/lib/python3.8/site-packages/me326_project/locobot_motion_example.py
[1.019s] Listing '/home/joshhlee/me326_ws/src/collaborative_robotics_course/install/me326_project/lib/python3.8/site-packages/me326_project'...
[1.020s] Compiling '/home/joshhlee/me326_ws/src/collaborative_robotics_course/install/me326_project/lib/python3.8/site-packages/me326_project/__init__.py'...
[1.020s] Listing '/home/joshhlee/me326_ws/src/collaborative_robotics_course/install/me326_project/lib/python3.8/site-packages/me326_project/action'...
[1.020s] Compiling '/home/joshhlee/me326_ws/src/collaborative_robotics_course/install/me326_project/lib/python3.8/site-packages/me326_project/vision_client.py'...
[1.024s] -- Up-to-date: /home/joshhlee/me326_ws/src/collaborative_robotics_course/install/me326_project/lib/me326_project/locobot1_example_motion.py
[1.024s] -- Up-to-date: /home/joshhlee/me326_ws/src/collaborative_robotics_course/install/me326_project/lib/me326_project/locobot_example_motion.py
[1.024s] -- Up-to-date: /home/joshhlee/me326_ws/src/collaborative_robotics_course/install/me326_project/lib/me326_project/locobot_motion_example.py
[1.024s] -- Up-to-date: /home/joshhlee/me326_ws/src/collaborative_robotics_course/install/me326_project/lib/me326_project/matching_ptcld.py
[1.024s] -- Up-to-date: /home/joshhlee/me326_ws/src/collaborative_robotics_course/install/me326_project/lib/me326_project/circle_motion_tracking.py
[1.024s] -- Up-to-date: /home/joshhlee/me326_ws/src/collaborative_robotics_course/install/me326_project/lib/me326_project/record_rosbag.py
[1.024s] -- Up-to-date: /home/joshhlee/me326_ws/src/collaborative_robotics_course/install/me326_project/lib/me326_project/locobot_moveitpy.py
[1.024s] -- Up-to-date: /home/joshhlee/me326_ws/src/collaborative_robotics_course/install/me326_project/lib/me326_project/RRTstar.py
[1.024s] -- Up-to-date: /home/joshhlee/me326_ws/src/collaborative_robotics_course/install/me326_project/lib/me326_project/go_to_point.py
[1.024s] -- Up-to-date: /home/joshhlee/me326_ws/src/collaborative_robotics_course/install/me326_project/lib/me326_project/initial_point.py
[1.025s] -- Up-to-date: /home/joshhlee/me326_ws/src/collaborative_robotics_course/install/me326_project/lib/me326_project/move_locobot_base_action_server.py
[1.025s] -- Up-to-date: /home/joshhlee/me326_ws/src/collaborative_robotics_course/install/me326_project/lib/me326_project/move_base_client.py
[1.025s] -- Installing: /home/joshhlee/me326_ws/src/collaborative_robotics_course/install/me326_project/lib/me326_project/vision_client.py
[1.028s] -- Up-to-date: /home/joshhlee/me326_ws/src/collaborative_robotics_course/install/me326_project/share/me326_project//launch
[1.028s] -- Up-to-date: /home/joshhlee/me326_ws/src/collaborative_robotics_course/install/me326_project/share/me326_project//launch/locobot_moveitpy.launch.py
[1.028s] -- Up-to-date: /home/joshhlee/me326_ws/src/collaborative_robotics_course/install/me326_project/share/me326_project//launch/navigation_test.launch.py
[1.028s] -- Up-to-date: /home/joshhlee/me326_ws/src/collaborative_robotics_course/install/me326_project/share/me326_project//launch/locobot_circle_traj.launch.py
[1.028s] -- Up-to-date: /home/joshhlee/me326_ws/src/collaborative_robotics_course/install/me326_project/share/me326_project//launch/spawn_cube.launch.py
[1.028s] -- Up-to-date: /home/joshhlee/me326_ws/src/collaborative_robotics_course/install/me326_project/share/me326_project//launch/example.launch.xml
[1.028s] -- Up-to-date: /home/joshhlee/me326_ws/src/collaborative_robotics_course/install/me326_project/share/ament_index/resource_index/rosidl_interfaces/me326_project
[1.028s] -- Up-to-date: /home/joshhlee/me326_ws/src/collaborative_robotics_course/install/me326_project/include/me326_project
[1.028s] -- Up-to-date: /home/joshhlee/me326_ws/src/collaborative_robotics_course/install/me326_project/include/me326_project/msg
[1.028s] -- Up-to-date: /home/joshhlee/me326_ws/src/collaborative_robotics_course/install/me326_project/include/me326_project/msg/rosidl_generator_c__visibility_control.h
[1.028s] -- Up-to-date: /home/joshhlee/me326_ws/src/collaborative_robotics_course/install/me326_project/include/me326_project/action
[1.028s] -- Up-to-date: /home/joshhlee/me326_ws/src/collaborative_robotics_course/install/me326_project/include/me326_project/action/detail
[1.028s] -- Up-to-date: /home/joshhlee/me326_ws/src/collaborative_robotics_course/install/me326_project/include/me326_project/action/detail/move_base__struct.h
[1.028s] -- Up-to-date: /home/joshhlee/me326_ws/src/collaborative_robotics_course/install/me326_project/include/me326_project/action/detail/move_base__functions.c
[1.028s] -- Up-to-date: /home/joshhlee/me326_ws/src/collaborative_robotics_course/install/me326_project/include/me326_project/action/detail/move_base__type_support.h
[1.028s] -- Up-to-date: /home/joshhlee/me326_ws/src/collaborative_robotics_course/install/me326_project/include/me326_project/action/detail/move_base__functions.h
[1.028s] -- Up-to-date: /home/joshhlee/me326_ws/src/collaborative_robotics_course/install/me326_project/include/me326_project/action/move_base.h
[1.029s] -- Up-to-date: /home/joshhlee/me326_ws/src/collaborative_robotics_course/install/me326_project/share/me326_project/environment/library_path.sh
[1.029s] -- Up-to-date: /home/joshhlee/me326_ws/src/collaborative_robotics_course/install/me326_project/share/me326_project/environment/library_path.dsv
[1.029s] -- Up-to-date: /home/joshhlee/me326_ws/src/collaborative_robotics_course/install/me326_project/lib/libme326_project__rosidl_generator_c.so
[1.029s] -- Up-to-date: /home/joshhlee/me326_ws/src/collaborative_robotics_course/install/me326_project/include/me326_project
[1.029s] -- Up-to-date: /home/joshhlee/me326_ws/src/collaborative_robotics_course/install/me326_project/include/me326_project/msg
[1.029s] -- Up-to-date: /home/joshhlee/me326_ws/src/collaborative_robotics_course/install/me326_project/include/me326_project/msg/rosidl_typesupport_fastrtps_c__visibility_control.h
[1.029s] -- Up-to-date: /home/joshhlee/me326_ws/src/collaborative_robotics_course/install/me326_project/include/me326_project/action
[1.029s] -- Up-to-date: /home/joshhlee/me326_ws/src/collaborative_robotics_course/install/me326_project/include/me326_project/action/detail
[1.029s] -- Up-to-date: /home/joshhlee/me326_ws/src/collaborative_robotics_course/install/me326_project/include/me326_project/action/detail/move_base__rosidl_typesupport_fastrtps_c.h
[1.029s] -- Up-to-date: /home/joshhlee/me326_ws/src/collaborative_robotics_course/install/me326_project/lib/libme326_project__rosidl_typesupport_fastrtps_c.so
[1.029s] -- Up-to-date: /home/joshhlee/me326_ws/src/collaborative_robotics_course/install/me326_project/include/me326_project
[1.029s] -- Up-to-date: /home/joshhlee/me326_ws/src/collaborative_robotics_course/install/me326_project/include/me326_project/msg
[1.029s] -- Up-to-date: /home/joshhlee/me326_ws/src/collaborative_robotics_course/install/me326_project/include/me326_project/msg/rosidl_typesupport_fastrtps_cpp__visibility_control.h
[1.029s] -- Up-to-date: /home/joshhlee/me326_ws/src/collaborative_robotics_course/install/me326_project/include/me326_project/action
[1.029s] -- Up-to-date: /home/joshhlee/me326_ws/src/collaborative_robotics_course/install/me326_project/include/me326_project/action/detail
[1.029s] -- Up-to-date: /home/joshhlee/me326_ws/src/collaborative_robotics_course/install/me326_project/include/me326_project/action/detail/dds_fastrtps
[1.029s] -- Up-to-date: /home/joshhlee/me326_ws/src/collaborative_robotics_course/install/me326_project/include/me326_project/action/detail/move_base__rosidl_typesupport_fastrtps_cpp.hpp
[1.029s] -- Up-to-date: /home/joshhlee/me326_ws/src/collaborative_robotics_course/install/me326_project/lib/libme326_project__rosidl_typesupport_fastrtps_cpp.so
[1.029s] -- Up-to-date: /home/joshhlee/me326_ws/src/collaborative_robotics_course/install/me326_project/include/me326_project
[1.029s] -- Up-to-date: /home/joshhlee/me326_ws/src/collaborative_robotics_course/install/me326_project/include/me326_project/msg
[1.029s] -- Up-to-date: /home/joshhlee/me326_ws/src/collaborative_robotics_course/install/me326_project/include/me326_project/msg/rosidl_typesupport_introspection_c__visibility_control.h
[1.029s] -- Up-to-date: /home/joshhlee/me326_ws/src/collaborative_robotics_course/install/me326_project/include/me326_project/action
[1.029s] -- Up-to-date: /home/joshhlee/me326_ws/src/collaborative_robotics_course/install/me326_project/include/me326_project/action/detail
[1.030s] -- Up-to-date: /home/joshhlee/me326_ws/src/collaborative_robotics_course/install/me326_project/include/me326_project/action/detail/move_base__rosidl_typesupport_introspection_c.h
[1.030s] -- Up-to-date: /home/joshhlee/me326_ws/src/collaborative_robotics_course/install/me326_project/include/me326_project/action/detail/move_base__type_support.c
[1.030s] -- Up-to-date: /home/joshhlee/me326_ws/src/collaborative_robotics_course/install/me326_project/lib/libme326_project__rosidl_typesupport_introspection_c.so
[1.030s] -- Up-to-date: /home/joshhlee/me326_ws/src/collaborative_robotics_course/install/me326_project/lib/libme326_project__rosidl_typesupport_c.so
[1.030s] -- Up-to-date: /home/joshhlee/me326_ws/src/collaborative_robotics_course/install/me326_project/include/me326_project
[1.030s] -- Up-to-date: /home/joshhlee/me326_ws/src/collaborative_robotics_course/install/me326_project/include/me326_project/action
[1.030s] -- Up-to-date: /home/joshhlee/me326_ws/src/collaborative_robotics_course/install/me326_project/include/me326_project/action/detail
[1.030s] -- Up-to-date: /home/joshhlee/me326_ws/src/collaborative_robotics_course/install/me326_project/include/me326_project/action/detail/move_base__struct.hpp
[1.030s] -- Up-to-date: /home/joshhlee/me326_ws/src/collaborative_robotics_course/install/me326_project/include/me326_project/action/detail/move_base__builder.hpp
[1.030s] -- Up-to-date: /home/joshhlee/me326_ws/src/collaborative_robotics_course/install/me326_project/include/me326_project/action/detail/move_base__traits.hpp
[1.030s] -- Up-to-date: /home/joshhlee/me326_ws/src/collaborative_robotics_course/install/me326_project/include/me326_project/action/move_base.hpp
[1.030s] -- Up-to-date: /home/joshhlee/me326_ws/src/collaborative_robotics_course/install/me326_project/include/me326_project
[1.030s] -- Up-to-date: /home/joshhlee/me326_ws/src/collaborative_robotics_course/install/me326_project/include/me326_project/action
[1.030s] -- Up-to-date: /home/joshhlee/me326_ws/src/collaborative_robotics_course/install/me326_project/include/me326_project/action/detail
[1.030s] -- Up-to-date: /home/joshhlee/me326_ws/src/collaborative_robotics_course/install/me326_project/include/me326_project/action/detail/move_base__type_support.cpp
[1.030s] -- Up-to-date: /home/joshhlee/me326_ws/src/collaborative_robotics_course/install/me326_project/include/me326_project/action/detail/move_base__rosidl_typesupport_introspection_cpp.hpp
[1.030s] -- Up-to-date: /home/joshhlee/me326_ws/src/collaborative_robotics_course/install/me326_project/lib/libme326_project__rosidl_typesupport_introspection_cpp.so
[1.030s] -- Up-to-date: /home/joshhlee/me326_ws/src/collaborative_robotics_course/install/me326_project/lib/libme326_project__rosidl_typesupport_cpp.so
[1.030s] -- Installing: /home/joshhlee/me326_ws/src/collaborative_robotics_course/install/me326_project/lib/python3.8/site-packages/me326_project/__init__.py
[1.055s] Compiling '/home/joshhlee/me326_ws/src/collaborative_robotics_course/install/me326_project/lib/python3.8/site-packages/me326_project/__init__.py'...
[1.058s] -- Up-to-date: /home/joshhlee/me326_ws/src/collaborative_robotics_course/install/me326_project/lib/python3.8/site-packages/me326_project/action
[1.058s] -- Up-to-date: /home/joshhlee/me326_ws/src/collaborative_robotics_course/install/me326_project/lib/python3.8/site-packages/me326_project/action/__init__.py
[1.058s] -- Up-to-date: /home/joshhlee/me326_ws/src/collaborative_robotics_course/install/me326_project/lib/python3.8/site-packages/me326_project/action/_move_base_s.c
[1.058s] -- Up-to-date: /home/joshhlee/me326_ws/src/collaborative_robotics_course/install/me326_project/lib/python3.8/site-packages/me326_project/action/_move_base.py
[1.058s] -- Up-to-date: /home/joshhlee/me326_ws/src/collaborative_robotics_course/install/me326_project/lib/python3.8/site-packages/me326_project/me326_project_s__rosidl_typesupport_fastrtps_c.cpython-38-aarch64-linux-gnu.so
[1.059s] -- Up-to-date: /home/joshhlee/me326_ws/src/collaborative_robotics_course/install/me326_project/lib/python3.8/site-packages/me326_project/me326_project_s__rosidl_typesupport_introspection_c.cpython-38-aarch64-linux-gnu.so
[1.059s] -- Up-to-date: /home/joshhlee/me326_ws/src/collaborative_robotics_course/install/me326_project/lib/python3.8/site-packages/me326_project/me326_project_s__rosidl_typesupport_c.cpython-38-aarch64-linux-gnu.so
[1.060s] -- Up-to-date: /home/joshhlee/me326_ws/src/collaborative_robotics_course/install/me326_project/lib/libme326_project__python.so
[1.060s] -- Up-to-date: /home/joshhlee/me326_ws/src/collaborative_robotics_course/install/me326_project/share/me326_project/action/MoveBase.idl
[1.060s] -- Up-to-date: /home/joshhlee/me326_ws/src/collaborative_robotics_course/install/me326_project/share/me326_project/action/MoveBase.action
[1.060s] -- Up-to-date: /home/joshhlee/me326_ws/src/collaborative_robotics_course/install/me326_project/share/me326_project/model
[1.060s] -- Up-to-date: /home/joshhlee/me326_ws/src/collaborative_robotics_course/install/me326_project/share/me326_project/model/yellow_cube.urdf
[1.060s] -- Up-to-date: /home/joshhlee/me326_ws/src/collaborative_robotics_course/install/me326_project/share/me326_project/model/green_cube.urdf
[1.060s] -- Up-to-date: /home/joshhlee/me326_ws/src/collaborative_robotics_course/install/me326_project/share/me326_project/model/red_cube.urdf
[1.060s] -- Up-to-date: /home/joshhlee/me326_ws/src/collaborative_robotics_course/install/me326_project/share/me326_project/model/blue_cube.urdf
[1.060s] -- Up-to-date: /home/joshhlee/me326_ws/src/collaborative_robotics_course/install/me326_project/share/ament_index/resource_index/package_run_dependencies/me326_project
[1.060s] -- Up-to-date: /home/joshhlee/me326_ws/src/collaborative_robotics_course/install/me326_project/share/ament_index/resource_index/parent_prefix_path/me326_project
[1.060s] -- Up-to-date: /home/joshhlee/me326_ws/src/collaborative_robotics_course/install/me326_project/share/me326_project/environment/ament_prefix_path.sh
[1.060s] -- Up-to-date: /home/joshhlee/me326_ws/src/collaborative_robotics_course/install/me326_project/share/me326_project/environment/ament_prefix_path.dsv
[1.060s] -- Up-to-date: /home/joshhlee/me326_ws/src/collaborative_robotics_course/install/me326_project/share/me326_project/environment/path.sh
[1.060s] -- Up-to-date: /home/joshhlee/me326_ws/src/collaborative_robotics_course/install/me326_project/share/me326_project/environment/path.dsv
[1.060s] -- Up-to-date: /home/joshhlee/me326_ws/src/collaborative_robotics_course/install/me326_project/share/me326_project/local_setup.bash
[1.060s] -- Up-to-date: /home/joshhlee/me326_ws/src/collaborative_robotics_course/install/me326_project/share/me326_project/local_setup.sh
[1.061s] -- Up-to-date: /home/joshhlee/me326_ws/src/collaborative_robotics_course/install/me326_project/share/me326_project/local_setup.zsh
[1.061s] -- Up-to-date: /home/joshhlee/me326_ws/src/collaborative_robotics_course/install/me326_project/share/me326_project/local_setup.dsv
[1.061s] -- Installing: /home/joshhlee/me326_ws/src/collaborative_robotics_course/install/me326_project/share/me326_project/package.dsv
[1.061s] -- Up-to-date: /home/joshhlee/me326_ws/src/collaborative_robotics_course/install/me326_project/share/ament_index/resource_index/packages/me326_project
[1.061s] -- Up-to-date: /home/joshhlee/me326_ws/src/collaborative_robotics_course/install/me326_project/share/me326_project/cmake/me326_project__rosidl_generator_cExport.cmake
[1.061s] -- Up-to-date: /home/joshhlee/me326_ws/src/collaborative_robotics_course/install/me326_project/share/me326_project/cmake/me326_project__rosidl_generator_cExport-noconfig.cmake
[1.061s] -- Up-to-date: /home/joshhlee/me326_ws/src/collaborative_robotics_course/install/me326_project/share/me326_project/cmake/me326_project__rosidl_typesupport_introspection_cExport.cmake
[1.061s] -- Up-to-date: /home/joshhlee/me326_ws/src/collaborative_robotics_course/install/me326_project/share/me326_project/cmake/me326_project__rosidl_typesupport_introspection_cExport-noconfig.cmake
[1.061s] -- Up-to-date: /home/joshhlee/me326_ws/src/collaborative_robotics_course/install/me326_project/share/me326_project/cmake/me326_project__rosidl_typesupport_cExport.cmake
[1.061s] -- Up-to-date: /home/joshhlee/me326_ws/src/collaborative_robotics_course/install/me326_project/share/me326_project/cmake/me326_project__rosidl_typesupport_cExport-noconfig.cmake
[1.061s] -- Up-to-date: /home/joshhlee/me326_ws/src/collaborative_robotics_course/install/me326_project/share/me326_project/cmake/me326_project__rosidl_generator_cppExport.cmake
[1.061s] -- Up-to-date: /home/joshhlee/me326_ws/src/collaborative_robotics_course/install/me326_project/share/me326_project/cmake/me326_project__rosidl_typesupport_introspection_cppExport.cmake
[1.061s] -- Up-to-date: /home/joshhlee/me326_ws/src/collaborative_robotics_course/install/me326_project/share/me326_project/cmake/me326_project__rosidl_typesupport_introspection_cppExport-noconfig.cmake
[1.061s] -- Up-to-date: /home/joshhlee/me326_ws/src/collaborative_robotics_course/install/me326_project/share/me326_project/cmake/me326_project__rosidl_typesupport_cppExport.cmake
[1.062s] -- Up-to-date: /home/joshhlee/me326_ws/src/collaborative_robotics_course/install/me326_project/share/me326_project/cmake/me326_project__rosidl_typesupport_cppExport-noconfig.cmake
[1.062s] -- Up-to-date: /home/joshhlee/me326_ws/src/collaborative_robotics_course/install/me326_project/share/me326_project/cmake/rosidl_cmake-extras.cmake
[1.062s] -- Up-to-date: /home/joshhlee/me326_ws/src/collaborative_robotics_course/install/me326_project/share/me326_project/cmake/ament_cmake_export_dependencies-extras.cmake
[1.062s] -- Up-to-date: /home/joshhlee/me326_ws/src/collaborative_robotics_course/install/me326_project/share/me326_project/cmake/ament_cmake_export_libraries-extras.cmake
[1.062s] -- Up-to-date: /home/joshhlee/me326_ws/src/collaborative_robotics_course/install/me326_project/share/me326_project/cmake/ament_cmake_export_targets-extras.cmake
[1.062s] -- Up-to-date: /home/joshhlee/me326_ws/src/collaborative_robotics_course/install/me326_project/share/me326_project/cmake/ament_cmake_export_include_directories-extras.cmake
[1.062s] -- Up-to-date: /home/joshhlee/me326_ws/src/collaborative_robotics_course/install/me326_project/share/me326_project/cmake/rosidl_cmake_export_typesupport_libraries-extras.cmake
[1.062s] -- Up-to-date: /home/joshhlee/me326_ws/src/collaborative_robotics_course/install/me326_project/share/me326_project/cmake/rosidl_cmake_export_typesupport_targets-extras.cmake
[1.062s] -- Up-to-date: /home/joshhlee/me326_ws/src/collaborative_robotics_course/install/me326_project/share/me326_project/cmake/me326_projectConfig.cmake
[1.062s] -- Up-to-date: /home/joshhlee/me326_ws/src/collaborative_robotics_course/install/me326_project/share/me326_project/cmake/me326_projectConfig-version.cmake
[1.062s] -- Up-to-date: /home/joshhlee/me326_ws/src/collaborative_robotics_course/install/me326_project/share/me326_project/package.xml
[1.322s] Invoked command in '/home/joshhlee/me326_ws/src/collaborative_robotics_course/build/me326_project' returned '0': CMAKE_PREFIX_PATH=${CMAKE_PREFIX_PATH}:/home/joshhlee/interbotix_ws/install/interbotix_xs_modules:/home/joshhlee/interbotix_ws/install/interbotix_perception_modules:/home/joshhlee/interbotix_ws/install/interbotix_common_modules:/opt/ros/galactic /usr/bin/cmake --install /home/joshhlee/me326_ws/src/collaborative_robotics_course/build/me326_project
