[  2%] Built target la_msgs__cpp
[ 12%] Built target la_msgs__rosidl_generator_c
[ 23%] Built target la_msgs__rosidl_typesupport_introspection_cpp
[ 33%] Built target la_msgs__rosidl_typesupport_cpp
[ 43%] Built target la_msgs__rosidl_typesupport_c
[ 53%] Built target la_msgs__rosidl_typesupport_fastrtps_cpp
[ 64%] Built target la_msgs__rosidl_typesupport_introspection_c
[ 74%] Built target la_msgs__rosidl_typesupport_fastrtps_c
[ 74%] Built target la_msgs
[ 76%] Built target la_msgs__py
[ 84%] Built target la_msgs__python
[ 89%] Built target la_msgs__rosidl_typesupport_c__pyext
[ 94%] Built target la_msgs__rosidl_typesupport_introspection_c__pyext
[100%] Built target la_msgs__rosidl_typesupport_fastrtps_c__pyext
-- Install configuration: ""
-- Up-to-date: /home/joshhlee/me326_ws/src/collaborative_robotics_course/install/la_msgs/share/ament_index/resource_index/rosidl_interfaces/la_msgs
-- Up-to-date: /home/joshhlee/me326_ws/src/collaborative_robotics_course/install/la_msgs/include/la_msgs
-- Up-to-date: /home/joshhlee/me326_ws/src/collaborative_robotics_course/install/la_msgs/include/la_msgs/msg
-- Up-to-date: /home/joshhlee/me326_ws/src/collaborative_robotics_course/install/la_msgs/include/la_msgs/msg/rosidl_generator_c__visibility_control.h
-- Up-to-date: /home/joshhlee/me326_ws/src/collaborative_robotics_course/install/la_msgs/include/la_msgs/srv
-- Up-to-date: /home/joshhlee/me326_ws/src/collaborative_robotics_course/install/la_msgs/include/la_msgs/srv/detail
-- Up-to-date: /home/joshhlee/me326_ws/src/collaborative_robotics_course/install/la_msgs/include/la_msgs/srv/detail/ptps__struct.h
-- Up-to-date: /home/joshhlee/me326_ws/src/collaborative_robotics_course/install/la_msgs/include/la_msgs/srv/detail/ptps__functions.c
-- Up-to-date: /home/joshhlee/me326_ws/src/collaborative_robotics_course/install/la_msgs/include/la_msgs/srv/detail/ptps__type_support.h
-- Up-to-date: /home/joshhlee/me326_ws/src/collaborative_robotics_course/install/la_msgs/include/la_msgs/srv/detail/ptps__functions.h
-- Up-to-date: /home/joshhlee/me326_ws/src/collaborative_robotics_course/install/la_msgs/include/la_msgs/srv/ptps.h
-- Up-to-date: /home/joshhlee/me326_ws/src/collaborative_robotics_course/install/la_msgs/include/la_msgs/action
-- Up-to-date: /home/joshhlee/me326_ws/src/collaborative_robotics_course/install/la_msgs/include/la_msgs/action/detail
-- Up-to-date: /home/joshhlee/me326_ws/src/collaborative_robotics_course/install/la_msgs/include/la_msgs/action/detail/move_base__struct.h
-- Up-to-date: /home/joshhlee/me326_ws/src/collaborative_robotics_course/install/la_msgs/include/la_msgs/action/detail/move_base__functions.c
-- Up-to-date: /home/joshhlee/me326_ws/src/collaborative_robotics_course/install/la_msgs/include/la_msgs/action/detail/move_base__type_support.h
-- Up-to-date: /home/joshhlee/me326_ws/src/collaborative_robotics_course/install/la_msgs/include/la_msgs/action/detail/move_base__functions.h
-- Up-to-date: /home/joshhlee/me326_ws/src/collaborative_robotics_course/install/la_msgs/include/la_msgs/action/move_base.h
-- Up-to-date: /home/joshhlee/me326_ws/src/collaborative_robotics_course/install/la_msgs/share/la_msgs/environment/library_path.sh
-- Up-to-date: /home/joshhlee/me326_ws/src/collaborative_robotics_course/install/la_msgs/share/la_msgs/environment/library_path.dsv
-- Up-to-date: /home/joshhlee/me326_ws/src/collaborative_robotics_course/install/la_msgs/lib/libla_msgs__rosidl_generator_c.so
-- Up-to-date: /home/joshhlee/me326_ws/src/collaborative_robotics_course/install/la_msgs/include/la_msgs
-- Up-to-date: /home/joshhlee/me326_ws/src/collaborative_robotics_course/install/la_msgs/include/la_msgs/msg
-- Up-to-date: /home/joshhlee/me326_ws/src/collaborative_robotics_course/install/la_msgs/include/la_msgs/msg/rosidl_typesupport_fastrtps_c__visibility_control.h
-- Up-to-date: /home/joshhlee/me326_ws/src/collaborative_robotics_course/install/la_msgs/include/la_msgs/srv
-- Up-to-date: /home/joshhlee/me326_ws/src/collaborative_robotics_course/install/la_msgs/include/la_msgs/srv/detail
-- Up-to-date: /home/joshhlee/me326_ws/src/collaborative_robotics_course/install/la_msgs/include/la_msgs/srv/detail/ptps__rosidl_typesupport_fastrtps_c.h
-- Up-to-date: /home/joshhlee/me326_ws/src/collaborative_robotics_course/install/la_msgs/include/la_msgs/action
-- Up-to-date: /home/joshhlee/me326_ws/src/collaborative_robotics_course/install/la_msgs/include/la_msgs/action/detail
-- Up-to-date: /home/joshhlee/me326_ws/src/collaborative_robotics_course/install/la_msgs/include/la_msgs/action/detail/move_base__rosidl_typesupport_fastrtps_c.h
-- Up-to-date: /home/joshhlee/me326_ws/src/collaborative_robotics_course/install/la_msgs/lib/libla_msgs__rosidl_typesupport_fastrtps_c.so
-- Up-to-date: /home/joshhlee/me326_ws/src/collaborative_robotics_course/install/la_msgs/include/la_msgs
-- Up-to-date: /home/joshhlee/me326_ws/src/collaborative_robotics_course/install/la_msgs/include/la_msgs/msg
-- Up-to-date: /home/joshhlee/me326_ws/src/collaborative_robotics_course/install/la_msgs/include/la_msgs/msg/rosidl_typesupport_fastrtps_cpp__visibility_control.h
-- Up-to-date: /home/joshhlee/me326_ws/src/collaborative_robotics_course/install/la_msgs/include/la_msgs/srv
-- Up-to-date: /home/joshhlee/me326_ws/src/collaborative_robotics_course/install/la_msgs/include/la_msgs/srv/detail
-- Up-to-date: /home/joshhlee/me326_ws/src/collaborative_robotics_course/install/la_msgs/include/la_msgs/srv/detail/ptps__rosidl_typesupport_fastrtps_cpp.hpp
-- Up-to-date: /home/joshhlee/me326_ws/src/collaborative_robotics_course/install/la_msgs/include/la_msgs/srv/detail/dds_fastrtps
-- Up-to-date: /home/joshhlee/me326_ws/src/collaborative_robotics_course/install/la_msgs/include/la_msgs/action
-- Up-to-date: /home/joshhlee/me326_ws/src/collaborative_robotics_course/install/la_msgs/include/la_msgs/action/detail
-- Up-to-date: /home/joshhlee/me326_ws/src/collaborative_robotics_course/install/la_msgs/include/la_msgs/action/detail/dds_fastrtps
-- Up-to-date: /home/joshhlee/me326_ws/src/collaborative_robotics_course/install/la_msgs/include/la_msgs/action/detail/move_base__rosidl_typesupport_fastrtps_cpp.hpp
-- Up-to-date: /home/joshhlee/me326_ws/src/collaborative_robotics_course/install/la_msgs/lib/libla_msgs__rosidl_typesupport_fastrtps_cpp.so
-- Up-to-date: /home/joshhlee/me326_ws/src/collaborative_robotics_course/install/la_msgs/include/la_msgs
-- Up-to-date: /home/joshhlee/me326_ws/src/collaborative_robotics_course/install/la_msgs/include/la_msgs/msg
-- Up-to-date: /home/joshhlee/me326_ws/src/collaborative_robotics_course/install/la_msgs/include/la_msgs/msg/rosidl_typesupport_introspection_c__visibility_control.h
-- Up-to-date: /home/joshhlee/me326_ws/src/collaborative_robotics_course/install/la_msgs/include/la_msgs/srv
-- Up-to-date: /home/joshhlee/me326_ws/src/collaborative_robotics_course/install/la_msgs/include/la_msgs/srv/detail
-- Up-to-date: /home/joshhlee/me326_ws/src/collaborative_robotics_course/install/la_msgs/include/la_msgs/srv/detail/ptps__type_support.c
-- Up-to-date: /home/joshhlee/me326_ws/src/collaborative_robotics_course/install/la_msgs/include/la_msgs/srv/detail/ptps__rosidl_typesupport_introspection_c.h
-- Up-to-date: /home/joshhlee/me326_ws/src/collaborative_robotics_course/install/la_msgs/include/la_msgs/action
-- Up-to-date: /home/joshhlee/me326_ws/src/collaborative_robotics_course/install/la_msgs/include/la_msgs/action/detail
-- Up-to-date: /home/joshhlee/me326_ws/src/collaborative_robotics_course/install/la_msgs/include/la_msgs/action/detail/move_base__rosidl_typesupport_introspection_c.h
-- Up-to-date: /home/joshhlee/me326_ws/src/collaborative_robotics_course/install/la_msgs/include/la_msgs/action/detail/move_base__type_support.c
-- Up-to-date: /home/joshhlee/me326_ws/src/collaborative_robotics_course/install/la_msgs/lib/libla_msgs__rosidl_typesupport_introspection_c.so
-- Up-to-date: /home/joshhlee/me326_ws/src/collaborative_robotics_course/install/la_msgs/lib/libla_msgs__rosidl_typesupport_c.so
-- Up-to-date: /home/joshhlee/me326_ws/src/collaborative_robotics_course/install/la_msgs/include/la_msgs
-- Up-to-date: /home/joshhlee/me326_ws/src/collaborative_robotics_course/install/la_msgs/include/la_msgs/srv
-- Up-to-date: /home/joshhlee/me326_ws/src/collaborative_robotics_course/install/la_msgs/include/la_msgs/srv/detail
-- Up-to-date: /home/joshhlee/me326_ws/src/collaborative_robotics_course/install/la_msgs/include/la_msgs/srv/detail/ptps__builder.hpp
-- Up-to-date: /home/joshhlee/me326_ws/src/collaborative_robotics_course/install/la_msgs/include/la_msgs/srv/detail/ptps__struct.hpp
-- Up-to-date: /home/joshhlee/me326_ws/src/collaborative_robotics_course/install/la_msgs/include/la_msgs/srv/detail/ptps__traits.hpp
-- Up-to-date: /home/joshhlee/me326_ws/src/collaborative_robotics_course/install/la_msgs/include/la_msgs/srv/ptps.hpp
-- Up-to-date: /home/joshhlee/me326_ws/src/collaborative_robotics_course/install/la_msgs/include/la_msgs/action
-- Up-to-date: /home/joshhlee/me326_ws/src/collaborative_robotics_course/install/la_msgs/include/la_msgs/action/detail
-- Up-to-date: /home/joshhlee/me326_ws/src/collaborative_robotics_course/install/la_msgs/include/la_msgs/action/detail/move_base__struct.hpp
-- Up-to-date: /home/joshhlee/me326_ws/src/collaborative_robotics_course/install/la_msgs/include/la_msgs/action/detail/move_base__builder.hpp
-- Up-to-date: /home/joshhlee/me326_ws/src/collaborative_robotics_course/install/la_msgs/include/la_msgs/action/detail/move_base__traits.hpp
-- Up-to-date: /home/joshhlee/me326_ws/src/collaborative_robotics_course/install/la_msgs/include/la_msgs/action/move_base.hpp
-- Up-to-date: /home/joshhlee/me326_ws/src/collaborative_robotics_course/install/la_msgs/include/la_msgs
-- Up-to-date: /home/joshhlee/me326_ws/src/collaborative_robotics_course/install/la_msgs/include/la_msgs/srv
-- Up-to-date: /home/joshhlee/me326_ws/src/collaborative_robotics_course/install/la_msgs/include/la_msgs/srv/detail
-- Up-to-date: /home/joshhlee/me326_ws/src/collaborative_robotics_course/install/la_msgs/include/la_msgs/srv/detail/ptps__rosidl_typesupport_introspection_cpp.hpp
-- Up-to-date: /home/joshhlee/me326_ws/src/collaborative_robotics_course/install/la_msgs/include/la_msgs/srv/detail/ptps__type_support.cpp
-- Up-to-date: /home/joshhlee/me326_ws/src/collaborative_robotics_course/install/la_msgs/include/la_msgs/action
-- Up-to-date: /home/joshhlee/me326_ws/src/collaborative_robotics_course/install/la_msgs/include/la_msgs/action/detail
-- Up-to-date: /home/joshhlee/me326_ws/src/collaborative_robotics_course/install/la_msgs/include/la_msgs/action/detail/move_base__type_support.cpp
-- Up-to-date: /home/joshhlee/me326_ws/src/collaborative_robotics_course/install/la_msgs/include/la_msgs/action/detail/move_base__rosidl_typesupport_introspection_cpp.hpp
-- Up-to-date: /home/joshhlee/me326_ws/src/collaborative_robotics_course/install/la_msgs/lib/libla_msgs__rosidl_typesupport_introspection_cpp.so
-- Up-to-date: /home/joshhlee/me326_ws/src/collaborative_robotics_course/install/la_msgs/lib/libla_msgs__rosidl_typesupport_cpp.so
-- Up-to-date: /home/joshhlee/me326_ws/src/collaborative_robotics_course/install/la_msgs/share/la_msgs/environment/pythonpath.sh
-- Up-to-date: /home/joshhlee/me326_ws/src/collaborative_robotics_course/install/la_msgs/share/la_msgs/environment/pythonpath.dsv
-- Up-to-date: /home/joshhlee/me326_ws/src/collaborative_robotics_course/install/la_msgs/lib/python3.8/site-packages/la_msgs/__init__.py
-- Up-to-date: /home/joshhlee/me326_ws/src/collaborative_robotics_course/install/la_msgs/lib/python3.8/site-packages/la_msgs/action
-- Up-to-date: /home/joshhlee/me326_ws/src/collaborative_robotics_course/install/la_msgs/lib/python3.8/site-packages/la_msgs/action/__init__.py
-- Up-to-date: /home/joshhlee/me326_ws/src/collaborative_robotics_course/install/la_msgs/lib/python3.8/site-packages/la_msgs/action/_move_base_s.c
-- Up-to-date: /home/joshhlee/me326_ws/src/collaborative_robotics_course/install/la_msgs/lib/python3.8/site-packages/la_msgs/action/_move_base.py
-- Up-to-date: /home/joshhlee/me326_ws/src/collaborative_robotics_course/install/la_msgs/lib/python3.8/site-packages/la_msgs/srv
-- Up-to-date: /home/joshhlee/me326_ws/src/collaborative_robotics_course/install/la_msgs/lib/python3.8/site-packages/la_msgs/srv/__init__.py
-- Up-to-date: /home/joshhlee/me326_ws/src/collaborative_robotics_course/install/la_msgs/lib/python3.8/site-packages/la_msgs/srv/_ptps_s.c
-- Up-to-date: /home/joshhlee/me326_ws/src/collaborative_robotics_course/install/la_msgs/lib/python3.8/site-packages/la_msgs/srv/_ptps.py
-- Up-to-date: /home/joshhlee/me326_ws/src/collaborative_robotics_course/install/la_msgs/lib/python3.8/site-packages/la_msgs/la_msgs_s__rosidl_typesupport_fastrtps_c.cpython-38-aarch64-linux-gnu.so
-- Up-to-date: /home/joshhlee/me326_ws/src/collaborative_robotics_course/install/la_msgs/lib/python3.8/site-packages/la_msgs/la_msgs_s__rosidl_typesupport_introspection_c.cpython-38-aarch64-linux-gnu.so
-- Up-to-date: /home/joshhlee/me326_ws/src/collaborative_robotics_course/install/la_msgs/lib/python3.8/site-packages/la_msgs/la_msgs_s__rosidl_typesupport_c.cpython-38-aarch64-linux-gnu.so
-- Up-to-date: /home/joshhlee/me326_ws/src/collaborative_robotics_course/install/la_msgs/lib/libla_msgs__python.so
-- Up-to-date: /home/joshhlee/me326_ws/src/collaborative_robotics_course/install/la_msgs/share/la_msgs/action/MoveBase.idl
-- Up-to-date: /home/joshhlee/me326_ws/src/collaborative_robotics_course/install/la_msgs/share/la_msgs/srv/Ptps.idl
-- Up-to-date: /home/joshhlee/me326_ws/src/collaborative_robotics_course/install/la_msgs/share/la_msgs/action/MoveBase.action
-- Up-to-date: /home/joshhlee/me326_ws/src/collaborative_robotics_course/install/la_msgs/share/la_msgs/srv/Ptps.srv
-- Up-to-date: /home/joshhlee/me326_ws/src/collaborative_robotics_course/install/la_msgs/share/la_msgs/srv/Ptps_Request.msg
-- Up-to-date: /home/joshhlee/me326_ws/src/collaborative_robotics_course/install/la_msgs/share/la_msgs/srv/Ptps_Response.msg
-- Up-to-date: /home/joshhlee/me326_ws/src/collaborative_robotics_course/install/la_msgs/share/ament_index/resource_index/package_run_dependencies/la_msgs
-- Up-to-date: /home/joshhlee/me326_ws/src/collaborative_robotics_course/install/la_msgs/share/ament_index/resource_index/parent_prefix_path/la_msgs
-- Up-to-date: /home/joshhlee/me326_ws/src/collaborative_robotics_course/install/la_msgs/share/la_msgs/environment/ament_prefix_path.sh
-- Up-to-date: /home/joshhlee/me326_ws/src/collaborative_robotics_course/install/la_msgs/share/la_msgs/environment/ament_prefix_path.dsv
-- Up-to-date: /home/joshhlee/me326_ws/src/collaborative_robotics_course/install/la_msgs/share/la_msgs/environment/path.sh
-- Up-to-date: /home/joshhlee/me326_ws/src/collaborative_robotics_course/install/la_msgs/share/la_msgs/environment/path.dsv
-- Up-to-date: /home/joshhlee/me326_ws/src/collaborative_robotics_course/install/la_msgs/share/la_msgs/local_setup.bash
-- Up-to-date: /home/joshhlee/me326_ws/src/collaborative_robotics_course/install/la_msgs/share/la_msgs/local_setup.sh
-- Up-to-date: /home/joshhlee/me326_ws/src/collaborative_robotics_course/install/la_msgs/share/la_msgs/local_setup.zsh
-- Up-to-date: /home/joshhlee/me326_ws/src/collaborative_robotics_course/install/la_msgs/share/la_msgs/local_setup.dsv
-- Installing: /home/joshhlee/me326_ws/src/collaborative_robotics_course/install/la_msgs/share/la_msgs/package.dsv
-- Up-to-date: /home/joshhlee/me326_ws/src/collaborative_robotics_course/install/la_msgs/share/ament_index/resource_index/packages/la_msgs
-- Up-to-date: /home/joshhlee/me326_ws/src/collaborative_robotics_course/install/la_msgs/share/la_msgs/cmake/la_msgs__rosidl_generator_cExport.cmake
-- Up-to-date: /home/joshhlee/me326_ws/src/collaborative_robotics_course/install/la_msgs/share/la_msgs/cmake/la_msgs__rosidl_generator_cExport-noconfig.cmake
-- Up-to-date: /home/joshhlee/me326_ws/src/collaborative_robotics_course/install/la_msgs/share/la_msgs/cmake/la_msgs__rosidl_typesupport_introspection_cExport.cmake
-- Up-to-date: /home/joshhlee/me326_ws/src/collaborative_robotics_course/install/la_msgs/share/la_msgs/cmake/la_msgs__rosidl_typesupport_introspection_cExport-noconfig.cmake
-- Up-to-date: /home/joshhlee/me326_ws/src/collaborative_robotics_course/install/la_msgs/share/la_msgs/cmake/la_msgs__rosidl_typesupport_cExport.cmake
-- Up-to-date: /home/joshhlee/me326_ws/src/collaborative_robotics_course/install/la_msgs/share/la_msgs/cmake/la_msgs__rosidl_typesupport_cExport-noconfig.cmake
-- Up-to-date: /home/joshhlee/me326_ws/src/collaborative_robotics_course/install/la_msgs/share/la_msgs/cmake/la_msgs__rosidl_generator_cppExport.cmake
-- Up-to-date: /home/joshhlee/me326_ws/src/collaborative_robotics_course/install/la_msgs/share/la_msgs/cmake/la_msgs__rosidl_typesupport_introspection_cppExport.cmake
-- Up-to-date: /home/joshhlee/me326_ws/src/collaborative_robotics_course/install/la_msgs/share/la_msgs/cmake/la_msgs__rosidl_typesupport_introspection_cppExport-noconfig.cmake
-- Up-to-date: /home/joshhlee/me326_ws/src/collaborative_robotics_course/install/la_msgs/share/la_msgs/cmake/la_msgs__rosidl_typesupport_cppExport.cmake
-- Up-to-date: /home/joshhlee/me326_ws/src/collaborative_robotics_course/install/la_msgs/share/la_msgs/cmake/la_msgs__rosidl_typesupport_cppExport-noconfig.cmake
-- Up-to-date: /home/joshhlee/me326_ws/src/collaborative_robotics_course/install/la_msgs/share/la_msgs/cmake/rosidl_cmake-extras.cmake
-- Up-to-date: /home/joshhlee/me326_ws/src/collaborative_robotics_course/install/la_msgs/share/la_msgs/cmake/ament_cmake_export_dependencies-extras.cmake
-- Up-to-date: /home/joshhlee/me326_ws/src/collaborative_robotics_course/install/la_msgs/share/la_msgs/cmake/ament_cmake_export_libraries-extras.cmake
-- Up-to-date: /home/joshhlee/me326_ws/src/collaborative_robotics_course/install/la_msgs/share/la_msgs/cmake/ament_cmake_export_targets-extras.cmake
-- Up-to-date: /home/joshhlee/me326_ws/src/collaborative_robotics_course/install/la_msgs/share/la_msgs/cmake/ament_cmake_export_include_directories-extras.cmake
-- Up-to-date: /home/joshhlee/me326_ws/src/collaborative_robotics_course/install/la_msgs/share/la_msgs/cmake/rosidl_cmake_export_typesupport_libraries-extras.cmake
-- Up-to-date: /home/joshhlee/me326_ws/src/collaborative_robotics_course/install/la_msgs/share/la_msgs/cmake/rosidl_cmake_export_typesupport_targets-extras.cmake
-- Up-to-date: /home/joshhlee/me326_ws/src/collaborative_robotics_course/install/la_msgs/share/la_msgs/cmake/la_msgsConfig.cmake
-- Up-to-date: /home/joshhlee/me326_ws/src/collaborative_robotics_course/install/la_msgs/share/la_msgs/cmake/la_msgsConfig-version.cmake
-- Up-to-date: /home/joshhlee/me326_ws/src/collaborative_robotics_course/install/la_msgs/share/la_msgs/package.xml
