[0.315s] Invoking command in '/home/joshhlee/me326_ws/src/collaborative_robotics_course/build/locobot_autonomy': AMENT_PREFIX_PATH=/home/joshhlee/me326_ws/src/collaborative_robotics_course/install/la_msgs:${AMENT_PREFIX_PATH} CMAKE_PREFIX_PATH=/home/joshhlee/me326_ws/src/collaborative_robotics_course/install/la_msgs:/home/joshhlee/me326_ws/install/me326_project:/home/joshhlee/me326_ws/install/me326_locobot_example:/home/joshhlee/MK3_ws/src/install/locobot_autonomy:/home/joshhlee/MK3_ws/src/install/la_msgs:/home/joshhlee/interbotix_ws/install/interbotix_moveit_interface:/home/joshhlee/interbotix_ws/install/moveit_visual_tools:/home/joshhlee/interbotix_ws/install/interbotix_xslocobot_ros_control:/home/joshhlee/interbotix_ws/install/interbotix_xslocobot_sim:/home/joshhlee/interbotix_ws/install/interbotix_xslocobot_nav:/home/joshhlee/interbotix_ws/install/interbotix_xslocobot_control:/home/joshhlee/interbotix_ws/install/interbotix_xslocobot_descriptions:/home/joshhlee/interbotix_ws/install/interbotix_xs_toolbox:/home/joshhlee/interbotix_ws/install/interbotix_xs_rviz:/home/joshhlee/interbotix_ws/install/interbotix_xs_ros_control:/home/joshhlee/interbotix_ws/install/interbotix_perception_toolbox:/home/joshhlee/interbotix_ws/install/interbotix_perception_pipelines:/home/joshhlee/interbotix_ws/install/interbotix_xs_msgs:/home/joshhlee/interbotix_ws/install/interbotix_tf_tools:/home/joshhlee/interbotix_ws/install/interbotix_perception_msgs:/home/joshhlee/interbotix_ws/install/interbotix_moveit_interface_msgs:/home/joshhlee/interbotix_ws/install/interbotix_common_toolbox:/home/joshhlee/interbotix_ws/install/interbotix_common_sim:/home/joshhlee/interbotix_ws/install/interbotix_xs_modules:/home/joshhlee/interbotix_ws/install/interbotix_perception_modules:/home/joshhlee/interbotix_ws/install/interbotix_common_modules:/opt/ros/galactic LD_LIBRARY_PATH=/home/joshhlee/me326_ws/src/collaborative_robotics_course/install/la_msgs/lib:/home/joshhlee/me326_ws/install/me326_project/lib:/home/joshhlee/MK3_ws/src/install/locobot_autonomy/lib:/home/joshhlee/MK3_ws/src/install/la_msgs/lib:/home/joshhlee/interbotix_ws/install/moveit_visual_tools/lib:/home/joshhlee/interbotix_ws/install/interbotix_xs_rviz/lib:/home/joshhlee/interbotix_ws/install/interbotix_xs_ros_control/lib:/home/joshhlee/interbotix_ws/install/interbotix_xs_msgs/lib:/home/joshhlee/interbotix_ws/install/interbotix_tf_tools/lib:/home/joshhlee/interbotix_ws/install/interbotix_perception_msgs/lib:/home/joshhlee/interbotix_ws/install/interbotix_moveit_interface_msgs/lib:/usr/lib/aarch64-linux-gnu/gazebo-11/plugins:/opt/ros/galactic/opt/yaml_cpp_vendor/lib:/opt/ros/galactic/opt/rviz_ogre_vendor/lib:/opt/ros/galactic/lib/aarch64-linux-gnu:/opt/ros/galactic/lib:/usr/share/gazebo/../../lib/aarch64-linux-gnu/gazebo-11/plugins PYTHONPATH=/home/joshhlee/me326_ws/src/collaborative_robotics_course/install/la_msgs/lib/python3.8/site-packages:${PYTHONPATH} /usr/bin/cmake /home/joshhlee/me326_ws/src/collaborative_robotics_course/locobot_autonomy -DCMAKE_INSTALL_PREFIX=/home/joshhlee/me326_ws/src/collaborative_robotics_course/install/locobot_autonomy
[0.351s] -- The C compiler identification is GNU 9.4.0
[0.387s] -- The CXX compiler identification is GNU 9.4.0
[0.390s] -- Check for working C compiler: /usr/bin/cc
[0.434s] -- Check for working C compiler: /usr/bin/cc -- works
[0.435s] -- Detecting C compiler ABI info
[0.479s] -- Detecting C compiler ABI info - done
[0.486s] -- Detecting C compile features
[0.486s] -- Detecting C compile features - done
[0.488s] -- Check for working CXX compiler: /usr/bin/c++
[0.542s] -- Check for working CXX compiler: /usr/bin/c++ -- works
[0.542s] -- Detecting CXX compiler ABI info
[0.588s] -- Detecting CXX compiler ABI info - done
[0.595s] -- Detecting CXX compile features
[0.595s] -- Detecting CXX compile features - done
[0.598s] -- Found ament_cmake: 1.1.6 (/opt/ros/galactic/share/ament_cmake/cmake)
[0.621s] -- Found PythonInterp: /usr/bin/python3 (found suitable version "3.8.10", minimum required is "3") 
[0.621s] -- Using PYTHON_EXECUTABLE: /usr/bin/python3
[0.684s] -- Found rclcpp: 9.2.2 (/opt/ros/galactic/share/rclcpp/cmake)
[0.733s] -- Using all available rosidl_typesupport_c: rosidl_typesupport_fastrtps_c;rosidl_typesupport_introspection_c
[0.741s] -- Found rosidl_adapter: 2.2.3 (/opt/ros/galactic/share/rosidl_adapter/cmake)
[0.802s] -- Found OpenSSL: /usr/lib/aarch64-linux-gnu/libcrypto.so (found version "1.1.1f")  
[0.827s] -- Found FastRTPS: /opt/ros/galactic/include  
[0.892s] -- Using all available rosidl_typesupport_cpp: rosidl_typesupport_fastrtps_cpp;rosidl_typesupport_introspection_cpp
[0.942s] -- Found rmw_implementation_cmake: 3.3.1 (/opt/ros/galactic/share/rmw_implementation_cmake/cmake)
[0.946s] -- Found rmw_cyclonedds_cpp: 0.22.6 (/opt/ros/galactic/share/rmw_cyclonedds_cpp/cmake)
[0.961s] -- Using RMW implementation 'rmw_cyclonedds_cpp' as default
[0.961s] -- Looking for pthread.h
[1.013s] -- Looking for pthread.h - found
[1.013s] -- Performing Test CMAKE_HAVE_LIBC_PTHREAD
[1.066s] -- Performing Test CMAKE_HAVE_LIBC_PTHREAD - Failed
[1.066s] -- Looking for pthread_create in pthreads
[1.119s] -- Looking for pthread_create in pthreads - not found
[1.119s] -- Looking for pthread_create in pthread
[1.164s] -- Looking for pthread_create in pthread - found
[1.164s] -- Found Threads: TRUE  
[1.277s] -- Found rclpy: 1.9.3 (/opt/ros/galactic/share/rclpy/cmake)
[1.279s] -- Found geometry_msgs: 2.2.4 (/opt/ros/galactic/share/geometry_msgs/cmake)
[1.305s] -- Found nav_msgs: 2.2.4 (/opt/ros/galactic/share/nav_msgs/cmake)
[1.362s] -- Found visualization_msgs: 2.2.4 (/opt/ros/galactic/share/visualization_msgs/cmake)
[1.420s] -- Found sensor_msgs: 2.2.4 (/opt/ros/galactic/share/sensor_msgs/cmake)
[1.472s] -- Found rosidl_default_generators: 1.1.1 (/opt/ros/galactic/share/rosidl_default_generators/cmake)
[1.483s] -- Found action_msgs: 1.0.3 (/opt/ros/galactic/share/action_msgs/cmake)
[1.515s] -- Found tf2: 0.17.5 (/opt/ros/galactic/share/tf2/cmake)
[1.525s] -- Found tf2_ros: 0.17.5 (/opt/ros/galactic/share/tf2_ros/cmake)
[1.740s] -- Found tf2_eigen: 0.17.5 (/opt/ros/galactic/share/tf2_eigen/cmake)
[1.750s] -- Found tf2_geometry_msgs: 0.17.5 (/opt/ros/galactic/share/tf2_geometry_msgs/cmake)
[1.757s] -- Found Eigen3: TRUE (found version "3.3.7") 
[1.784s] -- Found OpenCV: /usr (found version "4.2.0") 
[1.786s] -- Found pcl_ros: 2.3.2 (/opt/ros/galactic/share/pcl_ros/cmake)
[2.011s] -- Checking for module 'eigen3'
[2.021s] --   Found eigen3, version 3.3.7
[2.041s] -- Found Eigen: /usr/include/eigen3 (Required is at least version "3.1") 
[2.041s] -- Eigen found (include: /usr/include/eigen3, version: 3.3.7)
[2.113s] -- Checking for module 'flann'
[2.123s] --   Found flann, version 1.9.1
[2.149s] -- Found FLANN: /usr/lib/aarch64-linux-gnu/libflann_cpp.so  
[2.189s] -- The imported target "vtkParseOGLExt" references the file
[2.189s]    "/usr/bin/vtkParseOGLExt-7.1"
[2.190s] but this file does not exist.  Possible reasons include:
[2.190s] * The file was deleted, renamed, or moved to another location.
[2.190s] * An install or uninstall procedure did not complete successfully.
[2.190s] * The installation package was faulty and contained
[2.190s]    "/usr/lib/cmake/vtk-7.1/VTKTargets.cmake"
[2.190s] but not all the files it references.
[2.190s] 
[2.190s] -- The imported target "vtkRenderingPythonTkWidgets" references the file
[2.190s]    "/usr/lib/aarch64-linux-gnu/libvtkRenderingPythonTkWidgets.so"
[2.190s] but this file does not exist.  Possible reasons include:
[2.190s] * The file was deleted, renamed, or moved to another location.
[2.190s] * An install or uninstall procedure did not complete successfully.
[2.190s] * The installation package was faulty and contained
[2.190s]    "/usr/lib/cmake/vtk-7.1/VTKTargets.cmake"
[2.190s] but not all the files it references.
[2.190s] 
[2.191s] -- The imported target "vtk" references the file
[2.191s]    "/usr/bin/vtk"
[2.191s] but this file does not exist.  Possible reasons include:
[2.191s] * The file was deleted, renamed, or moved to another location.
[2.191s] * An install or uninstall procedure did not complete successfully.
[2.191s] * The installation package was faulty and contained
[2.191s]    "/usr/lib/cmake/vtk-7.1/VTKTargets.cmake"
[2.191s] but not all the files it references.
[2.191s] 
[2.191s] -- The imported target "pvtk" references the file
[2.191s]    "/usr/bin/pvtk"
[2.191s] but this file does not exist.  Possible reasons include:
[2.191s] * The file was deleted, renamed, or moved to another location.
[2.191s] * An install or uninstall procedure did not complete successfully.
[2.191s] * The installation package was faulty and contained
[2.191s]    "/usr/lib/cmake/vtk-7.1/VTKTargets.cmake"
[2.191s] but not all the files it references.
[2.191s] 
[2.206s] -- Checking for module 'libusb-1.0'
[2.224s] --   Found libusb-1.0, version 1.0.23
[2.255s] -- Found USB_10: /usr/lib/aarch64-linux-gnu/libusb-1.0.so  
[2.291s] -- OpenNI found (include: /usr/include/ni, lib: /usr/lib/libOpenNI.so)
[2.330s] -- OpenNI2 found (include: /usr/include/openni2, lib: /usr/lib/libOpenNI2.so)
[2.340s] -- Found libusb-1.0: /usr/include  
[2.345s] -- OpenNI found (include: /usr/include/ni, lib: /usr/lib/libOpenNI.so)
[2.349s] -- OpenNI2 found (include: /usr/include/openni2, lib: /usr/lib/libOpenNI2.so)
[2.372s] -- Found Qhull: optimized;/usr/lib/aarch64-linux-gnu/libqhull.so;debug;/usr/lib/aarch64-linux-gnu/libqhull.so  
[2.372s] -- QHULL found (include: /usr/include, lib: optimized;/usr/lib/aarch64-linux-gnu/libqhull.so;debug;/usr/lib/aarch64-linux-gnu/libqhull.so)
[2.376s] -- OpenNI found (include: /usr/include/ni, lib: /usr/lib/libOpenNI.so)
[2.386s] -- Found PCL_COMMON: /usr/lib/aarch64-linux-gnu/libpcl_common.so  
[2.387s] -- Found PCL_KDTREE: /usr/lib/aarch64-linux-gnu/libpcl_kdtree.so  
[2.388s] -- Found PCL_OCTREE: /usr/lib/aarch64-linux-gnu/libpcl_octree.so  
[2.388s] -- Found PCL_SEARCH: /usr/lib/aarch64-linux-gnu/libpcl_search.so  
[2.389s] -- Found PCL_SAMPLE_CONSENSUS: /usr/lib/aarch64-linux-gnu/libpcl_sample_consensus.so  
[2.390s] -- Found PCL_FILTERS: /usr/lib/aarch64-linux-gnu/libpcl_filters.so  
[2.391s] -- Found PCL_2D: /usr/include/pcl-1.10  
[2.391s] -- Found PCL_GEOMETRY: /usr/include/pcl-1.10  
[2.392s] -- Found PCL_IO: /usr/lib/aarch64-linux-gnu/libpcl_io.so  
[2.393s] -- Found PCL_FEATURES: /usr/lib/aarch64-linux-gnu/libpcl_features.so  
[2.394s] -- Found PCL_ML: /usr/lib/aarch64-linux-gnu/libpcl_ml.so  
[2.395s] -- Found PCL_SEGMENTATION: /usr/lib/aarch64-linux-gnu/libpcl_segmentation.so  
[2.396s] -- Found PCL_VISUALIZATION: /usr/lib/aarch64-linux-gnu/libpcl_visualization.so  
[2.397s] -- Found PCL_SURFACE: /usr/lib/aarch64-linux-gnu/libpcl_surface.so  
[2.398s] -- Found PCL_REGISTRATION: /usr/lib/aarch64-linux-gnu/libpcl_registration.so  
[2.399s] -- Found PCL_KEYPOINTS: /usr/lib/aarch64-linux-gnu/libpcl_keypoints.so  
[2.400s] -- Found PCL_TRACKING: /usr/lib/aarch64-linux-gnu/libpcl_tracking.so  
[2.401s] -- Found PCL_RECOGNITION: /usr/lib/aarch64-linux-gnu/libpcl_recognition.so  
[2.402s] -- Found PCL_STEREO: /usr/lib/aarch64-linux-gnu/libpcl_stereo.so  
[2.403s] -- Found PCL_APPS: /usr/lib/aarch64-linux-gnu/libpcl_apps.so  
[2.404s] -- Found PCL_IN_HAND_SCANNER: /usr/include/pcl-1.10  
[2.405s] -- Found PCL_POINT_CLOUD_EDITOR: /usr/include/pcl-1.10  
[2.405s] -- Found PCL_OUTOFCORE: /usr/lib/aarch64-linux-gnu/libpcl_outofcore.so  
[2.406s] -- Found PCL_PEOPLE: /usr/lib/aarch64-linux-gnu/libpcl_people.so  
[2.602s] -- Found image_geometry: 3.1.3 (/opt/ros/galactic/share/image_geometry/cmake)
[2.606s] -- Found image_transport: 2.5.1 (/opt/ros/galactic/share/image_transport/cmake)
[2.638s] -- Found cv_bridge: 3.1.3 (/opt/ros/galactic/share/cv_bridge/cmake)
[2.650s] -- Found la_msgs: 0.0.0 (/home/joshhlee/me326_ws/src/collaborative_robotics_course/install/la_msgs/share/la_msgs/cmake)
[2.851s] -- Found PythonInterp: /usr/bin/python3 (found version "3.8.10") 
[2.983s] -- Found ament_cmake_ros: 0.9.2 (/opt/ros/galactic/share/ament_cmake_ros/cmake)
[3.181s] -- Using all available rosidl_typesupport_c: rosidl_typesupport_fastrtps_c;rosidl_typesupport_introspection_c
[3.262s] -- Using all available rosidl_typesupport_cpp: rosidl_typesupport_fastrtps_cpp;rosidl_typesupport_introspection_cpp
[3.287s] -- Found PythonInterp: /usr/bin/python3 (found suitable version "3.8.10", minimum required is "3.5") 
[3.289s] -- Found python_cmake_module: 0.8.1 (/opt/ros/galactic/share/python_cmake_module/cmake)
[3.312s] -- Found PythonLibs: /usr/lib/aarch64-linux-gnu/libpython3.8.so (found suitable version "3.8.10", minimum required is "3.5") 
[3.314s] -- Using PYTHON_EXECUTABLE: /usr/bin/python3
[3.314s] -- Using PYTHON_INCLUDE_DIRS: /usr/include/python3.8
[3.314s] -- Using PYTHON_LIBRARIES: /usr/lib/aarch64-linux-gnu/libpython3.8.so
[3.334s] -- Found PythonExtra: .so  
[3.390s] -- Found ament_lint_auto: 0.10.7 (/opt/ros/galactic/share/ament_lint_auto/cmake)
[3.414s] -- Added test 'copyright' to check source files copyright and LICENSE
[3.415s] -- Added test 'cppcheck' to perform static code analysis on C / C++ code
[3.417s] -- Configured cppcheck include dirs: 
[3.417s] -- Configured cppcheck exclude dirs and/or files: 
[3.418s] -- Added test 'cpplint' to check C / C++ code against the Google style
[3.418s] -- Configured cpplint exclude dirs and/or files: 
[3.419s] -- Added test 'flake8' to check Python code syntax and style conventions
[3.420s] -- Added test 'lint_cmake' to check CMake code style
[3.420s] -- Added test 'pep257' to check Python code against some of the style conventions in PEP 257
[3.421s] -- Added test 'uncrustify' to check C / C++ code style
[3.421s] -- Configured uncrustify additional arguments: 
[3.421s] -- Added test 'xmllint' to check XML markup files
[3.426s] -- Configuring done
[3.491s] -- Generating done
[3.494s] -- Build files have been written to: /home/joshhlee/me326_ws/src/collaborative_robotics_course/build/locobot_autonomy
[3.503s] Invoked command in '/home/joshhlee/me326_ws/src/collaborative_robotics_course/build/locobot_autonomy' returned '0': AMENT_PREFIX_PATH=/home/joshhlee/me326_ws/src/collaborative_robotics_course/install/la_msgs:${AMENT_PREFIX_PATH} CMAKE_PREFIX_PATH=/home/joshhlee/me326_ws/src/collaborative_robotics_course/install/la_msgs:/home/joshhlee/me326_ws/install/me326_project:/home/joshhlee/me326_ws/install/me326_locobot_example:/home/joshhlee/MK3_ws/src/install/locobot_autonomy:/home/joshhlee/MK3_ws/src/install/la_msgs:/home/joshhlee/interbotix_ws/install/interbotix_moveit_interface:/home/joshhlee/interbotix_ws/install/moveit_visual_tools:/home/joshhlee/interbotix_ws/install/interbotix_xslocobot_ros_control:/home/joshhlee/interbotix_ws/install/interbotix_xslocobot_sim:/home/joshhlee/interbotix_ws/install/interbotix_xslocobot_nav:/home/joshhlee/interbotix_ws/install/interbotix_xslocobot_control:/home/joshhlee/interbotix_ws/install/interbotix_xslocobot_descriptions:/home/joshhlee/interbotix_ws/install/interbotix_xs_toolbox:/home/joshhlee/interbotix_ws/install/interbotix_xs_rviz:/home/joshhlee/interbotix_ws/install/interbotix_xs_ros_control:/home/joshhlee/interbotix_ws/install/interbotix_perception_toolbox:/home/joshhlee/interbotix_ws/install/interbotix_perception_pipelines:/home/joshhlee/interbotix_ws/install/interbotix_xs_msgs:/home/joshhlee/interbotix_ws/install/interbotix_tf_tools:/home/joshhlee/interbotix_ws/install/interbotix_perception_msgs:/home/joshhlee/interbotix_ws/install/interbotix_moveit_interface_msgs:/home/joshhlee/interbotix_ws/install/interbotix_common_toolbox:/home/joshhlee/interbotix_ws/install/interbotix_common_sim:/home/joshhlee/interbotix_ws/install/interbotix_xs_modules:/home/joshhlee/interbotix_ws/install/interbotix_perception_modules:/home/joshhlee/interbotix_ws/install/interbotix_common_modules:/opt/ros/galactic LD_LIBRARY_PATH=/home/joshhlee/me326_ws/src/collaborative_robotics_course/install/la_msgs/lib:/home/joshhlee/me326_ws/install/me326_project/lib:/home/joshhlee/MK3_ws/src/install/locobot_autonomy/lib:/home/joshhlee/MK3_ws/src/install/la_msgs/lib:/home/joshhlee/interbotix_ws/install/moveit_visual_tools/lib:/home/joshhlee/interbotix_ws/install/interbotix_xs_rviz/lib:/home/joshhlee/interbotix_ws/install/interbotix_xs_ros_control/lib:/home/joshhlee/interbotix_ws/install/interbotix_xs_msgs/lib:/home/joshhlee/interbotix_ws/install/interbotix_tf_tools/lib:/home/joshhlee/interbotix_ws/install/interbotix_perception_msgs/lib:/home/joshhlee/interbotix_ws/install/interbotix_moveit_interface_msgs/lib:/usr/lib/aarch64-linux-gnu/gazebo-11/plugins:/opt/ros/galactic/opt/yaml_cpp_vendor/lib:/opt/ros/galactic/opt/rviz_ogre_vendor/lib:/opt/ros/galactic/lib/aarch64-linux-gnu:/opt/ros/galactic/lib:/usr/share/gazebo/../../lib/aarch64-linux-gnu/gazebo-11/plugins PYTHONPATH=/home/joshhlee/me326_ws/src/collaborative_robotics_course/install/la_msgs/lib/python3.8/site-packages:${PYTHONPATH} /usr/bin/cmake /home/joshhlee/me326_ws/src/collaborative_robotics_course/locobot_autonomy -DCMAKE_INSTALL_PREFIX=/home/joshhlee/me326_ws/src/collaborative_robotics_course/install/locobot_autonomy
[3.506s] Invoking command in '/home/joshhlee/me326_ws/src/collaborative_robotics_course/build/locobot_autonomy': AMENT_PREFIX_PATH=/home/joshhlee/me326_ws/src/collaborative_robotics_course/install/la_msgs:${AMENT_PREFIX_PATH} CMAKE_PREFIX_PATH=/home/joshhlee/me326_ws/src/collaborative_robotics_course/install/la_msgs:/home/joshhlee/me326_ws/install/me326_project:/home/joshhlee/me326_ws/install/me326_locobot_example:/home/joshhlee/MK3_ws/src/install/locobot_autonomy:/home/joshhlee/MK3_ws/src/install/la_msgs:/home/joshhlee/interbotix_ws/install/interbotix_moveit_interface:/home/joshhlee/interbotix_ws/install/moveit_visual_tools:/home/joshhlee/interbotix_ws/install/interbotix_xslocobot_ros_control:/home/joshhlee/interbotix_ws/install/interbotix_xslocobot_sim:/home/joshhlee/interbotix_ws/install/interbotix_xslocobot_nav:/home/joshhlee/interbotix_ws/install/interbotix_xslocobot_control:/home/joshhlee/interbotix_ws/install/interbotix_xslocobot_descriptions:/home/joshhlee/interbotix_ws/install/interbotix_xs_toolbox:/home/joshhlee/interbotix_ws/install/interbotix_xs_rviz:/home/joshhlee/interbotix_ws/install/interbotix_xs_ros_control:/home/joshhlee/interbotix_ws/install/interbotix_perception_toolbox:/home/joshhlee/interbotix_ws/install/interbotix_perception_pipelines:/home/joshhlee/interbotix_ws/install/interbotix_xs_msgs:/home/joshhlee/interbotix_ws/install/interbotix_tf_tools:/home/joshhlee/interbotix_ws/install/interbotix_perception_msgs:/home/joshhlee/interbotix_ws/install/interbotix_moveit_interface_msgs:/home/joshhlee/interbotix_ws/install/interbotix_common_toolbox:/home/joshhlee/interbotix_ws/install/interbotix_common_sim:/home/joshhlee/interbotix_ws/install/interbotix_xs_modules:/home/joshhlee/interbotix_ws/install/interbotix_perception_modules:/home/joshhlee/interbotix_ws/install/interbotix_common_modules:/opt/ros/galactic LD_LIBRARY_PATH=/home/joshhlee/me326_ws/src/collaborative_robotics_course/install/la_msgs/lib:/home/joshhlee/me326_ws/install/me326_project/lib:/home/joshhlee/MK3_ws/src/install/locobot_autonomy/lib:/home/joshhlee/MK3_ws/src/install/la_msgs/lib:/home/joshhlee/interbotix_ws/install/moveit_visual_tools/lib:/home/joshhlee/interbotix_ws/install/interbotix_xs_rviz/lib:/home/joshhlee/interbotix_ws/install/interbotix_xs_ros_control/lib:/home/joshhlee/interbotix_ws/install/interbotix_xs_msgs/lib:/home/joshhlee/interbotix_ws/install/interbotix_tf_tools/lib:/home/joshhlee/interbotix_ws/install/interbotix_perception_msgs/lib:/home/joshhlee/interbotix_ws/install/interbotix_moveit_interface_msgs/lib:/usr/lib/aarch64-linux-gnu/gazebo-11/plugins:/opt/ros/galactic/opt/yaml_cpp_vendor/lib:/opt/ros/galactic/opt/rviz_ogre_vendor/lib:/opt/ros/galactic/lib/aarch64-linux-gnu:/opt/ros/galactic/lib:/usr/share/gazebo/../../lib/aarch64-linux-gnu/gazebo-11/plugins PYTHONPATH=/home/joshhlee/me326_ws/src/collaborative_robotics_course/install/la_msgs/lib/python3.8/site-packages:${PYTHONPATH} /usr/bin/cmake --build /home/joshhlee/me326_ws/src/collaborative_robotics_course/build/locobot_autonomy -- -j4 -l4
[3.538s] [35m[1mScanning dependencies of target locobot_autonomy__cpp[0m
[3.539s] [  3%] [34m[1mGenerating C code for ROS interfaces[0m
[3.540s] [35m[1mScanning dependencies of target visual_block_perception_srv[0m
[3.548s] [35m[1mScanning dependencies of target ament_cmake_python_copy_locobot_autonomy[0m
[3.556s] [  6%] [34m[1mGenerating C++ code for ROS interfaces[0m
[3.567s] [  6%] Built target ament_cmake_python_copy_locobot_autonomy
[3.598s] [35m[1mScanning dependencies of target ament_cmake_python_build_locobot_autonomy_egg[0m
[3.646s] [  9%] [32mBuilding CXX object CMakeFiles/visual_block_perception_srv.dir/src/visual_block_perception_srv.cpp.o[0m
[3.823s] [35m[1mScanning dependencies of target locobot_autonomy__rosidl_generator_c[0m
[3.832s] [  9%] Built target locobot_autonomy__cpp
[3.839s] [ 12%] [32mBuilding C object CMakeFiles/locobot_autonomy__rosidl_generator_c.dir/rosidl_generator_c/locobot_autonomy/action/detail/move_base__functions.c.o[0m
[3.852s] running egg_info
[3.852s] creating locobot_autonomy.egg-info
[3.852s] writing locobot_autonomy.egg-info/PKG-INFO
[3.852s] writing dependency_links to locobot_autonomy.egg-info/dependency_links.txt
[3.852s] writing top-level names to locobot_autonomy.egg-info/top_level.txt
[3.853s] writing manifest file 'locobot_autonomy.egg-info/SOURCES.txt'
[3.872s] reading manifest file 'locobot_autonomy.egg-info/SOURCES.txt'
[3.872s] [ 15%] [34m[1mGenerating C++ type support for eProsima Fast-RTPS[0m
[3.872s] writing manifest file 'locobot_autonomy.egg-info/SOURCES.txt'
[3.903s] [ 15%] Built target ament_cmake_python_build_locobot_autonomy_egg
[3.927s] [ 18%] [34m[1mGenerating C++ type support dispatch for ROS interfaces[0m
[3.932s] [ 21%] [32m[1mLinking C shared library liblocobot_autonomy__rosidl_generator_c.so[0m
[4.002s] [ 21%] Built target locobot_autonomy__rosidl_generator_c
[4.015s] [ 24%] [34m[1mGenerating C++ introspection for ROS interfaces[0m
[4.116s] [35m[1mScanning dependencies of target locobot_autonomy__rosidl_typesupport_fastrtps_cpp[0m
[4.128s] [35m[1mScanning dependencies of target locobot_autonomy__rosidl_typesupport_cpp[0m
[4.155s] [ 27%] [32mBuilding CXX object CMakeFiles/locobot_autonomy__rosidl_typesupport_fastrtps_cpp.dir/rosidl_typesupport_fastrtps_cpp/locobot_autonomy/action/detail/dds_fastrtps/move_base__type_support.cpp.o[0m
[4.170s] [ 30%] [32mBuilding CXX object CMakeFiles/locobot_autonomy__rosidl_typesupport_cpp.dir/rosidl_typesupport_cpp/locobot_autonomy/action/move_base__type_support.cpp.o[0m
[4.215s] [35m[1mScanning dependencies of target locobot_autonomy__rosidl_typesupport_introspection_cpp[0m
[4.234s] [ 33%] [32mBuilding CXX object CMakeFiles/locobot_autonomy__rosidl_typesupport_introspection_cpp.dir/rosidl_typesupport_introspection_cpp/locobot_autonomy/action/detail/move_base__type_support.cpp.o[0m
[4.710s] [ 36%] [32m[1mLinking CXX shared library liblocobot_autonomy__rosidl_typesupport_cpp.so[0m
[4.721s] [ 39%] [32m[1mLinking CXX shared library liblocobot_autonomy__rosidl_typesupport_fastrtps_cpp.so[0m
[4.753s] [ 39%] Built target locobot_autonomy__rosidl_typesupport_cpp
[4.761s] [ 42%] [34m[1mGenerating C type support dispatch for ROS interfaces[0m
[4.813s] [ 42%] Built target locobot_autonomy__rosidl_typesupport_fastrtps_cpp
[4.834s] [ 45%] [34m[1mGenerating C introspection for ROS interfaces[0m
[4.852s] [ 48%] [32m[1mLinking CXX shared library liblocobot_autonomy__rosidl_typesupport_introspection_cpp.so[0m
[5.076s] [ 48%] Built target locobot_autonomy__rosidl_typesupport_introspection_cpp
[5.103s] [ 51%] [34m[1mGenerating C type support for eProsima Fast-RTPS[0m
[5.106s] [35m[1mScanning dependencies of target locobot_autonomy__rosidl_typesupport_c[0m
[5.131s] [ 54%] [32mBuilding CXX object CMakeFiles/locobot_autonomy__rosidl_typesupport_c.dir/rosidl_typesupport_c/locobot_autonomy/action/move_base__type_support.cpp.o[0m
[5.173s] [ 57%] [32m[1mLinking CXX shared library liblocobot_autonomy__rosidl_typesupport_c.so[0m
[5.208s] [ 57%] Built target locobot_autonomy__rosidl_typesupport_c
[5.216s] [35m[1mScanning dependencies of target locobot_autonomy__rosidl_typesupport_introspection_c[0m
[5.236s] [ 60%] [32mBuilding C object CMakeFiles/locobot_autonomy__rosidl_typesupport_introspection_c.dir/rosidl_typesupport_introspection_c/locobot_autonomy/action/detail/move_base__type_support.c.o[0m
[5.274s] [ 63%] [32m[1mLinking C shared library liblocobot_autonomy__rosidl_typesupport_introspection_c.so[0m
[5.303s] [ 63%] Built target locobot_autonomy__rosidl_typesupport_introspection_c
[5.356s] [35m[1mScanning dependencies of target locobot_autonomy__rosidl_typesupport_fastrtps_c[0m
[5.386s] [ 66%] [32mBuilding CXX object CMakeFiles/locobot_autonomy__rosidl_typesupport_fastrtps_c.dir/rosidl_typesupport_fastrtps_c/locobot_autonomy/action/detail/move_base__type_support_c.cpp.o[0m
[5.623s] [ 69%] [32m[1mLinking CXX shared library liblocobot_autonomy__rosidl_typesupport_fastrtps_c.so[0m
[5.693s] [ 69%] Built target locobot_autonomy__rosidl_typesupport_fastrtps_c
[5.701s] [35m[1mScanning dependencies of target locobot_autonomy[0m
[5.709s] [ 69%] Built target locobot_autonomy
[5.717s] [35m[1mScanning dependencies of target locobot_autonomy__py[0m
[5.726s] [ 72%] [34m[1mGenerating Python code for ROS interfaces[0m
[6.204s] [ 72%] Built target locobot_autonomy__py
[6.216s] [35m[1mScanning dependencies of target locobot_autonomy__python[0m
[6.239s] [ 75%] [32mBuilding C object CMakeFiles/locobot_autonomy__python.dir/rosidl_generator_py/locobot_autonomy/action/_move_base_s.c.o[0m
[6.383s] [ 78%] [32m[1mLinking C shared library rosidl_generator_py/locobot_autonomy/liblocobot_autonomy__python.so[0m
[6.414s] [ 78%] Built target locobot_autonomy__python
[6.422s] [35m[1mScanning dependencies of target locobot_autonomy__rosidl_typesupport_c__pyext[0m
[6.422s] [35m[1mScanning dependencies of target locobot_autonomy__rosidl_typesupport_introspection_c__pyext[0m
[6.424s] [35m[1mScanning dependencies of target locobot_autonomy__rosidl_typesupport_fastrtps_c__pyext[0m
[6.438s] [ 81%] [32mBuilding C object CMakeFiles/locobot_autonomy__rosidl_typesupport_introspection_c__pyext.dir/rosidl_generator_py/locobot_autonomy/_locobot_autonomy_s.ep.rosidl_typesupport_introspection_c.c.o[0m
[6.448s] [ 84%] [32mBuilding C object CMakeFiles/locobot_autonomy__rosidl_typesupport_fastrtps_c__pyext.dir/rosidl_generator_py/locobot_autonomy/_locobot_autonomy_s.ep.rosidl_typesupport_fastrtps_c.c.o[0m
[6.484s] [ 87%] [32mBuilding C object CMakeFiles/locobot_autonomy__rosidl_typesupport_c__pyext.dir/rosidl_generator_py/locobot_autonomy/_locobot_autonomy_s.ep.rosidl_typesupport_c.c.o[0m
[6.647s] [ 90%] [32m[1mLinking CXX shared library rosidl_generator_py/locobot_autonomy/locobot_autonomy_s__rosidl_typesupport_fastrtps_c.cpython-38-aarch64-linux-gnu.so[0m
[6.656s] [ 93%] [32m[1mLinking C shared library rosidl_generator_py/locobot_autonomy/locobot_autonomy_s__rosidl_typesupport_introspection_c.cpython-38-aarch64-linux-gnu.so[0m
[6.706s] [ 96%] [32m[1mLinking C shared library rosidl_generator_py/locobot_autonomy/locobot_autonomy_s__rosidl_typesupport_c.cpython-38-aarch64-linux-gnu.so[0m
[6.733s] [ 96%] Built target locobot_autonomy__rosidl_typesupport_introspection_c__pyext
[6.740s] [ 96%] Built target locobot_autonomy__rosidl_typesupport_fastrtps_c__pyext
[6.746s] [ 96%] Built target locobot_autonomy__rosidl_typesupport_c__pyext
[13.748s] [100%] [32m[1mLinking CXX executable visual_block_perception_srv[0m
[14.353s] [100%] Built target visual_block_perception_srv
[14.370s] Invoked command in '/home/joshhlee/me326_ws/src/collaborative_robotics_course/build/locobot_autonomy' returned '0': AMENT_PREFIX_PATH=/home/joshhlee/me326_ws/src/collaborative_robotics_course/install/la_msgs:${AMENT_PREFIX_PATH} CMAKE_PREFIX_PATH=/home/joshhlee/me326_ws/src/collaborative_robotics_course/install/la_msgs:/home/joshhlee/me326_ws/install/me326_project:/home/joshhlee/me326_ws/install/me326_locobot_example:/home/joshhlee/MK3_ws/src/install/locobot_autonomy:/home/joshhlee/MK3_ws/src/install/la_msgs:/home/joshhlee/interbotix_ws/install/interbotix_moveit_interface:/home/joshhlee/interbotix_ws/install/moveit_visual_tools:/home/joshhlee/interbotix_ws/install/interbotix_xslocobot_ros_control:/home/joshhlee/interbotix_ws/install/interbotix_xslocobot_sim:/home/joshhlee/interbotix_ws/install/interbotix_xslocobot_nav:/home/joshhlee/interbotix_ws/install/interbotix_xslocobot_control:/home/joshhlee/interbotix_ws/install/interbotix_xslocobot_descriptions:/home/joshhlee/interbotix_ws/install/interbotix_xs_toolbox:/home/joshhlee/interbotix_ws/install/interbotix_xs_rviz:/home/joshhlee/interbotix_ws/install/interbotix_xs_ros_control:/home/joshhlee/interbotix_ws/install/interbotix_perception_toolbox:/home/joshhlee/interbotix_ws/install/interbotix_perception_pipelines:/home/joshhlee/interbotix_ws/install/interbotix_xs_msgs:/home/joshhlee/interbotix_ws/install/interbotix_tf_tools:/home/joshhlee/interbotix_ws/install/interbotix_perception_msgs:/home/joshhlee/interbotix_ws/install/interbotix_moveit_interface_msgs:/home/joshhlee/interbotix_ws/install/interbotix_common_toolbox:/home/joshhlee/interbotix_ws/install/interbotix_common_sim:/home/joshhlee/interbotix_ws/install/interbotix_xs_modules:/home/joshhlee/interbotix_ws/install/interbotix_perception_modules:/home/joshhlee/interbotix_ws/install/interbotix_common_modules:/opt/ros/galactic LD_LIBRARY_PATH=/home/joshhlee/me326_ws/src/collaborative_robotics_course/install/la_msgs/lib:/home/joshhlee/me326_ws/install/me326_project/lib:/home/joshhlee/MK3_ws/src/install/locobot_autonomy/lib:/home/joshhlee/MK3_ws/src/install/la_msgs/lib:/home/joshhlee/interbotix_ws/install/moveit_visual_tools/lib:/home/joshhlee/interbotix_ws/install/interbotix_xs_rviz/lib:/home/joshhlee/interbotix_ws/install/interbotix_xs_ros_control/lib:/home/joshhlee/interbotix_ws/install/interbotix_xs_msgs/lib:/home/joshhlee/interbotix_ws/install/interbotix_tf_tools/lib:/home/joshhlee/interbotix_ws/install/interbotix_perception_msgs/lib:/home/joshhlee/interbotix_ws/install/interbotix_moveit_interface_msgs/lib:/usr/lib/aarch64-linux-gnu/gazebo-11/plugins:/opt/ros/galactic/opt/yaml_cpp_vendor/lib:/opt/ros/galactic/opt/rviz_ogre_vendor/lib:/opt/ros/galactic/lib/aarch64-linux-gnu:/opt/ros/galactic/lib:/usr/share/gazebo/../../lib/aarch64-linux-gnu/gazebo-11/plugins PYTHONPATH=/home/joshhlee/me326_ws/src/collaborative_robotics_course/install/la_msgs/lib/python3.8/site-packages:${PYTHONPATH} /usr/bin/cmake --build /home/joshhlee/me326_ws/src/collaborative_robotics_course/build/locobot_autonomy -- -j4 -l4
[14.437s] Invoking command in '/home/joshhlee/me326_ws/src/collaborative_robotics_course/build/locobot_autonomy': AMENT_PREFIX_PATH=/home/joshhlee/me326_ws/src/collaborative_robotics_course/install/la_msgs:${AMENT_PREFIX_PATH} CMAKE_PREFIX_PATH=/home/joshhlee/me326_ws/src/collaborative_robotics_course/install/la_msgs:/home/joshhlee/me326_ws/install/me326_project:/home/joshhlee/me326_ws/install/me326_locobot_example:/home/joshhlee/MK3_ws/src/install/locobot_autonomy:/home/joshhlee/MK3_ws/src/install/la_msgs:/home/joshhlee/interbotix_ws/install/interbotix_moveit_interface:/home/joshhlee/interbotix_ws/install/moveit_visual_tools:/home/joshhlee/interbotix_ws/install/interbotix_xslocobot_ros_control:/home/joshhlee/interbotix_ws/install/interbotix_xslocobot_sim:/home/joshhlee/interbotix_ws/install/interbotix_xslocobot_nav:/home/joshhlee/interbotix_ws/install/interbotix_xslocobot_control:/home/joshhlee/interbotix_ws/install/interbotix_xslocobot_descriptions:/home/joshhlee/interbotix_ws/install/interbotix_xs_toolbox:/home/joshhlee/interbotix_ws/install/interbotix_xs_rviz:/home/joshhlee/interbotix_ws/install/interbotix_xs_ros_control:/home/joshhlee/interbotix_ws/install/interbotix_perception_toolbox:/home/joshhlee/interbotix_ws/install/interbotix_perception_pipelines:/home/joshhlee/interbotix_ws/install/interbotix_xs_msgs:/home/joshhlee/interbotix_ws/install/interbotix_tf_tools:/home/joshhlee/interbotix_ws/install/interbotix_perception_msgs:/home/joshhlee/interbotix_ws/install/interbotix_moveit_interface_msgs:/home/joshhlee/interbotix_ws/install/interbotix_common_toolbox:/home/joshhlee/interbotix_ws/install/interbotix_common_sim:/home/joshhlee/interbotix_ws/install/interbotix_xs_modules:/home/joshhlee/interbotix_ws/install/interbotix_perception_modules:/home/joshhlee/interbotix_ws/install/interbotix_common_modules:/opt/ros/galactic LD_LIBRARY_PATH=/home/joshhlee/me326_ws/src/collaborative_robotics_course/install/la_msgs/lib:/home/joshhlee/me326_ws/install/me326_project/lib:/home/joshhlee/MK3_ws/src/install/locobot_autonomy/lib:/home/joshhlee/MK3_ws/src/install/la_msgs/lib:/home/joshhlee/interbotix_ws/install/moveit_visual_tools/lib:/home/joshhlee/interbotix_ws/install/interbotix_xs_rviz/lib:/home/joshhlee/interbotix_ws/install/interbotix_xs_ros_control/lib:/home/joshhlee/interbotix_ws/install/interbotix_xs_msgs/lib:/home/joshhlee/interbotix_ws/install/interbotix_tf_tools/lib:/home/joshhlee/interbotix_ws/install/interbotix_perception_msgs/lib:/home/joshhlee/interbotix_ws/install/interbotix_moveit_interface_msgs/lib:/usr/lib/aarch64-linux-gnu/gazebo-11/plugins:/opt/ros/galactic/opt/yaml_cpp_vendor/lib:/opt/ros/galactic/opt/rviz_ogre_vendor/lib:/opt/ros/galactic/lib/aarch64-linux-gnu:/opt/ros/galactic/lib:/usr/share/gazebo/../../lib/aarch64-linux-gnu/gazebo-11/plugins PYTHONPATH=/home/joshhlee/me326_ws/src/collaborative_robotics_course/install/la_msgs/lib/python3.8/site-packages:${PYTHONPATH} /usr/bin/cmake --install /home/joshhlee/me326_ws/src/collaborative_robotics_course/build/locobot_autonomy
[14.443s] -- Install configuration: ""
[14.443s] -- Installing: /home/joshhlee/me326_ws/src/collaborative_robotics_course/install/locobot_autonomy/lib/locobot_autonomy/visual_block_perception_srv
[14.446s] -- Set runtime path of "/home/joshhlee/me326_ws/src/collaborative_robotics_course/install/locobot_autonomy/lib/locobot_autonomy/visual_block_perception_srv" to ""
[14.446s] -- Installing: /home/joshhlee/me326_ws/src/collaborative_robotics_course/install/locobot_autonomy/share/locobot_autonomy/environment/pythonpath.sh
[14.446s] -- Installing: /home/joshhlee/me326_ws/src/collaborative_robotics_course/install/locobot_autonomy/share/locobot_autonomy/environment/pythonpath.dsv
[14.446s] -- Installing: /home/joshhlee/me326_ws/src/collaborative_robotics_course/install/locobot_autonomy/lib/python3.8/site-packages//locobot_autonomy.egg-info
[14.446s] -- Installing: /home/joshhlee/me326_ws/src/collaborative_robotics_course/install/locobot_autonomy/lib/python3.8/site-packages//locobot_autonomy.egg-info/dependency_links.txt
[14.446s] -- Installing: /home/joshhlee/me326_ws/src/collaborative_robotics_course/install/locobot_autonomy/lib/python3.8/site-packages//locobot_autonomy.egg-info/PKG-INFO
[14.446s] -- Installing: /home/joshhlee/me326_ws/src/collaborative_robotics_course/install/locobot_autonomy/lib/python3.8/site-packages//locobot_autonomy.egg-info/top_level.txt
[14.446s] -- Installing: /home/joshhlee/me326_ws/src/collaborative_robotics_course/install/locobot_autonomy/lib/python3.8/site-packages//locobot_autonomy.egg-info/SOURCES.txt
[14.447s] -- Installing: /home/joshhlee/me326_ws/src/collaborative_robotics_course/install/locobot_autonomy/lib/python3.8/site-packages/locobot_autonomy
[14.447s] -- Installing: /home/joshhlee/me326_ws/src/collaborative_robotics_course/install/locobot_autonomy/lib/python3.8/site-packages/locobot_autonomy/__init__.py
[14.447s] -- Installing: /home/joshhlee/me326_ws/src/collaborative_robotics_course/install/locobot_autonomy/lib/python3.8/site-packages/locobot_autonomy/move_locobot_base_action_server.py
[14.447s] -- Installing: /home/joshhlee/me326_ws/src/collaborative_robotics_course/install/locobot_autonomy/lib/python3.8/site-packages/locobot_autonomy/move_A_to_B_py.py
[14.474s] Listing '/home/joshhlee/me326_ws/src/collaborative_robotics_course/install/locobot_autonomy/lib/python3.8/site-packages/locobot_autonomy'...
[14.475s] Compiling '/home/joshhlee/me326_ws/src/collaborative_robotics_course/install/locobot_autonomy/lib/python3.8/site-packages/locobot_autonomy/__init__.py'...
[14.475s] Compiling '/home/joshhlee/me326_ws/src/collaborative_robotics_course/install/locobot_autonomy/lib/python3.8/site-packages/locobot_autonomy/move_A_to_B_py.py'...
[14.475s] Compiling '/home/joshhlee/me326_ws/src/collaborative_robotics_course/install/locobot_autonomy/lib/python3.8/site-packages/locobot_autonomy/move_locobot_base_action_server.py'...
[14.477s] -- Installing: /home/joshhlee/me326_ws/src/collaborative_robotics_course/install/locobot_autonomy/lib/locobot_autonomy/move_A_to_B_py.py
[14.477s] -- Installing: /home/joshhlee/me326_ws/src/collaborative_robotics_course/install/locobot_autonomy/lib/locobot_autonomy/move_locobot_base_action_server.py
[14.477s] -- Installing: /home/joshhlee/me326_ws/src/collaborative_robotics_course/install/locobot_autonomy/share/locobot_autonomy//launch
[14.477s] -- Installing: /home/joshhlee/me326_ws/src/collaborative_robotics_course/install/locobot_autonomy/share/locobot_autonomy//launch/simple_move_a_to_b_launch.py
[14.477s] -- Installing: /home/joshhlee/me326_ws/src/collaborative_robotics_course/install/locobot_autonomy/share/locobot_autonomy//launch/spawn_cube_launch.py
[14.477s] -- Installing: /home/joshhlee/me326_ws/src/collaborative_robotics_course/install/locobot_autonomy/share/locobot_autonomy//launch/__pycache__
[14.477s] -- Installing: /home/joshhlee/me326_ws/src/collaborative_robotics_course/install/locobot_autonomy/share/locobot_autonomy//launch/__pycache__/simple_move_a_to_b_launch.cpython-38.pyc
[14.478s] -- Installing: /home/joshhlee/me326_ws/src/collaborative_robotics_course/install/locobot_autonomy/share/locobot_autonomy//launch/__pycache__/spawn_cube_launch.cpython-38.pyc
[14.478s] -- Installing: /home/joshhlee/me326_ws/src/collaborative_robotics_course/install/locobot_autonomy/share/ament_index/resource_index/rosidl_interfaces/locobot_autonomy
[14.478s] -- Installing: /home/joshhlee/me326_ws/src/collaborative_robotics_course/install/locobot_autonomy/include/locobot_autonomy
[14.478s] -- Installing: /home/joshhlee/me326_ws/src/collaborative_robotics_course/install/locobot_autonomy/include/locobot_autonomy/msg
[14.478s] -- Installing: /home/joshhlee/me326_ws/src/collaborative_robotics_course/install/locobot_autonomy/include/locobot_autonomy/msg/rosidl_generator_c__visibility_control.h
[14.478s] -- Installing: /home/joshhlee/me326_ws/src/collaborative_robotics_course/install/locobot_autonomy/include/locobot_autonomy/action
[14.478s] -- Installing: /home/joshhlee/me326_ws/src/collaborative_robotics_course/install/locobot_autonomy/include/locobot_autonomy/action/detail
[14.478s] -- Installing: /home/joshhlee/me326_ws/src/collaborative_robotics_course/install/locobot_autonomy/include/locobot_autonomy/action/detail/move_base__struct.h
[14.478s] -- Installing: /home/joshhlee/me326_ws/src/collaborative_robotics_course/install/locobot_autonomy/include/locobot_autonomy/action/detail/move_base__functions.c
[14.478s] -- Installing: /home/joshhlee/me326_ws/src/collaborative_robotics_course/install/locobot_autonomy/include/locobot_autonomy/action/detail/move_base__type_support.h
[14.479s] -- Installing: /home/joshhlee/me326_ws/src/collaborative_robotics_course/install/locobot_autonomy/include/locobot_autonomy/action/detail/move_base__functions.h
[14.479s] -- Installing: /home/joshhlee/me326_ws/src/collaborative_robotics_course/install/locobot_autonomy/include/locobot_autonomy/action/move_base.h
[14.479s] -- Installing: /home/joshhlee/me326_ws/src/collaborative_robotics_course/install/locobot_autonomy/share/locobot_autonomy/environment/library_path.sh
[14.479s] -- Installing: /home/joshhlee/me326_ws/src/collaborative_robotics_course/install/locobot_autonomy/share/locobot_autonomy/environment/library_path.dsv
[14.479s] -- Installing: /home/joshhlee/me326_ws/src/collaborative_robotics_course/install/locobot_autonomy/lib/liblocobot_autonomy__rosidl_generator_c.so
[14.479s] -- Set runtime path of "/home/joshhlee/me326_ws/src/collaborative_robotics_course/install/locobot_autonomy/lib/liblocobot_autonomy__rosidl_generator_c.so" to ""
[14.479s] -- Up-to-date: /home/joshhlee/me326_ws/src/collaborative_robotics_course/install/locobot_autonomy/include/locobot_autonomy
[14.479s] -- Up-to-date: /home/joshhlee/me326_ws/src/collaborative_robotics_course/install/locobot_autonomy/include/locobot_autonomy/msg
[14.479s] -- Installing: /home/joshhlee/me326_ws/src/collaborative_robotics_course/install/locobot_autonomy/include/locobot_autonomy/msg/rosidl_typesupport_fastrtps_c__visibility_control.h
[14.480s] -- Up-to-date: /home/joshhlee/me326_ws/src/collaborative_robotics_course/install/locobot_autonomy/include/locobot_autonomy/action
[14.480s] -- Up-to-date: /home/joshhlee/me326_ws/src/collaborative_robotics_course/install/locobot_autonomy/include/locobot_autonomy/action/detail
[14.480s] -- Installing: /home/joshhlee/me326_ws/src/collaborative_robotics_course/install/locobot_autonomy/include/locobot_autonomy/action/detail/move_base__rosidl_typesupport_fastrtps_c.h
[14.480s] -- Installing: /home/joshhlee/me326_ws/src/collaborative_robotics_course/install/locobot_autonomy/lib/liblocobot_autonomy__rosidl_typesupport_fastrtps_c.so
[14.480s] -- Set runtime path of "/home/joshhlee/me326_ws/src/collaborative_robotics_course/install/locobot_autonomy/lib/liblocobot_autonomy__rosidl_typesupport_fastrtps_c.so" to ""
[14.480s] -- Up-to-date: /home/joshhlee/me326_ws/src/collaborative_robotics_course/install/locobot_autonomy/include/locobot_autonomy
[14.480s] -- Up-to-date: /home/joshhlee/me326_ws/src/collaborative_robotics_course/install/locobot_autonomy/include/locobot_autonomy/msg
[14.480s] -- Installing: /home/joshhlee/me326_ws/src/collaborative_robotics_course/install/locobot_autonomy/include/locobot_autonomy/msg/rosidl_typesupport_fastrtps_cpp__visibility_control.h
[14.480s] -- Up-to-date: /home/joshhlee/me326_ws/src/collaborative_robotics_course/install/locobot_autonomy/include/locobot_autonomy/action
[14.480s] -- Up-to-date: /home/joshhlee/me326_ws/src/collaborative_robotics_course/install/locobot_autonomy/include/locobot_autonomy/action/detail
[14.480s] -- Installing: /home/joshhlee/me326_ws/src/collaborative_robotics_course/install/locobot_autonomy/include/locobot_autonomy/action/detail/dds_fastrtps
[14.480s] -- Installing: /home/joshhlee/me326_ws/src/collaborative_robotics_course/install/locobot_autonomy/include/locobot_autonomy/action/detail/move_base__rosidl_typesupport_fastrtps_cpp.hpp
[14.480s] -- Installing: /home/joshhlee/me326_ws/src/collaborative_robotics_course/install/locobot_autonomy/lib/liblocobot_autonomy__rosidl_typesupport_fastrtps_cpp.so
[14.480s] -- Set runtime path of "/home/joshhlee/me326_ws/src/collaborative_robotics_course/install/locobot_autonomy/lib/liblocobot_autonomy__rosidl_typesupport_fastrtps_cpp.so" to ""
[14.481s] -- Up-to-date: /home/joshhlee/me326_ws/src/collaborative_robotics_course/install/locobot_autonomy/include/locobot_autonomy
[14.481s] -- Up-to-date: /home/joshhlee/me326_ws/src/collaborative_robotics_course/install/locobot_autonomy/include/locobot_autonomy/msg
[14.481s] -- Installing: /home/joshhlee/me326_ws/src/collaborative_robotics_course/install/locobot_autonomy/include/locobot_autonomy/msg/rosidl_typesupport_introspection_c__visibility_control.h
[14.481s] -- Up-to-date: /home/joshhlee/me326_ws/src/collaborative_robotics_course/install/locobot_autonomy/include/locobot_autonomy/action
[14.481s] -- Up-to-date: /home/joshhlee/me326_ws/src/collaborative_robotics_course/install/locobot_autonomy/include/locobot_autonomy/action/detail
[14.481s] -- Installing: /home/joshhlee/me326_ws/src/collaborative_robotics_course/install/locobot_autonomy/include/locobot_autonomy/action/detail/move_base__rosidl_typesupport_introspection_c.h
[14.481s] -- Installing: /home/joshhlee/me326_ws/src/collaborative_robotics_course/install/locobot_autonomy/include/locobot_autonomy/action/detail/move_base__type_support.c
[14.481s] -- Installing: /home/joshhlee/me326_ws/src/collaborative_robotics_course/install/locobot_autonomy/lib/liblocobot_autonomy__rosidl_typesupport_introspection_c.so
[14.481s] -- Set runtime path of "/home/joshhlee/me326_ws/src/collaborative_robotics_course/install/locobot_autonomy/lib/liblocobot_autonomy__rosidl_typesupport_introspection_c.so" to ""
[14.481s] -- Installing: /home/joshhlee/me326_ws/src/collaborative_robotics_course/install/locobot_autonomy/lib/liblocobot_autonomy__rosidl_typesupport_c.so
[14.481s] -- Set runtime path of "/home/joshhlee/me326_ws/src/collaborative_robotics_course/install/locobot_autonomy/lib/liblocobot_autonomy__rosidl_typesupport_c.so" to ""
[14.482s] -- Up-to-date: /home/joshhlee/me326_ws/src/collaborative_robotics_course/install/locobot_autonomy/include/locobot_autonomy
[14.482s] -- Up-to-date: /home/joshhlee/me326_ws/src/collaborative_robotics_course/install/locobot_autonomy/include/locobot_autonomy/action
[14.482s] -- Up-to-date: /home/joshhlee/me326_ws/src/collaborative_robotics_course/install/locobot_autonomy/include/locobot_autonomy/action/detail
[14.482s] -- Installing: /home/joshhlee/me326_ws/src/collaborative_robotics_course/install/locobot_autonomy/include/locobot_autonomy/action/detail/move_base__struct.hpp
[14.482s] -- Installing: /home/joshhlee/me326_ws/src/collaborative_robotics_course/install/locobot_autonomy/include/locobot_autonomy/action/detail/move_base__builder.hpp
[14.482s] -- Installing: /home/joshhlee/me326_ws/src/collaborative_robotics_course/install/locobot_autonomy/include/locobot_autonomy/action/detail/move_base__traits.hpp
[14.482s] -- Installing: /home/joshhlee/me326_ws/src/collaborative_robotics_course/install/locobot_autonomy/include/locobot_autonomy/action/move_base.hpp
[14.482s] -- Up-to-date: /home/joshhlee/me326_ws/src/collaborative_robotics_course/install/locobot_autonomy/include/locobot_autonomy
[14.482s] -- Up-to-date: /home/joshhlee/me326_ws/src/collaborative_robotics_course/install/locobot_autonomy/include/locobot_autonomy/action
[14.482s] -- Up-to-date: /home/joshhlee/me326_ws/src/collaborative_robotics_course/install/locobot_autonomy/include/locobot_autonomy/action/detail
[14.483s] -- Installing: /home/joshhlee/me326_ws/src/collaborative_robotics_course/install/locobot_autonomy/include/locobot_autonomy/action/detail/move_base__type_support.cpp
[14.483s] -- Installing: /home/joshhlee/me326_ws/src/collaborative_robotics_course/install/locobot_autonomy/include/locobot_autonomy/action/detail/move_base__rosidl_typesupport_introspection_cpp.hpp
[14.483s] -- Installing: /home/joshhlee/me326_ws/src/collaborative_robotics_course/install/locobot_autonomy/lib/liblocobot_autonomy__rosidl_typesupport_introspection_cpp.so
[14.483s] -- Set runtime path of "/home/joshhlee/me326_ws/src/collaborative_robotics_course/install/locobot_autonomy/lib/liblocobot_autonomy__rosidl_typesupport_introspection_cpp.so" to ""
[14.483s] -- Installing: /home/joshhlee/me326_ws/src/collaborative_robotics_course/install/locobot_autonomy/lib/liblocobot_autonomy__rosidl_typesupport_cpp.so
[14.483s] -- Set runtime path of "/home/joshhlee/me326_ws/src/collaborative_robotics_course/install/locobot_autonomy/lib/liblocobot_autonomy__rosidl_typesupport_cpp.so" to ""
[14.483s] -- Installing: /home/joshhlee/me326_ws/src/collaborative_robotics_course/install/locobot_autonomy/lib/python3.8/site-packages/locobot_autonomy/__init__.py
[14.504s] Compiling '/home/joshhlee/me326_ws/src/collaborative_robotics_course/install/locobot_autonomy/lib/python3.8/site-packages/locobot_autonomy/__init__.py'...
[14.507s] -- Installing: /home/joshhlee/me326_ws/src/collaborative_robotics_course/install/locobot_autonomy/lib/python3.8/site-packages/locobot_autonomy/action
[14.507s] -- Installing: /home/joshhlee/me326_ws/src/collaborative_robotics_course/install/locobot_autonomy/lib/python3.8/site-packages/locobot_autonomy/action/__init__.py
[14.507s] -- Installing: /home/joshhlee/me326_ws/src/collaborative_robotics_course/install/locobot_autonomy/lib/python3.8/site-packages/locobot_autonomy/action/_move_base_s.c
[14.507s] -- Installing: /home/joshhlee/me326_ws/src/collaborative_robotics_course/install/locobot_autonomy/lib/python3.8/site-packages/locobot_autonomy/action/_move_base.py
[14.507s] -- Installing: /home/joshhlee/me326_ws/src/collaborative_robotics_course/install/locobot_autonomy/lib/python3.8/site-packages/locobot_autonomy/locobot_autonomy_s__rosidl_typesupport_fastrtps_c.cpython-38-aarch64-linux-gnu.so
[14.508s] -- Set runtime path of "/home/joshhlee/me326_ws/src/collaborative_robotics_course/install/locobot_autonomy/lib/python3.8/site-packages/locobot_autonomy/locobot_autonomy_s__rosidl_typesupport_fastrtps_c.cpython-38-aarch64-linux-gnu.so" to ""
[14.508s] -- Installing: /home/joshhlee/me326_ws/src/collaborative_robotics_course/install/locobot_autonomy/lib/python3.8/site-packages/locobot_autonomy/locobot_autonomy_s__rosidl_typesupport_introspection_c.cpython-38-aarch64-linux-gnu.so
[14.508s] -- Set runtime path of "/home/joshhlee/me326_ws/src/collaborative_robotics_course/install/locobot_autonomy/lib/python3.8/site-packages/locobot_autonomy/locobot_autonomy_s__rosidl_typesupport_introspection_c.cpython-38-aarch64-linux-gnu.so" to ""
[14.508s] -- Installing: /home/joshhlee/me326_ws/src/collaborative_robotics_course/install/locobot_autonomy/lib/python3.8/site-packages/locobot_autonomy/locobot_autonomy_s__rosidl_typesupport_c.cpython-38-aarch64-linux-gnu.so
[14.509s] -- Set runtime path of "/home/joshhlee/me326_ws/src/collaborative_robotics_course/install/locobot_autonomy/lib/python3.8/site-packages/locobot_autonomy/locobot_autonomy_s__rosidl_typesupport_c.cpython-38-aarch64-linux-gnu.so" to ""
[14.509s] -- Installing: /home/joshhlee/me326_ws/src/collaborative_robotics_course/install/locobot_autonomy/lib/liblocobot_autonomy__python.so
[14.509s] -- Set runtime path of "/home/joshhlee/me326_ws/src/collaborative_robotics_course/install/locobot_autonomy/lib/liblocobot_autonomy__python.so" to ""
[14.509s] -- Installing: /home/joshhlee/me326_ws/src/collaborative_robotics_course/install/locobot_autonomy/share/locobot_autonomy/action/MoveBase.idl
[14.509s] -- Installing: /home/joshhlee/me326_ws/src/collaborative_robotics_course/install/locobot_autonomy/share/locobot_autonomy/action/MoveBase.action
[14.509s] -- Installing: /home/joshhlee/me326_ws/src/collaborative_robotics_course/install/locobot_autonomy/share/locobot_autonomy/model
[14.510s] -- Installing: /home/joshhlee/me326_ws/src/collaborative_robotics_course/install/locobot_autonomy/share/locobot_autonomy/model/yellow_cube.urdf
[14.510s] -- Installing: /home/joshhlee/me326_ws/src/collaborative_robotics_course/install/locobot_autonomy/share/locobot_autonomy/model/green_cube.urdf
[14.510s] -- Installing: /home/joshhlee/me326_ws/src/collaborative_robotics_course/install/locobot_autonomy/share/locobot_autonomy/model/red_cube.urdf
[14.510s] -- Installing: /home/joshhlee/me326_ws/src/collaborative_robotics_course/install/locobot_autonomy/share/locobot_autonomy/model/blue_cube.urdf
[14.510s] -- Installing: /home/joshhlee/me326_ws/src/collaborative_robotics_course/install/locobot_autonomy/share/ament_index/resource_index/package_run_dependencies/locobot_autonomy
[14.510s] -- Installing: /home/joshhlee/me326_ws/src/collaborative_robotics_course/install/locobot_autonomy/share/ament_index/resource_index/parent_prefix_path/locobot_autonomy
[14.510s] -- Installing: /home/joshhlee/me326_ws/src/collaborative_robotics_course/install/locobot_autonomy/share/locobot_autonomy/environment/ament_prefix_path.sh
[14.510s] -- Installing: /home/joshhlee/me326_ws/src/collaborative_robotics_course/install/locobot_autonomy/share/locobot_autonomy/environment/ament_prefix_path.dsv
[14.510s] -- Installing: /home/joshhlee/me326_ws/src/collaborative_robotics_course/install/locobot_autonomy/share/locobot_autonomy/environment/path.sh
[14.510s] -- Installing: /home/joshhlee/me326_ws/src/collaborative_robotics_course/install/locobot_autonomy/share/locobot_autonomy/environment/path.dsv
[14.510s] -- Installing: /home/joshhlee/me326_ws/src/collaborative_robotics_course/install/locobot_autonomy/share/locobot_autonomy/local_setup.bash
[14.511s] -- Installing: /home/joshhlee/me326_ws/src/collaborative_robotics_course/install/locobot_autonomy/share/locobot_autonomy/local_setup.sh
[14.511s] -- Installing: /home/joshhlee/me326_ws/src/collaborative_robotics_course/install/locobot_autonomy/share/locobot_autonomy/local_setup.zsh
[14.511s] -- Installing: /home/joshhlee/me326_ws/src/collaborative_robotics_course/install/locobot_autonomy/share/locobot_autonomy/local_setup.dsv
[14.511s] -- Installing: /home/joshhlee/me326_ws/src/collaborative_robotics_course/install/locobot_autonomy/share/locobot_autonomy/package.dsv
[14.511s] -- Installing: /home/joshhlee/me326_ws/src/collaborative_robotics_course/install/locobot_autonomy/share/ament_index/resource_index/packages/locobot_autonomy
[14.511s] -- Installing: /home/joshhlee/me326_ws/src/collaborative_robotics_course/install/locobot_autonomy/share/locobot_autonomy/cmake/locobot_autonomy__rosidl_generator_cExport.cmake
[14.511s] -- Installing: /home/joshhlee/me326_ws/src/collaborative_robotics_course/install/locobot_autonomy/share/locobot_autonomy/cmake/locobot_autonomy__rosidl_generator_cExport-noconfig.cmake
[14.511s] -- Installing: /home/joshhlee/me326_ws/src/collaborative_robotics_course/install/locobot_autonomy/share/locobot_autonomy/cmake/locobot_autonomy__rosidl_typesupport_introspection_cExport.cmake
[14.511s] -- Installing: /home/joshhlee/me326_ws/src/collaborative_robotics_course/install/locobot_autonomy/share/locobot_autonomy/cmake/locobot_autonomy__rosidl_typesupport_introspection_cExport-noconfig.cmake
[14.511s] -- Installing: /home/joshhlee/me326_ws/src/collaborative_robotics_course/install/locobot_autonomy/share/locobot_autonomy/cmake/locobot_autonomy__rosidl_typesupport_cExport.cmake
[14.511s] -- Installing: /home/joshhlee/me326_ws/src/collaborative_robotics_course/install/locobot_autonomy/share/locobot_autonomy/cmake/locobot_autonomy__rosidl_typesupport_cExport-noconfig.cmake
[14.512s] -- Installing: /home/joshhlee/me326_ws/src/collaborative_robotics_course/install/locobot_autonomy/share/locobot_autonomy/cmake/locobot_autonomy__rosidl_generator_cppExport.cmake
[14.512s] -- Installing: /home/joshhlee/me326_ws/src/collaborative_robotics_course/install/locobot_autonomy/share/locobot_autonomy/cmake/locobot_autonomy__rosidl_typesupport_introspection_cppExport.cmake
[14.512s] -- Installing: /home/joshhlee/me326_ws/src/collaborative_robotics_course/install/locobot_autonomy/share/locobot_autonomy/cmake/locobot_autonomy__rosidl_typesupport_introspection_cppExport-noconfig.cmake
[14.512s] -- Installing: /home/joshhlee/me326_ws/src/collaborative_robotics_course/install/locobot_autonomy/share/locobot_autonomy/cmake/locobot_autonomy__rosidl_typesupport_cppExport.cmake
[14.512s] -- Installing: /home/joshhlee/me326_ws/src/collaborative_robotics_course/install/locobot_autonomy/share/locobot_autonomy/cmake/locobot_autonomy__rosidl_typesupport_cppExport-noconfig.cmake
[14.512s] -- Installing: /home/joshhlee/me326_ws/src/collaborative_robotics_course/install/locobot_autonomy/share/locobot_autonomy/cmake/rosidl_cmake-extras.cmake
[14.512s] -- Installing: /home/joshhlee/me326_ws/src/collaborative_robotics_course/install/locobot_autonomy/share/locobot_autonomy/cmake/ament_cmake_export_dependencies-extras.cmake
[14.512s] -- Installing: /home/joshhlee/me326_ws/src/collaborative_robotics_course/install/locobot_autonomy/share/locobot_autonomy/cmake/ament_cmake_export_libraries-extras.cmake
[14.513s] -- Installing: /home/joshhlee/me326_ws/src/collaborative_robotics_course/install/locobot_autonomy/share/locobot_autonomy/cmake/ament_cmake_export_targets-extras.cmake
[14.513s] -- Installing: /home/joshhlee/me326_ws/src/collaborative_robotics_course/install/locobot_autonomy/share/locobot_autonomy/cmake/ament_cmake_export_include_directories-extras.cmake
[14.513s] -- Installing: /home/joshhlee/me326_ws/src/collaborative_robotics_course/install/locobot_autonomy/share/locobot_autonomy/cmake/rosidl_cmake_export_typesupport_libraries-extras.cmake
[14.513s] -- Installing: /home/joshhlee/me326_ws/src/collaborative_robotics_course/install/locobot_autonomy/share/locobot_autonomy/cmake/rosidl_cmake_export_typesupport_targets-extras.cmake
[14.513s] -- Installing: /home/joshhlee/me326_ws/src/collaborative_robotics_course/install/locobot_autonomy/share/locobot_autonomy/cmake/locobot_autonomyConfig.cmake
[14.513s] -- Installing: /home/joshhlee/me326_ws/src/collaborative_robotics_course/install/locobot_autonomy/share/locobot_autonomy/cmake/locobot_autonomyConfig-version.cmake
[14.513s] -- Installing: /home/joshhlee/me326_ws/src/collaborative_robotics_course/install/locobot_autonomy/share/locobot_autonomy/package.xml
[14.516s] Invoked command in '/home/joshhlee/me326_ws/src/collaborative_robotics_course/build/locobot_autonomy' returned '0': AMENT_PREFIX_PATH=/home/joshhlee/me326_ws/src/collaborative_robotics_course/install/la_msgs:${AMENT_PREFIX_PATH} CMAKE_PREFIX_PATH=/home/joshhlee/me326_ws/src/collaborative_robotics_course/install/la_msgs:/home/joshhlee/me326_ws/install/me326_project:/home/joshhlee/me326_ws/install/me326_locobot_example:/home/joshhlee/MK3_ws/src/install/locobot_autonomy:/home/joshhlee/MK3_ws/src/install/la_msgs:/home/joshhlee/interbotix_ws/install/interbotix_moveit_interface:/home/joshhlee/interbotix_ws/install/moveit_visual_tools:/home/joshhlee/interbotix_ws/install/interbotix_xslocobot_ros_control:/home/joshhlee/interbotix_ws/install/interbotix_xslocobot_sim:/home/joshhlee/interbotix_ws/install/interbotix_xslocobot_nav:/home/joshhlee/interbotix_ws/install/interbotix_xslocobot_control:/home/joshhlee/interbotix_ws/install/interbotix_xslocobot_descriptions:/home/joshhlee/interbotix_ws/install/interbotix_xs_toolbox:/home/joshhlee/interbotix_ws/install/interbotix_xs_rviz:/home/joshhlee/interbotix_ws/install/interbotix_xs_ros_control:/home/joshhlee/interbotix_ws/install/interbotix_perception_toolbox:/home/joshhlee/interbotix_ws/install/interbotix_perception_pipelines:/home/joshhlee/interbotix_ws/install/interbotix_xs_msgs:/home/joshhlee/interbotix_ws/install/interbotix_tf_tools:/home/joshhlee/interbotix_ws/install/interbotix_perception_msgs:/home/joshhlee/interbotix_ws/install/interbotix_moveit_interface_msgs:/home/joshhlee/interbotix_ws/install/interbotix_common_toolbox:/home/joshhlee/interbotix_ws/install/interbotix_common_sim:/home/joshhlee/interbotix_ws/install/interbotix_xs_modules:/home/joshhlee/interbotix_ws/install/interbotix_perception_modules:/home/joshhlee/interbotix_ws/install/interbotix_common_modules:/opt/ros/galactic LD_LIBRARY_PATH=/home/joshhlee/me326_ws/src/collaborative_robotics_course/install/la_msgs/lib:/home/joshhlee/me326_ws/install/me326_project/lib:/home/joshhlee/MK3_ws/src/install/locobot_autonomy/lib:/home/joshhlee/MK3_ws/src/install/la_msgs/lib:/home/joshhlee/interbotix_ws/install/moveit_visual_tools/lib:/home/joshhlee/interbotix_ws/install/interbotix_xs_rviz/lib:/home/joshhlee/interbotix_ws/install/interbotix_xs_ros_control/lib:/home/joshhlee/interbotix_ws/install/interbotix_xs_msgs/lib:/home/joshhlee/interbotix_ws/install/interbotix_tf_tools/lib:/home/joshhlee/interbotix_ws/install/interbotix_perception_msgs/lib:/home/joshhlee/interbotix_ws/install/interbotix_moveit_interface_msgs/lib:/usr/lib/aarch64-linux-gnu/gazebo-11/plugins:/opt/ros/galactic/opt/yaml_cpp_vendor/lib:/opt/ros/galactic/opt/rviz_ogre_vendor/lib:/opt/ros/galactic/lib/aarch64-linux-gnu:/opt/ros/galactic/lib:/usr/share/gazebo/../../lib/aarch64-linux-gnu/gazebo-11/plugins PYTHONPATH=/home/joshhlee/me326_ws/src/collaborative_robotics_course/install/la_msgs/lib/python3.8/site-packages:${PYTHONPATH} /usr/bin/cmake --install /home/joshhlee/me326_ws/src/collaborative_robotics_course/build/locobot_autonomy
