[0.348s] Invoking command in '/home/joshhlee/me326_ws/src/collab_robotics/build/me326_project': CMAKE_PREFIX_PATH=${CMAKE_PREFIX_PATH}:/home/joshhlee/interbotix_ws/install/interbotix_xs_modules:/home/joshhlee/interbotix_ws/install/interbotix_perception_modules:/home/joshhlee/interbotix_ws/install/interbotix_common_modules:/home/joshhlee/me326_ws/install/opencv_tests:/opt/ros/galactic /usr/bin/cmake /home/joshhlee/me326_ws/src/collab_robotics/me326_project -DCMAKE_INSTALL_PREFIX=/home/joshhlee/me326_ws/src/collab_robotics/install/me326_project
[0.420s] -- The C compiler identification is GNU 9.4.0
[0.498s] -- The CXX compiler identification is GNU 9.4.0
[0.516s] -- Check for working C compiler: /usr/bin/cc
[0.666s] -- Check for working C compiler: /usr/bin/cc -- works
[0.669s] -- Detecting C compiler ABI info
[0.775s] -- Detecting C compiler ABI info - done
[0.785s] -- Detecting C compile features
[0.786s] -- Detecting C compile features - done
[0.788s] -- Check for working CXX compiler: /usr/bin/c++
[0.887s] -- Check for working CXX compiler: /usr/bin/c++ -- works
[0.887s] -- Detecting CXX compiler ABI info
[1.007s] -- Detecting CXX compiler ABI info - done
[1.022s] -- Detecting CXX compile features
[1.022s] -- Detecting CXX compile features - done
[1.027s] -- Found ament_cmake: 1.1.6 (/opt/ros/galactic/share/ament_cmake/cmake)
[1.058s] -- Found PythonInterp: /usr/bin/python3 (found suitable version "3.8.10", minimum required is "3") 
[1.058s] -- Using PYTHON_EXECUTABLE: /usr/bin/python3
[1.161s] -- Found rclcpp: 9.2.2 (/opt/ros/galactic/share/rclcpp/cmake)
[1.265s] -- Using all available rosidl_typesupport_c: rosidl_typesupport_fastrtps_c;rosidl_typesupport_introspection_c
[1.279s] -- Found rosidl_adapter: 2.2.3 (/opt/ros/galactic/share/rosidl_adapter/cmake)
[1.406s] -- Found OpenSSL: /usr/lib/aarch64-linux-gnu/libcrypto.so (found version "1.1.1f")  
[1.438s] -- Found FastRTPS: /opt/ros/galactic/include  
[1.538s] -- Using all available rosidl_typesupport_cpp: rosidl_typesupport_fastrtps_cpp;rosidl_typesupport_introspection_cpp
[1.626s] -- Found rmw_implementation_cmake: 3.3.1 (/opt/ros/galactic/share/rmw_implementation_cmake/cmake)
[1.633s] -- Found rmw_cyclonedds_cpp: 0.22.6 (/opt/ros/galactic/share/rmw_cyclonedds_cpp/cmake)
[1.658s] -- Using RMW implementation 'rmw_cyclonedds_cpp' as default
[1.661s] -- Looking for pthread.h
[1.745s] -- Looking for pthread.h - found
[1.745s] -- Performing Test CMAKE_HAVE_LIBC_PTHREAD
[1.844s] -- Performing Test CMAKE_HAVE_LIBC_PTHREAD - Failed
[1.844s] -- Looking for pthread_create in pthreads
[1.911s] -- Looking for pthread_create in pthreads - not found
[1.911s] -- Looking for pthread_create in pthread
[2.003s] -- Looking for pthread_create in pthread - found
[2.004s] -- Found Threads: TRUE  
[2.158s] -- Found rclcpp_action: 9.2.2 (/opt/ros/galactic/share/rclcpp_action/cmake)
[2.241s] -- Found rclcpp_components: 9.2.2 (/opt/ros/galactic/share/rclcpp_components/cmake)
[2.315s] -- Found rclpy: 1.9.3 (/opt/ros/galactic/share/rclpy/cmake)
[2.319s] -- Found moveit_ros_planning_interface: 2.3.4 (/opt/ros/galactic/share/moveit_ros_planning_interface/cmake)
[2.373s] -- Found Boost: /usr/lib/aarch64-linux-gnu/cmake/Boost-1.71.0/BoostConfig.cmake (found version "1.71.0") found components: date_time filesystem program_options system thread 
[6.862s] -- Found Boost: /usr/lib/aarch64-linux-gnu/cmake/Boost-1.71.0/BoostConfig.cmake (found version "1.71.0") found components: chrono date_time filesystem iostreams program_options regex serialization system thread 
[6.985s] -- Found Boost: /usr/lib/aarch64-linux-gnu/cmake/Boost-1.71.0/BoostConfig.cmake (found version "1.71.0") found components: filesystem 
[8.174s] -- library: /usr/lib/aarch64-linux-gnu/libcurl.so
[8.947s] -- Found Eigen3: TRUE (found version "3.3.7") 
[12.191s] -- Found Boost: /usr/lib/aarch64-linux-gnu/cmake/Boost-1.71.0/BoostConfig.cmake (found version "1.71.0") found components: system filesystem date_time program_options thread chrono 
[13.006s] -- Found Boost: /usr/lib/aarch64-linux-gnu/cmake/Boost-1.71.0/BoostConfig.cmake (found version "1.71.0") found components: thread 
[14.195s] -- Found Boost: /usr/lib/aarch64-linux-gnu/cmake/Boost-1.71.0/BoostConfig.cmake (found version "1.71.0") found components: thread system filesystem regex date_time program_options 
[15.063s] -- Found Boost: /usr/lib/aarch64-linux-gnu/cmake/Boost-1.71.0/BoostConfig.cmake (found version "1.71.0") found components: system filesystem date_time program_options thread 
[16.525s] -- Found locobot_interfaces: 0.0.0 (/home/joshhlee/me326_ws/install/locobot_interfaces/share/locobot_interfaces/cmake)
[17.274s] -- Found rosidl_default_generators: 1.1.1 (/opt/ros/galactic/share/rosidl_default_generators/cmake)
[17.432s] -- Found nav_msgs: 2.2.4 (/opt/ros/galactic/share/nav_msgs/cmake)
[18.156s] -- Found pcl_ros: 2.3.2 (/opt/ros/galactic/share/pcl_ros/cmake)
[19.852s] -- Checking for module 'eigen3'
[19.954s] --   Found eigen3, version 3.3.7
[20.156s] -- Found Eigen: /usr/include/eigen3 (Required is at least version "3.1") 
[20.157s] -- Eigen found (include: /usr/include/eigen3, version: 3.3.7)
[20.295s] -- Checking for module 'flann'
[20.438s] --   Found flann, version 1.9.1
[20.615s] -- Found FLANN: /usr/lib/aarch64-linux-gnu/libflann_cpp.so  
[20.706s] -- The imported target "vtkParseOGLExt" references the file
[20.707s]    "/usr/bin/vtkParseOGLExt-7.1"
[20.707s] but this file does not exist.  Possible reasons include:
[20.707s] * The file was deleted, renamed, or moved to another location.
[20.708s] * An install or uninstall procedure did not complete successfully.
[20.708s] * The installation package was faulty and contained
[20.708s]    "/usr/lib/cmake/vtk-7.1/VTKTargets.cmake"
[20.709s] but not all the files it references.
[20.709s] 
[20.709s] -- The imported target "vtkRenderingPythonTkWidgets" references the file
[20.709s]    "/usr/lib/aarch64-linux-gnu/libvtkRenderingPythonTkWidgets.so"
[20.709s] but this file does not exist.  Possible reasons include:
[20.709s] * The file was deleted, renamed, or moved to another location.
[20.709s] * An install or uninstall procedure did not complete successfully.
[20.709s] * The installation package was faulty and contained
[20.709s]    "/usr/lib/cmake/vtk-7.1/VTKTargets.cmake"
[20.709s] but not all the files it references.
[20.709s] 
[20.713s] -- The imported target "vtk" references the file
[20.713s]    "/usr/bin/vtk"
[20.713s] but this file does not exist.  Possible reasons include:
[20.713s] * The file was deleted, renamed, or moved to another location.
[20.713s] * An install or uninstall procedure did not complete successfully.
[20.713s] * The installation package was faulty and contained
[20.713s]    "/usr/lib/cmake/vtk-7.1/VTKTargets.cmake"
[20.713s] but not all the files it references.
[20.713s] 
[20.713s] -- The imported target "pvtk" references the file
[20.713s]    "/usr/bin/pvtk"
[20.714s] but this file does not exist.  Possible reasons include:
[20.714s] * The file was deleted, renamed, or moved to another location.
[20.714s] * An install or uninstall procedure did not complete successfully.
[20.714s] * The installation package was faulty and contained
[20.714s]    "/usr/lib/cmake/vtk-7.1/VTKTargets.cmake"
[20.714s] but not all the files it references.
[20.714s] 
[20.797s] -- Checking for module 'libusb-1.0'
[20.897s] --   Found libusb-1.0, version 1.0.23
[21.043s] -- Found USB_10: /usr/lib/aarch64-linux-gnu/libusb-1.0.so  
[21.308s] -- OpenNI found (include: /usr/include/ni, lib: /usr/lib/libOpenNI.so)
[21.618s] -- OpenNI2 found (include: /usr/include/openni2, lib: /usr/lib/libOpenNI2.so)
[21.670s] -- Found libusb-1.0: /usr/include  
[21.678s] -- OpenNI found (include: /usr/include/ni, lib: /usr/lib/libOpenNI.so)
[21.700s] -- OpenNI2 found (include: /usr/include/openni2, lib: /usr/lib/libOpenNI2.so)
[21.801s] -- Found Qhull: optimized;/usr/lib/aarch64-linux-gnu/libqhull.so;debug;/usr/lib/aarch64-linux-gnu/libqhull.so  
[21.802s] -- QHULL found (include: /usr/include, lib: optimized;/usr/lib/aarch64-linux-gnu/libqhull.so;debug;/usr/lib/aarch64-linux-gnu/libqhull.so)
[21.813s] -- OpenNI found (include: /usr/include/ni, lib: /usr/lib/libOpenNI.so)
[21.829s] -- Found PCL_COMMON: /usr/lib/aarch64-linux-gnu/libpcl_common.so  
[21.832s] -- Found PCL_KDTREE: /usr/lib/aarch64-linux-gnu/libpcl_kdtree.so  
[21.834s] -- Found PCL_OCTREE: /usr/lib/aarch64-linux-gnu/libpcl_octree.so  
[21.835s] -- Found PCL_SEARCH: /usr/lib/aarch64-linux-gnu/libpcl_search.so  
[21.836s] -- Found PCL_SAMPLE_CONSENSUS: /usr/lib/aarch64-linux-gnu/libpcl_sample_consensus.so  
[21.838s] -- Found PCL_FILTERS: /usr/lib/aarch64-linux-gnu/libpcl_filters.so  
[21.838s] -- Found PCL_2D: /usr/include/pcl-1.10  
[21.839s] -- Found PCL_GEOMETRY: /usr/include/pcl-1.10  
[21.840s] -- Found PCL_IO: /usr/lib/aarch64-linux-gnu/libpcl_io.so  
[21.842s] -- Found PCL_FEATURES: /usr/lib/aarch64-linux-gnu/libpcl_features.so  
[21.844s] -- Found PCL_ML: /usr/lib/aarch64-linux-gnu/libpcl_ml.so  
[21.845s] -- Found PCL_SEGMENTATION: /usr/lib/aarch64-linux-gnu/libpcl_segmentation.so  
[21.874s] -- Found PCL_VISUALIZATION: /usr/lib/aarch64-linux-gnu/libpcl_visualization.so  
[21.889s] -- Found PCL_SURFACE: /usr/lib/aarch64-linux-gnu/libpcl_surface.so  
[21.890s] -- Found PCL_REGISTRATION: /usr/lib/aarch64-linux-gnu/libpcl_registration.so  
[21.897s] -- Found PCL_KEYPOINTS: /usr/lib/aarch64-linux-gnu/libpcl_keypoints.so  
[21.898s] -- Found PCL_TRACKING: /usr/lib/aarch64-linux-gnu/libpcl_tracking.so  
[21.904s] -- Found PCL_RECOGNITION: /usr/lib/aarch64-linux-gnu/libpcl_recognition.so  
[21.906s] -- Found PCL_STEREO: /usr/lib/aarch64-linux-gnu/libpcl_stereo.so  
[21.908s] -- Found PCL_APPS: /usr/lib/aarch64-linux-gnu/libpcl_apps.so  
[21.909s] -- Found PCL_IN_HAND_SCANNER: /usr/include/pcl-1.10  
[21.910s] -- Found PCL_POINT_CLOUD_EDITOR: /usr/include/pcl-1.10  
[21.912s] -- Found PCL_OUTOFCORE: /usr/lib/aarch64-linux-gnu/libpcl_outofcore.so  
[21.913s] -- Found PCL_PEOPLE: /usr/lib/aarch64-linux-gnu/libpcl_people.so  
[22.314s] -- Found image_geometry: 3.1.3 (/home/joshhlee/me326_ws/install/image_geometry/share/image_geometry/cmake)
[22.349s] -- Found image_transport: 2.5.1 (/opt/ros/galactic/share/image_transport/cmake)
[22.401s] -- Found cv_bridge: 3.1.3 (/home/joshhlee/me326_ws/install/cv_bridge/share/cv_bridge/cmake)
[22.436s] -- Found la_msgs: 0.0.0 (/home/joshhlee/me326_ws/install/la_msgs/share/la_msgs/cmake)
[22.706s] -- Found ament_lint_auto: 0.10.7 (/opt/ros/galactic/share/ament_lint_auto/cmake)
[22.852s] -- Configuring done
[23.070s] -- Generating done
[23.071s] -- Build files have been written to: /home/joshhlee/me326_ws/src/collab_robotics/build/me326_project
[23.115s] Invoked command in '/home/joshhlee/me326_ws/src/collab_robotics/build/me326_project' returned '0': CMAKE_PREFIX_PATH=${CMAKE_PREFIX_PATH}:/home/joshhlee/interbotix_ws/install/interbotix_xs_modules:/home/joshhlee/interbotix_ws/install/interbotix_perception_modules:/home/joshhlee/interbotix_ws/install/interbotix_common_modules:/home/joshhlee/me326_ws/install/opencv_tests:/opt/ros/galactic /usr/bin/cmake /home/joshhlee/me326_ws/src/collab_robotics/me326_project -DCMAKE_INSTALL_PREFIX=/home/joshhlee/me326_ws/src/collab_robotics/install/me326_project
[23.117s] Invoking command in '/home/joshhlee/me326_ws/src/collab_robotics/build/me326_project': CMAKE_PREFIX_PATH=${CMAKE_PREFIX_PATH}:/home/joshhlee/interbotix_ws/install/interbotix_xs_modules:/home/joshhlee/interbotix_ws/install/interbotix_perception_modules:/home/joshhlee/interbotix_ws/install/interbotix_common_modules:/home/joshhlee/me326_ws/install/opencv_tests:/opt/ros/galactic /usr/bin/cmake --build /home/joshhlee/me326_ws/src/collab_robotics/build/me326_project -- -j4 -l4
[23.334s] [35m[1mScanning dependencies of target visual_block_perception_srv[0m
[23.724s] [ 25%] [32mBuilding CXX object CMakeFiles/visual_block_perception_srv.dir/src/visual_block_perception_srv.cpp.o[0m
[31.394s] make[2]: *** wait: No child processes.  Stop.
[31.394s] make[2]: *** Waiting for unfinished jobs....
[31.394s] make[2]: *** wait: No child processes.  Stop.
[31.394s] make[1]: *** wait: No child processes.  Stop.
[31.394s] make[1]: *** Waiting for unfinished jobs....
[31.394s] make[1]: *** wait: No child processes.  Stop.
[31.395s] make: *** [Makefile:141: all] Error 2
