[2.861s] DEBUG:colcon:Command line arguments: ['/usr/bin/colcon', 'build']
[2.862s] DEBUG:colcon:Parsed command line arguments: Namespace(allow_overriding=[], ament_cmake_args=None, base_paths=['.'], build_base='build', catkin_cmake_args=None, catkin_skip_building_tests=False, cmake_args=None, cmake_clean_cache=False, cmake_clean_first=False, cmake_force_configure=False, cmake_target=None, cmake_target_skip_unavailable=False, continue_on_error=False, event_handlers=None, executor='parallel', ignore_user_meta=False, install_base='install', log_base=None, log_level=None, main=<bound method BuildVerb.main of <colcon_core.verb.build.BuildVerb object at 0xffffbdb5ecd0>>, merge_install=False, metas=['./colcon.meta'], packages_above=None, packages_above_and_dependencies=None, packages_above_depth=None, packages_end=None, packages_ignore=None, packages_ignore_regex=None, packages_select=None, packages_select_build_failed=False, packages_select_by_dep=None, packages_select_regex=None, packages_select_test_failures=False, packages_skip=None, packages_skip_build_finished=False, packages_skip_by_dep=None, packages_skip_regex=None, packages_skip_test_passed=False, packages_skip_up_to=None, packages_start=None, packages_up_to=None, packages_up_to_regex=None, parallel_workers=4, paths=None, symlink_install=False, test_result_base=None, verb_extension=<colcon_core.verb.build.BuildVerb object at 0xffffbdb5ecd0>, verb_name='build', verb_parser=<colcon_defaults.argument_parser.defaults.DefaultArgumentsDecorator object at 0xffffbdb67af0>)
[2.979s] Level 1:colcon.colcon_core.package_discovery:discover_packages(colcon_meta) check parameters
[2.980s] Level 1:colcon.colcon_core.package_discovery:discover_packages(recursive) check parameters
[2.980s] Level 1:colcon.colcon_core.package_discovery:discover_packages(ignore) check parameters
[2.980s] Level 1:colcon.colcon_core.package_discovery:discover_packages(path) check parameters
[2.980s] Level 1:colcon.colcon_core.package_discovery:discover_packages(colcon_meta) discover
[2.980s] Level 1:colcon.colcon_core.package_discovery:discover_packages(recursive) discover
[2.980s] INFO:colcon.colcon_core.package_discovery:Crawling recursively for packages in '/home/joshhlee/me326_ws/src/collaborative_robotics_course'
[2.980s] Level 1:colcon.colcon_core.package_identification:_identify(.) by extensions ['ignore', 'ignore_ament_install']
[2.980s] Level 1:colcon.colcon_core.package_identification:_identify(.) by extension 'ignore'
[2.980s] Level 1:colcon.colcon_core.package_identification:_identify(.) by extension 'ignore_ament_install'
[2.980s] Level 1:colcon.colcon_core.package_identification:_identify(.) by extensions ['colcon_pkg']
[2.980s] Level 1:colcon.colcon_core.package_identification:_identify(.) by extension 'colcon_pkg'
[2.980s] Level 1:colcon.colcon_core.package_identification:_identify(.) by extensions ['colcon_meta']
[2.980s] Level 1:colcon.colcon_core.package_identification:_identify(.) by extension 'colcon_meta'
[2.980s] Level 1:colcon.colcon_core.package_identification:_identify(.) by extensions ['ros']
[2.980s] Level 1:colcon.colcon_core.package_identification:_identify(.) by extension 'ros'
[2.989s] Level 1:colcon.colcon_core.package_identification:_identify(.) by extensions ['cmake', 'python']
[2.989s] Level 1:colcon.colcon_core.package_identification:_identify(.) by extension 'cmake'
[2.989s] Level 1:colcon.colcon_core.package_identification:_identify(.) by extension 'python'
[2.989s] Level 1:colcon.colcon_core.package_identification:_identify(.) by extensions ['python_setup_py']
[2.989s] Level 1:colcon.colcon_core.package_identification:_identify(.) by extension 'python_setup_py'
[2.989s] Level 1:colcon.colcon_core.package_identification:_identify(build) by extensions ['ignore', 'ignore_ament_install']
[2.989s] Level 1:colcon.colcon_core.package_identification:_identify(build) by extension 'ignore'
[2.989s] Level 1:colcon.colcon_core.package_identification:_identify(build) ignored
[2.989s] Level 1:colcon.colcon_core.package_identification:_identify(install) by extensions ['ignore', 'ignore_ament_install']
[2.989s] Level 1:colcon.colcon_core.package_identification:_identify(install) by extension 'ignore'
[2.989s] Level 1:colcon.colcon_core.package_identification:_identify(install) ignored
[2.989s] Level 1:colcon.colcon_core.package_identification:_identify(la_msgs) by extensions ['ignore', 'ignore_ament_install']
[2.989s] Level 1:colcon.colcon_core.package_identification:_identify(la_msgs) by extension 'ignore'
[2.989s] Level 1:colcon.colcon_core.package_identification:_identify(la_msgs) by extension 'ignore_ament_install'
[2.989s] Level 1:colcon.colcon_core.package_identification:_identify(la_msgs) by extensions ['colcon_pkg']
[2.989s] Level 1:colcon.colcon_core.package_identification:_identify(la_msgs) by extension 'colcon_pkg'
[2.989s] Level 1:colcon.colcon_core.package_identification:_identify(la_msgs) by extensions ['colcon_meta']
[2.989s] Level 1:colcon.colcon_core.package_identification:_identify(la_msgs) by extension 'colcon_meta'
[2.989s] Level 1:colcon.colcon_core.package_identification:_identify(la_msgs) by extensions ['ros']
[2.989s] Level 1:colcon.colcon_core.package_identification:_identify(la_msgs) by extension 'ros'
[2.991s] DEBUG:colcon.colcon_core.package_identification:Package 'la_msgs' with type 'ros.ament_cmake' and name 'la_msgs'
[2.991s] Level 1:colcon.colcon_core.package_identification:_identify(log) by extensions ['ignore', 'ignore_ament_install']
[2.991s] Level 1:colcon.colcon_core.package_identification:_identify(log) by extension 'ignore'
[2.991s] Level 1:colcon.colcon_core.package_identification:_identify(log) ignored
[2.991s] Level 1:colcon.colcon_core.package_identification:_identify(me326_project) by extensions ['ignore', 'ignore_ament_install']
[2.991s] Level 1:colcon.colcon_core.package_identification:_identify(me326_project) by extension 'ignore'
[2.991s] Level 1:colcon.colcon_core.package_identification:_identify(me326_project) by extension 'ignore_ament_install'
[2.991s] Level 1:colcon.colcon_core.package_identification:_identify(me326_project) by extensions ['colcon_pkg']
[2.991s] Level 1:colcon.colcon_core.package_identification:_identify(me326_project) by extension 'colcon_pkg'
[2.991s] Level 1:colcon.colcon_core.package_identification:_identify(me326_project) by extensions ['colcon_meta']
[2.991s] Level 1:colcon.colcon_core.package_identification:_identify(me326_project) by extension 'colcon_meta'
[2.991s] Level 1:colcon.colcon_core.package_identification:_identify(me326_project) by extensions ['ros']
[2.992s] Level 1:colcon.colcon_core.package_identification:_identify(me326_project) by extension 'ros'
[2.992s] DEBUG:colcon.colcon_core.package_identification:Package 'me326_project' with type 'ros.ament_cmake' and name 'me326_project'
[2.992s] Level 1:colcon.colcon_core.package_discovery:discover_packages(recursive) using defaults
[2.992s] Level 1:colcon.colcon_core.package_discovery:discover_packages(ignore) discover
[2.992s] Level 1:colcon.colcon_core.package_discovery:discover_packages(ignore) using defaults
[2.992s] Level 1:colcon.colcon_core.package_discovery:discover_packages(path) discover
[2.992s] Level 1:colcon.colcon_core.package_discovery:discover_packages(path) using defaults
[3.253s] Level 1:colcon.colcon_core.package_discovery:discover_packages(prefix_path) check parameters
[3.253s] Level 1:colcon.colcon_core.package_discovery:discover_packages(prefix_path) discover
[3.367s] DEBUG:colcon.colcon_installed_package_information.package_discovery:Found 22 installed packages in /home/joshhlee/interbotix_ws/install
[3.418s] DEBUG:colcon.colcon_installed_package_information.package_discovery:Found 335 installed packages in /opt/ros/galactic
[3.419s] Level 1:colcon.colcon_core.package_discovery:discover_packages(prefix_path) using defaults
[3.615s] Level 5:colcon.colcon_core.verb:set package 'la_msgs' build argument 'cmake_args' from command line to 'None'
[3.615s] Level 5:colcon.colcon_core.verb:set package 'la_msgs' build argument 'cmake_target' from command line to 'None'
[3.615s] Level 5:colcon.colcon_core.verb:set package 'la_msgs' build argument 'cmake_target_skip_unavailable' from command line to 'False'
[3.615s] Level 5:colcon.colcon_core.verb:set package 'la_msgs' build argument 'cmake_clean_cache' from command line to 'False'
[3.615s] Level 5:colcon.colcon_core.verb:set package 'la_msgs' build argument 'cmake_clean_first' from command line to 'False'
[3.615s] Level 5:colcon.colcon_core.verb:set package 'la_msgs' build argument 'cmake_force_configure' from command line to 'False'
[3.615s] Level 5:colcon.colcon_core.verb:set package 'la_msgs' build argument 'ament_cmake_args' from command line to 'None'
[3.615s] Level 5:colcon.colcon_core.verb:set package 'la_msgs' build argument 'catkin_cmake_args' from command line to 'None'
[3.615s] Level 5:colcon.colcon_core.verb:set package 'la_msgs' build argument 'catkin_skip_building_tests' from command line to 'False'
[3.615s] DEBUG:colcon.colcon_core.verb:Building package 'la_msgs' with the following arguments: {'ament_cmake_args': None, 'build_base': '/home/joshhlee/me326_ws/src/collaborative_robotics_course/build/la_msgs', 'catkin_cmake_args': None, 'catkin_skip_building_tests': False, 'cmake_args': None, 'cmake_clean_cache': False, 'cmake_clean_first': False, 'cmake_force_configure': False, 'cmake_target': None, 'cmake_target_skip_unavailable': False, 'install_base': '/home/joshhlee/me326_ws/src/collaborative_robotics_course/install/la_msgs', 'merge_install': False, 'path': '/home/joshhlee/me326_ws/src/collaborative_robotics_course/la_msgs', 'symlink_install': False, 'test_result_base': None}
[3.667s] Level 5:colcon.colcon_core.verb:set package 'me326_project' build argument 'cmake_args' from command line to 'None'
[3.667s] Level 5:colcon.colcon_core.verb:set package 'me326_project' build argument 'cmake_target' from command line to 'None'
[3.667s] Level 5:colcon.colcon_core.verb:set package 'me326_project' build argument 'cmake_target_skip_unavailable' from command line to 'False'
[3.667s] Level 5:colcon.colcon_core.verb:set package 'me326_project' build argument 'cmake_clean_cache' from command line to 'False'
[3.667s] Level 5:colcon.colcon_core.verb:set package 'me326_project' build argument 'cmake_clean_first' from command line to 'False'
[3.667s] Level 5:colcon.colcon_core.verb:set package 'me326_project' build argument 'cmake_force_configure' from command line to 'False'
[3.667s] Level 5:colcon.colcon_core.verb:set package 'me326_project' build argument 'ament_cmake_args' from command line to 'None'
[3.667s] Level 5:colcon.colcon_core.verb:set package 'me326_project' build argument 'catkin_cmake_args' from command line to 'None'
[3.667s] Level 5:colcon.colcon_core.verb:set package 'me326_project' build argument 'catkin_skip_building_tests' from command line to 'False'
[3.667s] DEBUG:colcon.colcon_core.verb:Building package 'me326_project' with the following arguments: {'ament_cmake_args': None, 'build_base': '/home/joshhlee/me326_ws/src/collaborative_robotics_course/build/me326_project', 'catkin_cmake_args': None, 'catkin_skip_building_tests': False, 'cmake_args': None, 'cmake_clean_cache': False, 'cmake_clean_first': False, 'cmake_force_configure': False, 'cmake_target': None, 'cmake_target_skip_unavailable': False, 'install_base': '/home/joshhlee/me326_ws/src/collaborative_robotics_course/install/me326_project', 'merge_install': False, 'path': '/home/joshhlee/me326_ws/src/collaborative_robotics_course/me326_project', 'symlink_install': False, 'test_result_base': None}
[3.740s] INFO:colcon.colcon_core.executor:Executing jobs using 'parallel' executor
[3.795s] DEBUG:colcon.colcon_parallel_executor.executor.parallel:run_until_complete
[3.795s] INFO:colcon.colcon_ros.task.ament_cmake.build:Building ROS package in '/home/joshhlee/me326_ws/src/collaborative_robotics_course/la_msgs' with build type 'ament_cmake'
[3.795s] INFO:colcon.colcon_cmake.task.cmake.build:Building CMake package in '/home/joshhlee/me326_ws/src/collaborative_robotics_course/la_msgs'
[3.846s] INFO:colcon.colcon_core.plugin_system:Skipping extension 'colcon_core.shell.bat': Not used on non-Windows systems
[3.846s] INFO:colcon.colcon_core.shell:Skip shell extension 'powershell' for command environment: Not usable outside of PowerShell
[3.846s] DEBUG:colcon.colcon_core.shell:Skip shell extension 'dsv' for command environment
[4.004s] INFO:colcon.colcon_ros.task.ament_cmake.build:Building ROS package in '/home/joshhlee/me326_ws/src/collaborative_robotics_course/me326_project' with build type 'ament_cmake'
[4.005s] INFO:colcon.colcon_cmake.task.cmake.build:Building CMake package in '/home/joshhlee/me326_ws/src/collaborative_robotics_course/me326_project'
[4.054s] INFO:colcon.colcon_core.shell:Skip shell extension 'powershell' for command environment: Not usable outside of PowerShell
[4.054s] DEBUG:colcon.colcon_core.shell:Skip shell extension 'dsv' for command environment
[4.212s] DEBUG:colcon.colcon_core.event_handler.log_command:Invoking command in '/home/joshhlee/me326_ws/src/collaborative_robotics_course/build/la_msgs': CMAKE_PREFIX_PATH=${CMAKE_PREFIX_PATH}:/home/joshhlee/interbotix_ws/install/interbotix_xs_modules:/home/joshhlee/interbotix_ws/install/interbotix_perception_modules:/home/joshhlee/interbotix_ws/install/interbotix_common_modules:/opt/ros/galactic /usr/bin/cmake --build /home/joshhlee/me326_ws/src/collaborative_robotics_course/build/la_msgs -- -j4 -l4
[4.219s] DEBUG:colcon.colcon_core.event_handler.log_command:Invoking command in '/home/joshhlee/me326_ws/src/collaborative_robotics_course/build/me326_project': CMAKE_PREFIX_PATH=${CMAKE_PREFIX_PATH}:/home/joshhlee/interbotix_ws/install/interbotix_xs_modules:/home/joshhlee/interbotix_ws/install/interbotix_perception_modules:/home/joshhlee/interbotix_ws/install/interbotix_common_modules:/opt/ros/galactic /usr/bin/cmake --build /home/joshhlee/me326_ws/src/collaborative_robotics_course/build/me326_project -- -j4 -l4
[4.490s] DEBUG:colcon.colcon_core.event_handler.log_command:Invoked command in '/home/joshhlee/me326_ws/src/collaborative_robotics_course/build/la_msgs' returned '0': CMAKE_PREFIX_PATH=${CMAKE_PREFIX_PATH}:/home/joshhlee/interbotix_ws/install/interbotix_xs_modules:/home/joshhlee/interbotix_ws/install/interbotix_perception_modules:/home/joshhlee/interbotix_ws/install/interbotix_common_modules:/opt/ros/galactic /usr/bin/cmake --build /home/joshhlee/me326_ws/src/collaborative_robotics_course/build/la_msgs -- -j4 -l4
[4.548s] DEBUG:colcon.colcon_core.event_handler.log_command:Invoking command in '/home/joshhlee/me326_ws/src/collaborative_robotics_course/build/la_msgs': CMAKE_PREFIX_PATH=${CMAKE_PREFIX_PATH}:/home/joshhlee/interbotix_ws/install/interbotix_xs_modules:/home/joshhlee/interbotix_ws/install/interbotix_perception_modules:/home/joshhlee/interbotix_ws/install/interbotix_common_modules:/opt/ros/galactic /usr/bin/cmake --install /home/joshhlee/me326_ws/src/collaborative_robotics_course/build/la_msgs
[4.605s] Level 1:colcon.colcon_core.environment:create_environment_scripts_only(la_msgs)
[4.606s] DEBUG:colcon.colcon_core.event_handler.log_command:Invoked command in '/home/joshhlee/me326_ws/src/collaborative_robotics_course/build/la_msgs' returned '0': CMAKE_PREFIX_PATH=${CMAKE_PREFIX_PATH}:/home/joshhlee/interbotix_ws/install/interbotix_xs_modules:/home/joshhlee/interbotix_ws/install/interbotix_perception_modules:/home/joshhlee/interbotix_ws/install/interbotix_common_modules:/opt/ros/galactic /usr/bin/cmake --install /home/joshhlee/me326_ws/src/collaborative_robotics_course/build/la_msgs
[4.658s] Level 1:colcon.colcon_core.environment:checking '/home/joshhlee/me326_ws/src/collaborative_robotics_course/install/la_msgs' for CMake module files
[4.659s] Level 1:colcon.colcon_core.environment:checking '/home/joshhlee/me326_ws/src/collaborative_robotics_course/install/la_msgs' for CMake config files
[4.660s] Level 1:colcon.colcon_core.shell:create_environment_hook('la_msgs', 'cmake_prefix_path')
[4.714s] INFO:colcon.colcon_core.shell:Creating environment hook '/home/joshhlee/me326_ws/src/collaborative_robotics_course/install/la_msgs/share/la_msgs/hook/cmake_prefix_path.ps1'
[4.715s] INFO:colcon.colcon_core.shell:Creating environment descriptor '/home/joshhlee/me326_ws/src/collaborative_robotics_course/install/la_msgs/share/la_msgs/hook/cmake_prefix_path.dsv'
[4.715s] INFO:colcon.colcon_core.shell:Creating environment hook '/home/joshhlee/me326_ws/src/collaborative_robotics_course/install/la_msgs/share/la_msgs/hook/cmake_prefix_path.sh'
[4.716s] Level 1:colcon.colcon_core.environment:checking '/home/joshhlee/me326_ws/src/collaborative_robotics_course/install/la_msgs/lib'
[4.716s] Level 1:colcon.colcon_core.shell:create_environment_hook('la_msgs', 'ld_library_path_lib')
[4.770s] INFO:colcon.colcon_core.shell:Creating environment hook '/home/joshhlee/me326_ws/src/collaborative_robotics_course/install/la_msgs/share/la_msgs/hook/ld_library_path_lib.ps1'
[4.770s] INFO:colcon.colcon_core.shell:Creating environment descriptor '/home/joshhlee/me326_ws/src/collaborative_robotics_course/install/la_msgs/share/la_msgs/hook/ld_library_path_lib.dsv'
[4.770s] INFO:colcon.colcon_core.shell:Creating environment hook '/home/joshhlee/me326_ws/src/collaborative_robotics_course/install/la_msgs/share/la_msgs/hook/ld_library_path_lib.sh'
[4.770s] Level 1:colcon.colcon_core.environment:checking '/home/joshhlee/me326_ws/src/collaborative_robotics_course/install/la_msgs/bin'
[4.770s] Level 1:colcon.colcon_core.environment:checking '/home/joshhlee/me326_ws/src/collaborative_robotics_course/install/la_msgs/lib/pkgconfig/la_msgs.pc'
[4.770s] Level 1:colcon.colcon_core.environment:checking '/home/joshhlee/me326_ws/src/collaborative_robotics_course/install/la_msgs/lib/python3.8/site-packages'
[4.771s] Level 1:colcon.colcon_core.shell:create_environment_hook('la_msgs', 'pythonpath')
[4.828s] INFO:colcon.colcon_core.shell:Creating environment hook '/home/joshhlee/me326_ws/src/collaborative_robotics_course/install/la_msgs/share/la_msgs/hook/pythonpath.ps1'
[4.828s] INFO:colcon.colcon_core.shell:Creating environment descriptor '/home/joshhlee/me326_ws/src/collaborative_robotics_course/install/la_msgs/share/la_msgs/hook/pythonpath.dsv'
[4.828s] INFO:colcon.colcon_core.shell:Creating environment hook '/home/joshhlee/me326_ws/src/collaborative_robotics_course/install/la_msgs/share/la_msgs/hook/pythonpath.sh'
[4.828s] Level 1:colcon.colcon_core.environment:checking '/home/joshhlee/me326_ws/src/collaborative_robotics_course/install/la_msgs/bin'
[4.881s] INFO:colcon.colcon_core.shell:Creating package script '/home/joshhlee/me326_ws/src/collaborative_robotics_course/install/la_msgs/share/la_msgs/package.ps1'
[4.882s] INFO:colcon.colcon_core.shell:Creating package descriptor '/home/joshhlee/me326_ws/src/collaborative_robotics_course/install/la_msgs/share/la_msgs/package.dsv'
[4.882s] INFO:colcon.colcon_core.shell:Creating package script '/home/joshhlee/me326_ws/src/collaborative_robotics_course/install/la_msgs/share/la_msgs/package.sh'
[4.882s] INFO:colcon.colcon_core.shell:Creating package script '/home/joshhlee/me326_ws/src/collaborative_robotics_course/install/la_msgs/share/la_msgs/package.bash'
[4.883s] INFO:colcon.colcon_core.shell:Creating package script '/home/joshhlee/me326_ws/src/collaborative_robotics_course/install/la_msgs/share/la_msgs/package.zsh'
[4.883s] Level 1:colcon.colcon_core.environment:create_file_with_runtime_dependencies(/home/joshhlee/me326_ws/src/collaborative_robotics_course/install/la_msgs/share/colcon-core/packages/la_msgs)
[4.982s] Level 1:colcon.colcon_core.environment:create_environment_scripts_only(la_msgs)
[5.033s] Level 1:colcon.colcon_core.environment:checking '/home/joshhlee/me326_ws/src/collaborative_robotics_course/install/la_msgs' for CMake module files
[5.033s] Level 1:colcon.colcon_core.environment:checking '/home/joshhlee/me326_ws/src/collaborative_robotics_course/install/la_msgs' for CMake config files
[5.033s] Level 1:colcon.colcon_core.shell:create_environment_hook('la_msgs', 'cmake_prefix_path')
[5.084s] INFO:colcon.colcon_core.shell:Creating environment hook '/home/joshhlee/me326_ws/src/collaborative_robotics_course/install/la_msgs/share/la_msgs/hook/cmake_prefix_path.ps1'
[5.085s] INFO:colcon.colcon_core.shell:Creating environment descriptor '/home/joshhlee/me326_ws/src/collaborative_robotics_course/install/la_msgs/share/la_msgs/hook/cmake_prefix_path.dsv'
[5.085s] INFO:colcon.colcon_core.shell:Creating environment hook '/home/joshhlee/me326_ws/src/collaborative_robotics_course/install/la_msgs/share/la_msgs/hook/cmake_prefix_path.sh'
[5.085s] Level 1:colcon.colcon_core.environment:checking '/home/joshhlee/me326_ws/src/collaborative_robotics_course/install/la_msgs/lib'
[5.085s] Level 1:colcon.colcon_core.shell:create_environment_hook('la_msgs', 'ld_library_path_lib')
[5.136s] INFO:colcon.colcon_core.shell:Creating environment hook '/home/joshhlee/me326_ws/src/collaborative_robotics_course/install/la_msgs/share/la_msgs/hook/ld_library_path_lib.ps1'
[5.136s] INFO:colcon.colcon_core.shell:Creating environment descriptor '/home/joshhlee/me326_ws/src/collaborative_robotics_course/install/la_msgs/share/la_msgs/hook/ld_library_path_lib.dsv'
[5.136s] INFO:colcon.colcon_core.shell:Creating environment hook '/home/joshhlee/me326_ws/src/collaborative_robotics_course/install/la_msgs/share/la_msgs/hook/ld_library_path_lib.sh'
[5.137s] Level 1:colcon.colcon_core.environment:checking '/home/joshhlee/me326_ws/src/collaborative_robotics_course/install/la_msgs/bin'
[5.137s] Level 1:colcon.colcon_core.environment:checking '/home/joshhlee/me326_ws/src/collaborative_robotics_course/install/la_msgs/lib/pkgconfig/la_msgs.pc'
[5.137s] Level 1:colcon.colcon_core.environment:checking '/home/joshhlee/me326_ws/src/collaborative_robotics_course/install/la_msgs/lib/python3.8/site-packages'
[5.137s] Level 1:colcon.colcon_core.shell:create_environment_hook('la_msgs', 'pythonpath')
[5.186s] INFO:colcon.colcon_core.shell:Creating environment hook '/home/joshhlee/me326_ws/src/collaborative_robotics_course/install/la_msgs/share/la_msgs/hook/pythonpath.ps1'
[5.187s] INFO:colcon.colcon_core.shell:Creating environment descriptor '/home/joshhlee/me326_ws/src/collaborative_robotics_course/install/la_msgs/share/la_msgs/hook/pythonpath.dsv'
[5.187s] INFO:colcon.colcon_core.shell:Creating environment hook '/home/joshhlee/me326_ws/src/collaborative_robotics_course/install/la_msgs/share/la_msgs/hook/pythonpath.sh'
[5.187s] Level 1:colcon.colcon_core.environment:checking '/home/joshhlee/me326_ws/src/collaborative_robotics_course/install/la_msgs/bin'
[5.239s] INFO:colcon.colcon_core.shell:Creating package script '/home/joshhlee/me326_ws/src/collaborative_robotics_course/install/la_msgs/share/la_msgs/package.ps1'
[5.239s] INFO:colcon.colcon_core.shell:Creating package descriptor '/home/joshhlee/me326_ws/src/collaborative_robotics_course/install/la_msgs/share/la_msgs/package.dsv'
[5.239s] INFO:colcon.colcon_core.shell:Creating package script '/home/joshhlee/me326_ws/src/collaborative_robotics_course/install/la_msgs/share/la_msgs/package.sh'
[5.240s] INFO:colcon.colcon_core.shell:Creating package script '/home/joshhlee/me326_ws/src/collaborative_robotics_course/install/la_msgs/share/la_msgs/package.bash'
[5.240s] INFO:colcon.colcon_core.shell:Creating package script '/home/joshhlee/me326_ws/src/collaborative_robotics_course/install/la_msgs/share/la_msgs/package.zsh'
[5.240s] Level 1:colcon.colcon_core.environment:create_file_with_runtime_dependencies(/home/joshhlee/me326_ws/src/collaborative_robotics_course/install/la_msgs/share/colcon-core/packages/la_msgs)
[6.683s] DEBUG:colcon.colcon_core.event_handler.log_command:Invoked command in '/home/joshhlee/me326_ws/src/collaborative_robotics_course/build/me326_project' returned '0': CMAKE_PREFIX_PATH=${CMAKE_PREFIX_PATH}:/home/joshhlee/interbotix_ws/install/interbotix_xs_modules:/home/joshhlee/interbotix_ws/install/interbotix_perception_modules:/home/joshhlee/interbotix_ws/install/interbotix_common_modules:/opt/ros/galactic /usr/bin/cmake --build /home/joshhlee/me326_ws/src/collaborative_robotics_course/build/me326_project -- -j4 -l4
[6.720s] DEBUG:colcon.colcon_core.event_handler.log_command:Invoking command in '/home/joshhlee/me326_ws/src/collaborative_robotics_course/build/me326_project': CMAKE_PREFIX_PATH=${CMAKE_PREFIX_PATH}:/home/joshhlee/interbotix_ws/install/interbotix_xs_modules:/home/joshhlee/interbotix_ws/install/interbotix_perception_modules:/home/joshhlee/interbotix_ws/install/interbotix_common_modules:/opt/ros/galactic /usr/bin/cmake --install /home/joshhlee/me326_ws/src/collaborative_robotics_course/build/me326_project
[6.792s] Level 1:colcon.colcon_core.environment:create_environment_scripts_only(me326_project)
[6.792s] DEBUG:colcon.colcon_core.event_handler.log_command:Invoked command in '/home/joshhlee/me326_ws/src/collaborative_robotics_course/build/me326_project' returned '0': CMAKE_PREFIX_PATH=${CMAKE_PREFIX_PATH}:/home/joshhlee/interbotix_ws/install/interbotix_xs_modules:/home/joshhlee/interbotix_ws/install/interbotix_perception_modules:/home/joshhlee/interbotix_ws/install/interbotix_common_modules:/opt/ros/galactic /usr/bin/cmake --install /home/joshhlee/me326_ws/src/collaborative_robotics_course/build/me326_project
[6.843s] Level 1:colcon.colcon_core.environment:checking '/home/joshhlee/me326_ws/src/collaborative_robotics_course/install/me326_project' for CMake module files
[6.844s] Level 1:colcon.colcon_core.environment:checking '/home/joshhlee/me326_ws/src/collaborative_robotics_course/install/me326_project' for CMake config files
[6.844s] Level 1:colcon.colcon_core.shell:create_environment_hook('me326_project', 'cmake_prefix_path')
[6.892s] INFO:colcon.colcon_core.shell:Creating environment hook '/home/joshhlee/me326_ws/src/collaborative_robotics_course/install/me326_project/share/me326_project/hook/cmake_prefix_path.ps1'
[6.892s] INFO:colcon.colcon_core.shell:Creating environment descriptor '/home/joshhlee/me326_ws/src/collaborative_robotics_course/install/me326_project/share/me326_project/hook/cmake_prefix_path.dsv'
[6.892s] INFO:colcon.colcon_core.shell:Creating environment hook '/home/joshhlee/me326_ws/src/collaborative_robotics_course/install/me326_project/share/me326_project/hook/cmake_prefix_path.sh'
[6.893s] Level 1:colcon.colcon_core.environment:checking '/home/joshhlee/me326_ws/src/collaborative_robotics_course/install/me326_project/lib'
[6.893s] Level 1:colcon.colcon_core.shell:create_environment_hook('me326_project', 'ld_library_path_lib')
[6.945s] INFO:colcon.colcon_core.shell:Creating environment hook '/home/joshhlee/me326_ws/src/collaborative_robotics_course/install/me326_project/share/me326_project/hook/ld_library_path_lib.ps1'
[6.946s] INFO:colcon.colcon_core.shell:Creating environment descriptor '/home/joshhlee/me326_ws/src/collaborative_robotics_course/install/me326_project/share/me326_project/hook/ld_library_path_lib.dsv'
[6.946s] INFO:colcon.colcon_core.shell:Creating environment hook '/home/joshhlee/me326_ws/src/collaborative_robotics_course/install/me326_project/share/me326_project/hook/ld_library_path_lib.sh'
[6.946s] Level 1:colcon.colcon_core.environment:checking '/home/joshhlee/me326_ws/src/collaborative_robotics_course/install/me326_project/bin'
[6.946s] Level 1:colcon.colcon_core.environment:checking '/home/joshhlee/me326_ws/src/collaborative_robotics_course/install/me326_project/lib/pkgconfig/me326_project.pc'
[6.946s] Level 1:colcon.colcon_core.environment:checking '/home/joshhlee/me326_ws/src/collaborative_robotics_course/install/me326_project/lib/python3.8/site-packages'
[6.946s] Level 1:colcon.colcon_core.shell:create_environment_hook('me326_project', 'pythonpath')
[6.998s] INFO:colcon.colcon_core.shell:Creating environment hook '/home/joshhlee/me326_ws/src/collaborative_robotics_course/install/me326_project/share/me326_project/hook/pythonpath.ps1'
[6.999s] INFO:colcon.colcon_core.shell:Creating environment descriptor '/home/joshhlee/me326_ws/src/collaborative_robotics_course/install/me326_project/share/me326_project/hook/pythonpath.dsv'
[6.999s] INFO:colcon.colcon_core.shell:Creating environment hook '/home/joshhlee/me326_ws/src/collaborative_robotics_course/install/me326_project/share/me326_project/hook/pythonpath.sh'
[6.999s] Level 1:colcon.colcon_core.environment:checking '/home/joshhlee/me326_ws/src/collaborative_robotics_course/install/me326_project/bin'
[7.047s] INFO:colcon.colcon_core.shell:Creating package script '/home/joshhlee/me326_ws/src/collaborative_robotics_course/install/me326_project/share/me326_project/package.ps1'
[7.048s] INFO:colcon.colcon_core.shell:Creating package descriptor '/home/joshhlee/me326_ws/src/collaborative_robotics_course/install/me326_project/share/me326_project/package.dsv'
[7.048s] INFO:colcon.colcon_core.shell:Creating package script '/home/joshhlee/me326_ws/src/collaborative_robotics_course/install/me326_project/share/me326_project/package.sh'
[7.048s] INFO:colcon.colcon_core.shell:Creating package script '/home/joshhlee/me326_ws/src/collaborative_robotics_course/install/me326_project/share/me326_project/package.bash'
[7.048s] INFO:colcon.colcon_core.shell:Creating package script '/home/joshhlee/me326_ws/src/collaborative_robotics_course/install/me326_project/share/me326_project/package.zsh'
[7.049s] Level 1:colcon.colcon_core.environment:create_file_with_runtime_dependencies(/home/joshhlee/me326_ws/src/collaborative_robotics_course/install/me326_project/share/colcon-core/packages/me326_project)
[7.136s] Level 1:colcon.colcon_core.environment:create_environment_scripts_only(me326_project)
[7.189s] Level 1:colcon.colcon_core.environment:checking '/home/joshhlee/me326_ws/src/collaborative_robotics_course/install/me326_project' for CMake module files
[7.190s] Level 1:colcon.colcon_core.environment:checking '/home/joshhlee/me326_ws/src/collaborative_robotics_course/install/me326_project' for CMake config files
[7.190s] Level 1:colcon.colcon_core.shell:create_environment_hook('me326_project', 'cmake_prefix_path')
[7.247s] INFO:colcon.colcon_core.shell:Creating environment hook '/home/joshhlee/me326_ws/src/collaborative_robotics_course/install/me326_project/share/me326_project/hook/cmake_prefix_path.ps1'
[7.248s] INFO:colcon.colcon_core.shell:Creating environment descriptor '/home/joshhlee/me326_ws/src/collaborative_robotics_course/install/me326_project/share/me326_project/hook/cmake_prefix_path.dsv'
[7.248s] INFO:colcon.colcon_core.shell:Creating environment hook '/home/joshhlee/me326_ws/src/collaborative_robotics_course/install/me326_project/share/me326_project/hook/cmake_prefix_path.sh'
[7.248s] Level 1:colcon.colcon_core.environment:checking '/home/joshhlee/me326_ws/src/collaborative_robotics_course/install/me326_project/lib'
[7.248s] Level 1:colcon.colcon_core.shell:create_environment_hook('me326_project', 'ld_library_path_lib')
[7.304s] INFO:colcon.colcon_core.shell:Creating environment hook '/home/joshhlee/me326_ws/src/collaborative_robotics_course/install/me326_project/share/me326_project/hook/ld_library_path_lib.ps1'
[7.305s] INFO:colcon.colcon_core.shell:Creating environment descriptor '/home/joshhlee/me326_ws/src/collaborative_robotics_course/install/me326_project/share/me326_project/hook/ld_library_path_lib.dsv'
[7.305s] INFO:colcon.colcon_core.shell:Creating environment hook '/home/joshhlee/me326_ws/src/collaborative_robotics_course/install/me326_project/share/me326_project/hook/ld_library_path_lib.sh'
[7.305s] Level 1:colcon.colcon_core.environment:checking '/home/joshhlee/me326_ws/src/collaborative_robotics_course/install/me326_project/bin'
[7.305s] Level 1:colcon.colcon_core.environment:checking '/home/joshhlee/me326_ws/src/collaborative_robotics_course/install/me326_project/lib/pkgconfig/me326_project.pc'
[7.306s] Level 1:colcon.colcon_core.environment:checking '/home/joshhlee/me326_ws/src/collaborative_robotics_course/install/me326_project/lib/python3.8/site-packages'
[7.306s] Level 1:colcon.colcon_core.shell:create_environment_hook('me326_project', 'pythonpath')
[7.375s] INFO:colcon.colcon_core.shell:Creating environment hook '/home/joshhlee/me326_ws/src/collaborative_robotics_course/install/me326_project/share/me326_project/hook/pythonpath.ps1'
[7.376s] INFO:colcon.colcon_core.shell:Creating environment descriptor '/home/joshhlee/me326_ws/src/collaborative_robotics_course/install/me326_project/share/me326_project/hook/pythonpath.dsv'
[7.376s] INFO:colcon.colcon_core.shell:Creating environment hook '/home/joshhlee/me326_ws/src/collaborative_robotics_course/install/me326_project/share/me326_project/hook/pythonpath.sh'
[7.376s] Level 1:colcon.colcon_core.environment:checking '/home/joshhlee/me326_ws/src/collaborative_robotics_course/install/me326_project/bin'
[7.433s] INFO:colcon.colcon_core.shell:Creating package script '/home/joshhlee/me326_ws/src/collaborative_robotics_course/install/me326_project/share/me326_project/package.ps1'
[7.434s] INFO:colcon.colcon_core.shell:Creating package descriptor '/home/joshhlee/me326_ws/src/collaborative_robotics_course/install/me326_project/share/me326_project/package.dsv'
[7.434s] INFO:colcon.colcon_core.shell:Creating package script '/home/joshhlee/me326_ws/src/collaborative_robotics_course/install/me326_project/share/me326_project/package.sh'
[7.435s] INFO:colcon.colcon_core.shell:Creating package script '/home/joshhlee/me326_ws/src/collaborative_robotics_course/install/me326_project/share/me326_project/package.bash'
[7.435s] INFO:colcon.colcon_core.shell:Creating package script '/home/joshhlee/me326_ws/src/collaborative_robotics_course/install/me326_project/share/me326_project/package.zsh'
[7.435s] Level 1:colcon.colcon_core.environment:create_file_with_runtime_dependencies(/home/joshhlee/me326_ws/src/collaborative_robotics_course/install/me326_project/share/colcon-core/packages/me326_project)
[7.435s] DEBUG:colcon.colcon_parallel_executor.executor.parallel:closing loop
[7.436s] DEBUG:colcon.colcon_parallel_executor.executor.parallel:loop closed
[7.436s] DEBUG:colcon.colcon_parallel_executor.executor.parallel:run_until_complete finished with '0'
[7.436s] DEBUG:colcon.colcon_core.event_reactor:joining thread
[7.500s] INFO:colcon.colcon_core.plugin_system:Skipping extension 'colcon_notification.desktop_notification.terminal_notifier': Not used on non-Darwin systems
[7.500s] INFO:colcon.colcon_core.plugin_system:Skipping extension 'colcon_notification.desktop_notification.win32': Not used on non-Windows systems
[7.500s] INFO:colcon.colcon_notification.desktop_notification:Sending desktop notification using 'notify2'
[7.520s] DEBUG:colcon.colcon_core.event_reactor:joined thread
[7.593s] INFO:colcon.colcon_core.shell:Creating prefix script '/home/joshhlee/me326_ws/src/collaborative_robotics_course/install/local_setup.ps1'
[7.594s] INFO:colcon.colcon_core.shell:Creating prefix util module '/home/joshhlee/me326_ws/src/collaborative_robotics_course/install/_local_setup_util_ps1.py'
[7.595s] INFO:colcon.colcon_core.shell:Creating prefix chain script '/home/joshhlee/me326_ws/src/collaborative_robotics_course/install/setup.ps1'
[7.674s] INFO:colcon.colcon_core.shell:Creating prefix script '/home/joshhlee/me326_ws/src/collaborative_robotics_course/install/local_setup.sh'
[7.674s] INFO:colcon.colcon_core.shell:Creating prefix util module '/home/joshhlee/me326_ws/src/collaborative_robotics_course/install/_local_setup_util_sh.py'
[7.675s] INFO:colcon.colcon_core.shell:Creating prefix chain script '/home/joshhlee/me326_ws/src/collaborative_robotics_course/install/setup.sh'
[7.730s] INFO:colcon.colcon_core.shell:Creating prefix script '/home/joshhlee/me326_ws/src/collaborative_robotics_course/install/local_setup.bash'
[7.730s] INFO:colcon.colcon_core.shell:Creating prefix chain script '/home/joshhlee/me326_ws/src/collaborative_robotics_course/install/setup.bash'
[7.790s] INFO:colcon.colcon_core.shell:Creating prefix script '/home/joshhlee/me326_ws/src/collaborative_robotics_course/install/local_setup.zsh'
[7.790s] INFO:colcon.colcon_core.shell:Creating prefix chain script '/home/joshhlee/me326_ws/src/collaborative_robotics_course/install/setup.zsh'
