[1.202s] Invoking command in '/home/joshhlee/me326_ws/src/collab_robotics/build/la_msgs': CMAKE_PREFIX_PATH=${CMAKE_PREFIX_PATH}:/home/joshhlee/interbotix_ws/install/interbotix_xs_modules:/home/joshhlee/interbotix_ws/install/interbotix_perception_modules:/home/joshhlee/interbotix_ws/install/interbotix_common_modules:/home/joshhlee/me326_ws/install/opencv_tests:/opt/ros/galactic /usr/bin/cmake --build /home/joshhlee/me326_ws/src/collab_robotics/build/la_msgs -- -j4 -l4
[1.408s] [  2%] Built target la_msgs__cpp
[1.501s] [ 12%] Built target la_msgs__rosidl_generator_c
[1.603s] [ 23%] Built target la_msgs__rosidl_typesupport_fastrtps_cpp
[1.683s] [ 33%] Built target la_msgs__rosidl_typesupport_c
[1.752s] [ 43%] Built target la_msgs__rosidl_typesupport_introspection_c
[1.905s] [ 53%] Built target la_msgs__rosidl_typesupport_fastrtps_c
[2.022s] [ 64%] Built target la_msgs__rosidl_typesupport_introspection_cpp
[2.138s] [ 74%] Built target la_msgs__rosidl_typesupport_cpp
[2.273s] [ 74%] Built target la_msgs
[2.386s] [ 76%] Built target la_msgs__py
[2.503s] [ 84%] Built target la_msgs__python
[2.595s] [ 89%] Built target la_msgs__rosidl_typesupport_c__pyext
[2.703s] [ 94%] Built target la_msgs__rosidl_typesupport_fastrtps_c__pyext
[2.812s] [100%] Built target la_msgs__rosidl_typesupport_introspection_c__pyext
[2.839s] Invoked command in '/home/joshhlee/me326_ws/src/collab_robotics/build/la_msgs' returned '0': CMAKE_PREFIX_PATH=${CMAKE_PREFIX_PATH}:/home/joshhlee/interbotix_ws/install/interbotix_xs_modules:/home/joshhlee/interbotix_ws/install/interbotix_perception_modules:/home/joshhlee/interbotix_ws/install/interbotix_common_modules:/home/joshhlee/me326_ws/install/opencv_tests:/opt/ros/galactic /usr/bin/cmake --build /home/joshhlee/me326_ws/src/collab_robotics/build/la_msgs -- -j4 -l4
[3.818s] Invoking command in '/home/joshhlee/me326_ws/src/collab_robotics/build/la_msgs': CMAKE_PREFIX_PATH=${CMAKE_PREFIX_PATH}:/home/joshhlee/interbotix_ws/install/interbotix_xs_modules:/home/joshhlee/interbotix_ws/install/interbotix_perception_modules:/home/joshhlee/interbotix_ws/install/interbotix_common_modules:/home/joshhlee/me326_ws/install/opencv_tests:/opt/ros/galactic /usr/bin/cmake --install /home/joshhlee/me326_ws/src/collab_robotics/build/la_msgs
[3.855s] -- Install configuration: ""
[3.856s] -- Up-to-date: /home/joshhlee/me326_ws/src/collab_robotics/install/la_msgs/share/ament_index/resource_index/rosidl_interfaces/la_msgs
[3.856s] -- Up-to-date: /home/joshhlee/me326_ws/src/collab_robotics/install/la_msgs/include/la_msgs
[3.856s] -- Up-to-date: /home/joshhlee/me326_ws/src/collab_robotics/install/la_msgs/include/la_msgs/msg
[3.856s] -- Up-to-date: /home/joshhlee/me326_ws/src/collab_robotics/install/la_msgs/include/la_msgs/msg/rosidl_generator_c__visibility_control.h
[3.856s] -- Up-to-date: /home/joshhlee/me326_ws/src/collab_robotics/install/la_msgs/include/la_msgs/srv
[3.860s] -- Up-to-date: /home/joshhlee/me326_ws/src/collab_robotics/install/la_msgs/include/la_msgs/srv/detail
[3.860s] -- Up-to-date: /home/joshhlee/me326_ws/src/collab_robotics/install/la_msgs/include/la_msgs/srv/detail/ptps__struct.h
[3.860s] -- Up-to-date: /home/joshhlee/me326_ws/src/collab_robotics/install/la_msgs/include/la_msgs/srv/detail/ptps__functions.c
[3.860s] -- Up-to-date: /home/joshhlee/me326_ws/src/collab_robotics/install/la_msgs/include/la_msgs/srv/detail/ptps__type_support.h
[3.860s] -- Up-to-date: /home/joshhlee/me326_ws/src/collab_robotics/install/la_msgs/include/la_msgs/srv/detail/ptps__functions.h
[3.860s] -- Up-to-date: /home/joshhlee/me326_ws/src/collab_robotics/install/la_msgs/include/la_msgs/srv/ptps.h
[3.860s] -- Up-to-date: /home/joshhlee/me326_ws/src/collab_robotics/install/la_msgs/include/la_msgs/action
[3.860s] -- Up-to-date: /home/joshhlee/me326_ws/src/collab_robotics/install/la_msgs/include/la_msgs/action/detail
[3.860s] -- Up-to-date: /home/joshhlee/me326_ws/src/collab_robotics/install/la_msgs/include/la_msgs/action/detail/move_base__struct.h
[3.860s] -- Up-to-date: /home/joshhlee/me326_ws/src/collab_robotics/install/la_msgs/include/la_msgs/action/detail/move_base__functions.c
[3.860s] -- Up-to-date: /home/joshhlee/me326_ws/src/collab_robotics/install/la_msgs/include/la_msgs/action/detail/move_base__type_support.h
[3.860s] -- Up-to-date: /home/joshhlee/me326_ws/src/collab_robotics/install/la_msgs/include/la_msgs/action/detail/move_base__functions.h
[3.860s] -- Up-to-date: /home/joshhlee/me326_ws/src/collab_robotics/install/la_msgs/include/la_msgs/action/move_base.h
[3.860s] -- Up-to-date: /home/joshhlee/me326_ws/src/collab_robotics/install/la_msgs/share/la_msgs/environment/library_path.sh
[3.860s] -- Up-to-date: /home/joshhlee/me326_ws/src/collab_robotics/install/la_msgs/share/la_msgs/environment/library_path.dsv
[3.860s] -- Up-to-date: /home/joshhlee/me326_ws/src/collab_robotics/install/la_msgs/lib/libla_msgs__rosidl_generator_c.so
[3.861s] -- Up-to-date: /home/joshhlee/me326_ws/src/collab_robotics/install/la_msgs/include/la_msgs
[3.861s] -- Up-to-date: /home/joshhlee/me326_ws/src/collab_robotics/install/la_msgs/include/la_msgs/msg
[3.861s] -- Up-to-date: /home/joshhlee/me326_ws/src/collab_robotics/install/la_msgs/include/la_msgs/msg/rosidl_typesupport_fastrtps_c__visibility_control.h
[3.861s] -- Up-to-date: /home/joshhlee/me326_ws/src/collab_robotics/install/la_msgs/include/la_msgs/srv
[3.861s] -- Up-to-date: /home/joshhlee/me326_ws/src/collab_robotics/install/la_msgs/include/la_msgs/srv/detail
[3.861s] -- Up-to-date: /home/joshhlee/me326_ws/src/collab_robotics/install/la_msgs/include/la_msgs/srv/detail/ptps__rosidl_typesupport_fastrtps_c.h
[3.861s] -- Up-to-date: /home/joshhlee/me326_ws/src/collab_robotics/install/la_msgs/include/la_msgs/action
[3.861s] -- Up-to-date: /home/joshhlee/me326_ws/src/collab_robotics/install/la_msgs/include/la_msgs/action/detail
[3.861s] -- Up-to-date: /home/joshhlee/me326_ws/src/collab_robotics/install/la_msgs/include/la_msgs/action/detail/move_base__rosidl_typesupport_fastrtps_c.h
[3.861s] -- Up-to-date: /home/joshhlee/me326_ws/src/collab_robotics/install/la_msgs/lib/libla_msgs__rosidl_typesupport_fastrtps_c.so
[3.861s] -- Up-to-date: /home/joshhlee/me326_ws/src/collab_robotics/install/la_msgs/include/la_msgs
[3.861s] -- Up-to-date: /home/joshhlee/me326_ws/src/collab_robotics/install/la_msgs/include/la_msgs/msg
[3.862s] -- Up-to-date: /home/joshhlee/me326_ws/src/collab_robotics/install/la_msgs/include/la_msgs/msg/rosidl_typesupport_fastrtps_cpp__visibility_control.h
[3.862s] -- Up-to-date: /home/joshhlee/me326_ws/src/collab_robotics/install/la_msgs/include/la_msgs/srv
[3.862s] -- Up-to-date: /home/joshhlee/me326_ws/src/collab_robotics/install/la_msgs/include/la_msgs/srv/detail
[3.862s] -- Up-to-date: /home/joshhlee/me326_ws/src/collab_robotics/install/la_msgs/include/la_msgs/srv/detail/ptps__rosidl_typesupport_fastrtps_cpp.hpp
[3.862s] -- Up-to-date: /home/joshhlee/me326_ws/src/collab_robotics/install/la_msgs/include/la_msgs/srv/detail/dds_fastrtps
[3.862s] -- Up-to-date: /home/joshhlee/me326_ws/src/collab_robotics/install/la_msgs/include/la_msgs/action
[3.862s] -- Up-to-date: /home/joshhlee/me326_ws/src/collab_robotics/install/la_msgs/include/la_msgs/action/detail
[3.862s] -- Up-to-date: /home/joshhlee/me326_ws/src/collab_robotics/install/la_msgs/include/la_msgs/action/detail/dds_fastrtps
[3.862s] -- Up-to-date: /home/joshhlee/me326_ws/src/collab_robotics/install/la_msgs/include/la_msgs/action/detail/move_base__rosidl_typesupport_fastrtps_cpp.hpp
[3.863s] -- Up-to-date: /home/joshhlee/me326_ws/src/collab_robotics/install/la_msgs/lib/libla_msgs__rosidl_typesupport_fastrtps_cpp.so
[3.864s] -- Up-to-date: /home/joshhlee/me326_ws/src/collab_robotics/install/la_msgs/include/la_msgs
[3.865s] -- Up-to-date: /home/joshhlee/me326_ws/src/collab_robotics/install/la_msgs/include/la_msgs/msg
[3.865s] -- Up-to-date: /home/joshhlee/me326_ws/src/collab_robotics/install/la_msgs/include/la_msgs/msg/rosidl_typesupport_introspection_c__visibility_control.h
[3.865s] -- Up-to-date: /home/joshhlee/me326_ws/src/collab_robotics/install/la_msgs/include/la_msgs/srv
[3.865s] -- Up-to-date: /home/joshhlee/me326_ws/src/collab_robotics/install/la_msgs/include/la_msgs/srv/detail
[3.865s] -- Up-to-date: /home/joshhlee/me326_ws/src/collab_robotics/install/la_msgs/include/la_msgs/srv/detail/ptps__type_support.c
[3.865s] -- Up-to-date: /home/joshhlee/me326_ws/src/collab_robotics/install/la_msgs/include/la_msgs/srv/detail/ptps__rosidl_typesupport_introspection_c.h
[3.865s] -- Up-to-date: /home/joshhlee/me326_ws/src/collab_robotics/install/la_msgs/include/la_msgs/action
[3.865s] -- Up-to-date: /home/joshhlee/me326_ws/src/collab_robotics/install/la_msgs/include/la_msgs/action/detail
[3.865s] -- Up-to-date: /home/joshhlee/me326_ws/src/collab_robotics/install/la_msgs/include/la_msgs/action/detail/move_base__rosidl_typesupport_introspection_c.h
[3.865s] -- Up-to-date: /home/joshhlee/me326_ws/src/collab_robotics/install/la_msgs/include/la_msgs/action/detail/move_base__type_support.c
[3.866s] -- Up-to-date: /home/joshhlee/me326_ws/src/collab_robotics/install/la_msgs/lib/libla_msgs__rosidl_typesupport_introspection_c.so
[3.869s] -- Up-to-date: /home/joshhlee/me326_ws/src/collab_robotics/install/la_msgs/lib/libla_msgs__rosidl_typesupport_c.so
[3.869s] -- Up-to-date: /home/joshhlee/me326_ws/src/collab_robotics/install/la_msgs/include/la_msgs
[3.869s] -- Up-to-date: /home/joshhlee/me326_ws/src/collab_robotics/install/la_msgs/include/la_msgs/srv
[3.869s] -- Up-to-date: /home/joshhlee/me326_ws/src/collab_robotics/install/la_msgs/include/la_msgs/srv/detail
[3.870s] -- Up-to-date: /home/joshhlee/me326_ws/src/collab_robotics/install/la_msgs/include/la_msgs/srv/detail/ptps__builder.hpp
[3.870s] -- Up-to-date: /home/joshhlee/me326_ws/src/collab_robotics/install/la_msgs/include/la_msgs/srv/detail/ptps__struct.hpp
[3.870s] -- Up-to-date: /home/joshhlee/me326_ws/src/collab_robotics/install/la_msgs/include/la_msgs/srv/detail/ptps__traits.hpp
[3.870s] -- Up-to-date: /home/joshhlee/me326_ws/src/collab_robotics/install/la_msgs/include/la_msgs/srv/ptps.hpp
[3.870s] -- Up-to-date: /home/joshhlee/me326_ws/src/collab_robotics/install/la_msgs/include/la_msgs/action
[3.872s] -- Up-to-date: /home/joshhlee/me326_ws/src/collab_robotics/install/la_msgs/include/la_msgs/action/detail
[3.872s] -- Up-to-date: /home/joshhlee/me326_ws/src/collab_robotics/install/la_msgs/include/la_msgs/action/detail/move_base__struct.hpp
[3.872s] -- Up-to-date: /home/joshhlee/me326_ws/src/collab_robotics/install/la_msgs/include/la_msgs/action/detail/move_base__builder.hpp
[3.872s] -- Up-to-date: /home/joshhlee/me326_ws/src/collab_robotics/install/la_msgs/include/la_msgs/action/detail/move_base__traits.hpp
[3.872s] -- Up-to-date: /home/joshhlee/me326_ws/src/collab_robotics/install/la_msgs/include/la_msgs/action/move_base.hpp
[3.872s] -- Up-to-date: /home/joshhlee/me326_ws/src/collab_robotics/install/la_msgs/include/la_msgs
[3.873s] -- Up-to-date: /home/joshhlee/me326_ws/src/collab_robotics/install/la_msgs/include/la_msgs/srv
[3.873s] -- Up-to-date: /home/joshhlee/me326_ws/src/collab_robotics/install/la_msgs/include/la_msgs/srv/detail
[3.873s] -- Up-to-date: /home/joshhlee/me326_ws/src/collab_robotics/install/la_msgs/include/la_msgs/srv/detail/ptps__rosidl_typesupport_introspection_cpp.hpp
[3.873s] -- Up-to-date: /home/joshhlee/me326_ws/src/collab_robotics/install/la_msgs/include/la_msgs/srv/detail/ptps__type_support.cpp
[3.873s] -- Up-to-date: /home/joshhlee/me326_ws/src/collab_robotics/install/la_msgs/include/la_msgs/action
[3.873s] -- Up-to-date: /home/joshhlee/me326_ws/src/collab_robotics/install/la_msgs/include/la_msgs/action/detail
[3.873s] -- Up-to-date: /home/joshhlee/me326_ws/src/collab_robotics/install/la_msgs/include/la_msgs/action/detail/move_base__type_support.cpp
[3.873s] -- Up-to-date: /home/joshhlee/me326_ws/src/collab_robotics/install/la_msgs/include/la_msgs/action/detail/move_base__rosidl_typesupport_introspection_cpp.hpp
[3.873s] -- Up-to-date: /home/joshhlee/me326_ws/src/collab_robotics/install/la_msgs/lib/libla_msgs__rosidl_typesupport_introspection_cpp.so
[3.874s] -- Up-to-date: /home/joshhlee/me326_ws/src/collab_robotics/install/la_msgs/lib/libla_msgs__rosidl_typesupport_cpp.so
[3.874s] -- Up-to-date: /home/joshhlee/me326_ws/src/collab_robotics/install/la_msgs/share/la_msgs/environment/pythonpath.sh
[3.874s] -- Up-to-date: /home/joshhlee/me326_ws/src/collab_robotics/install/la_msgs/share/la_msgs/environment/pythonpath.dsv
[3.874s] -- Up-to-date: /home/joshhlee/me326_ws/src/collab_robotics/install/la_msgs/lib/python3.8/site-packages/la_msgs/__init__.py
[4.018s] -- Up-to-date: /home/joshhlee/me326_ws/src/collab_robotics/install/la_msgs/lib/python3.8/site-packages/la_msgs/action
[4.019s] -- Up-to-date: /home/joshhlee/me326_ws/src/collab_robotics/install/la_msgs/lib/python3.8/site-packages/la_msgs/action/__init__.py
[4.019s] -- Up-to-date: /home/joshhlee/me326_ws/src/collab_robotics/install/la_msgs/lib/python3.8/site-packages/la_msgs/action/_move_base_s.c
[4.019s] -- Up-to-date: /home/joshhlee/me326_ws/src/collab_robotics/install/la_msgs/lib/python3.8/site-packages/la_msgs/action/_move_base.py
[4.019s] -- Up-to-date: /home/joshhlee/me326_ws/src/collab_robotics/install/la_msgs/lib/python3.8/site-packages/la_msgs/srv
[4.020s] -- Up-to-date: /home/joshhlee/me326_ws/src/collab_robotics/install/la_msgs/lib/python3.8/site-packages/la_msgs/srv/__init__.py
[4.020s] -- Up-to-date: /home/joshhlee/me326_ws/src/collab_robotics/install/la_msgs/lib/python3.8/site-packages/la_msgs/srv/_ptps_s.c
[4.020s] -- Up-to-date: /home/joshhlee/me326_ws/src/collab_robotics/install/la_msgs/lib/python3.8/site-packages/la_msgs/srv/_ptps.py
[4.020s] -- Up-to-date: /home/joshhlee/me326_ws/src/collab_robotics/install/la_msgs/lib/python3.8/site-packages/la_msgs/la_msgs_s__rosidl_typesupport_fastrtps_c.cpython-38-aarch64-linux-gnu.so
[4.022s] -- Up-to-date: /home/joshhlee/me326_ws/src/collab_robotics/install/la_msgs/lib/python3.8/site-packages/la_msgs/la_msgs_s__rosidl_typesupport_introspection_c.cpython-38-aarch64-linux-gnu.so
[4.023s] -- Up-to-date: /home/joshhlee/me326_ws/src/collab_robotics/install/la_msgs/lib/python3.8/site-packages/la_msgs/la_msgs_s__rosidl_typesupport_c.cpython-38-aarch64-linux-gnu.so
[4.023s] -- Up-to-date: /home/joshhlee/me326_ws/src/collab_robotics/install/la_msgs/lib/libla_msgs__python.so
[4.023s] -- Up-to-date: /home/joshhlee/me326_ws/src/collab_robotics/install/la_msgs/share/la_msgs/action/MoveBase.idl
[4.024s] -- Up-to-date: /home/joshhlee/me326_ws/src/collab_robotics/install/la_msgs/share/la_msgs/srv/Ptps.idl
[4.024s] -- Up-to-date: /home/joshhlee/me326_ws/src/collab_robotics/install/la_msgs/share/la_msgs/action/MoveBase.action
[4.024s] -- Up-to-date: /home/joshhlee/me326_ws/src/collab_robotics/install/la_msgs/share/la_msgs/srv/Ptps.srv
[4.024s] -- Up-to-date: /home/joshhlee/me326_ws/src/collab_robotics/install/la_msgs/share/la_msgs/srv/Ptps_Request.msg
[4.024s] -- Up-to-date: /home/joshhlee/me326_ws/src/collab_robotics/install/la_msgs/share/la_msgs/srv/Ptps_Response.msg
[4.024s] -- Up-to-date: /home/joshhlee/me326_ws/src/collab_robotics/install/la_msgs/share/ament_index/resource_index/package_run_dependencies/la_msgs
[4.024s] -- Up-to-date: /home/joshhlee/me326_ws/src/collab_robotics/install/la_msgs/share/ament_index/resource_index/parent_prefix_path/la_msgs
[4.024s] -- Up-to-date: /home/joshhlee/me326_ws/src/collab_robotics/install/la_msgs/share/la_msgs/environment/ament_prefix_path.sh
[4.025s] -- Up-to-date: /home/joshhlee/me326_ws/src/collab_robotics/install/la_msgs/share/la_msgs/environment/ament_prefix_path.dsv
[4.025s] -- Up-to-date: /home/joshhlee/me326_ws/src/collab_robotics/install/la_msgs/share/la_msgs/environment/path.sh
[4.025s] -- Up-to-date: /home/joshhlee/me326_ws/src/collab_robotics/install/la_msgs/share/la_msgs/environment/path.dsv
[4.025s] -- Up-to-date: /home/joshhlee/me326_ws/src/collab_robotics/install/la_msgs/share/la_msgs/local_setup.bash
[4.025s] -- Up-to-date: /home/joshhlee/me326_ws/src/collab_robotics/install/la_msgs/share/la_msgs/local_setup.sh
[4.025s] -- Up-to-date: /home/joshhlee/me326_ws/src/collab_robotics/install/la_msgs/share/la_msgs/local_setup.zsh
[4.025s] -- Up-to-date: /home/joshhlee/me326_ws/src/collab_robotics/install/la_msgs/share/la_msgs/local_setup.dsv
[4.025s] -- Installing: /home/joshhlee/me326_ws/src/collab_robotics/install/la_msgs/share/la_msgs/package.dsv
[4.026s] -- Up-to-date: /home/joshhlee/me326_ws/src/collab_robotics/install/la_msgs/share/ament_index/resource_index/packages/la_msgs
[4.026s] -- Up-to-date: /home/joshhlee/me326_ws/src/collab_robotics/install/la_msgs/share/la_msgs/cmake/la_msgs__rosidl_generator_cExport.cmake
[4.026s] -- Up-to-date: /home/joshhlee/me326_ws/src/collab_robotics/install/la_msgs/share/la_msgs/cmake/la_msgs__rosidl_generator_cExport-noconfig.cmake
[4.027s] -- Up-to-date: /home/joshhlee/me326_ws/src/collab_robotics/install/la_msgs/share/la_msgs/cmake/la_msgs__rosidl_typesupport_introspection_cExport.cmake
[4.027s] -- Up-to-date: /home/joshhlee/me326_ws/src/collab_robotics/install/la_msgs/share/la_msgs/cmake/la_msgs__rosidl_typesupport_introspection_cExport-noconfig.cmake
[4.027s] -- Up-to-date: /home/joshhlee/me326_ws/src/collab_robotics/install/la_msgs/share/la_msgs/cmake/la_msgs__rosidl_typesupport_cExport.cmake
[4.027s] -- Up-to-date: /home/joshhlee/me326_ws/src/collab_robotics/install/la_msgs/share/la_msgs/cmake/la_msgs__rosidl_typesupport_cExport-noconfig.cmake
[4.027s] -- Up-to-date: /home/joshhlee/me326_ws/src/collab_robotics/install/la_msgs/share/la_msgs/cmake/la_msgs__rosidl_generator_cppExport.cmake
[4.028s] -- Up-to-date: /home/joshhlee/me326_ws/src/collab_robotics/install/la_msgs/share/la_msgs/cmake/la_msgs__rosidl_typesupport_introspection_cppExport.cmake
[4.028s] -- Up-to-date: /home/joshhlee/me326_ws/src/collab_robotics/install/la_msgs/share/la_msgs/cmake/la_msgs__rosidl_typesupport_introspection_cppExport-noconfig.cmake
[4.028s] -- Up-to-date: /home/joshhlee/me326_ws/src/collab_robotics/install/la_msgs/share/la_msgs/cmake/la_msgs__rosidl_typesupport_cppExport.cmake
[4.028s] -- Up-to-date: /home/joshhlee/me326_ws/src/collab_robotics/install/la_msgs/share/la_msgs/cmake/la_msgs__rosidl_typesupport_cppExport-noconfig.cmake
[4.029s] -- Up-to-date: /home/joshhlee/me326_ws/src/collab_robotics/install/la_msgs/share/la_msgs/cmake/rosidl_cmake-extras.cmake
[4.029s] -- Up-to-date: /home/joshhlee/me326_ws/src/collab_robotics/install/la_msgs/share/la_msgs/cmake/ament_cmake_export_dependencies-extras.cmake
[4.029s] -- Up-to-date: /home/joshhlee/me326_ws/src/collab_robotics/install/la_msgs/share/la_msgs/cmake/ament_cmake_export_libraries-extras.cmake
[4.029s] -- Up-to-date: /home/joshhlee/me326_ws/src/collab_robotics/install/la_msgs/share/la_msgs/cmake/ament_cmake_export_targets-extras.cmake
[4.029s] -- Up-to-date: /home/joshhlee/me326_ws/src/collab_robotics/install/la_msgs/share/la_msgs/cmake/ament_cmake_export_include_directories-extras.cmake
[4.029s] -- Up-to-date: /home/joshhlee/me326_ws/src/collab_robotics/install/la_msgs/share/la_msgs/cmake/rosidl_cmake_export_typesupport_libraries-extras.cmake
[4.029s] -- Up-to-date: /home/joshhlee/me326_ws/src/collab_robotics/install/la_msgs/share/la_msgs/cmake/rosidl_cmake_export_typesupport_targets-extras.cmake
[4.029s] -- Up-to-date: /home/joshhlee/me326_ws/src/collab_robotics/install/la_msgs/share/la_msgs/cmake/la_msgsConfig.cmake
[4.029s] -- Up-to-date: /home/joshhlee/me326_ws/src/collab_robotics/install/la_msgs/share/la_msgs/cmake/la_msgsConfig-version.cmake
[4.030s] -- Up-to-date: /home/joshhlee/me326_ws/src/collab_robotics/install/la_msgs/share/la_msgs/package.xml
[4.038s] Invoked command in '/home/joshhlee/me326_ws/src/collab_robotics/build/la_msgs' returned '0': CMAKE_PREFIX_PATH=${CMAKE_PREFIX_PATH}:/home/joshhlee/interbotix_ws/install/interbotix_xs_modules:/home/joshhlee/interbotix_ws/install/interbotix_perception_modules:/home/joshhlee/interbotix_ws/install/interbotix_common_modules:/home/joshhlee/me326_ws/install/opencv_tests:/opt/ros/galactic /usr/bin/cmake --install /home/joshhlee/me326_ws/src/collab_robotics/build/la_msgs
