[0.295s] Invoking command in '/home/joshhlee/me326_ws/src/collaborative_robotics_course/build/me326_project': CMAKE_PREFIX_PATH=${CMAKE_PREFIX_PATH}:/home/joshhlee/interbotix_ws/install/interbotix_xs_modules:/home/joshhlee/interbotix_ws/install/interbotix_perception_modules:/home/joshhlee/interbotix_ws/install/interbotix_common_modules:/opt/ros/galactic /usr/bin/cmake /home/joshhlee/me326_ws/src/collaborative_robotics_course/me326_project -DCMAKE_INSTALL_PREFIX=/home/joshhlee/me326_ws/src/collaborative_robotics_course/install/me326_project
[0.489s] -- The C compiler identification is GNU 9.4.0
[0.635s] -- The CXX compiler identification is GNU 9.4.0
[0.646s] -- Check for working C compiler: /usr/bin/cc
[0.706s] -- Check for working C compiler: /usr/bin/cc -- works
[0.707s] -- Detecting C compiler ABI info
[0.759s] -- Detecting C compiler ABI info - done
[0.767s] -- Detecting C compile features
[0.768s] -- Detecting C compile features - done
[0.770s] -- Check for working CXX compiler: /usr/bin/c++
[0.828s] -- Check for working CXX compiler: /usr/bin/c++ -- works
[0.829s] -- Detecting CXX compiler ABI info
[0.883s] -- Detecting CXX compiler ABI info - done
[0.891s] -- Detecting CXX compile features
[0.891s] -- Detecting CXX compile features - done
[0.898s] -- Found ament_cmake: 1.1.6 (/opt/ros/galactic/share/ament_cmake/cmake)
[0.924s] -- Found PythonInterp: /usr/bin/python3 (found suitable version "3.8.10", minimum required is "3") 
[0.924s] -- Using PYTHON_EXECUTABLE: /usr/bin/python3
[1.002s] -- Found rclcpp: 9.2.2 (/opt/ros/galactic/share/rclcpp/cmake)
[1.064s] -- Using all available rosidl_typesupport_c: rosidl_typesupport_fastrtps_c;rosidl_typesupport_introspection_c
[1.075s] -- Found rosidl_adapter: 2.2.3 (/opt/ros/galactic/share/rosidl_adapter/cmake)
[1.154s] -- Found OpenSSL: /usr/lib/aarch64-linux-gnu/libcrypto.so (found version "1.1.1f")  
[1.179s] -- Found FastRTPS: /opt/ros/galactic/include  
[1.250s] -- Using all available rosidl_typesupport_cpp: rosidl_typesupport_fastrtps_cpp;rosidl_typesupport_introspection_cpp
[1.307s] -- Found rmw_implementation_cmake: 3.3.1 (/opt/ros/galactic/share/rmw_implementation_cmake/cmake)
[1.311s] -- Found rmw_cyclonedds_cpp: 0.22.6 (/opt/ros/galactic/share/rmw_cyclonedds_cpp/cmake)
[1.328s] -- Using RMW implementation 'rmw_cyclonedds_cpp' as default
[1.330s] -- Looking for pthread.h
[1.389s] -- Looking for pthread.h - found
[1.389s] -- Performing Test CMAKE_HAVE_LIBC_PTHREAD
[1.438s] -- Performing Test CMAKE_HAVE_LIBC_PTHREAD - Failed
[1.439s] -- Looking for pthread_create in pthreads
[1.478s] -- Looking for pthread_create in pthreads - not found
[1.478s] -- Looking for pthread_create in pthread
[1.521s] -- Looking for pthread_create in pthread - found
[1.521s] -- Found Threads: TRUE  
[1.658s] -- Found rclpy: 1.9.3 (/opt/ros/galactic/share/rclpy/cmake)
[1.661s] -- Found geometry_msgs: 2.2.4 (/opt/ros/galactic/share/geometry_msgs/cmake)
[1.691s] -- Found nav_msgs: 2.2.4 (/opt/ros/galactic/share/nav_msgs/cmake)
[1.746s] -- Found visualization_msgs: 2.2.4 (/opt/ros/galactic/share/visualization_msgs/cmake)
[1.802s] -- Found sensor_msgs: 2.2.4 (/opt/ros/galactic/share/sensor_msgs/cmake)
[1.857s] -- Found rosidl_default_generators: 1.1.1 (/opt/ros/galactic/share/rosidl_default_generators/cmake)
[1.871s] -- Found action_msgs: 1.0.3 (/opt/ros/galactic/share/action_msgs/cmake)
[1.908s] -- Found tf2: 0.17.5 (/opt/ros/galactic/share/tf2/cmake)
[1.919s] -- Found tf2_ros: 0.17.5 (/opt/ros/galactic/share/tf2_ros/cmake)
[2.150s] -- Found tf2_eigen: 0.17.5 (/opt/ros/galactic/share/tf2_eigen/cmake)
[2.161s] -- Found tf2_geometry_msgs: 0.17.5 (/opt/ros/galactic/share/tf2_geometry_msgs/cmake)
[2.169s] -- Found Eigen3: TRUE (found version "3.3.7") 
[2.198s] -- Found OpenCV: /usr (found version "4.2.0") 
[2.201s] -- Found pcl_ros: 2.3.2 (/opt/ros/galactic/share/pcl_ros/cmake)
[2.430s] -- Checking for module 'eigen3'
[2.439s] --   Found eigen3, version 3.3.7
[2.465s] -- Found Eigen: /usr/include/eigen3 (Required is at least version "3.1") 
[2.465s] -- Eigen found (include: /usr/include/eigen3, version: 3.3.7)
[2.542s] -- Checking for module 'flann'
[2.555s] --   Found flann, version 1.9.1
[2.582s] -- Found FLANN: /usr/lib/aarch64-linux-gnu/libflann_cpp.so  
[2.627s] -- The imported target "vtkParseOGLExt" references the file
[2.627s]    "/usr/bin/vtkParseOGLExt-7.1"
[2.627s] but this file does not exist.  Possible reasons include:
[2.627s] * The file was deleted, renamed, or moved to another location.
[2.627s] * An install or uninstall procedure did not complete successfully.
[2.627s] * The installation package was faulty and contained
[2.627s]    "/usr/lib/cmake/vtk-7.1/VTKTargets.cmake"
[2.627s] but not all the files it references.
[2.627s] 
[2.628s] -- The imported target "vtkRenderingPythonTkWidgets" references the file
[2.628s]    "/usr/lib/aarch64-linux-gnu/libvtkRenderingPythonTkWidgets.so"
[2.628s] but this file does not exist.  Possible reasons include:
[2.628s] * The file was deleted, renamed, or moved to another location.
[2.628s] * An install or uninstall procedure did not complete successfully.
[2.628s] * The installation package was faulty and contained
[2.628s]    "/usr/lib/cmake/vtk-7.1/VTKTargets.cmake"
[2.628s] but not all the files it references.
[2.628s] 
[2.628s] -- The imported target "vtk" references the file
[2.628s]    "/usr/bin/vtk"
[2.628s] but this file does not exist.  Possible reasons include:
[2.628s] * The file was deleted, renamed, or moved to another location.
[2.628s] * An install or uninstall procedure did not complete successfully.
[2.628s] * The installation package was faulty and contained
[2.628s]    "/usr/lib/cmake/vtk-7.1/VTKTargets.cmake"
[2.628s] but not all the files it references.
[2.629s] 
[2.629s] -- The imported target "pvtk" references the file
[2.629s]    "/usr/bin/pvtk"
[2.629s] but this file does not exist.  Possible reasons include:
[2.629s] * The file was deleted, renamed, or moved to another location.
[2.629s] * An install or uninstall procedure did not complete successfully.
[2.629s] * The installation package was faulty and contained
[2.629s]    "/usr/lib/cmake/vtk-7.1/VTKTargets.cmake"
[2.629s] but not all the files it references.
[2.629s] 
[2.651s] -- Checking for module 'libusb-1.0'
[2.662s] --   Found libusb-1.0, version 1.0.23
[2.686s] -- Found USB_10: /usr/lib/aarch64-linux-gnu/libusb-1.0.so  
[2.721s] -- OpenNI found (include: /usr/include/ni, lib: /usr/lib/libOpenNI.so)
[2.762s] -- OpenNI2 found (include: /usr/include/openni2, lib: /usr/lib/libOpenNI2.so)
[2.773s] -- Found libusb-1.0: /usr/include  
[2.777s] -- OpenNI found (include: /usr/include/ni, lib: /usr/lib/libOpenNI.so)
[2.781s] -- OpenNI2 found (include: /usr/include/openni2, lib: /usr/lib/libOpenNI2.so)
[2.805s] -- Found Qhull: optimized;/usr/lib/aarch64-linux-gnu/libqhull.so;debug;/usr/lib/aarch64-linux-gnu/libqhull.so  
[2.805s] -- QHULL found (include: /usr/include, lib: optimized;/usr/lib/aarch64-linux-gnu/libqhull.so;debug;/usr/lib/aarch64-linux-gnu/libqhull.so)
[2.810s] -- OpenNI found (include: /usr/include/ni, lib: /usr/lib/libOpenNI.so)
[2.819s] -- Found PCL_COMMON: /usr/lib/aarch64-linux-gnu/libpcl_common.so  
[2.820s] -- Found PCL_KDTREE: /usr/lib/aarch64-linux-gnu/libpcl_kdtree.so  
[2.821s] -- Found PCL_OCTREE: /usr/lib/aarch64-linux-gnu/libpcl_octree.so  
[2.822s] -- Found PCL_SEARCH: /usr/lib/aarch64-linux-gnu/libpcl_search.so  
[2.823s] -- Found PCL_SAMPLE_CONSENSUS: /usr/lib/aarch64-linux-gnu/libpcl_sample_consensus.so  
[2.824s] -- Found PCL_FILTERS: /usr/lib/aarch64-linux-gnu/libpcl_filters.so  
[2.824s] -- Found PCL_2D: /usr/include/pcl-1.10  
[2.825s] -- Found PCL_GEOMETRY: /usr/include/pcl-1.10  
[2.826s] -- Found PCL_IO: /usr/lib/aarch64-linux-gnu/libpcl_io.so  
[2.827s] -- Found PCL_FEATURES: /usr/lib/aarch64-linux-gnu/libpcl_features.so  
[2.828s] -- Found PCL_ML: /usr/lib/aarch64-linux-gnu/libpcl_ml.so  
[2.829s] -- Found PCL_SEGMENTATION: /usr/lib/aarch64-linux-gnu/libpcl_segmentation.so  
[2.830s] -- Found PCL_VISUALIZATION: /usr/lib/aarch64-linux-gnu/libpcl_visualization.so  
[2.831s] -- Found PCL_SURFACE: /usr/lib/aarch64-linux-gnu/libpcl_surface.so  
[2.832s] -- Found PCL_REGISTRATION: /usr/lib/aarch64-linux-gnu/libpcl_registration.so  
[2.833s] -- Found PCL_KEYPOINTS: /usr/lib/aarch64-linux-gnu/libpcl_keypoints.so  
[2.834s] -- Found PCL_TRACKING: /usr/lib/aarch64-linux-gnu/libpcl_tracking.so  
[2.835s] -- Found PCL_RECOGNITION: /usr/lib/aarch64-linux-gnu/libpcl_recognition.so  
[2.836s] -- Found PCL_STEREO: /usr/lib/aarch64-linux-gnu/libpcl_stereo.so  
[2.837s] -- Found PCL_APPS: /usr/lib/aarch64-linux-gnu/libpcl_apps.so  
[2.838s] -- Found PCL_IN_HAND_SCANNER: /usr/include/pcl-1.10  
[2.840s] -- Found PCL_POINT_CLOUD_EDITOR: /usr/include/pcl-1.10  
[2.841s] -- Found PCL_OUTOFCORE: /usr/lib/aarch64-linux-gnu/libpcl_outofcore.so  
[2.842s] -- Found PCL_PEOPLE: /usr/lib/aarch64-linux-gnu/libpcl_people.so  
[3.040s] -- Found image_geometry: 3.1.3 (/opt/ros/galactic/share/image_geometry/cmake)
[3.046s] -- Found image_transport: 2.5.1 (/opt/ros/galactic/share/image_transport/cmake)
[3.082s] -- Found cv_bridge: 3.1.3 (/opt/ros/galactic/share/cv_bridge/cmake)
[3.095s] -- Found la_msgs: 0.0.0 (/home/joshhlee/MK3_ws/src/install/la_msgs/share/la_msgs/cmake)
[3.302s] -- Found PythonInterp: /usr/bin/python3 (found version "3.8.10") 
[3.438s] -- Found ament_cmake_ros: 0.9.2 (/opt/ros/galactic/share/ament_cmake_ros/cmake)
[3.646s] -- Using all available rosidl_typesupport_c: rosidl_typesupport_fastrtps_c;rosidl_typesupport_introspection_c
[3.734s] -- Using all available rosidl_typesupport_cpp: rosidl_typesupport_fastrtps_cpp;rosidl_typesupport_introspection_cpp
[3.759s] -- Found PythonInterp: /usr/bin/python3 (found suitable version "3.8.10", minimum required is "3.5") 
[3.762s] -- Found python_cmake_module: 0.8.1 (/opt/ros/galactic/share/python_cmake_module/cmake)
[3.788s] -- Found PythonLibs: /usr/lib/aarch64-linux-gnu/libpython3.8.so (found suitable version "3.8.10", minimum required is "3.5") 
[3.788s] -- Using PYTHON_EXECUTABLE: /usr/bin/python3
[3.789s] -- Using PYTHON_INCLUDE_DIRS: /usr/include/python3.8
[3.789s] -- Using PYTHON_LIBRARIES: /usr/lib/aarch64-linux-gnu/libpython3.8.so
[3.806s] -- Found PythonExtra: .so  
[3.863s] -- Found ament_lint_auto: 0.10.7 (/opt/ros/galactic/share/ament_lint_auto/cmake)
[3.874s] -- Configuring done
[3.951s] -- Generating done
[3.954s] -- Build files have been written to: /home/joshhlee/me326_ws/src/collaborative_robotics_course/build/me326_project
[3.964s] Invoked command in '/home/joshhlee/me326_ws/src/collaborative_robotics_course/build/me326_project' returned '0': CMAKE_PREFIX_PATH=${CMAKE_PREFIX_PATH}:/home/joshhlee/interbotix_ws/install/interbotix_xs_modules:/home/joshhlee/interbotix_ws/install/interbotix_perception_modules:/home/joshhlee/interbotix_ws/install/interbotix_common_modules:/opt/ros/galactic /usr/bin/cmake /home/joshhlee/me326_ws/src/collaborative_robotics_course/me326_project -DCMAKE_INSTALL_PREFIX=/home/joshhlee/me326_ws/src/collaborative_robotics_course/install/me326_project
[3.967s] Invoking command in '/home/joshhlee/me326_ws/src/collaborative_robotics_course/build/me326_project': CMAKE_PREFIX_PATH=${CMAKE_PREFIX_PATH}:/home/joshhlee/interbotix_ws/install/interbotix_xs_modules:/home/joshhlee/interbotix_ws/install/interbotix_perception_modules:/home/joshhlee/interbotix_ws/install/interbotix_common_modules:/opt/ros/galactic /usr/bin/cmake --build /home/joshhlee/me326_ws/src/collaborative_robotics_course/build/me326_project -- -j4 -l4
[3.998s] [35m[1mScanning dependencies of target me326_project__cpp[0m
[4.002s] [35m[1mScanning dependencies of target ament_cmake_python_copy_me326_project[0m
[4.002s] [35m[1mScanning dependencies of target visual_block_perception_srv[0m
[4.003s] [  3%] [34m[1mGenerating C code for ROS interfaces[0m
[4.007s] [  6%] [34m[1mGenerating C++ code for ROS interfaces[0m
[4.028s] [  6%] Built target ament_cmake_python_copy_me326_project
[4.055s] [35m[1mScanning dependencies of target ament_cmake_python_build_me326_project_egg[0m
[4.216s] running egg_info
[4.217s] creating me326_project.egg-info
[4.217s] writing me326_project.egg-info/PKG-INFO
[4.218s] writing dependency_links to me326_project.egg-info/dependency_links.txt
[4.218s] writing top-level names to me326_project.egg-info/top_level.txt
[4.222s] writing manifest file 'me326_project.egg-info/SOURCES.txt'
[4.267s] reading manifest file 'me326_project.egg-info/SOURCES.txt'
[4.267s] writing manifest file 'me326_project.egg-info/SOURCES.txt'
[4.277s] [  9%] [32mBuilding CXX object CMakeFiles/visual_block_perception_srv.dir/src/visual_block_perception_srv.cpp.o[0m
[4.298s] [  9%] Built target ament_cmake_python_build_me326_project_egg
[4.301s] [35m[1mScanning dependencies of target me326_project__rosidl_generator_c[0m
[4.304s] [  9%] Built target me326_project__cpp
[4.315s] [ 15%] [32mBuilding C object CMakeFiles/me326_project__rosidl_generator_c.dir/rosidl_generator_c/me326_project/action/detail/move_base__functions.c.o[0m
[4.315s] [ 15%] [34m[1mGenerating C++ type support for eProsima Fast-RTPS[0m
[4.318s] [ 18%] [34m[1mGenerating C++ type support dispatch for ROS interfaces[0m
[4.467s] [ 21%] [32m[1mLinking C shared library libme326_project__rosidl_generator_c.so[0m
[4.493s] [35m[1mScanning dependencies of target me326_project__rosidl_typesupport_cpp[0m
[4.511s] [ 24%] [32mBuilding CXX object CMakeFiles/me326_project__rosidl_typesupport_cpp.dir/rosidl_typesupport_cpp/me326_project/action/move_base__type_support.cpp.o[0m
[4.518s] [ 24%] Built target me326_project__rosidl_generator_c
[4.554s] [ 27%] [34m[1mGenerating C++ introspection for ROS interfaces[0m
[4.555s] [35m[1mScanning dependencies of target me326_project__rosidl_typesupport_fastrtps_cpp[0m
[4.606s] [ 30%] [32mBuilding CXX object CMakeFiles/me326_project__rosidl_typesupport_fastrtps_cpp.dir/rosidl_typesupport_fastrtps_cpp/me326_project/action/detail/dds_fastrtps/move_base__type_support.cpp.o[0m
[4.814s] [35m[1mScanning dependencies of target me326_project__rosidl_typesupport_introspection_cpp[0m
[4.860s] [ 33%] [32mBuilding CXX object CMakeFiles/me326_project__rosidl_typesupport_introspection_cpp.dir/rosidl_typesupport_introspection_cpp/me326_project/action/detail/move_base__type_support.cpp.o[0m
[4.962s] [ 36%] [32m[1mLinking CXX shared library libme326_project__rosidl_typesupport_cpp.so[0m
[5.014s] [ 36%] Built target me326_project__rosidl_typesupport_cpp
[5.024s] [ 39%] [34m[1mGenerating C introspection for ROS interfaces[0m
[5.061s] [ 42%] [32m[1mLinking CXX shared library libme326_project__rosidl_typesupport_fastrtps_cpp.so[0m
[5.154s] [ 42%] Built target me326_project__rosidl_typesupport_fastrtps_cpp
[5.174s] [ 45%] [34m[1mGenerating C type support dispatch for ROS interfaces[0m
[5.194s] [ 48%] [32m[1mLinking CXX shared library libme326_project__rosidl_typesupport_introspection_cpp.so[0m
[5.228s] [35m[1mScanning dependencies of target me326_project__rosidl_typesupport_introspection_c[0m
[5.248s] [ 51%] [32mBuilding C object CMakeFiles/me326_project__rosidl_typesupport_introspection_c.dir/rosidl_typesupport_introspection_c/me326_project/action/detail/move_base__type_support.c.o[0m
[5.292s] [ 51%] Built target me326_project__rosidl_typesupport_introspection_cpp
[5.298s] [ 54%] [32m[1mLinking C shared library libme326_project__rosidl_typesupport_introspection_c.so[0m
[5.304s] [ 57%] [34m[1mGenerating C type support for eProsima Fast-RTPS[0m
[5.333s] [35m[1mScanning dependencies of target me326_project__rosidl_typesupport_c[0m
[5.344s] [ 57%] Built target me326_project__rosidl_typesupport_introspection_c
[5.357s] [ 60%] [32mBuilding CXX object CMakeFiles/me326_project__rosidl_typesupport_c.dir/rosidl_typesupport_c/me326_project/action/move_base__type_support.cpp.o[0m
[5.405s] [ 63%] [32m[1mLinking CXX shared library libme326_project__rosidl_typesupport_c.so[0m
[5.434s] [ 63%] Built target me326_project__rosidl_typesupport_c
[5.527s] [35m[1mScanning dependencies of target me326_project__rosidl_typesupport_fastrtps_c[0m
[5.554s] [ 66%] [32mBuilding CXX object CMakeFiles/me326_project__rosidl_typesupport_fastrtps_c.dir/rosidl_typesupport_fastrtps_c/me326_project/action/detail/move_base__type_support_c.cpp.o[0m
[5.805s] [ 69%] [32m[1mLinking CXX shared library libme326_project__rosidl_typesupport_fastrtps_c.so[0m
[5.855s] [ 69%] Built target me326_project__rosidl_typesupport_fastrtps_c
[5.862s] [35m[1mScanning dependencies of target me326_project[0m
[5.870s] [ 69%] Built target me326_project
[5.877s] [35m[1mScanning dependencies of target me326_project__py[0m
[5.884s] [ 72%] [34m[1mGenerating Python code for ROS interfaces[0m
[6.372s] [ 72%] Built target me326_project__py
[6.379s] [35m[1mScanning dependencies of target me326_project__python[0m
[6.417s] [ 75%] [32mBuilding C object CMakeFiles/me326_project__python.dir/rosidl_generator_py/me326_project/action/_move_base_s.c.o[0m
[6.536s] [ 78%] [32m[1mLinking C shared library rosidl_generator_py/me326_project/libme326_project__python.so[0m
[6.572s] [ 78%] Built target me326_project__python
[6.581s] [35m[1mScanning dependencies of target me326_project__rosidl_typesupport_fastrtps_c__pyext[0m
[6.582s] [35m[1mScanning dependencies of target me326_project__rosidl_typesupport_c__pyext[0m
[6.588s] [35m[1mScanning dependencies of target me326_project__rosidl_typesupport_introspection_c__pyext[0m
[6.610s] [ 81%] [32mBuilding C object CMakeFiles/me326_project__rosidl_typesupport_c__pyext.dir/rosidl_generator_py/me326_project/_me326_project_s.ep.rosidl_typesupport_c.c.o[0m
[6.621s] [ 84%] [32mBuilding C object CMakeFiles/me326_project__rosidl_typesupport_fastrtps_c__pyext.dir/rosidl_generator_py/me326_project/_me326_project_s.ep.rosidl_typesupport_fastrtps_c.c.o[0m
[6.663s] [ 87%] [32mBuilding C object CMakeFiles/me326_project__rosidl_typesupport_introspection_c__pyext.dir/rosidl_generator_py/me326_project/_me326_project_s.ep.rosidl_typesupport_introspection_c.c.o[0m
[6.740s] [ 90%] [32m[1mLinking CXX shared library rosidl_generator_py/me326_project/me326_project_s__rosidl_typesupport_fastrtps_c.cpython-38-aarch64-linux-gnu.so[0m
[6.753s] [ 93%] [32m[1mLinking C shared library rosidl_generator_py/me326_project/me326_project_s__rosidl_typesupport_c.cpython-38-aarch64-linux-gnu.so[0m
[6.765s] [ 96%] [32m[1mLinking C shared library rosidl_generator_py/me326_project/me326_project_s__rosidl_typesupport_introspection_c.cpython-38-aarch64-linux-gnu.so[0m
[6.800s] [ 96%] Built target me326_project__rosidl_typesupport_c__pyext
[6.806s] [ 96%] Built target me326_project__rosidl_typesupport_introspection_c__pyext
[6.814s] [ 96%] Built target me326_project__rosidl_typesupport_fastrtps_c__pyext
[14.089s] [100%] [32m[1mLinking CXX executable visual_block_perception_srv[0m
[14.760s] [100%] Built target visual_block_perception_srv
[14.778s] Invoked command in '/home/joshhlee/me326_ws/src/collaborative_robotics_course/build/me326_project' returned '0': CMAKE_PREFIX_PATH=${CMAKE_PREFIX_PATH}:/home/joshhlee/interbotix_ws/install/interbotix_xs_modules:/home/joshhlee/interbotix_ws/install/interbotix_perception_modules:/home/joshhlee/interbotix_ws/install/interbotix_common_modules:/opt/ros/galactic /usr/bin/cmake --build /home/joshhlee/me326_ws/src/collaborative_robotics_course/build/me326_project -- -j4 -l4
[14.904s] Invoking command in '/home/joshhlee/me326_ws/src/collaborative_robotics_course/build/me326_project': CMAKE_PREFIX_PATH=${CMAKE_PREFIX_PATH}:/home/joshhlee/interbotix_ws/install/interbotix_xs_modules:/home/joshhlee/interbotix_ws/install/interbotix_perception_modules:/home/joshhlee/interbotix_ws/install/interbotix_common_modules:/opt/ros/galactic /usr/bin/cmake --install /home/joshhlee/me326_ws/src/collaborative_robotics_course/build/me326_project
[14.946s] -- Install configuration: ""
[14.947s] -- Installing: /home/joshhlee/me326_ws/src/collaborative_robotics_course/install/me326_project/lib/me326_project/visual_block_perception_srv
[14.952s] -- Set runtime path of "/home/joshhlee/me326_ws/src/collaborative_robotics_course/install/me326_project/lib/me326_project/visual_block_perception_srv" to ""
[14.952s] -- Installing: /home/joshhlee/me326_ws/src/collaborative_robotics_course/install/me326_project/share/me326_project/environment/pythonpath.sh
[14.952s] -- Installing: /home/joshhlee/me326_ws/src/collaborative_robotics_course/install/me326_project/share/me326_project/environment/pythonpath.dsv
[14.952s] -- Installing: /home/joshhlee/me326_ws/src/collaborative_robotics_course/install/me326_project/lib/python3.8/site-packages//me326_project.egg-info
[14.952s] -- Installing: /home/joshhlee/me326_ws/src/collaborative_robotics_course/install/me326_project/lib/python3.8/site-packages//me326_project.egg-info/dependency_links.txt
[14.953s] -- Installing: /home/joshhlee/me326_ws/src/collaborative_robotics_course/install/me326_project/lib/python3.8/site-packages//me326_project.egg-info/PKG-INFO
[14.953s] -- Installing: /home/joshhlee/me326_ws/src/collaborative_robotics_course/install/me326_project/lib/python3.8/site-packages//me326_project.egg-info/top_level.txt
[14.953s] -- Installing: /home/joshhlee/me326_ws/src/collaborative_robotics_course/install/me326_project/lib/python3.8/site-packages//me326_project.egg-info/SOURCES.txt
[14.953s] -- Installing: /home/joshhlee/me326_ws/src/collaborative_robotics_course/install/me326_project/lib/python3.8/site-packages/me326_project
[14.955s] -- Installing: /home/joshhlee/me326_ws/src/collaborative_robotics_course/install/me326_project/lib/python3.8/site-packages/me326_project/__init__.py
[14.955s] -- Installing: /home/joshhlee/me326_ws/src/collaborative_robotics_course/install/me326_project/lib/python3.8/site-packages/me326_project/initial_point.py
[14.955s] -- Installing: /home/joshhlee/me326_ws/src/collaborative_robotics_course/install/me326_project/lib/python3.8/site-packages/me326_project/RRTstar.py
[14.955s] -- Installing: /home/joshhlee/me326_ws/src/collaborative_robotics_course/install/me326_project/lib/python3.8/site-packages/me326_project/circle_motion_tracking.py
[14.955s] -- Installing: /home/joshhlee/me326_ws/src/collaborative_robotics_course/install/me326_project/lib/python3.8/site-packages/me326_project/record_rosbag.py
[14.955s] -- Installing: /home/joshhlee/me326_ws/src/collaborative_robotics_course/install/me326_project/lib/python3.8/site-packages/me326_project/locobot1_example_motion.py
[14.955s] -- Installing: /home/joshhlee/me326_ws/src/collaborative_robotics_course/install/me326_project/lib/python3.8/site-packages/me326_project/move_base_client.py
[14.955s] -- Installing: /home/joshhlee/me326_ws/src/collaborative_robotics_course/install/me326_project/lib/python3.8/site-packages/me326_project/move_locobot_base_action_server.py
[14.955s] -- Installing: /home/joshhlee/me326_ws/src/collaborative_robotics_course/install/me326_project/lib/python3.8/site-packages/me326_project/locobot_moveitpy.py
[14.955s] -- Installing: /home/joshhlee/me326_ws/src/collaborative_robotics_course/install/me326_project/lib/python3.8/site-packages/me326_project/go_to_point.py
[14.955s] -- Installing: /home/joshhlee/me326_ws/src/collaborative_robotics_course/install/me326_project/lib/python3.8/site-packages/me326_project/matching_ptcld.py
[14.955s] -- Installing: /home/joshhlee/me326_ws/src/collaborative_robotics_course/install/me326_project/lib/python3.8/site-packages/me326_project/read_rosbag.py
[14.955s] -- Installing: /home/joshhlee/me326_ws/src/collaborative_robotics_course/install/me326_project/lib/python3.8/site-packages/me326_project/locobot_example_motion.py
[14.955s] -- Installing: /home/joshhlee/me326_ws/src/collaborative_robotics_course/install/me326_project/lib/python3.8/site-packages/me326_project/vision_center.py
[14.955s] -- Installing: /home/joshhlee/me326_ws/src/collaborative_robotics_course/install/me326_project/lib/python3.8/site-packages/me326_project/locobot_motion_example.py
[14.990s] Listing '/home/joshhlee/me326_ws/src/collaborative_robotics_course/install/me326_project/lib/python3.8/site-packages/me326_project'...
[14.990s] Compiling '/home/joshhlee/me326_ws/src/collaborative_robotics_course/install/me326_project/lib/python3.8/site-packages/me326_project/RRTstar.py'...
[14.990s] Compiling '/home/joshhlee/me326_ws/src/collaborative_robotics_course/install/me326_project/lib/python3.8/site-packages/me326_project/__init__.py'...
[14.990s] Compiling '/home/joshhlee/me326_ws/src/collaborative_robotics_course/install/me326_project/lib/python3.8/site-packages/me326_project/circle_motion_tracking.py'...
[14.990s] Compiling '/home/joshhlee/me326_ws/src/collaborative_robotics_course/install/me326_project/lib/python3.8/site-packages/me326_project/go_to_point.py'...
[14.990s] Compiling '/home/joshhlee/me326_ws/src/collaborative_robotics_course/install/me326_project/lib/python3.8/site-packages/me326_project/initial_point.py'...
[14.990s] Compiling '/home/joshhlee/me326_ws/src/collaborative_robotics_course/install/me326_project/lib/python3.8/site-packages/me326_project/locobot1_example_motion.py'...
[14.990s] Compiling '/home/joshhlee/me326_ws/src/collaborative_robotics_course/install/me326_project/lib/python3.8/site-packages/me326_project/locobot_example_motion.py'...
[14.990s] Compiling '/home/joshhlee/me326_ws/src/collaborative_robotics_course/install/me326_project/lib/python3.8/site-packages/me326_project/locobot_motion_example.py'...
[14.990s] Compiling '/home/joshhlee/me326_ws/src/collaborative_robotics_course/install/me326_project/lib/python3.8/site-packages/me326_project/locobot_moveitpy.py'...
[14.990s] Compiling '/home/joshhlee/me326_ws/src/collaborative_robotics_course/install/me326_project/lib/python3.8/site-packages/me326_project/matching_ptcld.py'...
[14.990s] Compiling '/home/joshhlee/me326_ws/src/collaborative_robotics_course/install/me326_project/lib/python3.8/site-packages/me326_project/move_base_client.py'...
[14.990s] Compiling '/home/joshhlee/me326_ws/src/collaborative_robotics_course/install/me326_project/lib/python3.8/site-packages/me326_project/move_locobot_base_action_server.py'...
[14.990s] Compiling '/home/joshhlee/me326_ws/src/collaborative_robotics_course/install/me326_project/lib/python3.8/site-packages/me326_project/read_rosbag.py'...
[14.990s] Compiling '/home/joshhlee/me326_ws/src/collaborative_robotics_course/install/me326_project/lib/python3.8/site-packages/me326_project/record_rosbag.py'...
[14.990s] Compiling '/home/joshhlee/me326_ws/src/collaborative_robotics_course/install/me326_project/lib/python3.8/site-packages/me326_project/vision_center.py'...
[14.992s] CMake Error at cmake_install.cmake:85 (file):
[14.992s]   file INSTALL cannot find
[14.992s]   "/home/joshhlee/me326_ws/src/collaborative_robotics_course/me326_project/locobot_autonomy/move_A_to_B_py.py":
[14.992s]   No such file or directory.
[14.992s] 
[14.992s] 
[14.996s] Invoked command in '/home/joshhlee/me326_ws/src/collaborative_robotics_course/build/me326_project' returned '1': CMAKE_PREFIX_PATH=${CMAKE_PREFIX_PATH}:/home/joshhlee/interbotix_ws/install/interbotix_xs_modules:/home/joshhlee/interbotix_ws/install/interbotix_perception_modules:/home/joshhlee/interbotix_ws/install/interbotix_common_modules:/opt/ros/galactic /usr/bin/cmake --install /home/joshhlee/me326_ws/src/collaborative_robotics_course/build/me326_project
