[1.149s] Invoking command in '/home/joshhlee/me326_ws/src/collab_robotics/build/la_msgs': CMAKE_PREFIX_PATH=${CMAKE_PREFIX_PATH}:/home/joshhlee/me326_ws/install/opencv_tests:/home/joshhlee/interbotix_ws/install/interbotix_xs_modules:/home/joshhlee/interbotix_ws/install/interbotix_perception_modules:/home/joshhlee/interbotix_ws/install/interbotix_common_modules:/opt/ros/galactic /usr/bin/cmake --build /home/joshhlee/me326_ws/src/collab_robotics/build/la_msgs -- -j4 -l4
[1.320s] [  2%] Built target la_msgs__cpp
[1.392s] [ 12%] Built target la_msgs__rosidl_generator_c
[1.429s] [ 23%] Built target la_msgs__rosidl_typesupport_fastrtps_cpp
[1.571s] [ 33%] Built target la_msgs__rosidl_typesupport_c
[1.662s] [ 43%] Built target la_msgs__rosidl_typesupport_introspection_c
[1.733s] [ 53%] Built target la_msgs__rosidl_typesupport_fastrtps_c
[1.793s] [ 64%] Built target la_msgs__rosidl_typesupport_introspection_cpp
[1.842s] [ 74%] Built target la_msgs__rosidl_typesupport_cpp
[1.890s] [ 74%] Built target la_msgs
[1.967s] [ 76%] Built target la_msgs__py
[2.129s] [ 84%] Built target la_msgs__python
[2.246s] [ 89%] Built target la_msgs__rosidl_typesupport_c__pyext
[2.421s] [ 94%] Built target la_msgs__rosidl_typesupport_fastrtps_c__pyext
[2.518s] [100%] Built target la_msgs__rosidl_typesupport_introspection_c__pyext
[2.557s] Invoked command in '/home/joshhlee/me326_ws/src/collab_robotics/build/la_msgs' returned '0': CMAKE_PREFIX_PATH=${CMAKE_PREFIX_PATH}:/home/joshhlee/me326_ws/install/opencv_tests:/home/joshhlee/interbotix_ws/install/interbotix_xs_modules:/home/joshhlee/interbotix_ws/install/interbotix_perception_modules:/home/joshhlee/interbotix_ws/install/interbotix_common_modules:/opt/ros/galactic /usr/bin/cmake --build /home/joshhlee/me326_ws/src/collab_robotics/build/la_msgs -- -j4 -l4
[2.948s] Invoking command in '/home/joshhlee/me326_ws/src/collab_robotics/build/la_msgs': CMAKE_PREFIX_PATH=${CMAKE_PREFIX_PATH}:/home/joshhlee/me326_ws/install/opencv_tests:/home/joshhlee/interbotix_ws/install/interbotix_xs_modules:/home/joshhlee/interbotix_ws/install/interbotix_perception_modules:/home/joshhlee/interbotix_ws/install/interbotix_common_modules:/opt/ros/galactic /usr/bin/cmake --install /home/joshhlee/me326_ws/src/collab_robotics/build/la_msgs
[2.963s] -- Install configuration: ""
[2.964s] -- Up-to-date: /home/joshhlee/me326_ws/src/collab_robotics/install/la_msgs/share/ament_index/resource_index/rosidl_interfaces/la_msgs
[2.964s] -- Up-to-date: /home/joshhlee/me326_ws/src/collab_robotics/install/la_msgs/include/la_msgs
[2.964s] -- Up-to-date: /home/joshhlee/me326_ws/src/collab_robotics/install/la_msgs/include/la_msgs/msg
[2.965s] -- Up-to-date: /home/joshhlee/me326_ws/src/collab_robotics/install/la_msgs/include/la_msgs/msg/rosidl_generator_c__visibility_control.h
[2.966s] -- Up-to-date: /home/joshhlee/me326_ws/src/collab_robotics/install/la_msgs/include/la_msgs/srv
[2.966s] -- Up-to-date: /home/joshhlee/me326_ws/src/collab_robotics/install/la_msgs/include/la_msgs/srv/detail
[2.967s] -- Up-to-date: /home/joshhlee/me326_ws/src/collab_robotics/install/la_msgs/include/la_msgs/srv/detail/ptps__struct.h
[2.967s] -- Up-to-date: /home/joshhlee/me326_ws/src/collab_robotics/install/la_msgs/include/la_msgs/srv/detail/ptps__functions.c
[2.968s] -- Up-to-date: /home/joshhlee/me326_ws/src/collab_robotics/install/la_msgs/include/la_msgs/srv/detail/ptps__type_support.h
[2.968s] -- Up-to-date: /home/joshhlee/me326_ws/src/collab_robotics/install/la_msgs/include/la_msgs/srv/detail/ptps__functions.h
[2.969s] -- Up-to-date: /home/joshhlee/me326_ws/src/collab_robotics/install/la_msgs/include/la_msgs/srv/ptps.h
[2.969s] -- Up-to-date: /home/joshhlee/me326_ws/src/collab_robotics/install/la_msgs/include/la_msgs/action
[2.970s] -- Up-to-date: /home/joshhlee/me326_ws/src/collab_robotics/install/la_msgs/include/la_msgs/action/detail
[2.970s] -- Up-to-date: /home/joshhlee/me326_ws/src/collab_robotics/install/la_msgs/include/la_msgs/action/detail/move_base__struct.h
[2.970s] -- Up-to-date: /home/joshhlee/me326_ws/src/collab_robotics/install/la_msgs/include/la_msgs/action/detail/move_base__functions.c
[2.971s] -- Up-to-date: /home/joshhlee/me326_ws/src/collab_robotics/install/la_msgs/include/la_msgs/action/detail/move_base__type_support.h
[2.971s] -- Up-to-date: /home/joshhlee/me326_ws/src/collab_robotics/install/la_msgs/include/la_msgs/action/detail/move_base__functions.h
[2.971s] -- Up-to-date: /home/joshhlee/me326_ws/src/collab_robotics/install/la_msgs/include/la_msgs/action/move_base.h
[2.973s] -- Up-to-date: /home/joshhlee/me326_ws/src/collab_robotics/install/la_msgs/share/la_msgs/environment/library_path.sh
[2.973s] -- Up-to-date: /home/joshhlee/me326_ws/src/collab_robotics/install/la_msgs/share/la_msgs/environment/library_path.dsv
[2.974s] -- Up-to-date: /home/joshhlee/me326_ws/src/collab_robotics/install/la_msgs/lib/libla_msgs__rosidl_generator_c.so
[2.974s] -- Up-to-date: /home/joshhlee/me326_ws/src/collab_robotics/install/la_msgs/include/la_msgs
[2.975s] -- Up-to-date: /home/joshhlee/me326_ws/src/collab_robotics/install/la_msgs/include/la_msgs/msg
[2.975s] -- Up-to-date: /home/joshhlee/me326_ws/src/collab_robotics/install/la_msgs/include/la_msgs/msg/rosidl_typesupport_fastrtps_c__visibility_control.h
[2.975s] -- Up-to-date: /home/joshhlee/me326_ws/src/collab_robotics/install/la_msgs/include/la_msgs/srv
[2.975s] -- Up-to-date: /home/joshhlee/me326_ws/src/collab_robotics/install/la_msgs/include/la_msgs/srv/detail
[2.975s] -- Up-to-date: /home/joshhlee/me326_ws/src/collab_robotics/install/la_msgs/include/la_msgs/srv/detail/ptps__rosidl_typesupport_fastrtps_c.h
[2.975s] -- Up-to-date: /home/joshhlee/me326_ws/src/collab_robotics/install/la_msgs/include/la_msgs/action
[2.975s] -- Up-to-date: /home/joshhlee/me326_ws/src/collab_robotics/install/la_msgs/include/la_msgs/action/detail
[2.976s] -- Up-to-date: /home/joshhlee/me326_ws/src/collab_robotics/install/la_msgs/include/la_msgs/action/detail/move_base__rosidl_typesupport_fastrtps_c.h
[2.976s] -- Up-to-date: /home/joshhlee/me326_ws/src/collab_robotics/install/la_msgs/lib/libla_msgs__rosidl_typesupport_fastrtps_c.so
[2.976s] -- Up-to-date: /home/joshhlee/me326_ws/src/collab_robotics/install/la_msgs/include/la_msgs
[2.976s] -- Up-to-date: /home/joshhlee/me326_ws/src/collab_robotics/install/la_msgs/include/la_msgs/msg
[2.976s] -- Up-to-date: /home/joshhlee/me326_ws/src/collab_robotics/install/la_msgs/include/la_msgs/msg/rosidl_typesupport_fastrtps_cpp__visibility_control.h
[2.976s] -- Up-to-date: /home/joshhlee/me326_ws/src/collab_robotics/install/la_msgs/include/la_msgs/srv
[2.976s] -- Up-to-date: /home/joshhlee/me326_ws/src/collab_robotics/install/la_msgs/include/la_msgs/srv/detail
[2.976s] -- Up-to-date: /home/joshhlee/me326_ws/src/collab_robotics/install/la_msgs/include/la_msgs/srv/detail/ptps__rosidl_typesupport_fastrtps_cpp.hpp
[2.976s] -- Up-to-date: /home/joshhlee/me326_ws/src/collab_robotics/install/la_msgs/include/la_msgs/srv/detail/dds_fastrtps
[2.977s] -- Up-to-date: /home/joshhlee/me326_ws/src/collab_robotics/install/la_msgs/include/la_msgs/action
[2.977s] -- Up-to-date: /home/joshhlee/me326_ws/src/collab_robotics/install/la_msgs/include/la_msgs/action/detail
[2.977s] -- Up-to-date: /home/joshhlee/me326_ws/src/collab_robotics/install/la_msgs/include/la_msgs/action/detail/dds_fastrtps
[2.977s] -- Up-to-date: /home/joshhlee/me326_ws/src/collab_robotics/install/la_msgs/include/la_msgs/action/detail/move_base__rosidl_typesupport_fastrtps_cpp.hpp
[2.977s] -- Up-to-date: /home/joshhlee/me326_ws/src/collab_robotics/install/la_msgs/lib/libla_msgs__rosidl_typesupport_fastrtps_cpp.so
[2.978s] -- Up-to-date: /home/joshhlee/me326_ws/src/collab_robotics/install/la_msgs/include/la_msgs
[2.978s] -- Up-to-date: /home/joshhlee/me326_ws/src/collab_robotics/install/la_msgs/include/la_msgs/msg
[2.978s] -- Up-to-date: /home/joshhlee/me326_ws/src/collab_robotics/install/la_msgs/include/la_msgs/msg/rosidl_typesupport_introspection_c__visibility_control.h
[2.978s] -- Up-to-date: /home/joshhlee/me326_ws/src/collab_robotics/install/la_msgs/include/la_msgs/srv
[2.978s] -- Up-to-date: /home/joshhlee/me326_ws/src/collab_robotics/install/la_msgs/include/la_msgs/srv/detail
[2.978s] -- Up-to-date: /home/joshhlee/me326_ws/src/collab_robotics/install/la_msgs/include/la_msgs/srv/detail/ptps__type_support.c
[2.978s] -- Up-to-date: /home/joshhlee/me326_ws/src/collab_robotics/install/la_msgs/include/la_msgs/srv/detail/ptps__rosidl_typesupport_introspection_c.h
[2.978s] -- Up-to-date: /home/joshhlee/me326_ws/src/collab_robotics/install/la_msgs/include/la_msgs/action
[2.978s] -- Up-to-date: /home/joshhlee/me326_ws/src/collab_robotics/install/la_msgs/include/la_msgs/action/detail
[2.978s] -- Up-to-date: /home/joshhlee/me326_ws/src/collab_robotics/install/la_msgs/include/la_msgs/action/detail/move_base__rosidl_typesupport_introspection_c.h
[2.979s] -- Up-to-date: /home/joshhlee/me326_ws/src/collab_robotics/install/la_msgs/include/la_msgs/action/detail/move_base__type_support.c
[2.979s] -- Up-to-date: /home/joshhlee/me326_ws/src/collab_robotics/install/la_msgs/lib/libla_msgs__rosidl_typesupport_introspection_c.so
[2.979s] -- Up-to-date: /home/joshhlee/me326_ws/src/collab_robotics/install/la_msgs/lib/libla_msgs__rosidl_typesupport_c.so
[2.980s] -- Up-to-date: /home/joshhlee/me326_ws/src/collab_robotics/install/la_msgs/include/la_msgs
[2.980s] -- Up-to-date: /home/joshhlee/me326_ws/src/collab_robotics/install/la_msgs/include/la_msgs/srv
[2.980s] -- Up-to-date: /home/joshhlee/me326_ws/src/collab_robotics/install/la_msgs/include/la_msgs/srv/detail
[2.980s] -- Up-to-date: /home/joshhlee/me326_ws/src/collab_robotics/install/la_msgs/include/la_msgs/srv/detail/ptps__builder.hpp
[2.981s] -- Up-to-date: /home/joshhlee/me326_ws/src/collab_robotics/install/la_msgs/include/la_msgs/srv/detail/ptps__struct.hpp
[2.981s] -- Up-to-date: /home/joshhlee/me326_ws/src/collab_robotics/install/la_msgs/include/la_msgs/srv/detail/ptps__traits.hpp
[2.981s] -- Up-to-date: /home/joshhlee/me326_ws/src/collab_robotics/install/la_msgs/include/la_msgs/srv/ptps.hpp
[2.981s] -- Up-to-date: /home/joshhlee/me326_ws/src/collab_robotics/install/la_msgs/include/la_msgs/action
[2.981s] -- Up-to-date: /home/joshhlee/me326_ws/src/collab_robotics/install/la_msgs/include/la_msgs/action/detail
[2.981s] -- Up-to-date: /home/joshhlee/me326_ws/src/collab_robotics/install/la_msgs/include/la_msgs/action/detail/move_base__struct.hpp
[2.981s] -- Up-to-date: /home/joshhlee/me326_ws/src/collab_robotics/install/la_msgs/include/la_msgs/action/detail/move_base__builder.hpp
[2.982s] -- Up-to-date: /home/joshhlee/me326_ws/src/collab_robotics/install/la_msgs/include/la_msgs/action/detail/move_base__traits.hpp
[2.982s] -- Up-to-date: /home/joshhlee/me326_ws/src/collab_robotics/install/la_msgs/include/la_msgs/action/move_base.hpp
[2.982s] -- Up-to-date: /home/joshhlee/me326_ws/src/collab_robotics/install/la_msgs/include/la_msgs
[2.982s] -- Up-to-date: /home/joshhlee/me326_ws/src/collab_robotics/install/la_msgs/include/la_msgs/srv
[2.982s] -- Up-to-date: /home/joshhlee/me326_ws/src/collab_robotics/install/la_msgs/include/la_msgs/srv/detail
[2.982s] -- Up-to-date: /home/joshhlee/me326_ws/src/collab_robotics/install/la_msgs/include/la_msgs/srv/detail/ptps__rosidl_typesupport_introspection_cpp.hpp
[2.983s] -- Up-to-date: /home/joshhlee/me326_ws/src/collab_robotics/install/la_msgs/include/la_msgs/srv/detail/ptps__type_support.cpp
[2.983s] -- Up-to-date: /home/joshhlee/me326_ws/src/collab_robotics/install/la_msgs/include/la_msgs/action
[2.983s] -- Up-to-date: /home/joshhlee/me326_ws/src/collab_robotics/install/la_msgs/include/la_msgs/action/detail
[2.983s] -- Up-to-date: /home/joshhlee/me326_ws/src/collab_robotics/install/la_msgs/include/la_msgs/action/detail/move_base__type_support.cpp
[2.984s] -- Up-to-date: /home/joshhlee/me326_ws/src/collab_robotics/install/la_msgs/include/la_msgs/action/detail/move_base__rosidl_typesupport_introspection_cpp.hpp
[2.984s] -- Up-to-date: /home/joshhlee/me326_ws/src/collab_robotics/install/la_msgs/lib/libla_msgs__rosidl_typesupport_introspection_cpp.so
[2.984s] -- Up-to-date: /home/joshhlee/me326_ws/src/collab_robotics/install/la_msgs/lib/libla_msgs__rosidl_typesupport_cpp.so
[2.985s] -- Up-to-date: /home/joshhlee/me326_ws/src/collab_robotics/install/la_msgs/share/la_msgs/environment/pythonpath.sh
[2.985s] -- Up-to-date: /home/joshhlee/me326_ws/src/collab_robotics/install/la_msgs/share/la_msgs/environment/pythonpath.dsv
[2.985s] -- Up-to-date: /home/joshhlee/me326_ws/src/collab_robotics/install/la_msgs/lib/python3.8/site-packages/la_msgs/__init__.py
[3.059s] -- Up-to-date: /home/joshhlee/me326_ws/src/collab_robotics/install/la_msgs/lib/python3.8/site-packages/la_msgs/action
[3.059s] -- Up-to-date: /home/joshhlee/me326_ws/src/collab_robotics/install/la_msgs/lib/python3.8/site-packages/la_msgs/action/__init__.py
[3.059s] -- Up-to-date: /home/joshhlee/me326_ws/src/collab_robotics/install/la_msgs/lib/python3.8/site-packages/la_msgs/action/_move_base_s.c
[3.059s] -- Up-to-date: /home/joshhlee/me326_ws/src/collab_robotics/install/la_msgs/lib/python3.8/site-packages/la_msgs/action/_move_base.py
[3.059s] -- Up-to-date: /home/joshhlee/me326_ws/src/collab_robotics/install/la_msgs/lib/python3.8/site-packages/la_msgs/srv
[3.059s] -- Up-to-date: /home/joshhlee/me326_ws/src/collab_robotics/install/la_msgs/lib/python3.8/site-packages/la_msgs/srv/__init__.py
[3.059s] -- Up-to-date: /home/joshhlee/me326_ws/src/collab_robotics/install/la_msgs/lib/python3.8/site-packages/la_msgs/srv/_ptps_s.c
[3.059s] -- Up-to-date: /home/joshhlee/me326_ws/src/collab_robotics/install/la_msgs/lib/python3.8/site-packages/la_msgs/srv/_ptps.py
[3.059s] -- Up-to-date: /home/joshhlee/me326_ws/src/collab_robotics/install/la_msgs/lib/python3.8/site-packages/la_msgs/la_msgs_s__rosidl_typesupport_fastrtps_c.cpython-38-aarch64-linux-gnu.so
[3.060s] -- Up-to-date: /home/joshhlee/me326_ws/src/collab_robotics/install/la_msgs/lib/python3.8/site-packages/la_msgs/la_msgs_s__rosidl_typesupport_introspection_c.cpython-38-aarch64-linux-gnu.so
[3.060s] -- Up-to-date: /home/joshhlee/me326_ws/src/collab_robotics/install/la_msgs/lib/python3.8/site-packages/la_msgs/la_msgs_s__rosidl_typesupport_c.cpython-38-aarch64-linux-gnu.so
[3.061s] -- Up-to-date: /home/joshhlee/me326_ws/src/collab_robotics/install/la_msgs/lib/libla_msgs__python.so
[3.061s] -- Up-to-date: /home/joshhlee/me326_ws/src/collab_robotics/install/la_msgs/share/la_msgs/action/MoveBase.idl
[3.061s] -- Up-to-date: /home/joshhlee/me326_ws/src/collab_robotics/install/la_msgs/share/la_msgs/srv/Ptps.idl
[3.061s] -- Up-to-date: /home/joshhlee/me326_ws/src/collab_robotics/install/la_msgs/share/la_msgs/action/MoveBase.action
[3.061s] -- Up-to-date: /home/joshhlee/me326_ws/src/collab_robotics/install/la_msgs/share/la_msgs/srv/Ptps.srv
[3.061s] -- Up-to-date: /home/joshhlee/me326_ws/src/collab_robotics/install/la_msgs/share/la_msgs/srv/Ptps_Request.msg
[3.062s] -- Up-to-date: /home/joshhlee/me326_ws/src/collab_robotics/install/la_msgs/share/la_msgs/srv/Ptps_Response.msg
[3.062s] -- Up-to-date: /home/joshhlee/me326_ws/src/collab_robotics/install/la_msgs/share/ament_index/resource_index/package_run_dependencies/la_msgs
[3.062s] -- Up-to-date: /home/joshhlee/me326_ws/src/collab_robotics/install/la_msgs/share/ament_index/resource_index/parent_prefix_path/la_msgs
[3.062s] -- Up-to-date: /home/joshhlee/me326_ws/src/collab_robotics/install/la_msgs/share/la_msgs/environment/ament_prefix_path.sh
[3.062s] -- Up-to-date: /home/joshhlee/me326_ws/src/collab_robotics/install/la_msgs/share/la_msgs/environment/ament_prefix_path.dsv
[3.062s] -- Up-to-date: /home/joshhlee/me326_ws/src/collab_robotics/install/la_msgs/share/la_msgs/environment/path.sh
[3.062s] -- Up-to-date: /home/joshhlee/me326_ws/src/collab_robotics/install/la_msgs/share/la_msgs/environment/path.dsv
[3.062s] -- Up-to-date: /home/joshhlee/me326_ws/src/collab_robotics/install/la_msgs/share/la_msgs/local_setup.bash
[3.062s] -- Up-to-date: /home/joshhlee/me326_ws/src/collab_robotics/install/la_msgs/share/la_msgs/local_setup.sh
[3.062s] -- Up-to-date: /home/joshhlee/me326_ws/src/collab_robotics/install/la_msgs/share/la_msgs/local_setup.zsh
[3.062s] -- Up-to-date: /home/joshhlee/me326_ws/src/collab_robotics/install/la_msgs/share/la_msgs/local_setup.dsv
[3.062s] -- Installing: /home/joshhlee/me326_ws/src/collab_robotics/install/la_msgs/share/la_msgs/package.dsv
[3.062s] -- Up-to-date: /home/joshhlee/me326_ws/src/collab_robotics/install/la_msgs/share/ament_index/resource_index/packages/la_msgs
[3.062s] -- Up-to-date: /home/joshhlee/me326_ws/src/collab_robotics/install/la_msgs/share/la_msgs/cmake/la_msgs__rosidl_generator_cExport.cmake
[3.062s] -- Up-to-date: /home/joshhlee/me326_ws/src/collab_robotics/install/la_msgs/share/la_msgs/cmake/la_msgs__rosidl_generator_cExport-noconfig.cmake
[3.062s] -- Up-to-date: /home/joshhlee/me326_ws/src/collab_robotics/install/la_msgs/share/la_msgs/cmake/la_msgs__rosidl_typesupport_introspection_cExport.cmake
[3.062s] -- Up-to-date: /home/joshhlee/me326_ws/src/collab_robotics/install/la_msgs/share/la_msgs/cmake/la_msgs__rosidl_typesupport_introspection_cExport-noconfig.cmake
[3.062s] -- Up-to-date: /home/joshhlee/me326_ws/src/collab_robotics/install/la_msgs/share/la_msgs/cmake/la_msgs__rosidl_typesupport_cExport.cmake
[3.062s] -- Up-to-date: /home/joshhlee/me326_ws/src/collab_robotics/install/la_msgs/share/la_msgs/cmake/la_msgs__rosidl_typesupport_cExport-noconfig.cmake
[3.063s] -- Up-to-date: /home/joshhlee/me326_ws/src/collab_robotics/install/la_msgs/share/la_msgs/cmake/la_msgs__rosidl_generator_cppExport.cmake
[3.063s] -- Up-to-date: /home/joshhlee/me326_ws/src/collab_robotics/install/la_msgs/share/la_msgs/cmake/la_msgs__rosidl_typesupport_introspection_cppExport.cmake
[3.063s] -- Up-to-date: /home/joshhlee/me326_ws/src/collab_robotics/install/la_msgs/share/la_msgs/cmake/la_msgs__rosidl_typesupport_introspection_cppExport-noconfig.cmake
[3.063s] -- Up-to-date: /home/joshhlee/me326_ws/src/collab_robotics/install/la_msgs/share/la_msgs/cmake/la_msgs__rosidl_typesupport_cppExport.cmake
[3.063s] -- Up-to-date: /home/joshhlee/me326_ws/src/collab_robotics/install/la_msgs/share/la_msgs/cmake/la_msgs__rosidl_typesupport_cppExport-noconfig.cmake
[3.063s] -- Up-to-date: /home/joshhlee/me326_ws/src/collab_robotics/install/la_msgs/share/la_msgs/cmake/rosidl_cmake-extras.cmake
[3.063s] -- Up-to-date: /home/joshhlee/me326_ws/src/collab_robotics/install/la_msgs/share/la_msgs/cmake/ament_cmake_export_dependencies-extras.cmake
[3.063s] -- Up-to-date: /home/joshhlee/me326_ws/src/collab_robotics/install/la_msgs/share/la_msgs/cmake/ament_cmake_export_libraries-extras.cmake
[3.063s] -- Up-to-date: /home/joshhlee/me326_ws/src/collab_robotics/install/la_msgs/share/la_msgs/cmake/ament_cmake_export_targets-extras.cmake
[3.063s] -- Up-to-date: /home/joshhlee/me326_ws/src/collab_robotics/install/la_msgs/share/la_msgs/cmake/ament_cmake_export_include_directories-extras.cmake
[3.063s] -- Up-to-date: /home/joshhlee/me326_ws/src/collab_robotics/install/la_msgs/share/la_msgs/cmake/rosidl_cmake_export_typesupport_libraries-extras.cmake
[3.063s] -- Up-to-date: /home/joshhlee/me326_ws/src/collab_robotics/install/la_msgs/share/la_msgs/cmake/rosidl_cmake_export_typesupport_targets-extras.cmake
[3.063s] -- Up-to-date: /home/joshhlee/me326_ws/src/collab_robotics/install/la_msgs/share/la_msgs/cmake/la_msgsConfig.cmake
[3.063s] -- Up-to-date: /home/joshhlee/me326_ws/src/collab_robotics/install/la_msgs/share/la_msgs/cmake/la_msgsConfig-version.cmake
[3.063s] -- Up-to-date: /home/joshhlee/me326_ws/src/collab_robotics/install/la_msgs/share/la_msgs/package.xml
[3.066s] Invoked command in '/home/joshhlee/me326_ws/src/collab_robotics/build/la_msgs' returned '0': CMAKE_PREFIX_PATH=${CMAKE_PREFIX_PATH}:/home/joshhlee/me326_ws/install/opencv_tests:/home/joshhlee/interbotix_ws/install/interbotix_xs_modules:/home/joshhlee/interbotix_ws/install/interbotix_perception_modules:/home/joshhlee/interbotix_ws/install/interbotix_common_modules:/opt/ros/galactic /usr/bin/cmake --install /home/joshhlee/me326_ws/src/collab_robotics/build/la_msgs
