[0.421s] Invoking command in '/home/joshhlee/me326_ws/src/collaborative_robotics_course/build/la_msgs': CMAKE_PREFIX_PATH=${CMAKE_PREFIX_PATH}:/home/joshhlee/interbotix_ws/install/interbotix_xs_modules:/home/joshhlee/interbotix_ws/install/interbotix_perception_modules:/home/joshhlee/interbotix_ws/install/interbotix_common_modules:/opt/ros/galactic /usr/bin/cmake --build /home/joshhlee/me326_ws/src/collaborative_robotics_course/build/la_msgs -- -j4 -l4
[0.498s] [  2%] Built target la_msgs__cpp
[0.518s] [ 12%] Built target la_msgs__rosidl_generator_c
[0.564s] [ 23%] Built target la_msgs__rosidl_typesupport_introspection_cpp
[0.572s] [ 33%] Built target la_msgs__rosidl_typesupport_c
[0.573s] [ 43%] Built target la_msgs__rosidl_typesupport_cpp
[0.589s] [ 53%] Built target la_msgs__rosidl_typesupport_fastrtps_cpp
[0.598s] [ 64%] Built target la_msgs__rosidl_typesupport_introspection_c
[0.651s] [ 74%] Built target la_msgs__rosidl_typesupport_fastrtps_c
[0.726s] [ 74%] Built target la_msgs
[0.765s] [ 76%] Built target la_msgs__py
[0.813s] [ 84%] Built target la_msgs__python
[0.845s] [ 89%] Built target la_msgs__rosidl_typesupport_introspection_c__pyext
[0.845s] [ 94%] Built target la_msgs__rosidl_typesupport_c__pyext
[0.852s] [100%] Built target la_msgs__rosidl_typesupport_fastrtps_c__pyext
[0.862s] Invoked command in '/home/joshhlee/me326_ws/src/collaborative_robotics_course/build/la_msgs' returned '0': CMAKE_PREFIX_PATH=${CMAKE_PREFIX_PATH}:/home/joshhlee/interbotix_ws/install/interbotix_xs_modules:/home/joshhlee/interbotix_ws/install/interbotix_perception_modules:/home/joshhlee/interbotix_ws/install/interbotix_common_modules:/opt/ros/galactic /usr/bin/cmake --build /home/joshhlee/me326_ws/src/collaborative_robotics_course/build/la_msgs -- -j4 -l4
[0.934s] Invoking command in '/home/joshhlee/me326_ws/src/collaborative_robotics_course/build/la_msgs': CMAKE_PREFIX_PATH=${CMAKE_PREFIX_PATH}:/home/joshhlee/interbotix_ws/install/interbotix_xs_modules:/home/joshhlee/interbotix_ws/install/interbotix_perception_modules:/home/joshhlee/interbotix_ws/install/interbotix_common_modules:/opt/ros/galactic /usr/bin/cmake --install /home/joshhlee/me326_ws/src/collaborative_robotics_course/build/la_msgs
[0.942s] -- Install configuration: ""
[0.943s] -- Up-to-date: /home/joshhlee/me326_ws/src/collaborative_robotics_course/install/la_msgs/share/ament_index/resource_index/rosidl_interfaces/la_msgs
[0.943s] -- Up-to-date: /home/joshhlee/me326_ws/src/collaborative_robotics_course/install/la_msgs/include/la_msgs
[0.943s] -- Up-to-date: /home/joshhlee/me326_ws/src/collaborative_robotics_course/install/la_msgs/include/la_msgs/msg
[0.943s] -- Up-to-date: /home/joshhlee/me326_ws/src/collaborative_robotics_course/install/la_msgs/include/la_msgs/msg/rosidl_generator_c__visibility_control.h
[0.943s] -- Up-to-date: /home/joshhlee/me326_ws/src/collaborative_robotics_course/install/la_msgs/include/la_msgs/srv
[0.943s] -- Up-to-date: /home/joshhlee/me326_ws/src/collaborative_robotics_course/install/la_msgs/include/la_msgs/srv/detail
[0.943s] -- Up-to-date: /home/joshhlee/me326_ws/src/collaborative_robotics_course/install/la_msgs/include/la_msgs/srv/detail/ptps__struct.h
[0.943s] -- Up-to-date: /home/joshhlee/me326_ws/src/collaborative_robotics_course/install/la_msgs/include/la_msgs/srv/detail/ptps__functions.c
[0.943s] -- Up-to-date: /home/joshhlee/me326_ws/src/collaborative_robotics_course/install/la_msgs/include/la_msgs/srv/detail/ptps__type_support.h
[0.943s] -- Up-to-date: /home/joshhlee/me326_ws/src/collaborative_robotics_course/install/la_msgs/include/la_msgs/srv/detail/ptps__functions.h
[0.943s] -- Up-to-date: /home/joshhlee/me326_ws/src/collaborative_robotics_course/install/la_msgs/include/la_msgs/srv/ptps.h
[0.943s] -- Up-to-date: /home/joshhlee/me326_ws/src/collaborative_robotics_course/install/la_msgs/include/la_msgs/action
[0.943s] -- Up-to-date: /home/joshhlee/me326_ws/src/collaborative_robotics_course/install/la_msgs/include/la_msgs/action/detail
[0.943s] -- Up-to-date: /home/joshhlee/me326_ws/src/collaborative_robotics_course/install/la_msgs/include/la_msgs/action/detail/move_base__struct.h
[0.943s] -- Up-to-date: /home/joshhlee/me326_ws/src/collaborative_robotics_course/install/la_msgs/include/la_msgs/action/detail/move_base__functions.c
[0.943s] -- Up-to-date: /home/joshhlee/me326_ws/src/collaborative_robotics_course/install/la_msgs/include/la_msgs/action/detail/move_base__type_support.h
[0.943s] -- Up-to-date: /home/joshhlee/me326_ws/src/collaborative_robotics_course/install/la_msgs/include/la_msgs/action/detail/move_base__functions.h
[0.943s] -- Up-to-date: /home/joshhlee/me326_ws/src/collaborative_robotics_course/install/la_msgs/include/la_msgs/action/move_base.h
[0.943s] -- Up-to-date: /home/joshhlee/me326_ws/src/collaborative_robotics_course/install/la_msgs/share/la_msgs/environment/library_path.sh
[0.943s] -- Up-to-date: /home/joshhlee/me326_ws/src/collaborative_robotics_course/install/la_msgs/share/la_msgs/environment/library_path.dsv
[0.943s] -- Up-to-date: /home/joshhlee/me326_ws/src/collaborative_robotics_course/install/la_msgs/lib/libla_msgs__rosidl_generator_c.so
[0.943s] -- Up-to-date: /home/joshhlee/me326_ws/src/collaborative_robotics_course/install/la_msgs/include/la_msgs
[0.943s] -- Up-to-date: /home/joshhlee/me326_ws/src/collaborative_robotics_course/install/la_msgs/include/la_msgs/msg
[0.943s] -- Up-to-date: /home/joshhlee/me326_ws/src/collaborative_robotics_course/install/la_msgs/include/la_msgs/msg/rosidl_typesupport_fastrtps_c__visibility_control.h
[0.944s] -- Up-to-date: /home/joshhlee/me326_ws/src/collaborative_robotics_course/install/la_msgs/include/la_msgs/srv
[0.944s] -- Up-to-date: /home/joshhlee/me326_ws/src/collaborative_robotics_course/install/la_msgs/include/la_msgs/srv/detail
[0.944s] -- Up-to-date: /home/joshhlee/me326_ws/src/collaborative_robotics_course/install/la_msgs/include/la_msgs/srv/detail/ptps__rosidl_typesupport_fastrtps_c.h
[0.944s] -- Up-to-date: /home/joshhlee/me326_ws/src/collaborative_robotics_course/install/la_msgs/include/la_msgs/action
[0.944s] -- Up-to-date: /home/joshhlee/me326_ws/src/collaborative_robotics_course/install/la_msgs/include/la_msgs/action/detail
[0.944s] -- Up-to-date: /home/joshhlee/me326_ws/src/collaborative_robotics_course/install/la_msgs/include/la_msgs/action/detail/move_base__rosidl_typesupport_fastrtps_c.h
[0.944s] -- Up-to-date: /home/joshhlee/me326_ws/src/collaborative_robotics_course/install/la_msgs/lib/libla_msgs__rosidl_typesupport_fastrtps_c.so
[0.944s] -- Up-to-date: /home/joshhlee/me326_ws/src/collaborative_robotics_course/install/la_msgs/include/la_msgs
[0.944s] -- Up-to-date: /home/joshhlee/me326_ws/src/collaborative_robotics_course/install/la_msgs/include/la_msgs/msg
[0.944s] -- Up-to-date: /home/joshhlee/me326_ws/src/collaborative_robotics_course/install/la_msgs/include/la_msgs/msg/rosidl_typesupport_fastrtps_cpp__visibility_control.h
[0.944s] -- Up-to-date: /home/joshhlee/me326_ws/src/collaborative_robotics_course/install/la_msgs/include/la_msgs/srv
[0.944s] -- Up-to-date: /home/joshhlee/me326_ws/src/collaborative_robotics_course/install/la_msgs/include/la_msgs/srv/detail
[0.944s] -- Up-to-date: /home/joshhlee/me326_ws/src/collaborative_robotics_course/install/la_msgs/include/la_msgs/srv/detail/ptps__rosidl_typesupport_fastrtps_cpp.hpp
[0.944s] -- Up-to-date: /home/joshhlee/me326_ws/src/collaborative_robotics_course/install/la_msgs/include/la_msgs/srv/detail/dds_fastrtps
[0.944s] -- Up-to-date: /home/joshhlee/me326_ws/src/collaborative_robotics_course/install/la_msgs/include/la_msgs/action
[0.944s] -- Up-to-date: /home/joshhlee/me326_ws/src/collaborative_robotics_course/install/la_msgs/include/la_msgs/action/detail
[0.944s] -- Up-to-date: /home/joshhlee/me326_ws/src/collaborative_robotics_course/install/la_msgs/include/la_msgs/action/detail/dds_fastrtps
[0.944s] -- Up-to-date: /home/joshhlee/me326_ws/src/collaborative_robotics_course/install/la_msgs/include/la_msgs/action/detail/move_base__rosidl_typesupport_fastrtps_cpp.hpp
[0.944s] -- Up-to-date: /home/joshhlee/me326_ws/src/collaborative_robotics_course/install/la_msgs/lib/libla_msgs__rosidl_typesupport_fastrtps_cpp.so
[0.944s] -- Up-to-date: /home/joshhlee/me326_ws/src/collaborative_robotics_course/install/la_msgs/include/la_msgs
[0.944s] -- Up-to-date: /home/joshhlee/me326_ws/src/collaborative_robotics_course/install/la_msgs/include/la_msgs/msg
[0.944s] -- Up-to-date: /home/joshhlee/me326_ws/src/collaborative_robotics_course/install/la_msgs/include/la_msgs/msg/rosidl_typesupport_introspection_c__visibility_control.h
[0.944s] -- Up-to-date: /home/joshhlee/me326_ws/src/collaborative_robotics_course/install/la_msgs/include/la_msgs/srv
[0.944s] -- Up-to-date: /home/joshhlee/me326_ws/src/collaborative_robotics_course/install/la_msgs/include/la_msgs/srv/detail
[0.944s] -- Up-to-date: /home/joshhlee/me326_ws/src/collaborative_robotics_course/install/la_msgs/include/la_msgs/srv/detail/ptps__type_support.c
[0.945s] -- Up-to-date: /home/joshhlee/me326_ws/src/collaborative_robotics_course/install/la_msgs/include/la_msgs/srv/detail/ptps__rosidl_typesupport_introspection_c.h
[0.945s] -- Up-to-date: /home/joshhlee/me326_ws/src/collaborative_robotics_course/install/la_msgs/include/la_msgs/action
[0.945s] -- Up-to-date: /home/joshhlee/me326_ws/src/collaborative_robotics_course/install/la_msgs/include/la_msgs/action/detail
[0.945s] -- Up-to-date: /home/joshhlee/me326_ws/src/collaborative_robotics_course/install/la_msgs/include/la_msgs/action/detail/move_base__rosidl_typesupport_introspection_c.h
[0.945s] -- Up-to-date: /home/joshhlee/me326_ws/src/collaborative_robotics_course/install/la_msgs/include/la_msgs/action/detail/move_base__type_support.c
[0.945s] -- Up-to-date: /home/joshhlee/me326_ws/src/collaborative_robotics_course/install/la_msgs/lib/libla_msgs__rosidl_typesupport_introspection_c.so
[0.945s] -- Up-to-date: /home/joshhlee/me326_ws/src/collaborative_robotics_course/install/la_msgs/lib/libla_msgs__rosidl_typesupport_c.so
[0.945s] -- Up-to-date: /home/joshhlee/me326_ws/src/collaborative_robotics_course/install/la_msgs/include/la_msgs
[0.945s] -- Up-to-date: /home/joshhlee/me326_ws/src/collaborative_robotics_course/install/la_msgs/include/la_msgs/srv
[0.945s] -- Up-to-date: /home/joshhlee/me326_ws/src/collaborative_robotics_course/install/la_msgs/include/la_msgs/srv/detail
[0.945s] -- Up-to-date: /home/joshhlee/me326_ws/src/collaborative_robotics_course/install/la_msgs/include/la_msgs/srv/detail/ptps__builder.hpp
[0.945s] -- Up-to-date: /home/joshhlee/me326_ws/src/collaborative_robotics_course/install/la_msgs/include/la_msgs/srv/detail/ptps__struct.hpp
[0.945s] -- Up-to-date: /home/joshhlee/me326_ws/src/collaborative_robotics_course/install/la_msgs/include/la_msgs/srv/detail/ptps__traits.hpp
[0.945s] -- Up-to-date: /home/joshhlee/me326_ws/src/collaborative_robotics_course/install/la_msgs/include/la_msgs/srv/ptps.hpp
[0.945s] -- Up-to-date: /home/joshhlee/me326_ws/src/collaborative_robotics_course/install/la_msgs/include/la_msgs/action
[0.945s] -- Up-to-date: /home/joshhlee/me326_ws/src/collaborative_robotics_course/install/la_msgs/include/la_msgs/action/detail
[0.945s] -- Up-to-date: /home/joshhlee/me326_ws/src/collaborative_robotics_course/install/la_msgs/include/la_msgs/action/detail/move_base__struct.hpp
[0.945s] -- Up-to-date: /home/joshhlee/me326_ws/src/collaborative_robotics_course/install/la_msgs/include/la_msgs/action/detail/move_base__builder.hpp
[0.945s] -- Up-to-date: /home/joshhlee/me326_ws/src/collaborative_robotics_course/install/la_msgs/include/la_msgs/action/detail/move_base__traits.hpp
[0.945s] -- Up-to-date: /home/joshhlee/me326_ws/src/collaborative_robotics_course/install/la_msgs/include/la_msgs/action/move_base.hpp
[0.945s] -- Up-to-date: /home/joshhlee/me326_ws/src/collaborative_robotics_course/install/la_msgs/include/la_msgs
[0.945s] -- Up-to-date: /home/joshhlee/me326_ws/src/collaborative_robotics_course/install/la_msgs/include/la_msgs/srv
[0.945s] -- Up-to-date: /home/joshhlee/me326_ws/src/collaborative_robotics_course/install/la_msgs/include/la_msgs/srv/detail
[0.945s] -- Up-to-date: /home/joshhlee/me326_ws/src/collaborative_robotics_course/install/la_msgs/include/la_msgs/srv/detail/ptps__rosidl_typesupport_introspection_cpp.hpp
[0.945s] -- Up-to-date: /home/joshhlee/me326_ws/src/collaborative_robotics_course/install/la_msgs/include/la_msgs/srv/detail/ptps__type_support.cpp
[0.945s] -- Up-to-date: /home/joshhlee/me326_ws/src/collaborative_robotics_course/install/la_msgs/include/la_msgs/action
[0.945s] -- Up-to-date: /home/joshhlee/me326_ws/src/collaborative_robotics_course/install/la_msgs/include/la_msgs/action/detail
[0.946s] -- Up-to-date: /home/joshhlee/me326_ws/src/collaborative_robotics_course/install/la_msgs/include/la_msgs/action/detail/move_base__type_support.cpp
[0.946s] -- Up-to-date: /home/joshhlee/me326_ws/src/collaborative_robotics_course/install/la_msgs/include/la_msgs/action/detail/move_base__rosidl_typesupport_introspection_cpp.hpp
[0.946s] -- Up-to-date: /home/joshhlee/me326_ws/src/collaborative_robotics_course/install/la_msgs/lib/libla_msgs__rosidl_typesupport_introspection_cpp.so
[0.946s] -- Up-to-date: /home/joshhlee/me326_ws/src/collaborative_robotics_course/install/la_msgs/lib/libla_msgs__rosidl_typesupport_cpp.so
[0.946s] -- Up-to-date: /home/joshhlee/me326_ws/src/collaborative_robotics_course/install/la_msgs/share/la_msgs/environment/pythonpath.sh
[0.946s] -- Up-to-date: /home/joshhlee/me326_ws/src/collaborative_robotics_course/install/la_msgs/share/la_msgs/environment/pythonpath.dsv
[0.946s] -- Up-to-date: /home/joshhlee/me326_ws/src/collaborative_robotics_course/install/la_msgs/lib/python3.8/site-packages/la_msgs/__init__.py
[0.974s] -- Up-to-date: /home/joshhlee/me326_ws/src/collaborative_robotics_course/install/la_msgs/lib/python3.8/site-packages/la_msgs/action
[0.974s] -- Up-to-date: /home/joshhlee/me326_ws/src/collaborative_robotics_course/install/la_msgs/lib/python3.8/site-packages/la_msgs/action/__init__.py
[0.974s] -- Up-to-date: /home/joshhlee/me326_ws/src/collaborative_robotics_course/install/la_msgs/lib/python3.8/site-packages/la_msgs/action/_move_base_s.c
[0.974s] -- Up-to-date: /home/joshhlee/me326_ws/src/collaborative_robotics_course/install/la_msgs/lib/python3.8/site-packages/la_msgs/action/_move_base.py
[0.974s] -- Up-to-date: /home/joshhlee/me326_ws/src/collaborative_robotics_course/install/la_msgs/lib/python3.8/site-packages/la_msgs/srv
[0.974s] -- Up-to-date: /home/joshhlee/me326_ws/src/collaborative_robotics_course/install/la_msgs/lib/python3.8/site-packages/la_msgs/srv/__init__.py
[0.974s] -- Up-to-date: /home/joshhlee/me326_ws/src/collaborative_robotics_course/install/la_msgs/lib/python3.8/site-packages/la_msgs/srv/_ptps_s.c
[0.974s] -- Up-to-date: /home/joshhlee/me326_ws/src/collaborative_robotics_course/install/la_msgs/lib/python3.8/site-packages/la_msgs/srv/_ptps.py
[0.974s] -- Up-to-date: /home/joshhlee/me326_ws/src/collaborative_robotics_course/install/la_msgs/lib/python3.8/site-packages/la_msgs/la_msgs_s__rosidl_typesupport_fastrtps_c.cpython-38-aarch64-linux-gnu.so
[0.975s] -- Up-to-date: /home/joshhlee/me326_ws/src/collaborative_robotics_course/install/la_msgs/lib/python3.8/site-packages/la_msgs/la_msgs_s__rosidl_typesupport_introspection_c.cpython-38-aarch64-linux-gnu.so
[0.977s] -- Up-to-date: /home/joshhlee/me326_ws/src/collaborative_robotics_course/install/la_msgs/lib/python3.8/site-packages/la_msgs/la_msgs_s__rosidl_typesupport_c.cpython-38-aarch64-linux-gnu.so
[0.977s] -- Up-to-date: /home/joshhlee/me326_ws/src/collaborative_robotics_course/install/la_msgs/lib/libla_msgs__python.so
[0.977s] -- Up-to-date: /home/joshhlee/me326_ws/src/collaborative_robotics_course/install/la_msgs/share/la_msgs/action/MoveBase.idl
[0.978s] -- Up-to-date: /home/joshhlee/me326_ws/src/collaborative_robotics_course/install/la_msgs/share/la_msgs/srv/Ptps.idl
[0.978s] -- Up-to-date: /home/joshhlee/me326_ws/src/collaborative_robotics_course/install/la_msgs/share/la_msgs/action/MoveBase.action
[0.978s] -- Up-to-date: /home/joshhlee/me326_ws/src/collaborative_robotics_course/install/la_msgs/share/la_msgs/srv/Ptps.srv
[0.978s] -- Up-to-date: /home/joshhlee/me326_ws/src/collaborative_robotics_course/install/la_msgs/share/la_msgs/srv/Ptps_Request.msg
[0.978s] -- Up-to-date: /home/joshhlee/me326_ws/src/collaborative_robotics_course/install/la_msgs/share/la_msgs/srv/Ptps_Response.msg
[0.978s] -- Up-to-date: /home/joshhlee/me326_ws/src/collaborative_robotics_course/install/la_msgs/share/ament_index/resource_index/package_run_dependencies/la_msgs
[0.978s] -- Up-to-date: /home/joshhlee/me326_ws/src/collaborative_robotics_course/install/la_msgs/share/ament_index/resource_index/parent_prefix_path/la_msgs
[0.978s] -- Up-to-date: /home/joshhlee/me326_ws/src/collaborative_robotics_course/install/la_msgs/share/la_msgs/environment/ament_prefix_path.sh
[0.978s] -- Up-to-date: /home/joshhlee/me326_ws/src/collaborative_robotics_course/install/la_msgs/share/la_msgs/environment/ament_prefix_path.dsv
[0.978s] -- Up-to-date: /home/joshhlee/me326_ws/src/collaborative_robotics_course/install/la_msgs/share/la_msgs/environment/path.sh
[0.978s] -- Up-to-date: /home/joshhlee/me326_ws/src/collaborative_robotics_course/install/la_msgs/share/la_msgs/environment/path.dsv
[0.978s] -- Up-to-date: /home/joshhlee/me326_ws/src/collaborative_robotics_course/install/la_msgs/share/la_msgs/local_setup.bash
[0.978s] -- Up-to-date: /home/joshhlee/me326_ws/src/collaborative_robotics_course/install/la_msgs/share/la_msgs/local_setup.sh
[0.979s] -- Up-to-date: /home/joshhlee/me326_ws/src/collaborative_robotics_course/install/la_msgs/share/la_msgs/local_setup.zsh
[0.979s] -- Up-to-date: /home/joshhlee/me326_ws/src/collaborative_robotics_course/install/la_msgs/share/la_msgs/local_setup.dsv
[0.979s] -- Installing: /home/joshhlee/me326_ws/src/collaborative_robotics_course/install/la_msgs/share/la_msgs/package.dsv
[0.980s] -- Up-to-date: /home/joshhlee/me326_ws/src/collaborative_robotics_course/install/la_msgs/share/ament_index/resource_index/packages/la_msgs
[0.980s] -- Up-to-date: /home/joshhlee/me326_ws/src/collaborative_robotics_course/install/la_msgs/share/la_msgs/cmake/la_msgs__rosidl_generator_cExport.cmake
[0.981s] -- Up-to-date: /home/joshhlee/me326_ws/src/collaborative_robotics_course/install/la_msgs/share/la_msgs/cmake/la_msgs__rosidl_generator_cExport-noconfig.cmake
[0.981s] -- Up-to-date: /home/joshhlee/me326_ws/src/collaborative_robotics_course/install/la_msgs/share/la_msgs/cmake/la_msgs__rosidl_typesupport_introspection_cExport.cmake
[0.981s] -- Up-to-date: /home/joshhlee/me326_ws/src/collaborative_robotics_course/install/la_msgs/share/la_msgs/cmake/la_msgs__rosidl_typesupport_introspection_cExport-noconfig.cmake
[0.981s] -- Up-to-date: /home/joshhlee/me326_ws/src/collaborative_robotics_course/install/la_msgs/share/la_msgs/cmake/la_msgs__rosidl_typesupport_cExport.cmake
[0.981s] -- Up-to-date: /home/joshhlee/me326_ws/src/collaborative_robotics_course/install/la_msgs/share/la_msgs/cmake/la_msgs__rosidl_typesupport_cExport-noconfig.cmake
[0.981s] -- Up-to-date: /home/joshhlee/me326_ws/src/collaborative_robotics_course/install/la_msgs/share/la_msgs/cmake/la_msgs__rosidl_generator_cppExport.cmake
[0.981s] -- Up-to-date: /home/joshhlee/me326_ws/src/collaborative_robotics_course/install/la_msgs/share/la_msgs/cmake/la_msgs__rosidl_typesupport_introspection_cppExport.cmake
[0.981s] -- Up-to-date: /home/joshhlee/me326_ws/src/collaborative_robotics_course/install/la_msgs/share/la_msgs/cmake/la_msgs__rosidl_typesupport_introspection_cppExport-noconfig.cmake
[0.982s] -- Up-to-date: /home/joshhlee/me326_ws/src/collaborative_robotics_course/install/la_msgs/share/la_msgs/cmake/la_msgs__rosidl_typesupport_cppExport.cmake
[0.982s] -- Up-to-date: /home/joshhlee/me326_ws/src/collaborative_robotics_course/install/la_msgs/share/la_msgs/cmake/la_msgs__rosidl_typesupport_cppExport-noconfig.cmake
[0.982s] -- Up-to-date: /home/joshhlee/me326_ws/src/collaborative_robotics_course/install/la_msgs/share/la_msgs/cmake/rosidl_cmake-extras.cmake
[0.982s] -- Up-to-date: /home/joshhlee/me326_ws/src/collaborative_robotics_course/install/la_msgs/share/la_msgs/cmake/ament_cmake_export_dependencies-extras.cmake
[0.982s] -- Up-to-date: /home/joshhlee/me326_ws/src/collaborative_robotics_course/install/la_msgs/share/la_msgs/cmake/ament_cmake_export_libraries-extras.cmake
[0.982s] -- Up-to-date: /home/joshhlee/me326_ws/src/collaborative_robotics_course/install/la_msgs/share/la_msgs/cmake/ament_cmake_export_targets-extras.cmake
[0.982s] -- Up-to-date: /home/joshhlee/me326_ws/src/collaborative_robotics_course/install/la_msgs/share/la_msgs/cmake/ament_cmake_export_include_directories-extras.cmake
[0.982s] -- Up-to-date: /home/joshhlee/me326_ws/src/collaborative_robotics_course/install/la_msgs/share/la_msgs/cmake/rosidl_cmake_export_typesupport_libraries-extras.cmake
[0.982s] -- Up-to-date: /home/joshhlee/me326_ws/src/collaborative_robotics_course/install/la_msgs/share/la_msgs/cmake/rosidl_cmake_export_typesupport_targets-extras.cmake
[0.982s] -- Up-to-date: /home/joshhlee/me326_ws/src/collaborative_robotics_course/install/la_msgs/share/la_msgs/cmake/la_msgsConfig.cmake
[0.982s] -- Up-to-date: /home/joshhlee/me326_ws/src/collaborative_robotics_course/install/la_msgs/share/la_msgs/cmake/la_msgsConfig-version.cmake
[0.982s] -- Up-to-date: /home/joshhlee/me326_ws/src/collaborative_robotics_course/install/la_msgs/share/la_msgs/package.xml
[0.985s] Invoked command in '/home/joshhlee/me326_ws/src/collaborative_robotics_course/build/la_msgs' returned '0': CMAKE_PREFIX_PATH=${CMAKE_PREFIX_PATH}:/home/joshhlee/interbotix_ws/install/interbotix_xs_modules:/home/joshhlee/interbotix_ws/install/interbotix_perception_modules:/home/joshhlee/interbotix_ws/install/interbotix_common_modules:/opt/ros/galactic /usr/bin/cmake --install /home/joshhlee/me326_ws/src/collaborative_robotics_course/build/la_msgs
